2026-03-16 17:32:39,003 - DEBUG - 'RateLimiter' successfully loaded!| extra=asctime='2026-03-16 17:32:39,003'
2026-03-16 17:32:39,003 - DEBUG - 'InputValiator' successfully loaded!| extra=asctime='2026-03-16 17:32:39,003'
2026-03-16 17:32:39,003 - DEBUG - 'CSRFProtection' successfully loaded!| extra=asctime='2026-03-16 17:32:39,003'
2026-03-16 17:32:39,050 - DEBUG - 'OBSecurity' successfully loaded!| extra=asctime='2026-03-16 17:32:39,050'
2026-03-16 17:32:39,050 - DEBUG - 'ErrorPage' successfully loaded!| extra=asctime='2026-03-16 17:32:39,050'
2026-03-16 17:32:39,050 - DEBUG - 'ContextProcessor' successfully loaded!| extra=asctime='2026-03-16 17:32:39,050'
2026-03-16 17:32:39,066 - DEBUG - 'SetupSecurity' successfully loaded!| extra=asctime='2026-03-16 17:32:39,066'
2026-03-16 17:34:48,790 - DEBUG - 'RateLimiter' successfully loaded!| extra=asctime='2026-03-16 17:34:48,790'
2026-03-16 17:34:48,790 - DEBUG - 'InputValiator' successfully loaded!| extra=asctime='2026-03-16 17:34:48,790'
2026-03-16 17:34:48,790 - DEBUG - 'CSRFProtection' successfully loaded!| extra=asctime='2026-03-16 17:34:48,790'
2026-03-16 17:34:48,883 - DEBUG - 'OBSecurity' successfully loaded!| extra=asctime='2026-03-16 17:34:48,883'
2026-03-16 17:34:48,883 - DEBUG - 'ErrorPage' successfully loaded!| extra=asctime='2026-03-16 17:34:48,883'
2026-03-16 17:34:48,883 - DEBUG - 'ContextProcessor' successfully loaded!| extra=asctime='2026-03-16 17:34:48,883'
2026-03-16 17:34:48,899 - DEBUG - 'SetupSecurity' successfully loaded!| extra=asctime='2026-03-16 17:34:48,899'
2026-03-16 17:36:39,393 - DEBUG - 'RateLimiter' successfully loaded!| extra=asctime='2026-03-16 17:36:39,393'
2026-03-16 17:36:39,393 - DEBUG - 'InputValiator' successfully loaded!| extra=asctime='2026-03-16 17:36:39,393'
2026-03-16 17:36:39,393 - DEBUG - 'CSRFProtection' successfully loaded!| extra=asctime='2026-03-16 17:36:39,393'
2026-03-16 17:36:39,425 - DEBUG - 'OBSecurity' successfully loaded!| extra=asctime='2026-03-16 17:36:39,425'
2026-03-16 17:36:39,425 - DEBUG - 'ErrorPage' successfully loaded!| extra=asctime='2026-03-16 17:36:39,425'
2026-03-16 17:36:39,425 - DEBUG - 'ContextProcessor' successfully loaded!| extra=asctime='2026-03-16 17:36:39,425'
2026-03-16 17:36:39,425 - DEBUG - 'SetupSecurity' successfully loaded!| extra=asctime='2026-03-16 17:36:39,425'
2026-03-16 17:36:41,503 - DEBUG - 'RateLimiter' successfully loaded!| extra=asctime='2026-03-16 17:36:41,503'
2026-03-16 17:36:41,503 - DEBUG - 'InputValiator' successfully loaded!| extra=asctime='2026-03-16 17:36:41,503'
2026-03-16 17:36:41,503 - DEBUG - 'CSRFProtection' successfully loaded!| extra=asctime='2026-03-16 17:36:41,503'
2026-03-16 17:36:41,534 - DEBUG - 'OBSecurity' successfully loaded!| extra=asctime='2026-03-16 17:36:41,534'
2026-03-16 17:36:41,550 - DEBUG - 'ErrorPage' successfully loaded!| extra=asctime='2026-03-16 17:36:41,550'
2026-03-16 17:36:41,550 - DEBUG - 'ContextProcessor' successfully loaded!| extra=asctime='2026-03-16 17:36:41,550'
2026-03-16 17:36:41,550 - DEBUG - 'SetupSecurity' successfully loaded!| extra=asctime='2026-03-16 17:36:41,550'
2026-03-16 17:38:37,632 - DEBUG - 'RateLimiter' successfully loaded!| extra=asctime='2026-03-16 17:38:37,632'
2026-03-16 17:38:37,697 - DEBUG - 'InputValiator' successfully loaded!| extra=asctime='2026-03-16 17:38:37,697'
2026-03-16 17:38:37,699 - DEBUG - 'CSRFProtection' successfully loaded!| extra=asctime='2026-03-16 17:38:37,699'
2026-03-16 17:38:37,771 - DEBUG - 'OBSecurity' successfully loaded!| extra=asctime='2026-03-16 17:38:37,771'
2026-03-16 17:38:37,772 - DEBUG - 'ErrorPage' successfully loaded!| extra=asctime='2026-03-16 17:38:37,772'
2026-03-16 17:38:37,773 - DEBUG - 'ContextProcessor' successfully loaded!| extra=asctime='2026-03-16 17:38:37,773'
2026-03-16 17:38:37,778 - DEBUG - 'SetupSecurity' successfully loaded!| extra=asctime='2026-03-16 17:38:37,778'
2026-03-16 17:38:42,714 - DEBUG - 'RateLimiter' successfully loaded!| extra=asctime='2026-03-16 17:38:42,714'
2026-03-16 17:38:42,715 - DEBUG - 'InputValiator' successfully loaded!| extra=asctime='2026-03-16 17:38:42,715'
2026-03-16 17:38:42,716 - DEBUG - 'CSRFProtection' successfully loaded!| extra=asctime='2026-03-16 17:38:42,716'
2026-03-16 17:38:42,742 - DEBUG - 'OBSecurity' successfully loaded!| extra=asctime='2026-03-16 17:38:42,742'
2026-03-16 17:38:42,742 - DEBUG - 'ErrorPage' successfully loaded!| extra=asctime='2026-03-16 17:38:42,742'
2026-03-16 17:38:42,742 - DEBUG - 'ContextProcessor' successfully loaded!| extra=asctime='2026-03-16 17:38:42,742'
2026-03-16 17:38:42,742 - DEBUG - 'SetupSecurity' successfully loaded!| extra=asctime='2026-03-16 17:38:42,742'
2026-03-16 17:38:48,575 - DEBUG - 'RateLimiter' successfully loaded!| extra=asctime='2026-03-16 17:38:48,575'
2026-03-16 17:38:48,575 - DEBUG - 'InputValiator' successfully loaded!| extra=asctime='2026-03-16 17:38:48,575'
2026-03-16 17:38:48,575 - DEBUG - 'CSRFProtection' successfully loaded!| extra=asctime='2026-03-16 17:38:48,575'
2026-03-16 17:38:49,382 - DEBUG - 'OBSecurity' successfully loaded!| extra=asctime='2026-03-16 17:38:49,382'
2026-03-16 17:38:49,398 - DEBUG - 'ErrorPage' successfully loaded!| extra=asctime='2026-03-16 17:38:49,398'
2026-03-16 17:38:49,398 - DEBUG - 'ContextProcessor' successfully loaded!| extra=asctime='2026-03-16 17:38:49,398'
2026-03-16 17:38:49,706 - DEBUG - 'SetupSecurity' successfully loaded!| extra=asctime='2026-03-16 17:38:49,706'
2026-03-16 17:39:09,772 - DEBUG - 'RateLimiter' successfully loaded!| extra=asctime='2026-03-16 17:39:09,772'
2026-03-16 17:39:09,772 - DEBUG - 'InputValiator' successfully loaded!| extra=asctime='2026-03-16 17:39:09,772'
2026-03-16 17:39:09,772 - DEBUG - 'CSRFProtection' successfully loaded!| extra=asctime='2026-03-16 17:39:09,772'
2026-03-16 17:39:09,803 - DEBUG - 'OBSecurity' successfully loaded!| extra=asctime='2026-03-16 17:39:09,803'
2026-03-16 17:39:09,819 - DEBUG - 'ErrorPage' successfully loaded!| extra=asctime='2026-03-16 17:39:09,819'
2026-03-16 17:39:09,819 - DEBUG - 'ContextProcessor' successfully loaded!| extra=asctime='2026-03-16 17:39:09,819'
2026-03-16 17:39:09,819 - DEBUG - 'SetupSecurity' successfully loaded!| extra=asctime='2026-03-16 17:39:09,819'
2026-03-16 17:39:41,417 - DEBUG - 'RateLimiter' successfully loaded!| extra=asctime='2026-03-16 17:39:41,417'
2026-03-16 17:39:41,417 - DEBUG - 'InputValiator' successfully loaded!| extra=asctime='2026-03-16 17:39:41,417'
2026-03-16 17:39:41,417 - DEBUG - 'CSRFProtection' successfully loaded!| extra=asctime='2026-03-16 17:39:41,417'
2026-03-16 17:39:41,448 - DEBUG - 'OBSecurity' successfully loaded!| extra=asctime='2026-03-16 17:39:41,448'
2026-03-16 17:39:41,448 - DEBUG - 'ErrorPage' successfully loaded!| extra=asctime='2026-03-16 17:39:41,448'
2026-03-16 17:39:41,464 - DEBUG - 'ContextProcessor' successfully loaded!| extra=asctime='2026-03-16 17:39:41,464'
2026-03-16 17:39:41,464 - DEBUG - 'SetupSecurity' successfully loaded!| extra=asctime='2026-03-16 17:39:41,464'
2026-03-16 17:39:50,139 - DEBUG - 'RateLimiter' successfully loaded!| extra=asctime='2026-03-16 17:39:50,139'
2026-03-16 17:39:50,139 - DEBUG - 'InputValiator' successfully loaded!| extra=asctime='2026-03-16 17:39:50,139'
2026-03-16 17:39:50,139 - DEBUG - 'CSRFProtection' successfully loaded!| extra=asctime='2026-03-16 17:39:50,139'
2026-03-16 17:39:50,186 - DEBUG - 'OBSecurity' successfully loaded!| extra=asctime='2026-03-16 17:39:50,186'
2026-03-16 17:39:50,186 - DEBUG - 'ErrorPage' successfully loaded!| extra=asctime='2026-03-16 17:39:50,186'
2026-03-16 17:39:50,186 - DEBUG - 'ContextProcessor' successfully loaded!| extra=asctime='2026-03-16 17:39:50,186'
2026-03-16 17:39:50,186 - DEBUG - 'SetupSecurity' successfully loaded!| extra=asctime='2026-03-16 17:39:50,186'
2026-03-16 17:39:51,842 - DEBUG - 'RateLimiter' successfully loaded!| extra=asctime='2026-03-16 17:39:51,842'
2026-03-16 17:39:51,842 - DEBUG - 'InputValiator' successfully loaded!| extra=asctime='2026-03-16 17:39:51,842'
2026-03-16 17:39:51,842 - DEBUG - 'CSRFProtection' successfully loaded!| extra=asctime='2026-03-16 17:39:51,842'
2026-03-16 17:39:51,874 - DEBUG - 'OBSecurity' successfully loaded!| extra=asctime='2026-03-16 17:39:51,874'
2026-03-16 17:39:51,874 - DEBUG - 'ErrorPage' successfully loaded!| extra=asctime='2026-03-16 17:39:51,874'
2026-03-16 17:39:51,889 - DEBUG - 'ContextProcessor' successfully loaded!| extra=asctime='2026-03-16 17:39:51,889'
2026-03-16 17:39:51,889 - DEBUG - 'SetupSecurity' successfully loaded!| extra=asctime='2026-03-16 17:39:51,889'
