2026-03-27 10:26:55,631 - DEBUG - 'RateLimiter' successfully loaded!| extra=asctime='2026-03-27 10:26:55,631'
2026-03-27 10:26:55,632 - DEBUG - 'InputValiator' successfully loaded!| extra=asctime='2026-03-27 10:26:55,632'
2026-03-27 10:26:55,632 - DEBUG - 'CSRFProtection' successfully loaded!| extra=asctime='2026-03-27 10:26:55,632'
2026-03-27 10:26:55,699 - DEBUG - 'OBSecurity' successfully loaded!| extra=asctime='2026-03-27 10:26:55,699'
2026-03-27 10:26:55,699 - DEBUG - 'ErrorPage' successfully loaded!| extra=asctime='2026-03-27 10:26:55,699'
2026-03-27 10:26:55,699 - DEBUG - 'ContextProcessor' successfully loaded!| extra=asctime='2026-03-27 10:26:55,699'
2026-03-27 10:26:55,699 - DEBUG - 'SetupSecurity' successfully loaded!| extra=asctime='2026-03-27 10:26:55,699'
2026-03-27 10:26:59,828 - DEBUG - 'RateLimiter' successfully loaded!| extra=asctime='2026-03-27 10:26:59,828'
2026-03-27 10:26:59,828 - DEBUG - 'InputValiator' successfully loaded!| extra=asctime='2026-03-27 10:26:59,828'
2026-03-27 10:26:59,828 - DEBUG - 'CSRFProtection' successfully loaded!| extra=asctime='2026-03-27 10:26:59,828'
2026-03-27 10:26:59,875 - DEBUG - 'OBSecurity' successfully loaded!| extra=asctime='2026-03-27 10:26:59,875'
2026-03-27 10:26:59,875 - DEBUG - 'ErrorPage' successfully loaded!| extra=asctime='2026-03-27 10:26:59,875'
2026-03-27 10:26:59,875 - DEBUG - 'ContextProcessor' successfully loaded!| extra=asctime='2026-03-27 10:26:59,875'
2026-03-27 10:26:59,890 - DEBUG - 'SetupSecurity' successfully loaded!| extra=asctime='2026-03-27 10:26:59,890'
2026-03-27 10:29:07,597 - DEBUG - 'RateLimiter' successfully loaded!| extra=asctime='2026-03-27 10:29:07,597'
2026-03-27 10:29:07,597 - DEBUG - 'InputValiator' successfully loaded!| extra=asctime='2026-03-27 10:29:07,597'
2026-03-27 10:29:07,597 - DEBUG - 'CSRFProtection' successfully loaded!| extra=asctime='2026-03-27 10:29:07,597'
2026-03-27 10:29:07,628 - DEBUG - 'OBSecurity' successfully loaded!| extra=asctime='2026-03-27 10:29:07,628'
2026-03-27 10:29:07,628 - DEBUG - 'ErrorPage' successfully loaded!| extra=asctime='2026-03-27 10:29:07,628'
2026-03-27 10:29:07,628 - DEBUG - 'ContextProcessor' successfully loaded!| extra=asctime='2026-03-27 10:29:07,628'
2026-03-27 10:29:07,628 - DEBUG - 'SetupSecurity' successfully loaded!| extra=asctime='2026-03-27 10:29:07,628'
2026-03-27 10:29:09,238 - DEBUG - 'RateLimiter' successfully loaded!| extra=asctime='2026-03-27 10:29:09,238'
2026-03-27 10:29:09,238 - DEBUG - 'InputValiator' successfully loaded!| extra=asctime='2026-03-27 10:29:09,238'
2026-03-27 10:29:09,238 - DEBUG - 'CSRFProtection' successfully loaded!| extra=asctime='2026-03-27 10:29:09,238'
2026-03-27 10:29:09,285 - DEBUG - 'OBSecurity' successfully loaded!| extra=asctime='2026-03-27 10:29:09,285'
2026-03-27 10:29:09,285 - DEBUG - 'ErrorPage' successfully loaded!| extra=asctime='2026-03-27 10:29:09,285'
2026-03-27 10:29:09,285 - DEBUG - 'ContextProcessor' successfully loaded!| extra=asctime='2026-03-27 10:29:09,285'
2026-03-27 10:29:09,285 - DEBUG - 'SetupSecurity' successfully loaded!| extra=asctime='2026-03-27 10:29:09,285'
2026-03-27 10:37:32,655 - DEBUG - 'RateLimiter' successfully loaded!| extra=asctime='2026-03-27 10:37:32,655'
2026-03-27 10:37:32,655 - DEBUG - 'InputValiator' successfully loaded!| extra=asctime='2026-03-27 10:37:32,655'
2026-03-27 10:37:32,655 - DEBUG - 'CSRFProtection' successfully loaded!| extra=asctime='2026-03-27 10:37:32,655'
2026-03-27 10:37:32,702 - DEBUG - 'OBSecurity' successfully loaded!| extra=asctime='2026-03-27 10:37:32,702'
2026-03-27 10:37:32,702 - DEBUG - 'ErrorPage' successfully loaded!| extra=asctime='2026-03-27 10:37:32,702'
2026-03-27 10:37:32,702 - DEBUG - 'ContextProcessor' successfully loaded!| extra=asctime='2026-03-27 10:37:32,702'
2026-03-27 10:37:32,702 - DEBUG - 'SetupSecurity' successfully loaded!| extra=asctime='2026-03-27 10:37:32,702'
2026-03-27 10:37:34,691 - DEBUG - 'RateLimiter' successfully loaded!| extra=asctime='2026-03-27 10:37:34,691'
2026-03-27 10:37:34,691 - DEBUG - 'InputValiator' successfully loaded!| extra=asctime='2026-03-27 10:37:34,691'
2026-03-27 10:37:34,691 - DEBUG - 'CSRFProtection' successfully loaded!| extra=asctime='2026-03-27 10:37:34,691'
2026-03-27 10:37:34,754 - DEBUG - 'OBSecurity' successfully loaded!| extra=asctime='2026-03-27 10:37:34,754'
2026-03-27 10:37:34,754 - DEBUG - 'ErrorPage' successfully loaded!| extra=asctime='2026-03-27 10:37:34,754'
2026-03-27 10:37:34,754 - DEBUG - 'ContextProcessor' successfully loaded!| extra=asctime='2026-03-27 10:37:34,754'
2026-03-27 10:37:34,754 - DEBUG - 'SetupSecurity' successfully loaded!| extra=asctime='2026-03-27 10:37:34,754'
2026-03-27 10:39:36,789 - DEBUG - 'RateLimiter' successfully loaded!| extra=asctime='2026-03-27 10:39:36,789'
2026-03-27 10:39:36,789 - DEBUG - 'InputValiator' successfully loaded!| extra=asctime='2026-03-27 10:39:36,789'
2026-03-27 10:39:36,789 - DEBUG - 'CSRFProtection' successfully loaded!| extra=asctime='2026-03-27 10:39:36,789'
2026-03-27 10:39:36,836 - DEBUG - 'OBSecurity' successfully loaded!| extra=asctime='2026-03-27 10:39:36,836'
2026-03-27 10:39:36,836 - DEBUG - 'ErrorPage' successfully loaded!| extra=asctime='2026-03-27 10:39:36,836'
2026-03-27 10:39:36,836 - DEBUG - 'ContextProcessor' successfully loaded!| extra=asctime='2026-03-27 10:39:36,836'
2026-03-27 10:39:36,836 - DEBUG - 'SetupSecurity' successfully loaded!| extra=asctime='2026-03-27 10:39:36,836'
2026-03-27 10:39:38,492 - DEBUG - 'RateLimiter' successfully loaded!| extra=asctime='2026-03-27 10:39:38,492'
2026-03-27 10:39:38,492 - DEBUG - 'InputValiator' successfully loaded!| extra=asctime='2026-03-27 10:39:38,492'
2026-03-27 10:39:38,492 - DEBUG - 'CSRFProtection' successfully loaded!| extra=asctime='2026-03-27 10:39:38,492'
2026-03-27 10:39:38,555 - DEBUG - 'OBSecurity' successfully loaded!| extra=asctime='2026-03-27 10:39:38,555'
2026-03-27 10:39:38,555 - DEBUG - 'ErrorPage' successfully loaded!| extra=asctime='2026-03-27 10:39:38,555'
2026-03-27 10:39:38,555 - DEBUG - 'ContextProcessor' successfully loaded!| extra=asctime='2026-03-27 10:39:38,555'
2026-03-27 10:39:38,555 - DEBUG - 'SetupSecurity' successfully loaded!| extra=asctime='2026-03-27 10:39:38,555'
2026-03-27 10:40:57,363 - DEBUG - 'RateLimiter' successfully loaded!| extra=asctime='2026-03-27 10:40:57,363'
2026-03-27 10:40:57,363 - DEBUG - 'InputValiator' successfully loaded!| extra=asctime='2026-03-27 10:40:57,363'
2026-03-27 10:40:57,363 - DEBUG - 'CSRFProtection' successfully loaded!| extra=asctime='2026-03-27 10:40:57,363'
2026-03-27 10:40:57,394 - DEBUG - 'OBSecurity' successfully loaded!| extra=asctime='2026-03-27 10:40:57,394'
2026-03-27 10:40:57,394 - DEBUG - 'ErrorPage' successfully loaded!| extra=asctime='2026-03-27 10:40:57,394'
2026-03-27 10:40:57,394 - DEBUG - 'ContextProcessor' successfully loaded!| extra=asctime='2026-03-27 10:40:57,394'
2026-03-27 10:40:57,410 - DEBUG - 'SetupSecurity' successfully loaded!| extra=asctime='2026-03-27 10:40:57,410'
2026-03-27 10:40:59,270 - DEBUG - 'RateLimiter' successfully loaded!| extra=asctime='2026-03-27 10:40:59,270'
2026-03-27 10:40:59,270 - DEBUG - 'InputValiator' successfully loaded!| extra=asctime='2026-03-27 10:40:59,270'
2026-03-27 10:40:59,270 - DEBUG - 'CSRFProtection' successfully loaded!| extra=asctime='2026-03-27 10:40:59,270'
2026-03-27 10:40:59,316 - DEBUG - 'OBSecurity' successfully loaded!| extra=asctime='2026-03-27 10:40:59,316'
2026-03-27 10:40:59,316 - DEBUG - 'ErrorPage' successfully loaded!| extra=asctime='2026-03-27 10:40:59,316'
2026-03-27 10:40:59,316 - DEBUG - 'ContextProcessor' successfully loaded!| extra=asctime='2026-03-27 10:40:59,316'
2026-03-27 10:40:59,316 - DEBUG - 'SetupSecurity' successfully loaded!| extra=asctime='2026-03-27 10:40:59,316'
2026-03-27 10:41:35,722 - DEBUG - 'RateLimiter' successfully loaded!| extra=asctime='2026-03-27 10:41:35,722'
2026-03-27 10:41:35,722 - DEBUG - 'InputValiator' successfully loaded!| extra=asctime='2026-03-27 10:41:35,722'
2026-03-27 10:41:35,722 - DEBUG - 'CSRFProtection' successfully loaded!| extra=asctime='2026-03-27 10:41:35,722'
2026-03-27 10:41:35,754 - DEBUG - 'OBSecurity' successfully loaded!| extra=asctime='2026-03-27 10:41:35,754'
2026-03-27 10:41:35,754 - DEBUG - 'ErrorPage' successfully loaded!| extra=asctime='2026-03-27 10:41:35,754'
2026-03-27 10:41:35,754 - DEBUG - 'ContextProcessor' successfully loaded!| extra=asctime='2026-03-27 10:41:35,754'
2026-03-27 10:41:35,754 - DEBUG - 'SetupSecurity' successfully loaded!| extra=asctime='2026-03-27 10:41:35,754'
2026-03-27 10:41:37,816 - DEBUG - 'RateLimiter' successfully loaded!| extra=asctime='2026-03-27 10:41:37,816'
2026-03-27 10:41:37,816 - DEBUG - 'InputValiator' successfully loaded!| extra=asctime='2026-03-27 10:41:37,816'
2026-03-27 10:41:37,816 - DEBUG - 'CSRFProtection' successfully loaded!| extra=asctime='2026-03-27 10:41:37,816'
2026-03-27 10:41:37,863 - DEBUG - 'OBSecurity' successfully loaded!| extra=asctime='2026-03-27 10:41:37,863'
2026-03-27 10:41:37,863 - DEBUG - 'ErrorPage' successfully loaded!| extra=asctime='2026-03-27 10:41:37,863'
2026-03-27 10:41:37,863 - DEBUG - 'ContextProcessor' successfully loaded!| extra=asctime='2026-03-27 10:41:37,863'
2026-03-27 10:41:37,863 - DEBUG - 'SetupSecurity' successfully loaded!| extra=asctime='2026-03-27 10:41:37,863'
2026-03-27 10:44:09,623 - DEBUG - 'RateLimiter' successfully loaded!| extra=asctime='2026-03-27 10:44:09,623'
2026-03-27 10:44:09,624 - DEBUG - 'InputValiator' successfully loaded!| extra=asctime='2026-03-27 10:44:09,624'
2026-03-27 10:44:09,624 - DEBUG - 'CSRFProtection' successfully loaded!| extra=asctime='2026-03-27 10:44:09,624'
2026-03-27 10:44:09,650 - DEBUG - 'OBSecurity' successfully loaded!| extra=asctime='2026-03-27 10:44:09,650'
2026-03-27 10:44:09,665 - DEBUG - 'ErrorPage' successfully loaded!| extra=asctime='2026-03-27 10:44:09,665'
2026-03-27 10:44:09,665 - DEBUG - 'ContextProcessor' successfully loaded!| extra=asctime='2026-03-27 10:44:09,665'
2026-03-27 10:44:09,665 - DEBUG - 'SetupSecurity' successfully loaded!| extra=asctime='2026-03-27 10:44:09,665'
2026-03-27 10:44:33,721 - DEBUG - 'RateLimiter' successfully loaded!| extra=asctime='2026-03-27 10:44:33,721'
2026-03-27 10:44:33,721 - DEBUG - 'InputValiator' successfully loaded!| extra=asctime='2026-03-27 10:44:33,721'
2026-03-27 10:44:33,721 - DEBUG - 'CSRFProtection' successfully loaded!| extra=asctime='2026-03-27 10:44:33,721'
2026-03-27 10:44:33,892 - DEBUG - 'OBSecurity' successfully loaded!| extra=asctime='2026-03-27 10:44:33,892'
2026-03-27 10:44:33,893 - DEBUG - 'ErrorPage' successfully loaded!| extra=asctime='2026-03-27 10:44:33,893'
2026-03-27 10:44:33,894 - DEBUG - 'ContextProcessor' successfully loaded!| extra=asctime='2026-03-27 10:44:33,894'
2026-03-27 10:44:33,896 - DEBUG - 'SetupSecurity' successfully loaded!| extra=asctime='2026-03-27 10:44:33,896'
2026-03-27 10:44:44,176 - DEBUG - 'RateLimiter' successfully loaded!| extra=asctime='2026-03-27 10:44:44,176'
2026-03-27 10:44:44,176 - DEBUG - 'InputValiator' successfully loaded!| extra=asctime='2026-03-27 10:44:44,176'
2026-03-27 10:44:44,176 - DEBUG - 'CSRFProtection' successfully loaded!| extra=asctime='2026-03-27 10:44:44,176'
2026-03-27 10:44:44,249 - DEBUG - 'OBSecurity' successfully loaded!| extra=asctime='2026-03-27 10:44:44,249'
2026-03-27 10:44:44,249 - DEBUG - 'ErrorPage' successfully loaded!| extra=asctime='2026-03-27 10:44:44,249'
2026-03-27 10:44:44,249 - DEBUG - 'ContextProcessor' successfully loaded!| extra=asctime='2026-03-27 10:44:44,249'
2026-03-27 10:44:44,249 - DEBUG - 'SetupSecurity' successfully loaded!| extra=asctime='2026-03-27 10:44:44,249'
2026-03-27 10:46:15,035 - DEBUG - 'RateLimiter' successfully loaded!| extra=asctime='2026-03-27 10:46:15,035'
2026-03-27 10:46:15,035 - DEBUG - 'InputValiator' successfully loaded!| extra=asctime='2026-03-27 10:46:15,035'
2026-03-27 10:46:15,035 - DEBUG - 'CSRFProtection' successfully loaded!| extra=asctime='2026-03-27 10:46:15,035'
2026-03-27 10:46:15,066 - DEBUG - 'OBSecurity' successfully loaded!| extra=asctime='2026-03-27 10:46:15,066'
2026-03-27 10:46:15,066 - DEBUG - 'ErrorPage' successfully loaded!| extra=asctime='2026-03-27 10:46:15,066'
2026-03-27 10:46:15,066 - DEBUG - 'ContextProcessor' successfully loaded!| extra=asctime='2026-03-27 10:46:15,066'
2026-03-27 10:46:15,082 - DEBUG - 'SetupSecurity' successfully loaded!| extra=asctime='2026-03-27 10:46:15,082'
2026-03-27 11:03:06,996 - DEBUG - 'RateLimiter' successfully loaded!| extra=asctime='2026-03-27 11:03:06,996'
2026-03-27 11:03:06,996 - DEBUG - 'InputValiator' successfully loaded!| extra=asctime='2026-03-27 11:03:06,996'
2026-03-27 11:03:06,996 - DEBUG - 'CSRFProtection' successfully loaded!| extra=asctime='2026-03-27 11:03:06,996'
2026-03-27 11:03:07,049 - DEBUG - 'OBSecurity' successfully loaded!| extra=asctime='2026-03-27 11:03:07,049'
2026-03-27 11:03:07,049 - DEBUG - 'ErrorPage' successfully loaded!| extra=asctime='2026-03-27 11:03:07,049'
2026-03-27 11:03:07,065 - DEBUG - 'ContextProcessor' successfully loaded!| extra=asctime='2026-03-27 11:03:07,065'
2026-03-27 11:03:07,065 - DEBUG - 'SetupSecurity' successfully loaded!| extra=asctime='2026-03-27 11:03:07,065'
2026-03-27 11:03:09,016 - DEBUG - 'RateLimiter' successfully loaded!| extra=asctime='2026-03-27 11:03:09,016'
2026-03-27 11:03:09,016 - DEBUG - 'InputValiator' successfully loaded!| extra=asctime='2026-03-27 11:03:09,016'
2026-03-27 11:03:09,016 - DEBUG - 'CSRFProtection' successfully loaded!| extra=asctime='2026-03-27 11:03:09,016'
2026-03-27 11:03:09,054 - DEBUG - 'OBSecurity' successfully loaded!| extra=asctime='2026-03-27 11:03:09,054'
2026-03-27 11:03:09,054 - DEBUG - 'ErrorPage' successfully loaded!| extra=asctime='2026-03-27 11:03:09,054'
2026-03-27 11:03:09,054 - DEBUG - 'ContextProcessor' successfully loaded!| extra=asctime='2026-03-27 11:03:09,054'
2026-03-27 11:03:09,054 - DEBUG - 'SetupSecurity' successfully loaded!| extra=asctime='2026-03-27 11:03:09,054'
2026-03-27 13:28:39,741 - DEBUG - 'RateLimiter' successfully loaded!| extra=asctime='2026-03-27 13:28:39,741'
2026-03-27 13:28:39,805 - DEBUG - 'InputValiator' successfully loaded!| extra=asctime='2026-03-27 13:28:39,805'
2026-03-27 13:28:39,807 - DEBUG - 'CSRFProtection' successfully loaded!| extra=asctime='2026-03-27 13:28:39,807'
2026-03-27 13:28:39,878 - DEBUG - 'OBSecurity' successfully loaded!| extra=asctime='2026-03-27 13:28:39,878'
2026-03-27 13:28:39,878 - DEBUG - 'ErrorPage' successfully loaded!| extra=asctime='2026-03-27 13:28:39,878'
2026-03-27 13:28:39,878 - DEBUG - 'ContextProcessor' successfully loaded!| extra=asctime='2026-03-27 13:28:39,878'
2026-03-27 13:28:39,894 - DEBUG - 'SetupSecurity' successfully loaded!| extra=asctime='2026-03-27 13:28:39,894'
2026-03-27 13:28:52,604 - DEBUG - 'RateLimiter' successfully loaded!| extra=asctime='2026-03-27 13:28:52,604'
2026-03-27 13:28:52,604 - DEBUG - 'InputValiator' successfully loaded!| extra=asctime='2026-03-27 13:28:52,604'
2026-03-27 13:28:52,604 - DEBUG - 'CSRFProtection' successfully loaded!| extra=asctime='2026-03-27 13:28:52,604'
2026-03-27 13:28:52,651 - DEBUG - 'OBSecurity' successfully loaded!| extra=asctime='2026-03-27 13:28:52,651'
2026-03-27 13:28:52,651 - DEBUG - 'ErrorPage' successfully loaded!| extra=asctime='2026-03-27 13:28:52,651'
2026-03-27 13:28:52,651 - DEBUG - 'ContextProcessor' successfully loaded!| extra=asctime='2026-03-27 13:28:52,651'
2026-03-27 13:28:52,651 - DEBUG - 'SetupSecurity' successfully loaded!| extra=asctime='2026-03-27 13:28:52,651'
2026-03-27 13:29:21,425 - DEBUG - 'RateLimiter' successfully loaded!| extra=asctime='2026-03-27 13:29:21,425'
2026-03-27 13:29:21,425 - DEBUG - 'InputValiator' successfully loaded!| extra=asctime='2026-03-27 13:29:21,425'
2026-03-27 13:29:21,425 - DEBUG - 'CSRFProtection' successfully loaded!| extra=asctime='2026-03-27 13:29:21,425'
2026-03-27 13:29:21,687 - DEBUG - 'OBSecurity' successfully loaded!| extra=asctime='2026-03-27 13:29:21,687'
2026-03-27 13:29:21,689 - DEBUG - 'ErrorPage' successfully loaded!| extra=asctime='2026-03-27 13:29:21,689'
2026-03-27 13:29:21,689 - DEBUG - 'ContextProcessor' successfully loaded!| extra=asctime='2026-03-27 13:29:21,689'
2026-03-27 13:29:21,689 - DEBUG - 'SetupSecurity' successfully loaded!| extra=asctime='2026-03-27 13:29:21,689'
2026-03-27 13:29:31,663 - DEBUG - 'RateLimiter' successfully loaded!| extra=asctime='2026-03-27 13:29:31,663'
2026-03-27 13:29:31,663 - DEBUG - 'InputValiator' successfully loaded!| extra=asctime='2026-03-27 13:29:31,663'
2026-03-27 13:29:31,663 - DEBUG - 'CSRFProtection' successfully loaded!| extra=asctime='2026-03-27 13:29:31,663'
2026-03-27 13:29:31,714 - DEBUG - 'OBSecurity' successfully loaded!| extra=asctime='2026-03-27 13:29:31,714'
2026-03-27 13:29:31,714 - DEBUG - 'ErrorPage' successfully loaded!| extra=asctime='2026-03-27 13:29:31,714'
2026-03-27 13:29:31,714 - DEBUG - 'ContextProcessor' successfully loaded!| extra=asctime='2026-03-27 13:29:31,714'
2026-03-27 13:29:31,714 - DEBUG - 'SetupSecurity' successfully loaded!| extra=asctime='2026-03-27 13:29:31,714'
2026-03-27 13:29:37,521 - DEBUG - 'RateLimiter' successfully loaded!| extra=asctime='2026-03-27 13:29:37,521'
2026-03-27 13:29:37,521 - DEBUG - 'InputValiator' successfully loaded!| extra=asctime='2026-03-27 13:29:37,521'
2026-03-27 13:29:37,527 - DEBUG - 'CSRFProtection' successfully loaded!| extra=asctime='2026-03-27 13:29:37,527'
2026-03-27 13:29:37,591 - DEBUG - 'OBSecurity' successfully loaded!| extra=asctime='2026-03-27 13:29:37,591'
2026-03-27 13:29:37,591 - DEBUG - 'ErrorPage' successfully loaded!| extra=asctime='2026-03-27 13:29:37,591'
2026-03-27 13:29:37,591 - DEBUG - 'ContextProcessor' successfully loaded!| extra=asctime='2026-03-27 13:29:37,591'
2026-03-27 13:29:37,599 - DEBUG - 'SetupSecurity' successfully loaded!| extra=asctime='2026-03-27 13:29:37,599'
2026-03-27 13:29:45,378 - DEBUG - 'RateLimiter' successfully loaded!| extra=asctime='2026-03-27 13:29:45,378'
2026-03-27 13:29:45,378 - DEBUG - 'InputValiator' successfully loaded!| extra=asctime='2026-03-27 13:29:45,378'
2026-03-27 13:29:45,378 - DEBUG - 'CSRFProtection' successfully loaded!| extra=asctime='2026-03-27 13:29:45,378'
2026-03-27 13:29:45,500 - DEBUG - 'OBSecurity' successfully loaded!| extra=asctime='2026-03-27 13:29:45,500'
2026-03-27 13:29:45,500 - DEBUG - 'ErrorPage' successfully loaded!| extra=asctime='2026-03-27 13:29:45,500'
2026-03-27 13:29:45,500 - DEBUG - 'ContextProcessor' successfully loaded!| extra=asctime='2026-03-27 13:29:45,500'
2026-03-27 13:29:45,506 - DEBUG - 'SetupSecurity' successfully loaded!| extra=asctime='2026-03-27 13:29:45,506'
2026-03-27 14:03:42,099 - DEBUG - 'RateLimiter' successfully loaded!| extra=asctime='2026-03-27 14:03:42,099'
2026-03-27 14:03:42,099 - DEBUG - 'InputValiator' successfully loaded!| extra=asctime='2026-03-27 14:03:42,099'
2026-03-27 14:03:42,099 - DEBUG - 'CSRFProtection' successfully loaded!| extra=asctime='2026-03-27 14:03:42,099'
2026-03-27 14:03:42,161 - DEBUG - 'OBSecurity' successfully loaded!| extra=asctime='2026-03-27 14:03:42,161'
2026-03-27 14:03:42,161 - DEBUG - 'ErrorPage' successfully loaded!| extra=asctime='2026-03-27 14:03:42,161'
2026-03-27 14:03:42,161 - DEBUG - 'ContextProcessor' successfully loaded!| extra=asctime='2026-03-27 14:03:42,161'
2026-03-27 14:03:42,161 - DEBUG - 'SetupSecurity' successfully loaded!| extra=asctime='2026-03-27 14:03:42,161'
2026-03-27 14:04:29,872 - DEBUG - 'RateLimiter' successfully loaded!| extra=asctime='2026-03-27 14:04:29,872'
2026-03-27 14:04:29,872 - DEBUG - 'InputValiator' successfully loaded!| extra=asctime='2026-03-27 14:04:29,872'
2026-03-27 14:04:29,872 - DEBUG - 'CSRFProtection' successfully loaded!| extra=asctime='2026-03-27 14:04:29,872'
2026-03-27 14:04:29,904 - DEBUG - 'OBSecurity' successfully loaded!| extra=asctime='2026-03-27 14:04:29,904'
2026-03-27 14:04:29,904 - DEBUG - 'ErrorPage' successfully loaded!| extra=asctime='2026-03-27 14:04:29,904'
2026-03-27 14:04:29,904 - DEBUG - 'ContextProcessor' successfully loaded!| extra=asctime='2026-03-27 14:04:29,904'
2026-03-27 14:04:29,904 - DEBUG - 'SetupSecurity' successfully loaded!| extra=asctime='2026-03-27 14:04:29,904'
2026-03-27 14:04:55,187 - DEBUG - 'RateLimiter' successfully loaded!| extra=asctime='2026-03-27 14:04:55,187'
2026-03-27 14:04:55,187 - DEBUG - 'InputValiator' successfully loaded!| extra=asctime='2026-03-27 14:04:55,187'
2026-03-27 14:04:55,187 - DEBUG - 'CSRFProtection' successfully loaded!| extra=asctime='2026-03-27 14:04:55,187'
2026-03-27 14:04:55,250 - DEBUG - 'OBSecurity' successfully loaded!| extra=asctime='2026-03-27 14:04:55,250'
2026-03-27 14:04:55,250 - DEBUG - 'ErrorPage' successfully loaded!| extra=asctime='2026-03-27 14:04:55,250'
2026-03-27 14:04:55,250 - DEBUG - 'ContextProcessor' successfully loaded!| extra=asctime='2026-03-27 14:04:55,250'
2026-03-27 14:04:55,260 - DEBUG - 'SetupSecurity' successfully loaded!| extra=asctime='2026-03-27 14:04:55,260'
2026-03-27 14:04:57,294 - DEBUG - 'RateLimiter' successfully loaded!| extra=asctime='2026-03-27 14:04:57,294'
2026-03-27 14:04:57,294 - DEBUG - 'InputValiator' successfully loaded!| extra=asctime='2026-03-27 14:04:57,294'
2026-03-27 14:04:57,294 - DEBUG - 'CSRFProtection' successfully loaded!| extra=asctime='2026-03-27 14:04:57,294'
2026-03-27 14:04:57,345 - DEBUG - 'OBSecurity' successfully loaded!| extra=asctime='2026-03-27 14:04:57,345'
2026-03-27 14:04:57,345 - DEBUG - 'ErrorPage' successfully loaded!| extra=asctime='2026-03-27 14:04:57,345'
2026-03-27 14:04:57,345 - DEBUG - 'ContextProcessor' successfully loaded!| extra=asctime='2026-03-27 14:04:57,345'
2026-03-27 14:04:57,353 - DEBUG - 'SetupSecurity' successfully loaded!| extra=asctime='2026-03-27 14:04:57,353'
2026-03-27 14:17:47,019 - DEBUG - 'RateLimiter' successfully loaded!| extra=asctime='2026-03-27 14:17:47,019'
2026-03-27 14:17:47,019 - DEBUG - 'InputValiator' successfully loaded!| extra=asctime='2026-03-27 14:17:47,019'
2026-03-27 14:17:47,019 - DEBUG - 'CSRFProtection' successfully loaded!| extra=asctime='2026-03-27 14:17:47,019'
2026-03-27 14:17:47,082 - DEBUG - 'OBSecurity' successfully loaded!| extra=asctime='2026-03-27 14:17:47,082'
2026-03-27 14:17:47,082 - DEBUG - 'ErrorPage' successfully loaded!| extra=asctime='2026-03-27 14:17:47,082'
2026-03-27 14:17:47,082 - DEBUG - 'ContextProcessor' successfully loaded!| extra=asctime='2026-03-27 14:17:47,082'
2026-03-27 14:17:47,082 - DEBUG - 'SetupSecurity' successfully loaded!| extra=asctime='2026-03-27 14:17:47,082'
2026-03-27 14:19:01,169 - DEBUG - 'RateLimiter' successfully loaded!| extra=asctime='2026-03-27 14:19:01,169'
2026-03-27 14:19:01,169 - DEBUG - 'InputValiator' successfully loaded!| extra=asctime='2026-03-27 14:19:01,169'
2026-03-27 14:19:01,169 - DEBUG - 'CSRFProtection' successfully loaded!| extra=asctime='2026-03-27 14:19:01,169'
2026-03-27 14:19:01,238 - DEBUG - 'OBSecurity' successfully loaded!| extra=asctime='2026-03-27 14:19:01,238'
2026-03-27 14:19:01,238 - DEBUG - 'ErrorPage' successfully loaded!| extra=asctime='2026-03-27 14:19:01,238'
2026-03-27 14:19:01,238 - DEBUG - 'ContextProcessor' successfully loaded!| extra=asctime='2026-03-27 14:19:01,238'
2026-03-27 14:19:01,238 - DEBUG - 'SetupSecurity' successfully loaded!| extra=asctime='2026-03-27 14:19:01,238'
2026-03-27 14:28:45,010 - DEBUG - 'RateLimiter' successfully loaded!| extra=asctime='2026-03-27 14:28:45,010'
2026-03-27 14:28:45,010 - DEBUG - 'InputValiator' successfully loaded!| extra=asctime='2026-03-27 14:28:45,010'
2026-03-27 14:28:45,010 - DEBUG - 'CSRFProtection' successfully loaded!| extra=asctime='2026-03-27 14:28:45,010'
2026-03-27 14:28:45,058 - DEBUG - 'OBSecurity' successfully loaded!| extra=asctime='2026-03-27 14:28:45,058'
2026-03-27 14:28:45,058 - DEBUG - 'ErrorPage' successfully loaded!| extra=asctime='2026-03-27 14:28:45,058'
2026-03-27 14:28:45,060 - DEBUG - 'ContextProcessor' successfully loaded!| extra=asctime='2026-03-27 14:28:45,060'
2026-03-27 14:28:45,060 - DEBUG - 'SetupSecurity' successfully loaded!| extra=asctime='2026-03-27 14:28:45,060'
2026-03-27 14:29:00,918 - DEBUG - 'RateLimiter' successfully loaded!| extra=asctime='2026-03-27 14:29:00,918'
2026-03-27 14:29:00,918 - DEBUG - 'InputValiator' successfully loaded!| extra=asctime='2026-03-27 14:29:00,918'
2026-03-27 14:29:00,918 - DEBUG - 'CSRFProtection' successfully loaded!| extra=asctime='2026-03-27 14:29:00,918'
2026-03-27 14:29:00,980 - DEBUG - 'OBSecurity' successfully loaded!| extra=asctime='2026-03-27 14:29:00,980'
2026-03-27 14:29:00,980 - DEBUG - 'ErrorPage' successfully loaded!| extra=asctime='2026-03-27 14:29:00,980'
2026-03-27 14:29:00,980 - DEBUG - 'ContextProcessor' successfully loaded!| extra=asctime='2026-03-27 14:29:00,980'
2026-03-27 14:29:00,980 - DEBUG - 'SetupSecurity' successfully loaded!| extra=asctime='2026-03-27 14:29:00,980'
2026-03-27 14:29:49,299 - DEBUG - 'RateLimiter' successfully loaded!| extra=asctime='2026-03-27 14:29:49,299'
2026-03-27 14:29:49,299 - DEBUG - 'InputValiator' successfully loaded!| extra=asctime='2026-03-27 14:29:49,299'
2026-03-27 14:29:49,299 - DEBUG - 'CSRFProtection' successfully loaded!| extra=asctime='2026-03-27 14:29:49,299'
2026-03-27 14:29:49,392 - DEBUG - 'OBSecurity' successfully loaded!| extra=asctime='2026-03-27 14:29:49,392'
2026-03-27 14:29:49,392 - DEBUG - 'ErrorPage' successfully loaded!| extra=asctime='2026-03-27 14:29:49,392'
2026-03-27 14:29:49,392 - DEBUG - 'ContextProcessor' successfully loaded!| extra=asctime='2026-03-27 14:29:49,392'
2026-03-27 14:29:49,392 - DEBUG - 'SetupSecurity' successfully loaded!| extra=asctime='2026-03-27 14:29:49,392'
2026-03-27 14:30:05,087 - DEBUG - 'RateLimiter' successfully loaded!| extra=asctime='2026-03-27 14:30:05,087'
2026-03-27 14:30:05,087 - DEBUG - 'InputValiator' successfully loaded!| extra=asctime='2026-03-27 14:30:05,087'
2026-03-27 14:30:05,087 - DEBUG - 'CSRFProtection' successfully loaded!| extra=asctime='2026-03-27 14:30:05,087'
2026-03-27 14:30:05,140 - DEBUG - 'OBSecurity' successfully loaded!| extra=asctime='2026-03-27 14:30:05,140'
2026-03-27 14:30:05,140 - DEBUG - 'ErrorPage' successfully loaded!| extra=asctime='2026-03-27 14:30:05,140'
2026-03-27 14:30:05,140 - DEBUG - 'ContextProcessor' successfully loaded!| extra=asctime='2026-03-27 14:30:05,140'
2026-03-27 14:30:05,140 - DEBUG - 'SetupSecurity' successfully loaded!| extra=asctime='2026-03-27 14:30:05,140'
2026-03-27 14:30:08,811 - DEBUG - 'RateLimiter' successfully loaded!| extra=asctime='2026-03-27 14:30:08,811'
2026-03-27 14:30:08,811 - DEBUG - 'InputValiator' successfully loaded!| extra=asctime='2026-03-27 14:30:08,811'
2026-03-27 14:30:08,811 - DEBUG - 'CSRFProtection' successfully loaded!| extra=asctime='2026-03-27 14:30:08,811'
2026-03-27 14:30:08,849 - DEBUG - 'OBSecurity' successfully loaded!| extra=asctime='2026-03-27 14:30:08,849'
2026-03-27 14:30:08,849 - DEBUG - 'ErrorPage' successfully loaded!| extra=asctime='2026-03-27 14:30:08,849'
2026-03-27 14:30:08,849 - DEBUG - 'ContextProcessor' successfully loaded!| extra=asctime='2026-03-27 14:30:08,849'
2026-03-27 14:30:08,849 - DEBUG - 'SetupSecurity' successfully loaded!| extra=asctime='2026-03-27 14:30:08,849'
