2026-03-18 15:57:40,845 - DEBUG - 'RateLimiter' successfully loaded!| extra=asctime='2026-03-18 15:57:40,845'
2026-03-18 15:57:40,845 - DEBUG - 'InputValiator' successfully loaded!| extra=asctime='2026-03-18 15:57:40,845'
2026-03-18 15:57:40,845 - DEBUG - 'CSRFProtection' successfully loaded!| extra=asctime='2026-03-18 15:57:40,845'
2026-03-18 15:57:40,891 - DEBUG - 'OBSecurity' successfully loaded!| extra=asctime='2026-03-18 15:57:40,891'
2026-03-18 15:57:40,891 - DEBUG - 'ErrorPage' successfully loaded!| extra=asctime='2026-03-18 15:57:40,891'
2026-03-18 15:57:40,891 - DEBUG - 'ContextProcessor' successfully loaded!| extra=asctime='2026-03-18 15:57:40,891'
2026-03-18 15:57:40,891 - DEBUG - 'SetupSecurity' successfully loaded!| extra=asctime='2026-03-18 15:57:40,891'
2026-03-18 15:57:45,424 - DEBUG - 'RateLimiter' successfully loaded!| extra=asctime='2026-03-18 15:57:45,424'
2026-03-18 15:57:45,424 - DEBUG - 'InputValiator' successfully loaded!| extra=asctime='2026-03-18 15:57:45,424'
2026-03-18 15:57:45,424 - DEBUG - 'CSRFProtection' successfully loaded!| extra=asctime='2026-03-18 15:57:45,424'
2026-03-18 15:57:45,471 - DEBUG - 'OBSecurity' successfully loaded!| extra=asctime='2026-03-18 15:57:45,471'
2026-03-18 15:57:45,471 - DEBUG - 'ErrorPage' successfully loaded!| extra=asctime='2026-03-18 15:57:45,471'
2026-03-18 15:57:45,471 - DEBUG - 'ContextProcessor' successfully loaded!| extra=asctime='2026-03-18 15:57:45,471'
2026-03-18 15:57:45,487 - DEBUG - 'SetupSecurity' successfully loaded!| extra=asctime='2026-03-18 15:57:45,487'
2026-03-18 16:05:48,233 - DEBUG - 'RateLimiter' successfully loaded!| extra=asctime='2026-03-18 16:05:48,233'
2026-03-18 16:05:48,233 - DEBUG - 'InputValiator' successfully loaded!| extra=asctime='2026-03-18 16:05:48,233'
2026-03-18 16:05:48,233 - DEBUG - 'CSRFProtection' successfully loaded!| extra=asctime='2026-03-18 16:05:48,233'
2026-03-18 16:05:48,283 - DEBUG - 'OBSecurity' successfully loaded!| extra=asctime='2026-03-18 16:05:48,283'
2026-03-18 16:05:48,283 - DEBUG - 'ErrorPage' successfully loaded!| extra=asctime='2026-03-18 16:05:48,283'
2026-03-18 16:05:48,283 - DEBUG - 'ContextProcessor' successfully loaded!| extra=asctime='2026-03-18 16:05:48,283'
2026-03-18 16:05:48,301 - DEBUG - 'SetupSecurity' successfully loaded!| extra=asctime='2026-03-18 16:05:48,301'
2026-03-18 16:07:49,855 - DEBUG - 'RateLimiter' successfully loaded!| extra=asctime='2026-03-18 16:07:49,855'
2026-03-18 16:07:49,855 - DEBUG - 'InputValiator' successfully loaded!| extra=asctime='2026-03-18 16:07:49,855'
2026-03-18 16:07:49,855 - DEBUG - 'CSRFProtection' successfully loaded!| extra=asctime='2026-03-18 16:07:49,855'
2026-03-18 16:07:49,902 - DEBUG - 'OBSecurity' successfully loaded!| extra=asctime='2026-03-18 16:07:49,902'
2026-03-18 16:07:49,902 - DEBUG - 'ErrorPage' successfully loaded!| extra=asctime='2026-03-18 16:07:49,902'
2026-03-18 16:07:49,902 - DEBUG - 'ContextProcessor' successfully loaded!| extra=asctime='2026-03-18 16:07:49,902'
2026-03-18 16:07:49,918 - DEBUG - 'SetupSecurity' successfully loaded!| extra=asctime='2026-03-18 16:07:49,918'
2026-03-18 16:07:51,958 - DEBUG - 'RateLimiter' successfully loaded!| extra=asctime='2026-03-18 16:07:51,958'
2026-03-18 16:07:51,958 - DEBUG - 'InputValiator' successfully loaded!| extra=asctime='2026-03-18 16:07:51,958'
2026-03-18 16:07:51,964 - DEBUG - 'CSRFProtection' successfully loaded!| extra=asctime='2026-03-18 16:07:51,964'
2026-03-18 16:07:52,011 - DEBUG - 'OBSecurity' successfully loaded!| extra=asctime='2026-03-18 16:07:52,011'
2026-03-18 16:07:52,011 - DEBUG - 'ErrorPage' successfully loaded!| extra=asctime='2026-03-18 16:07:52,011'
2026-03-18 16:07:52,011 - DEBUG - 'ContextProcessor' successfully loaded!| extra=asctime='2026-03-18 16:07:52,011'
2026-03-18 16:07:52,011 - DEBUG - 'SetupSecurity' successfully loaded!| extra=asctime='2026-03-18 16:07:52,011'
2026-03-18 16:09:43,208 - DEBUG - 'RateLimiter' successfully loaded!| extra=asctime='2026-03-18 16:09:43,208'
2026-03-18 16:09:43,208 - DEBUG - 'InputValiator' successfully loaded!| extra=asctime='2026-03-18 16:09:43,208'
2026-03-18 16:09:43,261 - DEBUG - 'CSRFProtection' successfully loaded!| extra=asctime='2026-03-18 16:09:43,261'
2026-03-18 16:09:43,323 - DEBUG - 'OBSecurity' successfully loaded!| extra=asctime='2026-03-18 16:09:43,323'
2026-03-18 16:09:43,323 - DEBUG - 'ErrorPage' successfully loaded!| extra=asctime='2026-03-18 16:09:43,323'
2026-03-18 16:09:43,323 - DEBUG - 'ContextProcessor' successfully loaded!| extra=asctime='2026-03-18 16:09:43,323'
2026-03-18 16:09:43,323 - DEBUG - 'SetupSecurity' successfully loaded!| extra=asctime='2026-03-18 16:09:43,323'
2026-03-18 16:11:48,793 - DEBUG - 'RateLimiter' successfully loaded!| extra=asctime='2026-03-18 16:11:48,793'
2026-03-18 16:11:48,793 - DEBUG - 'InputValiator' successfully loaded!| extra=asctime='2026-03-18 16:11:48,793'
2026-03-18 16:11:48,795 - DEBUG - 'CSRFProtection' successfully loaded!| extra=asctime='2026-03-18 16:11:48,795'
2026-03-18 16:11:48,881 - DEBUG - 'OBSecurity' successfully loaded!| extra=asctime='2026-03-18 16:11:48,881'
2026-03-18 16:11:48,881 - DEBUG - 'ErrorPage' successfully loaded!| extra=asctime='2026-03-18 16:11:48,881'
2026-03-18 16:11:48,882 - DEBUG - 'ContextProcessor' successfully loaded!| extra=asctime='2026-03-18 16:11:48,882'
2026-03-18 16:11:48,889 - DEBUG - 'SetupSecurity' successfully loaded!| extra=asctime='2026-03-18 16:11:48,889'
2026-03-18 16:11:56,629 - DEBUG - 'RateLimiter' successfully loaded!| extra=asctime='2026-03-18 16:11:56,629'
2026-03-18 16:11:56,630 - DEBUG - 'InputValiator' successfully loaded!| extra=asctime='2026-03-18 16:11:56,630'
2026-03-18 16:11:56,630 - DEBUG - 'CSRFProtection' successfully loaded!| extra=asctime='2026-03-18 16:11:56,630'
2026-03-18 16:11:56,706 - DEBUG - 'OBSecurity' successfully loaded!| extra=asctime='2026-03-18 16:11:56,706'
2026-03-18 16:11:56,706 - DEBUG - 'ErrorPage' successfully loaded!| extra=asctime='2026-03-18 16:11:56,706'
2026-03-18 16:11:56,706 - DEBUG - 'ContextProcessor' successfully loaded!| extra=asctime='2026-03-18 16:11:56,706'
2026-03-18 16:11:56,706 - DEBUG - 'SetupSecurity' successfully loaded!| extra=asctime='2026-03-18 16:11:56,706'
2026-03-18 16:12:33,960 - DEBUG - 'RateLimiter' successfully loaded!| extra=asctime='2026-03-18 16:12:33,960'
2026-03-18 16:12:33,960 - DEBUG - 'InputValiator' successfully loaded!| extra=asctime='2026-03-18 16:12:33,960'
2026-03-18 16:12:33,960 - DEBUG - 'CSRFProtection' successfully loaded!| extra=asctime='2026-03-18 16:12:33,960'
2026-03-18 16:12:34,115 - DEBUG - 'OBSecurity' successfully loaded!| extra=asctime='2026-03-18 16:12:34,115'
2026-03-18 16:12:34,115 - DEBUG - 'ErrorPage' successfully loaded!| extra=asctime='2026-03-18 16:12:34,115'
2026-03-18 16:12:34,115 - DEBUG - 'ContextProcessor' successfully loaded!| extra=asctime='2026-03-18 16:12:34,115'
2026-03-18 16:12:34,115 - DEBUG - 'SetupSecurity' successfully loaded!| extra=asctime='2026-03-18 16:12:34,115'
2026-03-18 16:15:35,546 - DEBUG - 'RateLimiter' successfully loaded!| extra=asctime='2026-03-18 16:15:35,546'
2026-03-18 16:15:35,546 - DEBUG - 'InputValiator' successfully loaded!| extra=asctime='2026-03-18 16:15:35,546'
2026-03-18 16:15:35,546 - DEBUG - 'CSRFProtection' successfully loaded!| extra=asctime='2026-03-18 16:15:35,546'
2026-03-18 16:15:35,589 - DEBUG - 'OBSecurity' successfully loaded!| extra=asctime='2026-03-18 16:15:35,589'
2026-03-18 16:15:35,589 - DEBUG - 'ErrorPage' successfully loaded!| extra=asctime='2026-03-18 16:15:35,589'
2026-03-18 16:15:35,589 - DEBUG - 'ContextProcessor' successfully loaded!| extra=asctime='2026-03-18 16:15:35,589'
2026-03-18 16:15:35,728 - DEBUG - 'SetupSecurity' successfully loaded!| extra=asctime='2026-03-18 16:15:35,728'
2026-03-18 16:15:53,878 - DEBUG - 'RateLimiter' successfully loaded!| extra=asctime='2026-03-18 16:15:53,878'
2026-03-18 16:15:53,878 - DEBUG - 'InputValiator' successfully loaded!| extra=asctime='2026-03-18 16:15:53,878'
2026-03-18 16:15:53,878 - DEBUG - 'CSRFProtection' successfully loaded!| extra=asctime='2026-03-18 16:15:53,878'
2026-03-18 16:15:53,949 - DEBUG - 'OBSecurity' successfully loaded!| extra=asctime='2026-03-18 16:15:53,949'
2026-03-18 16:15:53,949 - DEBUG - 'ErrorPage' successfully loaded!| extra=asctime='2026-03-18 16:15:53,949'
2026-03-18 16:15:53,949 - DEBUG - 'ContextProcessor' successfully loaded!| extra=asctime='2026-03-18 16:15:53,949'
2026-03-18 16:15:53,959 - DEBUG - 'SetupSecurity' successfully loaded!| extra=asctime='2026-03-18 16:15:53,959'
2026-03-18 16:16:18,477 - DEBUG - 'RateLimiter' successfully loaded!| extra=asctime='2026-03-18 16:16:18,477'
2026-03-18 16:16:18,477 - DEBUG - 'InputValiator' successfully loaded!| extra=asctime='2026-03-18 16:16:18,477'
2026-03-18 16:16:18,477 - DEBUG - 'CSRFProtection' successfully loaded!| extra=asctime='2026-03-18 16:16:18,477'
2026-03-18 16:16:18,515 - DEBUG - 'OBSecurity' successfully loaded!| extra=asctime='2026-03-18 16:16:18,515'
2026-03-18 16:16:18,531 - DEBUG - 'ErrorPage' successfully loaded!| extra=asctime='2026-03-18 16:16:18,531'
2026-03-18 16:16:18,531 - DEBUG - 'ContextProcessor' successfully loaded!| extra=asctime='2026-03-18 16:16:18,531'
2026-03-18 16:16:18,531 - DEBUG - 'SetupSecurity' successfully loaded!| extra=asctime='2026-03-18 16:16:18,531'
2026-03-18 16:16:21,148 - DEBUG - 'RateLimiter' successfully loaded!| extra=asctime='2026-03-18 16:16:21,148'
2026-03-18 16:16:21,148 - DEBUG - 'InputValiator' successfully loaded!| extra=asctime='2026-03-18 16:16:21,148'
2026-03-18 16:16:21,148 - DEBUG - 'CSRFProtection' successfully loaded!| extra=asctime='2026-03-18 16:16:21,148'
2026-03-18 16:16:21,217 - DEBUG - 'OBSecurity' successfully loaded!| extra=asctime='2026-03-18 16:16:21,217'
2026-03-18 16:16:21,217 - DEBUG - 'ErrorPage' successfully loaded!| extra=asctime='2026-03-18 16:16:21,217'
2026-03-18 16:16:21,217 - DEBUG - 'ContextProcessor' successfully loaded!| extra=asctime='2026-03-18 16:16:21,217'
2026-03-18 16:16:21,217 - DEBUG - 'SetupSecurity' successfully loaded!| extra=asctime='2026-03-18 16:16:21,217'
2026-03-18 16:17:40,903 - DEBUG - 'RateLimiter' successfully loaded!| extra=asctime='2026-03-18 16:17:40,903'
2026-03-18 16:17:40,903 - DEBUG - 'InputValiator' successfully loaded!| extra=asctime='2026-03-18 16:17:40,903'
2026-03-18 16:17:40,903 - DEBUG - 'CSRFProtection' successfully loaded!| extra=asctime='2026-03-18 16:17:40,903'
2026-03-18 16:17:41,138 - DEBUG - 'OBSecurity' successfully loaded!| extra=asctime='2026-03-18 16:17:41,138'
2026-03-18 16:17:41,148 - DEBUG - 'ErrorPage' successfully loaded!| extra=asctime='2026-03-18 16:17:41,148'
2026-03-18 16:17:41,148 - DEBUG - 'ContextProcessor' successfully loaded!| extra=asctime='2026-03-18 16:17:41,148'
2026-03-18 16:17:41,148 - DEBUG - 'SetupSecurity' successfully loaded!| extra=asctime='2026-03-18 16:17:41,148'
2026-03-18 16:19:27,201 - DEBUG - 'RateLimiter' successfully loaded!| extra=asctime='2026-03-18 16:19:27,201'
2026-03-18 16:19:27,201 - DEBUG - 'InputValiator' successfully loaded!| extra=asctime='2026-03-18 16:19:27,201'
2026-03-18 16:19:27,201 - DEBUG - 'CSRFProtection' successfully loaded!| extra=asctime='2026-03-18 16:19:27,201'
2026-03-18 16:19:27,286 - DEBUG - 'OBSecurity' successfully loaded!| extra=asctime='2026-03-18 16:19:27,286'
2026-03-18 16:19:27,286 - DEBUG - 'ErrorPage' successfully loaded!| extra=asctime='2026-03-18 16:19:27,286'
2026-03-18 16:19:27,286 - DEBUG - 'ContextProcessor' successfully loaded!| extra=asctime='2026-03-18 16:19:27,286'
2026-03-18 16:19:27,286 - DEBUG - 'SetupSecurity' successfully loaded!| extra=asctime='2026-03-18 16:19:27,286'
2026-03-18 16:22:07,393 - DEBUG - 'RateLimiter' successfully loaded!| extra=asctime='2026-03-18 16:22:07,393'
2026-03-18 16:22:07,393 - DEBUG - 'InputValiator' successfully loaded!| extra=asctime='2026-03-18 16:22:07,393'
2026-03-18 16:22:07,393 - DEBUG - 'CSRFProtection' successfully loaded!| extra=asctime='2026-03-18 16:22:07,393'
2026-03-18 16:22:07,576 - DEBUG - 'OBSecurity' successfully loaded!| extra=asctime='2026-03-18 16:22:07,576'
2026-03-18 16:22:07,576 - DEBUG - 'ErrorPage' successfully loaded!| extra=asctime='2026-03-18 16:22:07,576'
2026-03-18 16:22:07,576 - DEBUG - 'ContextProcessor' successfully loaded!| extra=asctime='2026-03-18 16:22:07,576'
2026-03-18 16:22:07,576 - DEBUG - 'SetupSecurity' successfully loaded!| extra=asctime='2026-03-18 16:22:07,576'
2026-03-18 17:22:54,724 - DEBUG - 'RateLimiter' successfully loaded!| extra=asctime='2026-03-18 17:22:54,724'
2026-03-18 17:22:54,739 - DEBUG - 'InputValiator' successfully loaded!| extra=asctime='2026-03-18 17:22:54,739'
2026-03-18 17:22:54,739 - DEBUG - 'CSRFProtection' successfully loaded!| extra=asctime='2026-03-18 17:22:54,739'
2026-03-18 17:22:54,819 - DEBUG - 'OBSecurity' successfully loaded!| extra=asctime='2026-03-18 17:22:54,819'
2026-03-18 17:22:54,819 - DEBUG - 'ErrorPage' successfully loaded!| extra=asctime='2026-03-18 17:22:54,819'
2026-03-18 17:22:54,819 - DEBUG - 'ContextProcessor' successfully loaded!| extra=asctime='2026-03-18 17:22:54,819'
2026-03-18 17:22:54,849 - DEBUG - 'SetupSecurity' successfully loaded!| extra=asctime='2026-03-18 17:22:54,849'
2026-03-18 17:22:58,664 - DEBUG - 'RateLimiter' successfully loaded!| extra=asctime='2026-03-18 17:22:58,664'
2026-03-18 17:22:58,664 - DEBUG - 'InputValiator' successfully loaded!| extra=asctime='2026-03-18 17:22:58,664'
2026-03-18 17:22:58,664 - DEBUG - 'CSRFProtection' successfully loaded!| extra=asctime='2026-03-18 17:22:58,664'
2026-03-18 17:22:58,714 - DEBUG - 'OBSecurity' successfully loaded!| extra=asctime='2026-03-18 17:22:58,714'
2026-03-18 17:22:58,714 - DEBUG - 'ErrorPage' successfully loaded!| extra=asctime='2026-03-18 17:22:58,714'
2026-03-18 17:22:58,714 - DEBUG - 'ContextProcessor' successfully loaded!| extra=asctime='2026-03-18 17:22:58,714'
2026-03-18 17:22:58,719 - DEBUG - 'SetupSecurity' successfully loaded!| extra=asctime='2026-03-18 17:22:58,719'
2026-03-18 17:25:23,593 - DEBUG - 'RateLimiter' successfully loaded!| extra=asctime='2026-03-18 17:25:23,593'
2026-03-18 17:25:23,593 - DEBUG - 'InputValiator' successfully loaded!| extra=asctime='2026-03-18 17:25:23,593'
2026-03-18 17:25:23,593 - DEBUG - 'CSRFProtection' successfully loaded!| extra=asctime='2026-03-18 17:25:23,593'
2026-03-18 17:25:23,694 - DEBUG - 'OBSecurity' successfully loaded!| extra=asctime='2026-03-18 17:25:23,694'
2026-03-18 17:25:23,694 - DEBUG - 'ErrorPage' successfully loaded!| extra=asctime='2026-03-18 17:25:23,694'
2026-03-18 17:25:23,694 - DEBUG - 'ContextProcessor' successfully loaded!| extra=asctime='2026-03-18 17:25:23,694'
2026-03-18 17:25:23,699 - DEBUG - 'SetupSecurity' successfully loaded!| extra=asctime='2026-03-18 17:25:23,699'
2026-03-18 17:25:31,629 - DEBUG - 'RateLimiter' successfully loaded!| extra=asctime='2026-03-18 17:25:31,629'
2026-03-18 17:25:31,643 - DEBUG - 'InputValiator' successfully loaded!| extra=asctime='2026-03-18 17:25:31,643'
2026-03-18 17:25:31,643 - DEBUG - 'CSRFProtection' successfully loaded!| extra=asctime='2026-03-18 17:25:31,643'
2026-03-18 17:25:33,044 - DEBUG - 'OBSecurity' successfully loaded!| extra=asctime='2026-03-18 17:25:33,044'
2026-03-18 17:25:33,044 - DEBUG - 'ErrorPage' successfully loaded!| extra=asctime='2026-03-18 17:25:33,044'
2026-03-18 17:25:33,054 - DEBUG - 'ContextProcessor' successfully loaded!| extra=asctime='2026-03-18 17:25:33,054'
2026-03-18 17:25:33,070 - DEBUG - 'SetupSecurity' successfully loaded!| extra=asctime='2026-03-18 17:25:33,070'
2026-03-18 17:28:59,928 - DEBUG - 'RateLimiter' successfully loaded!| extra=asctime='2026-03-18 17:28:59,928'
2026-03-18 17:28:59,928 - DEBUG - 'InputValiator' successfully loaded!| extra=asctime='2026-03-18 17:28:59,928'
2026-03-18 17:28:59,928 - DEBUG - 'CSRFProtection' successfully loaded!| extra=asctime='2026-03-18 17:28:59,928'
2026-03-18 17:29:00,154 - DEBUG - 'OBSecurity' successfully loaded!| extra=asctime='2026-03-18 17:29:00,154'
2026-03-18 17:29:00,154 - DEBUG - 'ErrorPage' successfully loaded!| extra=asctime='2026-03-18 17:29:00,154'
2026-03-18 17:29:00,154 - DEBUG - 'ContextProcessor' successfully loaded!| extra=asctime='2026-03-18 17:29:00,154'
2026-03-18 17:29:00,164 - DEBUG - 'SetupSecurity' successfully loaded!| extra=asctime='2026-03-18 17:29:00,164'
2026-03-18 17:29:03,384 - DEBUG - 'RateLimiter' successfully loaded!| extra=asctime='2026-03-18 17:29:03,384'
2026-03-18 17:29:03,384 - DEBUG - 'InputValiator' successfully loaded!| extra=asctime='2026-03-18 17:29:03,384'
2026-03-18 17:29:03,384 - DEBUG - 'CSRFProtection' successfully loaded!| extra=asctime='2026-03-18 17:29:03,384'
2026-03-18 17:29:03,534 - DEBUG - 'OBSecurity' successfully loaded!| extra=asctime='2026-03-18 17:29:03,534'
2026-03-18 17:29:03,534 - DEBUG - 'ErrorPage' successfully loaded!| extra=asctime='2026-03-18 17:29:03,534'
2026-03-18 17:29:03,534 - DEBUG - 'ContextProcessor' successfully loaded!| extra=asctime='2026-03-18 17:29:03,534'
2026-03-18 17:29:03,539 - DEBUG - 'SetupSecurity' successfully loaded!| extra=asctime='2026-03-18 17:29:03,539'
