2026-03-21 12:14:37,202 - DEBUG - 'RateLimiter' successfully loaded!| extra=asctime='2026-03-21 12:14:37,202'
2026-03-21 12:14:37,202 - DEBUG - 'InputValiator' successfully loaded!| extra=asctime='2026-03-21 12:14:37,202'
2026-03-21 12:14:37,202 - DEBUG - 'CSRFProtection' successfully loaded!| extra=asctime='2026-03-21 12:14:37,202'
2026-03-21 12:14:37,384 - DEBUG - 'OBSecurity' successfully loaded!| extra=asctime='2026-03-21 12:14:37,384'
2026-03-21 12:14:37,384 - DEBUG - 'ErrorPage' successfully loaded!| extra=asctime='2026-03-21 12:14:37,384'
2026-03-21 12:14:37,384 - DEBUG - 'ContextProcessor' successfully loaded!| extra=asctime='2026-03-21 12:14:37,384'
2026-03-21 12:14:37,392 - DEBUG - 'SetupSecurity' successfully loaded!| extra=asctime='2026-03-21 12:14:37,392'
2026-03-21 12:14:44,286 - DEBUG - 'RateLimiter' successfully loaded!| extra=asctime='2026-03-21 12:14:44,286'
2026-03-21 12:14:44,288 - DEBUG - 'InputValiator' successfully loaded!| extra=asctime='2026-03-21 12:14:44,288'
2026-03-21 12:14:44,288 - DEBUG - 'CSRFProtection' successfully loaded!| extra=asctime='2026-03-21 12:14:44,288'
2026-03-21 12:14:44,346 - DEBUG - 'OBSecurity' successfully loaded!| extra=asctime='2026-03-21 12:14:44,346'
2026-03-21 12:14:44,346 - DEBUG - 'ErrorPage' successfully loaded!| extra=asctime='2026-03-21 12:14:44,346'
2026-03-21 12:14:44,348 - DEBUG - 'ContextProcessor' successfully loaded!| extra=asctime='2026-03-21 12:14:44,348'
2026-03-21 12:14:44,348 - DEBUG - 'SetupSecurity' successfully loaded!| extra=asctime='2026-03-21 12:14:44,348'
2026-03-21 12:17:30,814 - DEBUG - 'RateLimiter' successfully loaded!| extra=asctime='2026-03-21 12:17:30,814'
2026-03-21 12:17:30,822 - DEBUG - 'InputValiator' successfully loaded!| extra=asctime='2026-03-21 12:17:30,822'
2026-03-21 12:17:30,822 - DEBUG - 'CSRFProtection' successfully loaded!| extra=asctime='2026-03-21 12:17:30,822'
2026-03-21 12:17:31,024 - DEBUG - 'OBSecurity' successfully loaded!| extra=asctime='2026-03-21 12:17:31,024'
2026-03-21 12:17:31,024 - DEBUG - 'ErrorPage' successfully loaded!| extra=asctime='2026-03-21 12:17:31,024'
2026-03-21 12:17:31,026 - DEBUG - 'ContextProcessor' successfully loaded!| extra=asctime='2026-03-21 12:17:31,026'
2026-03-21 12:17:31,035 - DEBUG - 'SetupSecurity' successfully loaded!| extra=asctime='2026-03-21 12:17:31,035'
2026-03-21 12:17:34,023 - DEBUG - 'RateLimiter' successfully loaded!| extra=asctime='2026-03-21 12:17:34,023'
2026-03-21 12:17:34,023 - DEBUG - 'InputValiator' successfully loaded!| extra=asctime='2026-03-21 12:17:34,023'
2026-03-21 12:17:34,023 - DEBUG - 'CSRFProtection' successfully loaded!| extra=asctime='2026-03-21 12:17:34,023'
2026-03-21 12:17:34,194 - DEBUG - 'OBSecurity' successfully loaded!| extra=asctime='2026-03-21 12:17:34,194'
2026-03-21 12:17:34,194 - DEBUG - 'ErrorPage' successfully loaded!| extra=asctime='2026-03-21 12:17:34,194'
2026-03-21 12:17:34,194 - DEBUG - 'ContextProcessor' successfully loaded!| extra=asctime='2026-03-21 12:17:34,194'
2026-03-21 12:17:34,194 - DEBUG - 'SetupSecurity' successfully loaded!| extra=asctime='2026-03-21 12:17:34,194'
2026-03-21 12:20:21,442 - DEBUG - 'RateLimiter' successfully loaded!| extra=asctime='2026-03-21 12:20:21,442'
2026-03-21 12:20:21,442 - DEBUG - 'InputValiator' successfully loaded!| extra=asctime='2026-03-21 12:20:21,442'
2026-03-21 12:20:21,442 - DEBUG - 'CSRFProtection' successfully loaded!| extra=asctime='2026-03-21 12:20:21,442'
2026-03-21 12:20:21,524 - DEBUG - 'OBSecurity' successfully loaded!| extra=asctime='2026-03-21 12:20:21,524'
2026-03-21 12:20:21,524 - DEBUG - 'ErrorPage' successfully loaded!| extra=asctime='2026-03-21 12:20:21,524'
2026-03-21 12:20:21,524 - DEBUG - 'ContextProcessor' successfully loaded!| extra=asctime='2026-03-21 12:20:21,524'
2026-03-21 12:20:21,524 - DEBUG - 'SetupSecurity' successfully loaded!| extra=asctime='2026-03-21 12:20:21,524'
2026-03-21 12:20:24,345 - DEBUG - 'RateLimiter' successfully loaded!| extra=asctime='2026-03-21 12:20:24,345'
2026-03-21 12:20:24,345 - DEBUG - 'InputValiator' successfully loaded!| extra=asctime='2026-03-21 12:20:24,345'
2026-03-21 12:20:24,345 - DEBUG - 'CSRFProtection' successfully loaded!| extra=asctime='2026-03-21 12:20:24,345'
2026-03-21 12:20:24,472 - DEBUG - 'OBSecurity' successfully loaded!| extra=asctime='2026-03-21 12:20:24,472'
2026-03-21 12:20:24,482 - DEBUG - 'ErrorPage' successfully loaded!| extra=asctime='2026-03-21 12:20:24,482'
2026-03-21 12:20:24,482 - DEBUG - 'ContextProcessor' successfully loaded!| extra=asctime='2026-03-21 12:20:24,482'
2026-03-21 12:20:24,482 - DEBUG - 'SetupSecurity' successfully loaded!| extra=asctime='2026-03-21 12:20:24,482'
2026-03-21 12:20:51,318 - DEBUG - 'RateLimiter' successfully loaded!| extra=asctime='2026-03-21 12:20:51,318'
2026-03-21 12:20:51,318 - DEBUG - 'InputValiator' successfully loaded!| extra=asctime='2026-03-21 12:20:51,318'
2026-03-21 12:20:51,318 - DEBUG - 'CSRFProtection' successfully loaded!| extra=asctime='2026-03-21 12:20:51,318'
2026-03-21 12:20:51,403 - DEBUG - 'OBSecurity' successfully loaded!| extra=asctime='2026-03-21 12:20:51,403'
2026-03-21 12:20:51,403 - DEBUG - 'ErrorPage' successfully loaded!| extra=asctime='2026-03-21 12:20:51,403'
2026-03-21 12:20:51,403 - DEBUG - 'ContextProcessor' successfully loaded!| extra=asctime='2026-03-21 12:20:51,403'
2026-03-21 12:20:51,403 - DEBUG - 'SetupSecurity' successfully loaded!| extra=asctime='2026-03-21 12:20:51,403'
2026-03-21 12:24:26,129 - DEBUG - 'RateLimiter' successfully loaded!| extra=asctime='2026-03-21 12:24:26,129'
2026-03-21 12:24:26,129 - DEBUG - 'InputValiator' successfully loaded!| extra=asctime='2026-03-21 12:24:26,129'
2026-03-21 12:24:26,129 - DEBUG - 'CSRFProtection' successfully loaded!| extra=asctime='2026-03-21 12:24:26,129'
2026-03-21 12:24:26,168 - DEBUG - 'OBSecurity' successfully loaded!| extra=asctime='2026-03-21 12:24:26,168'
2026-03-21 12:24:26,168 - DEBUG - 'ErrorPage' successfully loaded!| extra=asctime='2026-03-21 12:24:26,168'
2026-03-21 12:24:26,168 - DEBUG - 'ContextProcessor' successfully loaded!| extra=asctime='2026-03-21 12:24:26,168'
2026-03-21 12:24:26,173 - DEBUG - 'SetupSecurity' successfully loaded!| extra=asctime='2026-03-21 12:24:26,173'
2026-03-21 12:24:54,412 - DEBUG - 'RateLimiter' successfully loaded!| extra=asctime='2026-03-21 12:24:54,412'
2026-03-21 12:24:54,412 - DEBUG - 'InputValiator' successfully loaded!| extra=asctime='2026-03-21 12:24:54,412'
2026-03-21 12:24:54,412 - DEBUG - 'CSRFProtection' successfully loaded!| extra=asctime='2026-03-21 12:24:54,412'
2026-03-21 12:24:54,457 - DEBUG - 'OBSecurity' successfully loaded!| extra=asctime='2026-03-21 12:24:54,457'
2026-03-21 12:24:54,457 - DEBUG - 'ErrorPage' successfully loaded!| extra=asctime='2026-03-21 12:24:54,457'
2026-03-21 12:24:54,457 - DEBUG - 'ContextProcessor' successfully loaded!| extra=asctime='2026-03-21 12:24:54,457'
2026-03-21 12:24:54,457 - DEBUG - 'SetupSecurity' successfully loaded!| extra=asctime='2026-03-21 12:24:54,457'
2026-03-21 12:25:12,842 - DEBUG - 'RateLimiter' successfully loaded!| extra=asctime='2026-03-21 12:25:12,842'
2026-03-21 12:25:12,842 - DEBUG - 'InputValiator' successfully loaded!| extra=asctime='2026-03-21 12:25:12,842'
2026-03-21 12:25:12,842 - DEBUG - 'CSRFProtection' successfully loaded!| extra=asctime='2026-03-21 12:25:12,842'
2026-03-21 12:25:13,008 - DEBUG - 'OBSecurity' successfully loaded!| extra=asctime='2026-03-21 12:25:13,008'
2026-03-21 12:25:13,008 - DEBUG - 'ErrorPage' successfully loaded!| extra=asctime='2026-03-21 12:25:13,008'
2026-03-21 12:25:13,008 - DEBUG - 'ContextProcessor' successfully loaded!| extra=asctime='2026-03-21 12:25:13,008'
2026-03-21 12:25:13,040 - DEBUG - 'SetupSecurity' successfully loaded!| extra=asctime='2026-03-21 12:25:13,040'
2026-03-21 12:26:34,383 - DEBUG - 'RateLimiter' successfully loaded!| extra=asctime='2026-03-21 12:26:34,383'
2026-03-21 12:26:34,383 - DEBUG - 'InputValiator' successfully loaded!| extra=asctime='2026-03-21 12:26:34,383'
2026-03-21 12:26:34,383 - DEBUG - 'CSRFProtection' successfully loaded!| extra=asctime='2026-03-21 12:26:34,383'
2026-03-21 12:26:34,699 - DEBUG - 'OBSecurity' successfully loaded!| extra=asctime='2026-03-21 12:26:34,699'
2026-03-21 12:26:34,704 - DEBUG - 'ErrorPage' successfully loaded!| extra=asctime='2026-03-21 12:26:34,704'
2026-03-21 12:26:34,704 - DEBUG - 'ContextProcessor' successfully loaded!| extra=asctime='2026-03-21 12:26:34,704'
2026-03-21 12:26:34,713 - DEBUG - 'SetupSecurity' successfully loaded!| extra=asctime='2026-03-21 12:26:34,713'
2026-03-21 12:28:16,062 - DEBUG - 'RateLimiter' successfully loaded!| extra=asctime='2026-03-21 12:28:16,062'
2026-03-21 12:28:16,064 - DEBUG - 'InputValiator' successfully loaded!| extra=asctime='2026-03-21 12:28:16,064'
2026-03-21 12:28:16,064 - DEBUG - 'CSRFProtection' successfully loaded!| extra=asctime='2026-03-21 12:28:16,064'
2026-03-21 12:28:16,176 - DEBUG - 'OBSecurity' successfully loaded!| extra=asctime='2026-03-21 12:28:16,176'
2026-03-21 12:28:16,176 - DEBUG - 'ErrorPage' successfully loaded!| extra=asctime='2026-03-21 12:28:16,176'
2026-03-21 12:28:16,176 - DEBUG - 'ContextProcessor' successfully loaded!| extra=asctime='2026-03-21 12:28:16,176'
2026-03-21 12:28:16,176 - DEBUG - 'SetupSecurity' successfully loaded!| extra=asctime='2026-03-21 12:28:16,176'
2026-03-21 12:29:48,891 - DEBUG - 'RateLimiter' successfully loaded!| extra=asctime='2026-03-21 12:29:48,891'
2026-03-21 12:29:48,902 - DEBUG - 'InputValiator' successfully loaded!| extra=asctime='2026-03-21 12:29:48,902'
2026-03-21 12:29:48,910 - DEBUG - 'CSRFProtection' successfully loaded!| extra=asctime='2026-03-21 12:29:48,910'
2026-03-21 12:29:49,222 - DEBUG - 'OBSecurity' successfully loaded!| extra=asctime='2026-03-21 12:29:49,222'
2026-03-21 12:29:49,222 - DEBUG - 'ErrorPage' successfully loaded!| extra=asctime='2026-03-21 12:29:49,222'
2026-03-21 12:29:49,222 - DEBUG - 'ContextProcessor' successfully loaded!| extra=asctime='2026-03-21 12:29:49,222'
2026-03-21 12:29:49,231 - DEBUG - 'SetupSecurity' successfully loaded!| extra=asctime='2026-03-21 12:29:49,231'
2026-03-21 12:44:06,686 - DEBUG - 'RateLimiter' successfully loaded!| extra=asctime='2026-03-21 12:44:06,686'
2026-03-21 12:44:06,686 - DEBUG - 'InputValiator' successfully loaded!| extra=asctime='2026-03-21 12:44:06,686'
2026-03-21 12:44:06,686 - DEBUG - 'CSRFProtection' successfully loaded!| extra=asctime='2026-03-21 12:44:06,686'
2026-03-21 12:44:06,731 - DEBUG - 'OBSecurity' successfully loaded!| extra=asctime='2026-03-21 12:44:06,731'
2026-03-21 12:44:06,736 - DEBUG - 'ErrorPage' successfully loaded!| extra=asctime='2026-03-21 12:44:06,736'
2026-03-21 12:44:06,736 - DEBUG - 'ContextProcessor' successfully loaded!| extra=asctime='2026-03-21 12:44:06,736'
2026-03-21 12:44:06,736 - DEBUG - 'SetupSecurity' successfully loaded!| extra=asctime='2026-03-21 12:44:06,736'
2026-03-21 12:44:08,866 - DEBUG - 'RateLimiter' successfully loaded!| extra=asctime='2026-03-21 12:44:08,866'
2026-03-21 12:44:08,866 - DEBUG - 'InputValiator' successfully loaded!| extra=asctime='2026-03-21 12:44:08,866'
2026-03-21 12:44:08,866 - DEBUG - 'CSRFProtection' successfully loaded!| extra=asctime='2026-03-21 12:44:08,866'
2026-03-21 12:44:08,941 - DEBUG - 'OBSecurity' successfully loaded!| extra=asctime='2026-03-21 12:44:08,941'
2026-03-21 12:44:08,941 - DEBUG - 'ErrorPage' successfully loaded!| extra=asctime='2026-03-21 12:44:08,941'
2026-03-21 12:44:08,941 - DEBUG - 'ContextProcessor' successfully loaded!| extra=asctime='2026-03-21 12:44:08,941'
2026-03-21 12:44:08,946 - DEBUG - 'SetupSecurity' successfully loaded!| extra=asctime='2026-03-21 12:44:08,946'
2026-03-21 12:47:21,246 - DEBUG - 'RateLimiter' successfully loaded!| extra=asctime='2026-03-21 12:47:21,246'
2026-03-21 12:47:21,246 - DEBUG - 'InputValiator' successfully loaded!| extra=asctime='2026-03-21 12:47:21,246'
2026-03-21 12:47:21,246 - DEBUG - 'CSRFProtection' successfully loaded!| extra=asctime='2026-03-21 12:47:21,246'
2026-03-21 12:47:21,321 - DEBUG - 'OBSecurity' successfully loaded!| extra=asctime='2026-03-21 12:47:21,321'
2026-03-21 12:47:21,321 - DEBUG - 'ErrorPage' successfully loaded!| extra=asctime='2026-03-21 12:47:21,321'
2026-03-21 12:47:21,321 - DEBUG - 'ContextProcessor' successfully loaded!| extra=asctime='2026-03-21 12:47:21,321'
2026-03-21 12:47:21,321 - DEBUG - 'SetupSecurity' successfully loaded!| extra=asctime='2026-03-21 12:47:21,321'
2026-03-21 12:47:40,471 - DEBUG - 'RateLimiter' successfully loaded!| extra=asctime='2026-03-21 12:47:40,471'
2026-03-21 12:47:40,471 - DEBUG - 'InputValiator' successfully loaded!| extra=asctime='2026-03-21 12:47:40,471'
2026-03-21 12:47:40,471 - DEBUG - 'CSRFProtection' successfully loaded!| extra=asctime='2026-03-21 12:47:40,471'
2026-03-21 12:47:41,691 - DEBUG - 'OBSecurity' successfully loaded!| extra=asctime='2026-03-21 12:47:41,691'
2026-03-21 12:47:41,691 - DEBUG - 'ErrorPage' successfully loaded!| extra=asctime='2026-03-21 12:47:41,691'
2026-03-21 12:47:41,691 - DEBUG - 'ContextProcessor' successfully loaded!| extra=asctime='2026-03-21 12:47:41,691'
2026-03-21 12:47:41,743 - DEBUG - 'SetupSecurity' successfully loaded!| extra=asctime='2026-03-21 12:47:41,743'
2026-03-21 12:50:02,821 - DEBUG - 'RateLimiter' successfully loaded!| extra=asctime='2026-03-21 12:50:02,821'
2026-03-21 12:50:02,821 - DEBUG - 'InputValiator' successfully loaded!| extra=asctime='2026-03-21 12:50:02,821'
2026-03-21 12:50:02,826 - DEBUG - 'CSRFProtection' successfully loaded!| extra=asctime='2026-03-21 12:50:02,826'
2026-03-21 12:50:02,911 - DEBUG - 'OBSecurity' successfully loaded!| extra=asctime='2026-03-21 12:50:02,911'
2026-03-21 12:50:02,911 - DEBUG - 'ErrorPage' successfully loaded!| extra=asctime='2026-03-21 12:50:02,911'
2026-03-21 12:50:02,911 - DEBUG - 'ContextProcessor' successfully loaded!| extra=asctime='2026-03-21 12:50:02,911'
2026-03-21 12:50:02,919 - DEBUG - 'SetupSecurity' successfully loaded!| extra=asctime='2026-03-21 12:50:02,919'
2026-03-21 12:51:26,431 - DEBUG - 'RateLimiter' successfully loaded!| extra=asctime='2026-03-21 12:51:26,431'
2026-03-21 12:51:26,436 - DEBUG - 'InputValiator' successfully loaded!| extra=asctime='2026-03-21 12:51:26,436'
2026-03-21 12:51:26,437 - DEBUG - 'CSRFProtection' successfully loaded!| extra=asctime='2026-03-21 12:51:26,437'
2026-03-21 12:51:26,817 - DEBUG - 'OBSecurity' successfully loaded!| extra=asctime='2026-03-21 12:51:26,817'
2026-03-21 12:51:26,819 - DEBUG - 'ErrorPage' successfully loaded!| extra=asctime='2026-03-21 12:51:26,819'
2026-03-21 12:51:26,819 - DEBUG - 'ContextProcessor' successfully loaded!| extra=asctime='2026-03-21 12:51:26,819'
2026-03-21 12:51:27,161 - DEBUG - 'SetupSecurity' successfully loaded!| extra=asctime='2026-03-21 12:51:27,161'
2026-03-21 12:55:00,481 - DEBUG - 'RateLimiter' successfully loaded!| extra=asctime='2026-03-21 12:55:00,481'
2026-03-21 12:55:00,481 - DEBUG - 'InputValiator' successfully loaded!| extra=asctime='2026-03-21 12:55:00,481'
2026-03-21 12:55:00,481 - DEBUG - 'CSRFProtection' successfully loaded!| extra=asctime='2026-03-21 12:55:00,481'
2026-03-21 12:55:00,606 - DEBUG - 'OBSecurity' successfully loaded!| extra=asctime='2026-03-21 12:55:00,606'
2026-03-21 12:55:00,611 - DEBUG - 'ErrorPage' successfully loaded!| extra=asctime='2026-03-21 12:55:00,611'
2026-03-21 12:55:00,611 - DEBUG - 'ContextProcessor' successfully loaded!| extra=asctime='2026-03-21 12:55:00,611'
2026-03-21 12:55:00,616 - DEBUG - 'SetupSecurity' successfully loaded!| extra=asctime='2026-03-21 12:55:00,616'
