2026-03-17 16:16:56,625 - DEBUG - 'RateLimiter' successfully loaded!| extra=asctime='2026-03-17 16:16:56,625'
2026-03-17 16:16:56,625 - DEBUG - 'InputValiator' successfully loaded!| extra=asctime='2026-03-17 16:16:56,625'
2026-03-17 16:16:56,625 - DEBUG - 'CSRFProtection' successfully loaded!| extra=asctime='2026-03-17 16:16:56,625'
2026-03-17 16:16:56,704 - DEBUG - 'OBSecurity' successfully loaded!| extra=asctime='2026-03-17 16:16:56,704'
2026-03-17 16:16:56,704 - DEBUG - 'ErrorPage' successfully loaded!| extra=asctime='2026-03-17 16:16:56,704'
2026-03-17 16:16:56,704 - DEBUG - 'ContextProcessor' successfully loaded!| extra=asctime='2026-03-17 16:16:56,704'
2026-03-17 16:16:56,704 - DEBUG - 'SetupSecurity' successfully loaded!| extra=asctime='2026-03-17 16:16:56,704'
2026-03-17 16:23:18,495 - DEBUG - 'RateLimiter' successfully loaded!| extra=asctime='2026-03-17 16:23:18,495'
2026-03-17 16:23:18,826 - DEBUG - 'InputValiator' successfully loaded!| extra=asctime='2026-03-17 16:23:18,826'
2026-03-17 16:23:19,243 - DEBUG - 'CSRFProtection' successfully loaded!| extra=asctime='2026-03-17 16:23:19,243'
2026-03-17 16:23:19,586 - DEBUG - 'OBSecurity' successfully loaded!| extra=asctime='2026-03-17 16:23:19,586'
2026-03-17 16:23:19,678 - DEBUG - 'ErrorPage' successfully loaded!| extra=asctime='2026-03-17 16:23:19,678'
2026-03-17 16:23:19,789 - DEBUG - 'ContextProcessor' successfully loaded!| extra=asctime='2026-03-17 16:23:19,789'
2026-03-17 16:23:20,373 - DEBUG - 'SetupSecurity' successfully loaded!| extra=asctime='2026-03-17 16:23:20,373'
2026-03-17 16:23:52,050 - DEBUG - 'RateLimiter' successfully loaded!| extra=asctime='2026-03-17 16:23:52,050'
2026-03-17 16:23:52,058 - DEBUG - 'InputValiator' successfully loaded!| extra=asctime='2026-03-17 16:23:52,058'
2026-03-17 16:23:52,058 - DEBUG - 'CSRFProtection' successfully loaded!| extra=asctime='2026-03-17 16:23:52,058'
2026-03-17 16:23:52,155 - DEBUG - 'OBSecurity' successfully loaded!| extra=asctime='2026-03-17 16:23:52,155'
2026-03-17 16:23:52,156 - DEBUG - 'ErrorPage' successfully loaded!| extra=asctime='2026-03-17 16:23:52,156'
2026-03-17 16:23:52,157 - DEBUG - 'ContextProcessor' successfully loaded!| extra=asctime='2026-03-17 16:23:52,157'
2026-03-17 16:23:52,169 - DEBUG - 'SetupSecurity' successfully loaded!| extra=asctime='2026-03-17 16:23:52,169'
2026-03-17 16:24:07,483 - DEBUG - 'RateLimiter' successfully loaded!| extra=asctime='2026-03-17 16:24:07,483'
2026-03-17 16:24:07,483 - DEBUG - 'InputValiator' successfully loaded!| extra=asctime='2026-03-17 16:24:07,483'
2026-03-17 16:24:07,483 - DEBUG - 'CSRFProtection' successfully loaded!| extra=asctime='2026-03-17 16:24:07,483'
2026-03-17 16:24:07,565 - DEBUG - 'OBSecurity' successfully loaded!| extra=asctime='2026-03-17 16:24:07,565'
2026-03-17 16:24:07,565 - DEBUG - 'ErrorPage' successfully loaded!| extra=asctime='2026-03-17 16:24:07,565'
2026-03-17 16:24:07,565 - DEBUG - 'ContextProcessor' successfully loaded!| extra=asctime='2026-03-17 16:24:07,565'
2026-03-17 16:24:07,575 - DEBUG - 'SetupSecurity' successfully loaded!| extra=asctime='2026-03-17 16:24:07,575'
2026-03-17 16:24:45,006 - DEBUG - 'RateLimiter' successfully loaded!| extra=asctime='2026-03-17 16:24:45,006'
2026-03-17 16:24:45,006 - DEBUG - 'InputValiator' successfully loaded!| extra=asctime='2026-03-17 16:24:45,006'
2026-03-17 16:24:45,006 - DEBUG - 'CSRFProtection' successfully loaded!| extra=asctime='2026-03-17 16:24:45,006'
2026-03-17 16:24:45,114 - DEBUG - 'OBSecurity' successfully loaded!| extra=asctime='2026-03-17 16:24:45,114'
2026-03-17 16:24:45,115 - DEBUG - 'ErrorPage' successfully loaded!| extra=asctime='2026-03-17 16:24:45,115'
2026-03-17 16:24:45,118 - DEBUG - 'ContextProcessor' successfully loaded!| extra=asctime='2026-03-17 16:24:45,118'
2026-03-17 16:24:45,125 - DEBUG - 'SetupSecurity' successfully loaded!| extra=asctime='2026-03-17 16:24:45,125'
2026-03-17 16:28:33,225 - DEBUG - 'RateLimiter' successfully loaded!| extra=asctime='2026-03-17 16:28:33,225'
2026-03-17 16:28:33,225 - DEBUG - 'InputValiator' successfully loaded!| extra=asctime='2026-03-17 16:28:33,225'
2026-03-17 16:28:33,392 - DEBUG - 'CSRFProtection' successfully loaded!| extra=asctime='2026-03-17 16:28:33,392'
2026-03-17 16:28:33,527 - DEBUG - 'OBSecurity' successfully loaded!| extra=asctime='2026-03-17 16:28:33,527'
2026-03-17 16:28:33,527 - DEBUG - 'ErrorPage' successfully loaded!| extra=asctime='2026-03-17 16:28:33,527'
2026-03-17 16:28:33,527 - DEBUG - 'ContextProcessor' successfully loaded!| extra=asctime='2026-03-17 16:28:33,527'
2026-03-17 16:28:33,538 - DEBUG - 'SetupSecurity' successfully loaded!| extra=asctime='2026-03-17 16:28:33,538'
2026-03-17 16:28:42,022 - DEBUG - 'RateLimiter' successfully loaded!| extra=asctime='2026-03-17 16:28:42,022'
2026-03-17 16:28:42,024 - DEBUG - 'InputValiator' successfully loaded!| extra=asctime='2026-03-17 16:28:42,024'
2026-03-17 16:28:42,025 - DEBUG - 'CSRFProtection' successfully loaded!| extra=asctime='2026-03-17 16:28:42,025'
2026-03-17 16:28:42,061 - DEBUG - 'OBSecurity' successfully loaded!| extra=asctime='2026-03-17 16:28:42,061'
2026-03-17 16:28:42,061 - DEBUG - 'ErrorPage' successfully loaded!| extra=asctime='2026-03-17 16:28:42,061'
2026-03-17 16:28:42,076 - DEBUG - 'ContextProcessor' successfully loaded!| extra=asctime='2026-03-17 16:28:42,076'
2026-03-17 16:28:42,076 - DEBUG - 'SetupSecurity' successfully loaded!| extra=asctime='2026-03-17 16:28:42,076'
2026-03-17 16:29:12,561 - DEBUG - 'RateLimiter' successfully loaded!| extra=asctime='2026-03-17 16:29:12,561'
2026-03-17 16:29:12,561 - DEBUG - 'InputValiator' successfully loaded!| extra=asctime='2026-03-17 16:29:12,561'
2026-03-17 16:29:12,561 - DEBUG - 'CSRFProtection' successfully loaded!| extra=asctime='2026-03-17 16:29:12,561'
2026-03-17 16:29:12,614 - DEBUG - 'OBSecurity' successfully loaded!| extra=asctime='2026-03-17 16:29:12,614'
2026-03-17 16:29:12,646 - DEBUG - 'ErrorPage' successfully loaded!| extra=asctime='2026-03-17 16:29:12,646'
2026-03-17 16:29:12,646 - DEBUG - 'ContextProcessor' successfully loaded!| extra=asctime='2026-03-17 16:29:12,646'
2026-03-17 16:29:12,646 - DEBUG - 'SetupSecurity' successfully loaded!| extra=asctime='2026-03-17 16:29:12,646'
2026-03-17 16:29:22,809 - DEBUG - 'RateLimiter' successfully loaded!| extra=asctime='2026-03-17 16:29:22,809'
2026-03-17 16:29:22,811 - DEBUG - 'InputValiator' successfully loaded!| extra=asctime='2026-03-17 16:29:22,811'
2026-03-17 16:29:22,812 - DEBUG - 'CSRFProtection' successfully loaded!| extra=asctime='2026-03-17 16:29:22,812'
2026-03-17 16:29:22,860 - DEBUG - 'OBSecurity' successfully loaded!| extra=asctime='2026-03-17 16:29:22,860'
2026-03-17 16:29:22,868 - DEBUG - 'ErrorPage' successfully loaded!| extra=asctime='2026-03-17 16:29:22,868'
2026-03-17 16:29:22,870 - DEBUG - 'ContextProcessor' successfully loaded!| extra=asctime='2026-03-17 16:29:22,870'
2026-03-17 16:29:22,870 - DEBUG - 'SetupSecurity' successfully loaded!| extra=asctime='2026-03-17 16:29:22,870'
2026-03-17 16:33:27,122 - DEBUG - 'RateLimiter' successfully loaded!| extra=asctime='2026-03-17 16:33:27,122'
2026-03-17 16:33:27,122 - DEBUG - 'InputValiator' successfully loaded!| extra=asctime='2026-03-17 16:33:27,122'
2026-03-17 16:33:27,122 - DEBUG - 'CSRFProtection' successfully loaded!| extra=asctime='2026-03-17 16:33:27,122'
2026-03-17 16:33:27,175 - DEBUG - 'OBSecurity' successfully loaded!| extra=asctime='2026-03-17 16:33:27,175'
2026-03-17 16:33:27,175 - DEBUG - 'ErrorPage' successfully loaded!| extra=asctime='2026-03-17 16:33:27,175'
2026-03-17 16:33:27,175 - DEBUG - 'ContextProcessor' successfully loaded!| extra=asctime='2026-03-17 16:33:27,175'
2026-03-17 16:33:27,191 - DEBUG - 'SetupSecurity' successfully loaded!| extra=asctime='2026-03-17 16:33:27,191'
2026-03-17 16:33:29,309 - DEBUG - 'RateLimiter' successfully loaded!| extra=asctime='2026-03-17 16:33:29,309'
2026-03-17 16:33:29,309 - DEBUG - 'InputValiator' successfully loaded!| extra=asctime='2026-03-17 16:33:29,309'
2026-03-17 16:33:29,324 - DEBUG - 'CSRFProtection' successfully loaded!| extra=asctime='2026-03-17 16:33:29,324'
2026-03-17 16:33:29,362 - DEBUG - 'OBSecurity' successfully loaded!| extra=asctime='2026-03-17 16:33:29,362'
2026-03-17 16:33:29,362 - DEBUG - 'ErrorPage' successfully loaded!| extra=asctime='2026-03-17 16:33:29,362'
2026-03-17 16:33:29,362 - DEBUG - 'ContextProcessor' successfully loaded!| extra=asctime='2026-03-17 16:33:29,362'
2026-03-17 16:33:29,378 - DEBUG - 'SetupSecurity' successfully loaded!| extra=asctime='2026-03-17 16:33:29,378'
2026-03-17 16:34:22,217 - DEBUG - 'RateLimiter' successfully loaded!| extra=asctime='2026-03-17 16:34:22,217'
2026-03-17 16:34:22,217 - DEBUG - 'InputValiator' successfully loaded!| extra=asctime='2026-03-17 16:34:22,217'
2026-03-17 16:34:22,233 - DEBUG - 'CSRFProtection' successfully loaded!| extra=asctime='2026-03-17 16:34:22,233'
2026-03-17 16:34:22,270 - DEBUG - 'OBSecurity' successfully loaded!| extra=asctime='2026-03-17 16:34:22,270'
2026-03-17 16:34:22,286 - DEBUG - 'ErrorPage' successfully loaded!| extra=asctime='2026-03-17 16:34:22,286'
2026-03-17 16:34:22,286 - DEBUG - 'ContextProcessor' successfully loaded!| extra=asctime='2026-03-17 16:34:22,286'
2026-03-17 16:34:22,286 - DEBUG - 'SetupSecurity' successfully loaded!| extra=asctime='2026-03-17 16:34:22,286'
2026-03-17 16:51:06,174 - DEBUG - 'RateLimiter' successfully loaded!| extra=asctime='2026-03-17 16:51:06,174'
2026-03-17 16:51:06,196 - DEBUG - 'InputValiator' successfully loaded!| extra=asctime='2026-03-17 16:51:06,196'
2026-03-17 16:51:06,196 - DEBUG - 'CSRFProtection' successfully loaded!| extra=asctime='2026-03-17 16:51:06,196'
2026-03-17 16:51:06,364 - DEBUG - 'OBSecurity' successfully loaded!| extra=asctime='2026-03-17 16:51:06,364'
2026-03-17 16:51:06,369 - DEBUG - 'ErrorPage' successfully loaded!| extra=asctime='2026-03-17 16:51:06,369'
2026-03-17 16:51:06,370 - DEBUG - 'ContextProcessor' successfully loaded!| extra=asctime='2026-03-17 16:51:06,370'
2026-03-17 16:51:06,420 - DEBUG - 'SetupSecurity' successfully loaded!| extra=asctime='2026-03-17 16:51:06,420'
2026-03-17 16:51:09,284 - DEBUG - 'RateLimiter' successfully loaded!| extra=asctime='2026-03-17 16:51:09,284'
2026-03-17 16:51:09,284 - DEBUG - 'InputValiator' successfully loaded!| extra=asctime='2026-03-17 16:51:09,284'
2026-03-17 16:51:09,284 - DEBUG - 'CSRFProtection' successfully loaded!| extra=asctime='2026-03-17 16:51:09,284'
2026-03-17 16:51:09,331 - DEBUG - 'OBSecurity' successfully loaded!| extra=asctime='2026-03-17 16:51:09,331'
2026-03-17 16:51:09,331 - DEBUG - 'ErrorPage' successfully loaded!| extra=asctime='2026-03-17 16:51:09,331'
2026-03-17 16:51:09,331 - DEBUG - 'ContextProcessor' successfully loaded!| extra=asctime='2026-03-17 16:51:09,331'
2026-03-17 16:51:09,347 - DEBUG - 'SetupSecurity' successfully loaded!| extra=asctime='2026-03-17 16:51:09,347'
2026-03-17 16:51:37,555 - DEBUG - 'RateLimiter' successfully loaded!| extra=asctime='2026-03-17 16:51:37,555'
2026-03-17 16:51:37,557 - DEBUG - 'InputValiator' successfully loaded!| extra=asctime='2026-03-17 16:51:37,557'
2026-03-17 16:51:37,558 - DEBUG - 'CSRFProtection' successfully loaded!| extra=asctime='2026-03-17 16:51:37,558'
2026-03-17 16:51:37,612 - DEBUG - 'OBSecurity' successfully loaded!| extra=asctime='2026-03-17 16:51:37,612'
2026-03-17 16:51:37,612 - DEBUG - 'ErrorPage' successfully loaded!| extra=asctime='2026-03-17 16:51:37,612'
2026-03-17 16:51:37,612 - DEBUG - 'ContextProcessor' successfully loaded!| extra=asctime='2026-03-17 16:51:37,612'
2026-03-17 16:51:37,612 - DEBUG - 'SetupSecurity' successfully loaded!| extra=asctime='2026-03-17 16:51:37,612'
2026-03-17 16:52:03,266 - DEBUG - 'RateLimiter' successfully loaded!| extra=asctime='2026-03-17 16:52:03,266'
2026-03-17 16:52:03,266 - DEBUG - 'InputValiator' successfully loaded!| extra=asctime='2026-03-17 16:52:03,266'
2026-03-17 16:52:03,266 - DEBUG - 'CSRFProtection' successfully loaded!| extra=asctime='2026-03-17 16:52:03,266'
2026-03-17 16:52:03,303 - DEBUG - 'OBSecurity' successfully loaded!| extra=asctime='2026-03-17 16:52:03,303'
2026-03-17 16:52:03,319 - DEBUG - 'ErrorPage' successfully loaded!| extra=asctime='2026-03-17 16:52:03,319'
2026-03-17 16:52:03,319 - DEBUG - 'ContextProcessor' successfully loaded!| extra=asctime='2026-03-17 16:52:03,319'
2026-03-17 16:52:03,319 - DEBUG - 'SetupSecurity' successfully loaded!| extra=asctime='2026-03-17 16:52:03,319'
2026-03-17 16:52:05,109 - DEBUG - 'RateLimiter' successfully loaded!| extra=asctime='2026-03-17 16:52:05,109'
2026-03-17 16:52:05,109 - DEBUG - 'InputValiator' successfully loaded!| extra=asctime='2026-03-17 16:52:05,109'
2026-03-17 16:52:05,109 - DEBUG - 'CSRFProtection' successfully loaded!| extra=asctime='2026-03-17 16:52:05,109'
2026-03-17 16:52:05,155 - DEBUG - 'OBSecurity' successfully loaded!| extra=asctime='2026-03-17 16:52:05,155'
2026-03-17 16:52:05,155 - DEBUG - 'ErrorPage' successfully loaded!| extra=asctime='2026-03-17 16:52:05,155'
2026-03-17 16:52:05,155 - DEBUG - 'ContextProcessor' successfully loaded!| extra=asctime='2026-03-17 16:52:05,155'
2026-03-17 16:52:05,171 - DEBUG - 'SetupSecurity' successfully loaded!| extra=asctime='2026-03-17 16:52:05,171'
2026-03-17 16:52:40,482 - DEBUG - 'RateLimiter' successfully loaded!| extra=asctime='2026-03-17 16:52:40,482'
2026-03-17 16:52:40,482 - DEBUG - 'InputValiator' successfully loaded!| extra=asctime='2026-03-17 16:52:40,482'
2026-03-17 16:52:40,482 - DEBUG - 'CSRFProtection' successfully loaded!| extra=asctime='2026-03-17 16:52:40,482'
2026-03-17 16:52:40,533 - DEBUG - 'OBSecurity' successfully loaded!| extra=asctime='2026-03-17 16:52:40,533'
2026-03-17 16:52:40,533 - DEBUG - 'ErrorPage' successfully loaded!| extra=asctime='2026-03-17 16:52:40,533'
2026-03-17 16:52:40,543 - DEBUG - 'ContextProcessor' successfully loaded!| extra=asctime='2026-03-17 16:52:40,543'
2026-03-17 16:52:40,551 - DEBUG - 'SetupSecurity' successfully loaded!| extra=asctime='2026-03-17 16:52:40,551'
2026-03-17 16:53:26,560 - DEBUG - 'RateLimiter' successfully loaded!| extra=asctime='2026-03-17 16:53:26,560'
2026-03-17 16:53:26,566 - DEBUG - 'InputValiator' successfully loaded!| extra=asctime='2026-03-17 16:53:26,566'
2026-03-17 16:53:26,566 - DEBUG - 'CSRFProtection' successfully loaded!| extra=asctime='2026-03-17 16:53:26,566'
2026-03-17 16:53:26,598 - DEBUG - 'OBSecurity' successfully loaded!| extra=asctime='2026-03-17 16:53:26,598'
2026-03-17 16:53:26,598 - DEBUG - 'ErrorPage' successfully loaded!| extra=asctime='2026-03-17 16:53:26,598'
2026-03-17 16:53:26,613 - DEBUG - 'ContextProcessor' successfully loaded!| extra=asctime='2026-03-17 16:53:26,613'
2026-03-17 16:53:26,629 - DEBUG - 'SetupSecurity' successfully loaded!| extra=asctime='2026-03-17 16:53:26,629'
2026-03-17 17:09:17,528 - DEBUG - 'RateLimiter' successfully loaded!| extra=asctime='2026-03-17 17:09:17,528'
2026-03-17 17:09:17,528 - DEBUG - 'InputValiator' successfully loaded!| extra=asctime='2026-03-17 17:09:17,528'
2026-03-17 17:09:17,528 - DEBUG - 'CSRFProtection' successfully loaded!| extra=asctime='2026-03-17 17:09:17,528'
2026-03-17 17:09:17,581 - DEBUG - 'OBSecurity' successfully loaded!| extra=asctime='2026-03-17 17:09:17,581'
2026-03-17 17:09:17,581 - DEBUG - 'ErrorPage' successfully loaded!| extra=asctime='2026-03-17 17:09:17,581'
2026-03-17 17:09:17,581 - DEBUG - 'ContextProcessor' successfully loaded!| extra=asctime='2026-03-17 17:09:17,581'
2026-03-17 17:09:17,597 - DEBUG - 'SetupSecurity' successfully loaded!| extra=asctime='2026-03-17 17:09:17,597'
2026-03-17 17:09:19,669 - DEBUG - 'RateLimiter' successfully loaded!| extra=asctime='2026-03-17 17:09:19,669'
2026-03-17 17:09:19,669 - DEBUG - 'InputValiator' successfully loaded!| extra=asctime='2026-03-17 17:09:19,669'
2026-03-17 17:09:19,669 - DEBUG - 'CSRFProtection' successfully loaded!| extra=asctime='2026-03-17 17:09:19,669'
2026-03-17 17:09:19,716 - DEBUG - 'OBSecurity' successfully loaded!| extra=asctime='2026-03-17 17:09:19,716'
2026-03-17 17:09:19,716 - DEBUG - 'ErrorPage' successfully loaded!| extra=asctime='2026-03-17 17:09:19,716'
2026-03-17 17:09:19,716 - DEBUG - 'ContextProcessor' successfully loaded!| extra=asctime='2026-03-17 17:09:19,716'
2026-03-17 17:09:19,716 - DEBUG - 'SetupSecurity' successfully loaded!| extra=asctime='2026-03-17 17:09:19,716'
2026-03-17 17:09:40,790 - DEBUG - 'RateLimiter' successfully loaded!| extra=asctime='2026-03-17 17:09:40,790'
2026-03-17 17:09:40,790 - DEBUG - 'InputValiator' successfully loaded!| extra=asctime='2026-03-17 17:09:40,790'
2026-03-17 17:09:40,790 - DEBUG - 'CSRFProtection' successfully loaded!| extra=asctime='2026-03-17 17:09:40,790'
2026-03-17 17:09:40,922 - DEBUG - 'OBSecurity' successfully loaded!| extra=asctime='2026-03-17 17:09:40,922'
2026-03-17 17:09:40,922 - DEBUG - 'ErrorPage' successfully loaded!| extra=asctime='2026-03-17 17:09:40,922'
2026-03-17 17:09:40,922 - DEBUG - 'ContextProcessor' successfully loaded!| extra=asctime='2026-03-17 17:09:40,922'
2026-03-17 17:09:40,922 - DEBUG - 'SetupSecurity' successfully loaded!| extra=asctime='2026-03-17 17:09:40,922'
2026-03-17 17:10:05,440 - DEBUG - 'RateLimiter' successfully loaded!| extra=asctime='2026-03-17 17:10:05,440'
2026-03-17 17:10:05,440 - DEBUG - 'InputValiator' successfully loaded!| extra=asctime='2026-03-17 17:10:05,440'
2026-03-17 17:10:05,440 - DEBUG - 'CSRFProtection' successfully loaded!| extra=asctime='2026-03-17 17:10:05,440'
2026-03-17 17:10:05,613 - DEBUG - 'OBSecurity' successfully loaded!| extra=asctime='2026-03-17 17:10:05,613'
2026-03-17 17:10:05,625 - DEBUG - 'ErrorPage' successfully loaded!| extra=asctime='2026-03-17 17:10:05,625'
2026-03-17 17:10:05,625 - DEBUG - 'ContextProcessor' successfully loaded!| extra=asctime='2026-03-17 17:10:05,625'
2026-03-17 17:10:05,645 - DEBUG - 'SetupSecurity' successfully loaded!| extra=asctime='2026-03-17 17:10:05,645'
2026-03-17 17:10:37,772 - DEBUG - 'RateLimiter' successfully loaded!| extra=asctime='2026-03-17 17:10:37,772'
2026-03-17 17:10:37,772 - DEBUG - 'InputValiator' successfully loaded!| extra=asctime='2026-03-17 17:10:37,772'
2026-03-17 17:10:37,772 - DEBUG - 'CSRFProtection' successfully loaded!| extra=asctime='2026-03-17 17:10:37,772'
2026-03-17 17:10:37,810 - DEBUG - 'OBSecurity' successfully loaded!| extra=asctime='2026-03-17 17:10:37,810'
2026-03-17 17:10:37,810 - DEBUG - 'ErrorPage' successfully loaded!| extra=asctime='2026-03-17 17:10:37,810'
2026-03-17 17:10:37,810 - DEBUG - 'ContextProcessor' successfully loaded!| extra=asctime='2026-03-17 17:10:37,810'
2026-03-17 17:10:37,841 - DEBUG - 'SetupSecurity' successfully loaded!| extra=asctime='2026-03-17 17:10:37,841'
2026-03-17 17:11:25,396 - DEBUG - 'RateLimiter' successfully loaded!| extra=asctime='2026-03-17 17:11:25,396'
2026-03-17 17:11:25,396 - DEBUG - 'InputValiator' successfully loaded!| extra=asctime='2026-03-17 17:11:25,396'
2026-03-17 17:11:25,396 - DEBUG - 'CSRFProtection' successfully loaded!| extra=asctime='2026-03-17 17:11:25,396'
2026-03-17 17:11:25,427 - DEBUG - 'OBSecurity' successfully loaded!| extra=asctime='2026-03-17 17:11:25,427'
2026-03-17 17:11:25,427 - DEBUG - 'ErrorPage' successfully loaded!| extra=asctime='2026-03-17 17:11:25,427'
2026-03-17 17:11:25,427 - DEBUG - 'ContextProcessor' successfully loaded!| extra=asctime='2026-03-17 17:11:25,427'
2026-03-17 17:11:25,543 - DEBUG - 'SetupSecurity' successfully loaded!| extra=asctime='2026-03-17 17:11:25,543'
2026-03-17 17:11:49,317 - DEBUG - 'RateLimiter' successfully loaded!| extra=asctime='2026-03-17 17:11:49,317'
2026-03-17 17:11:49,318 - DEBUG - 'InputValiator' successfully loaded!| extra=asctime='2026-03-17 17:11:49,318'
2026-03-17 17:11:49,319 - DEBUG - 'CSRFProtection' successfully loaded!| extra=asctime='2026-03-17 17:11:49,319'
2026-03-17 17:11:49,353 - DEBUG - 'OBSecurity' successfully loaded!| extra=asctime='2026-03-17 17:11:49,353'
2026-03-17 17:11:49,353 - DEBUG - 'ErrorPage' successfully loaded!| extra=asctime='2026-03-17 17:11:49,353'
2026-03-17 17:11:49,353 - DEBUG - 'ContextProcessor' successfully loaded!| extra=asctime='2026-03-17 17:11:49,353'
2026-03-17 17:11:49,353 - DEBUG - 'SetupSecurity' successfully loaded!| extra=asctime='2026-03-17 17:11:49,353'
2026-03-17 17:11:57,480 - DEBUG - 'RateLimiter' successfully loaded!| extra=asctime='2026-03-17 17:11:57,480'
2026-03-17 17:11:57,480 - DEBUG - 'InputValiator' successfully loaded!| extra=asctime='2026-03-17 17:11:57,480'
2026-03-17 17:11:57,480 - DEBUG - 'CSRFProtection' successfully loaded!| extra=asctime='2026-03-17 17:11:57,480'
2026-03-17 17:11:57,612 - DEBUG - 'OBSecurity' successfully loaded!| extra=asctime='2026-03-17 17:11:57,612'
2026-03-17 17:11:57,612 - DEBUG - 'ErrorPage' successfully loaded!| extra=asctime='2026-03-17 17:11:57,612'
2026-03-17 17:11:57,612 - DEBUG - 'ContextProcessor' successfully loaded!| extra=asctime='2026-03-17 17:11:57,612'
2026-03-17 17:11:57,612 - DEBUG - 'SetupSecurity' successfully loaded!| extra=asctime='2026-03-17 17:11:57,612'
2026-03-17 17:13:57,954 - DEBUG - 'RateLimiter' successfully loaded!| extra=asctime='2026-03-17 17:13:57,954'
2026-03-17 17:13:57,954 - DEBUG - 'InputValiator' successfully loaded!| extra=asctime='2026-03-17 17:13:57,954'
2026-03-17 17:13:57,954 - DEBUG - 'CSRFProtection' successfully loaded!| extra=asctime='2026-03-17 17:13:57,954'
2026-03-17 17:13:57,986 - DEBUG - 'OBSecurity' successfully loaded!| extra=asctime='2026-03-17 17:13:57,986'
2026-03-17 17:13:57,986 - DEBUG - 'ErrorPage' successfully loaded!| extra=asctime='2026-03-17 17:13:57,986'
2026-03-17 17:13:58,001 - DEBUG - 'ContextProcessor' successfully loaded!| extra=asctime='2026-03-17 17:13:58,001'
2026-03-17 17:13:58,001 - DEBUG - 'SetupSecurity' successfully loaded!| extra=asctime='2026-03-17 17:13:58,001'
2026-03-17 17:14:30,065 - DEBUG - 'RateLimiter' successfully loaded!| extra=asctime='2026-03-17 17:14:30,065'
2026-03-17 17:14:30,073 - DEBUG - 'InputValiator' successfully loaded!| extra=asctime='2026-03-17 17:14:30,073'
2026-03-17 17:14:30,081 - DEBUG - 'CSRFProtection' successfully loaded!| extra=asctime='2026-03-17 17:14:30,081'
2026-03-17 17:14:30,212 - DEBUG - 'OBSecurity' successfully loaded!| extra=asctime='2026-03-17 17:14:30,212'
2026-03-17 17:14:30,213 - DEBUG - 'ErrorPage' successfully loaded!| extra=asctime='2026-03-17 17:14:30,213'
2026-03-17 17:14:30,214 - DEBUG - 'ContextProcessor' successfully loaded!| extra=asctime='2026-03-17 17:14:30,214'
2026-03-17 17:14:30,695 - DEBUG - 'SetupSecurity' successfully loaded!| extra=asctime='2026-03-17 17:14:30,695'
2026-03-17 17:14:42,797 - DEBUG - 'RateLimiter' successfully loaded!| extra=asctime='2026-03-17 17:14:42,797'
2026-03-17 17:14:42,798 - DEBUG - 'InputValiator' successfully loaded!| extra=asctime='2026-03-17 17:14:42,798'
2026-03-17 17:14:42,799 - DEBUG - 'CSRFProtection' successfully loaded!| extra=asctime='2026-03-17 17:14:42,799'
2026-03-17 17:14:42,867 - DEBUG - 'OBSecurity' successfully loaded!| extra=asctime='2026-03-17 17:14:42,867'
2026-03-17 17:14:42,868 - DEBUG - 'ErrorPage' successfully loaded!| extra=asctime='2026-03-17 17:14:42,868'
2026-03-17 17:14:42,869 - DEBUG - 'ContextProcessor' successfully loaded!| extra=asctime='2026-03-17 17:14:42,869'
2026-03-17 17:14:42,878 - DEBUG - 'SetupSecurity' successfully loaded!| extra=asctime='2026-03-17 17:14:42,878'
2026-03-17 17:15:05,719 - DEBUG - 'RateLimiter' successfully loaded!| extra=asctime='2026-03-17 17:15:05,719'
2026-03-17 17:15:05,720 - DEBUG - 'InputValiator' successfully loaded!| extra=asctime='2026-03-17 17:15:05,720'
2026-03-17 17:15:05,721 - DEBUG - 'CSRFProtection' successfully loaded!| extra=asctime='2026-03-17 17:15:05,721'
2026-03-17 17:15:05,815 - DEBUG - 'OBSecurity' successfully loaded!| extra=asctime='2026-03-17 17:15:05,815'
2026-03-17 17:15:05,815 - DEBUG - 'ErrorPage' successfully loaded!| extra=asctime='2026-03-17 17:15:05,815'
2026-03-17 17:15:05,815 - DEBUG - 'ContextProcessor' successfully loaded!| extra=asctime='2026-03-17 17:15:05,815'
2026-03-17 17:15:05,835 - DEBUG - 'SetupSecurity' successfully loaded!| extra=asctime='2026-03-17 17:15:05,835'
2026-03-17 17:15:24,716 - DEBUG - 'RateLimiter' successfully loaded!| extra=asctime='2026-03-17 17:15:24,716'
2026-03-17 17:15:24,717 - DEBUG - 'InputValiator' successfully loaded!| extra=asctime='2026-03-17 17:15:24,717'
2026-03-17 17:15:24,718 - DEBUG - 'CSRFProtection' successfully loaded!| extra=asctime='2026-03-17 17:15:24,718'
2026-03-17 17:15:24,757 - DEBUG - 'OBSecurity' successfully loaded!| extra=asctime='2026-03-17 17:15:24,757'
2026-03-17 17:15:24,757 - DEBUG - 'ErrorPage' successfully loaded!| extra=asctime='2026-03-17 17:15:24,757'
2026-03-17 17:15:24,757 - DEBUG - 'ContextProcessor' successfully loaded!| extra=asctime='2026-03-17 17:15:24,757'
2026-03-17 17:15:24,757 - DEBUG - 'SetupSecurity' successfully loaded!| extra=asctime='2026-03-17 17:15:24,757'
2026-03-17 17:15:43,007 - DEBUG - 'RateLimiter' successfully loaded!| extra=asctime='2026-03-17 17:15:43,007'
2026-03-17 17:15:43,056 - DEBUG - 'InputValiator' successfully loaded!| extra=asctime='2026-03-17 17:15:43,056'
2026-03-17 17:15:43,079 - DEBUG - 'CSRFProtection' successfully loaded!| extra=asctime='2026-03-17 17:15:43,079'
2026-03-17 17:15:43,210 - DEBUG - 'OBSecurity' successfully loaded!| extra=asctime='2026-03-17 17:15:43,210'
2026-03-17 17:15:43,210 - DEBUG - 'ErrorPage' successfully loaded!| extra=asctime='2026-03-17 17:15:43,210'
2026-03-17 17:15:43,210 - DEBUG - 'ContextProcessor' successfully loaded!| extra=asctime='2026-03-17 17:15:43,210'
2026-03-17 17:15:43,220 - DEBUG - 'SetupSecurity' successfully loaded!| extra=asctime='2026-03-17 17:15:43,220'
2026-03-17 17:16:21,116 - DEBUG - 'RateLimiter' successfully loaded!| extra=asctime='2026-03-17 17:16:21,116'
2026-03-17 17:16:21,117 - DEBUG - 'InputValiator' successfully loaded!| extra=asctime='2026-03-17 17:16:21,117'
2026-03-17 17:16:21,118 - DEBUG - 'CSRFProtection' successfully loaded!| extra=asctime='2026-03-17 17:16:21,118'
2026-03-17 17:16:21,160 - DEBUG - 'OBSecurity' successfully loaded!| extra=asctime='2026-03-17 17:16:21,160'
2026-03-17 17:16:21,160 - DEBUG - 'ErrorPage' successfully loaded!| extra=asctime='2026-03-17 17:16:21,160'
2026-03-17 17:16:21,162 - DEBUG - 'ContextProcessor' successfully loaded!| extra=asctime='2026-03-17 17:16:21,162'
2026-03-17 17:16:21,162 - DEBUG - 'SetupSecurity' successfully loaded!| extra=asctime='2026-03-17 17:16:21,162'
2026-03-17 17:16:35,156 - DEBUG - 'RateLimiter' successfully loaded!| extra=asctime='2026-03-17 17:16:35,156'
2026-03-17 17:16:35,156 - DEBUG - 'InputValiator' successfully loaded!| extra=asctime='2026-03-17 17:16:35,156'
2026-03-17 17:16:35,156 - DEBUG - 'CSRFProtection' successfully loaded!| extra=asctime='2026-03-17 17:16:35,156'
2026-03-17 17:16:35,247 - DEBUG - 'OBSecurity' successfully loaded!| extra=asctime='2026-03-17 17:16:35,247'
2026-03-17 17:16:35,247 - DEBUG - 'ErrorPage' successfully loaded!| extra=asctime='2026-03-17 17:16:35,247'
2026-03-17 17:16:35,255 - DEBUG - 'ContextProcessor' successfully loaded!| extra=asctime='2026-03-17 17:16:35,255'
2026-03-17 17:16:35,267 - DEBUG - 'SetupSecurity' successfully loaded!| extra=asctime='2026-03-17 17:16:35,267'
2026-03-17 17:16:58,808 - DEBUG - 'RateLimiter' successfully loaded!| extra=asctime='2026-03-17 17:16:58,808'
2026-03-17 17:16:58,808 - DEBUG - 'InputValiator' successfully loaded!| extra=asctime='2026-03-17 17:16:58,808'
2026-03-17 17:16:58,808 - DEBUG - 'CSRFProtection' successfully loaded!| extra=asctime='2026-03-17 17:16:58,808'
2026-03-17 17:16:58,871 - DEBUG - 'OBSecurity' successfully loaded!| extra=asctime='2026-03-17 17:16:58,871'
2026-03-17 17:16:58,871 - DEBUG - 'ErrorPage' successfully loaded!| extra=asctime='2026-03-17 17:16:58,871'
2026-03-17 17:16:58,871 - DEBUG - 'ContextProcessor' successfully loaded!| extra=asctime='2026-03-17 17:16:58,871'
2026-03-17 17:16:58,886 - DEBUG - 'SetupSecurity' successfully loaded!| extra=asctime='2026-03-17 17:16:58,886'
2026-03-17 17:19:14,250 - DEBUG - 'RateLimiter' successfully loaded!| extra=asctime='2026-03-17 17:19:14,250'
2026-03-17 17:19:14,250 - DEBUG - 'InputValiator' successfully loaded!| extra=asctime='2026-03-17 17:19:14,250'
2026-03-17 17:19:14,250 - DEBUG - 'CSRFProtection' successfully loaded!| extra=asctime='2026-03-17 17:19:14,250'
2026-03-17 17:19:14,366 - DEBUG - 'OBSecurity' successfully loaded!| extra=asctime='2026-03-17 17:19:14,366'
2026-03-17 17:19:14,366 - DEBUG - 'ErrorPage' successfully loaded!| extra=asctime='2026-03-17 17:19:14,366'
2026-03-17 17:19:14,366 - DEBUG - 'ContextProcessor' successfully loaded!| extra=asctime='2026-03-17 17:19:14,366'
2026-03-17 17:19:14,388 - DEBUG - 'SetupSecurity' successfully loaded!| extra=asctime='2026-03-17 17:19:14,388'
2026-03-17 17:20:20,241 - DEBUG - 'RateLimiter' successfully loaded!| extra=asctime='2026-03-17 17:20:20,241'
2026-03-17 17:20:20,620 - DEBUG - 'InputValiator' successfully loaded!| extra=asctime='2026-03-17 17:20:20,620'
2026-03-17 17:20:21,164 - DEBUG - 'CSRFProtection' successfully loaded!| extra=asctime='2026-03-17 17:20:21,164'
2026-03-17 17:20:24,722 - DEBUG - 'OBSecurity' successfully loaded!| extra=asctime='2026-03-17 17:20:24,722'
2026-03-17 17:20:25,386 - DEBUG - 'ErrorPage' successfully loaded!| extra=asctime='2026-03-17 17:20:25,386'
2026-03-17 17:20:25,745 - DEBUG - 'ContextProcessor' successfully loaded!| extra=asctime='2026-03-17 17:20:25,745'
2026-03-17 17:20:27,081 - DEBUG - 'SetupSecurity' successfully loaded!| extra=asctime='2026-03-17 17:20:27,081'
2026-03-17 17:21:08,238 - DEBUG - 'RateLimiter' successfully loaded!| extra=asctime='2026-03-17 17:21:08,238'
2026-03-17 17:21:08,239 - DEBUG - 'InputValiator' successfully loaded!| extra=asctime='2026-03-17 17:21:08,239'
2026-03-17 17:21:08,239 - DEBUG - 'CSRFProtection' successfully loaded!| extra=asctime='2026-03-17 17:21:08,239'
2026-03-17 17:21:08,321 - DEBUG - 'OBSecurity' successfully loaded!| extra=asctime='2026-03-17 17:21:08,321'
2026-03-17 17:21:08,324 - DEBUG - 'ErrorPage' successfully loaded!| extra=asctime='2026-03-17 17:21:08,324'
2026-03-17 17:21:08,325 - DEBUG - 'ContextProcessor' successfully loaded!| extra=asctime='2026-03-17 17:21:08,325'
2026-03-17 17:21:08,342 - DEBUG - 'SetupSecurity' successfully loaded!| extra=asctime='2026-03-17 17:21:08,342'
2026-03-17 17:21:17,935 - DEBUG - 'RateLimiter' successfully loaded!| extra=asctime='2026-03-17 17:21:17,935'
2026-03-17 17:21:17,935 - DEBUG - 'InputValiator' successfully loaded!| extra=asctime='2026-03-17 17:21:17,935'
2026-03-17 17:21:17,935 - DEBUG - 'CSRFProtection' successfully loaded!| extra=asctime='2026-03-17 17:21:17,935'
2026-03-17 17:21:18,020 - DEBUG - 'OBSecurity' successfully loaded!| extra=asctime='2026-03-17 17:21:18,020'
2026-03-17 17:21:18,020 - DEBUG - 'ErrorPage' successfully loaded!| extra=asctime='2026-03-17 17:21:18,020'
2026-03-17 17:21:18,020 - DEBUG - 'ContextProcessor' successfully loaded!| extra=asctime='2026-03-17 17:21:18,020'
2026-03-17 17:21:18,035 - DEBUG - 'SetupSecurity' successfully loaded!| extra=asctime='2026-03-17 17:21:18,035'
2026-03-17 17:21:53,911 - DEBUG - 'RateLimiter' successfully loaded!| extra=asctime='2026-03-17 17:21:53,911'
2026-03-17 17:21:53,911 - DEBUG - 'InputValiator' successfully loaded!| extra=asctime='2026-03-17 17:21:53,911'
2026-03-17 17:21:53,911 - DEBUG - 'CSRFProtection' successfully loaded!| extra=asctime='2026-03-17 17:21:53,911'
2026-03-17 17:21:54,011 - DEBUG - 'OBSecurity' successfully loaded!| extra=asctime='2026-03-17 17:21:54,011'
2026-03-17 17:21:54,011 - DEBUG - 'ErrorPage' successfully loaded!| extra=asctime='2026-03-17 17:21:54,011'
2026-03-17 17:21:54,027 - DEBUG - 'ContextProcessor' successfully loaded!| extra=asctime='2026-03-17 17:21:54,027'
2026-03-17 17:21:54,027 - DEBUG - 'SetupSecurity' successfully loaded!| extra=asctime='2026-03-17 17:21:54,027'
2026-03-17 17:22:46,031 - DEBUG - 'RateLimiter' successfully loaded!| extra=asctime='2026-03-17 17:22:46,031'
2026-03-17 17:22:46,031 - DEBUG - 'InputValiator' successfully loaded!| extra=asctime='2026-03-17 17:22:46,031'
2026-03-17 17:22:46,031 - DEBUG - 'CSRFProtection' successfully loaded!| extra=asctime='2026-03-17 17:22:46,031'
2026-03-17 17:22:46,116 - DEBUG - 'OBSecurity' successfully loaded!| extra=asctime='2026-03-17 17:22:46,116'
2026-03-17 17:22:46,116 - DEBUG - 'ErrorPage' successfully loaded!| extra=asctime='2026-03-17 17:22:46,116'
2026-03-17 17:22:46,147 - DEBUG - 'ContextProcessor' successfully loaded!| extra=asctime='2026-03-17 17:22:46,147'
2026-03-17 17:22:46,156 - DEBUG - 'SetupSecurity' successfully loaded!| extra=asctime='2026-03-17 17:22:46,156'
2026-03-17 17:22:49,156 - DEBUG - 'RateLimiter' successfully loaded!| extra=asctime='2026-03-17 17:22:49,156'
2026-03-17 17:22:49,156 - DEBUG - 'InputValiator' successfully loaded!| extra=asctime='2026-03-17 17:22:49,156'
2026-03-17 17:22:49,156 - DEBUG - 'CSRFProtection' successfully loaded!| extra=asctime='2026-03-17 17:22:49,156'
2026-03-17 17:22:49,257 - DEBUG - 'OBSecurity' successfully loaded!| extra=asctime='2026-03-17 17:22:49,257'
2026-03-17 17:22:49,257 - DEBUG - 'ErrorPage' successfully loaded!| extra=asctime='2026-03-17 17:22:49,257'
2026-03-17 17:22:49,257 - DEBUG - 'ContextProcessor' successfully loaded!| extra=asctime='2026-03-17 17:22:49,257'
2026-03-17 17:22:49,272 - DEBUG - 'SetupSecurity' successfully loaded!| extra=asctime='2026-03-17 17:22:49,272'
2026-03-17 17:23:22,864 - DEBUG - 'RateLimiter' successfully loaded!| extra=asctime='2026-03-17 17:23:22,864'
2026-03-17 17:23:22,864 - DEBUG - 'InputValiator' successfully loaded!| extra=asctime='2026-03-17 17:23:22,864'
2026-03-17 17:23:22,864 - DEBUG - 'CSRFProtection' successfully loaded!| extra=asctime='2026-03-17 17:23:22,864'
2026-03-17 17:23:22,949 - DEBUG - 'OBSecurity' successfully loaded!| extra=asctime='2026-03-17 17:23:22,949'
2026-03-17 17:23:22,949 - DEBUG - 'ErrorPage' successfully loaded!| extra=asctime='2026-03-17 17:23:22,949'
2026-03-17 17:23:22,949 - DEBUG - 'ContextProcessor' successfully loaded!| extra=asctime='2026-03-17 17:23:22,949'
2026-03-17 17:23:22,949 - DEBUG - 'SetupSecurity' successfully loaded!| extra=asctime='2026-03-17 17:23:22,949'
2026-03-17 17:24:11,640 - DEBUG - 'RateLimiter' successfully loaded!| extra=asctime='2026-03-17 17:24:11,640'
2026-03-17 17:24:11,640 - DEBUG - 'InputValiator' successfully loaded!| extra=asctime='2026-03-17 17:24:11,640'
2026-03-17 17:24:11,640 - DEBUG - 'CSRFProtection' successfully loaded!| extra=asctime='2026-03-17 17:24:11,640'
2026-03-17 17:24:11,693 - DEBUG - 'OBSecurity' successfully loaded!| extra=asctime='2026-03-17 17:24:11,693'
2026-03-17 17:24:11,693 - DEBUG - 'ErrorPage' successfully loaded!| extra=asctime='2026-03-17 17:24:11,693'
2026-03-17 17:24:11,693 - DEBUG - 'ContextProcessor' successfully loaded!| extra=asctime='2026-03-17 17:24:11,693'
2026-03-17 17:24:11,693 - DEBUG - 'SetupSecurity' successfully loaded!| extra=asctime='2026-03-17 17:24:11,693'
2026-03-17 17:25:06,302 - DEBUG - 'RateLimiter' successfully loaded!| extra=asctime='2026-03-17 17:25:06,302'
2026-03-17 17:25:06,312 - DEBUG - 'InputValiator' successfully loaded!| extra=asctime='2026-03-17 17:25:06,312'
2026-03-17 17:25:06,313 - DEBUG - 'CSRFProtection' successfully loaded!| extra=asctime='2026-03-17 17:25:06,313'
2026-03-17 17:25:06,539 - DEBUG - 'OBSecurity' successfully loaded!| extra=asctime='2026-03-17 17:25:06,539'
2026-03-17 17:25:06,547 - DEBUG - 'ErrorPage' successfully loaded!| extra=asctime='2026-03-17 17:25:06,547'
2026-03-17 17:25:06,547 - DEBUG - 'ContextProcessor' successfully loaded!| extra=asctime='2026-03-17 17:25:06,547'
2026-03-17 17:25:06,549 - DEBUG - 'SetupSecurity' successfully loaded!| extra=asctime='2026-03-17 17:25:06,549'
2026-03-17 17:25:57,806 - DEBUG - 'RateLimiter' successfully loaded!| extra=asctime='2026-03-17 17:25:57,806'
2026-03-17 17:25:57,806 - DEBUG - 'InputValiator' successfully loaded!| extra=asctime='2026-03-17 17:25:57,806'
2026-03-17 17:25:57,806 - DEBUG - 'CSRFProtection' successfully loaded!| extra=asctime='2026-03-17 17:25:57,806'
2026-03-17 17:25:57,906 - DEBUG - 'OBSecurity' successfully loaded!| extra=asctime='2026-03-17 17:25:57,906'
2026-03-17 17:25:57,906 - DEBUG - 'ErrorPage' successfully loaded!| extra=asctime='2026-03-17 17:25:57,906'
2026-03-17 17:25:57,906 - DEBUG - 'ContextProcessor' successfully loaded!| extra=asctime='2026-03-17 17:25:57,906'
2026-03-17 17:25:57,908 - DEBUG - 'SetupSecurity' successfully loaded!| extra=asctime='2026-03-17 17:25:57,908'
