2026-03-28 09:38:09,530 - DEBUG - 'RateLimiter' successfully loaded!| extra=asctime='2026-03-28 09:38:09,530'
2026-03-28 09:38:09,530 - DEBUG - 'InputValiator' successfully loaded!| extra=asctime='2026-03-28 09:38:09,530'
2026-03-28 09:38:09,530 - DEBUG - 'CSRFProtection' successfully loaded!| extra=asctime='2026-03-28 09:38:09,530'
2026-03-28 09:38:09,569 - DEBUG - 'OBSecurity' successfully loaded!| extra=asctime='2026-03-28 09:38:09,569'
2026-03-28 09:38:09,570 - DEBUG - 'ErrorPage' successfully loaded!| extra=asctime='2026-03-28 09:38:09,570'
2026-03-28 09:38:09,571 - DEBUG - 'ContextProcessor' successfully loaded!| extra=asctime='2026-03-28 09:38:09,571'
2026-03-28 09:38:09,574 - DEBUG - 'SetupSecurity' successfully loaded!| extra=asctime='2026-03-28 09:38:09,574'
2026-03-28 09:38:13,419 - DEBUG - 'RateLimiter' successfully loaded!| extra=asctime='2026-03-28 09:38:13,419'
2026-03-28 09:38:13,419 - DEBUG - 'InputValiator' successfully loaded!| extra=asctime='2026-03-28 09:38:13,419'
2026-03-28 09:38:13,420 - DEBUG - 'CSRFProtection' successfully loaded!| extra=asctime='2026-03-28 09:38:13,420'
2026-03-28 09:38:13,455 - DEBUG - 'OBSecurity' successfully loaded!| extra=asctime='2026-03-28 09:38:13,455'
2026-03-28 09:38:13,455 - DEBUG - 'ErrorPage' successfully loaded!| extra=asctime='2026-03-28 09:38:13,455'
2026-03-28 09:38:13,456 - DEBUG - 'ContextProcessor' successfully loaded!| extra=asctime='2026-03-28 09:38:13,456'
2026-03-28 09:38:13,458 - DEBUG - 'SetupSecurity' successfully loaded!| extra=asctime='2026-03-28 09:38:13,458'
2026-03-28 10:25:52,253 - DEBUG - 'RateLimiter' successfully loaded!| extra=asctime='2026-03-28 10:25:52,253'
2026-03-28 10:25:52,253 - DEBUG - 'InputValiator' successfully loaded!| extra=asctime='2026-03-28 10:25:52,253'
2026-03-28 10:25:52,253 - DEBUG - 'CSRFProtection' successfully loaded!| extra=asctime='2026-03-28 10:25:52,253'
2026-03-28 10:25:52,671 - DEBUG - 'OBSecurity' successfully loaded!| extra=asctime='2026-03-28 10:25:52,671'
2026-03-28 10:25:52,671 - DEBUG - 'ErrorPage' successfully loaded!| extra=asctime='2026-03-28 10:25:52,671'
2026-03-28 10:25:52,671 - DEBUG - 'ContextProcessor' successfully loaded!| extra=asctime='2026-03-28 10:25:52,671'
2026-03-28 10:25:52,689 - DEBUG - 'SetupSecurity' successfully loaded!| extra=asctime='2026-03-28 10:25:52,689'
2026-03-28 11:02:06,213 - DEBUG - 'RateLimiter' successfully loaded!| extra=asctime='2026-03-28 11:02:06,213'
2026-03-28 11:02:06,213 - DEBUG - 'InputValiator' successfully loaded!| extra=asctime='2026-03-28 11:02:06,213'
2026-03-28 11:02:06,213 - DEBUG - 'CSRFProtection' successfully loaded!| extra=asctime='2026-03-28 11:02:06,213'
2026-03-28 11:02:06,486 - DEBUG - 'OBSecurity' successfully loaded!| extra=asctime='2026-03-28 11:02:06,486'
2026-03-28 11:02:06,486 - DEBUG - 'ErrorPage' successfully loaded!| extra=asctime='2026-03-28 11:02:06,486'
2026-03-28 11:02:06,488 - DEBUG - 'ContextProcessor' successfully loaded!| extra=asctime='2026-03-28 11:02:06,488'
2026-03-28 11:02:06,498 - DEBUG - 'SetupSecurity' successfully loaded!| extra=asctime='2026-03-28 11:02:06,498'
2026-03-28 11:02:43,379 - DEBUG - 'RateLimiter' successfully loaded!| extra=asctime='2026-03-28 11:02:43,379'
2026-03-28 11:02:43,379 - DEBUG - 'InputValiator' successfully loaded!| extra=asctime='2026-03-28 11:02:43,379'
2026-03-28 11:02:43,379 - DEBUG - 'CSRFProtection' successfully loaded!| extra=asctime='2026-03-28 11:02:43,379'
2026-03-28 11:02:43,448 - DEBUG - 'OBSecurity' successfully loaded!| extra=asctime='2026-03-28 11:02:43,448'
2026-03-28 11:02:43,448 - DEBUG - 'ErrorPage' successfully loaded!| extra=asctime='2026-03-28 11:02:43,448'
2026-03-28 11:02:43,448 - DEBUG - 'ContextProcessor' successfully loaded!| extra=asctime='2026-03-28 11:02:43,448'
2026-03-28 11:02:43,448 - DEBUG - 'SetupSecurity' successfully loaded!| extra=asctime='2026-03-28 11:02:43,448'
2026-03-28 11:33:04,951 - DEBUG - 'RateLimiter' successfully loaded!| extra=asctime='2026-03-28 11:33:04,951'
2026-03-28 11:33:04,951 - DEBUG - 'InputValiator' successfully loaded!| extra=asctime='2026-03-28 11:33:04,951'
2026-03-28 11:33:04,951 - DEBUG - 'CSRFProtection' successfully loaded!| extra=asctime='2026-03-28 11:33:04,951'
2026-03-28 11:33:05,123 - DEBUG - 'OBSecurity' successfully loaded!| extra=asctime='2026-03-28 11:33:05,123'
2026-03-28 11:33:05,123 - DEBUG - 'ErrorPage' successfully loaded!| extra=asctime='2026-03-28 11:33:05,123'
2026-03-28 11:33:05,123 - DEBUG - 'ContextProcessor' successfully loaded!| extra=asctime='2026-03-28 11:33:05,123'
2026-03-28 11:33:05,123 - DEBUG - 'SetupSecurity' successfully loaded!| extra=asctime='2026-03-28 11:33:05,123'
2026-03-28 11:48:21,333 - DEBUG - 'RateLimiter' successfully loaded!| extra=asctime='2026-03-28 11:48:21,333'
2026-03-28 11:48:21,333 - DEBUG - 'InputValiator' successfully loaded!| extra=asctime='2026-03-28 11:48:21,333'
2026-03-28 11:48:21,333 - DEBUG - 'CSRFProtection' successfully loaded!| extra=asctime='2026-03-28 11:48:21,333'
2026-03-28 11:48:21,386 - DEBUG - 'OBSecurity' successfully loaded!| extra=asctime='2026-03-28 11:48:21,386'
2026-03-28 11:48:21,386 - DEBUG - 'ErrorPage' successfully loaded!| extra=asctime='2026-03-28 11:48:21,386'
2026-03-28 11:48:21,386 - DEBUG - 'ContextProcessor' successfully loaded!| extra=asctime='2026-03-28 11:48:21,386'
2026-03-28 11:48:21,386 - DEBUG - 'SetupSecurity' successfully loaded!| extra=asctime='2026-03-28 11:48:21,386'
2026-03-28 12:25:31,975 - DEBUG - 'RateLimiter' successfully loaded!| extra=asctime='2026-03-28 12:25:31,975'
2026-03-28 12:25:31,975 - DEBUG - 'InputValiator' successfully loaded!| extra=asctime='2026-03-28 12:25:31,975'
2026-03-28 12:25:31,975 - DEBUG - 'CSRFProtection' successfully loaded!| extra=asctime='2026-03-28 12:25:31,975'
2026-03-28 12:25:32,013 - DEBUG - 'OBSecurity' successfully loaded!| extra=asctime='2026-03-28 12:25:32,013'
2026-03-28 12:25:32,013 - DEBUG - 'ErrorPage' successfully loaded!| extra=asctime='2026-03-28 12:25:32,013'
2026-03-28 12:25:32,013 - DEBUG - 'ContextProcessor' successfully loaded!| extra=asctime='2026-03-28 12:25:32,013'
2026-03-28 12:25:32,013 - DEBUG - 'SetupSecurity' successfully loaded!| extra=asctime='2026-03-28 12:25:32,013'
2026-03-28 12:26:56,250 - DEBUG - 'RateLimiter' successfully loaded!| extra=asctime='2026-03-28 12:26:56,250'
2026-03-28 12:26:56,250 - DEBUG - 'InputValiator' successfully loaded!| extra=asctime='2026-03-28 12:26:56,250'
2026-03-28 12:26:56,252 - DEBUG - 'CSRFProtection' successfully loaded!| extra=asctime='2026-03-28 12:26:56,252'
2026-03-28 12:26:56,312 - DEBUG - 'OBSecurity' successfully loaded!| extra=asctime='2026-03-28 12:26:56,312'
2026-03-28 12:26:56,312 - DEBUG - 'ErrorPage' successfully loaded!| extra=asctime='2026-03-28 12:26:56,312'
2026-03-28 12:26:56,312 - DEBUG - 'ContextProcessor' successfully loaded!| extra=asctime='2026-03-28 12:26:56,312'
2026-03-28 12:26:56,312 - DEBUG - 'SetupSecurity' successfully loaded!| extra=asctime='2026-03-28 12:26:56,312'
2026-03-28 12:30:22,821 - DEBUG - 'RateLimiter' successfully loaded!| extra=asctime='2026-03-28 12:30:22,821'
2026-03-28 12:30:22,821 - DEBUG - 'InputValiator' successfully loaded!| extra=asctime='2026-03-28 12:30:22,821'
2026-03-28 12:30:22,821 - DEBUG - 'CSRFProtection' successfully loaded!| extra=asctime='2026-03-28 12:30:22,821'
2026-03-28 12:30:22,871 - DEBUG - 'OBSecurity' successfully loaded!| extra=asctime='2026-03-28 12:30:22,871'
2026-03-28 12:30:22,871 - DEBUG - 'ErrorPage' successfully loaded!| extra=asctime='2026-03-28 12:30:22,871'
2026-03-28 12:30:22,871 - DEBUG - 'ContextProcessor' successfully loaded!| extra=asctime='2026-03-28 12:30:22,871'
2026-03-28 12:30:22,881 - DEBUG - 'SetupSecurity' successfully loaded!| extra=asctime='2026-03-28 12:30:22,881'
2026-03-28 12:30:40,655 - DEBUG - 'RateLimiter' successfully loaded!| extra=asctime='2026-03-28 12:30:40,655'
2026-03-28 12:30:40,655 - DEBUG - 'InputValiator' successfully loaded!| extra=asctime='2026-03-28 12:30:40,655'
2026-03-28 12:30:40,655 - DEBUG - 'CSRFProtection' successfully loaded!| extra=asctime='2026-03-28 12:30:40,655'
2026-03-28 12:30:40,697 - DEBUG - 'OBSecurity' successfully loaded!| extra=asctime='2026-03-28 12:30:40,697'
2026-03-28 12:30:40,697 - DEBUG - 'ErrorPage' successfully loaded!| extra=asctime='2026-03-28 12:30:40,697'
2026-03-28 12:30:40,697 - DEBUG - 'ContextProcessor' successfully loaded!| extra=asctime='2026-03-28 12:30:40,697'
2026-03-28 12:30:40,697 - DEBUG - 'SetupSecurity' successfully loaded!| extra=asctime='2026-03-28 12:30:40,697'
2026-03-28 12:30:49,355 - DEBUG - 'RateLimiter' successfully loaded!| extra=asctime='2026-03-28 12:30:49,355'
2026-03-28 12:30:49,355 - DEBUG - 'InputValiator' successfully loaded!| extra=asctime='2026-03-28 12:30:49,355'
2026-03-28 12:30:49,355 - DEBUG - 'CSRFProtection' successfully loaded!| extra=asctime='2026-03-28 12:30:49,355'
2026-03-28 12:30:49,393 - DEBUG - 'OBSecurity' successfully loaded!| extra=asctime='2026-03-28 12:30:49,393'
2026-03-28 12:30:49,393 - DEBUG - 'ErrorPage' successfully loaded!| extra=asctime='2026-03-28 12:30:49,393'
2026-03-28 12:30:49,393 - DEBUG - 'ContextProcessor' successfully loaded!| extra=asctime='2026-03-28 12:30:49,393'
2026-03-28 12:30:49,393 - DEBUG - 'SetupSecurity' successfully loaded!| extra=asctime='2026-03-28 12:30:49,393'
2026-03-28 12:30:57,218 - DEBUG - 'RateLimiter' successfully loaded!| extra=asctime='2026-03-28 12:30:57,218'
2026-03-28 12:30:57,218 - DEBUG - 'InputValiator' successfully loaded!| extra=asctime='2026-03-28 12:30:57,218'
2026-03-28 12:30:57,218 - DEBUG - 'CSRFProtection' successfully loaded!| extra=asctime='2026-03-28 12:30:57,218'
2026-03-28 12:30:57,264 - DEBUG - 'OBSecurity' successfully loaded!| extra=asctime='2026-03-28 12:30:57,264'
2026-03-28 12:30:57,264 - DEBUG - 'ErrorPage' successfully loaded!| extra=asctime='2026-03-28 12:30:57,264'
2026-03-28 12:30:57,264 - DEBUG - 'ContextProcessor' successfully loaded!| extra=asctime='2026-03-28 12:30:57,264'
2026-03-28 12:30:57,264 - DEBUG - 'SetupSecurity' successfully loaded!| extra=asctime='2026-03-28 12:30:57,264'
2026-03-28 12:31:03,210 - DEBUG - 'RateLimiter' successfully loaded!| extra=asctime='2026-03-28 12:31:03,210'
2026-03-28 12:31:03,210 - DEBUG - 'InputValiator' successfully loaded!| extra=asctime='2026-03-28 12:31:03,210'
2026-03-28 12:31:03,210 - DEBUG - 'CSRFProtection' successfully loaded!| extra=asctime='2026-03-28 12:31:03,210'
2026-03-28 12:31:03,260 - DEBUG - 'OBSecurity' successfully loaded!| extra=asctime='2026-03-28 12:31:03,260'
2026-03-28 12:31:03,260 - DEBUG - 'ErrorPage' successfully loaded!| extra=asctime='2026-03-28 12:31:03,260'
2026-03-28 12:31:03,260 - DEBUG - 'ContextProcessor' successfully loaded!| extra=asctime='2026-03-28 12:31:03,260'
2026-03-28 12:31:03,260 - DEBUG - 'SetupSecurity' successfully loaded!| extra=asctime='2026-03-28 12:31:03,260'
2026-03-28 12:31:52,984 - DEBUG - 'RateLimiter' successfully loaded!| extra=asctime='2026-03-28 12:31:52,984'
2026-03-28 12:31:52,984 - DEBUG - 'InputValiator' successfully loaded!| extra=asctime='2026-03-28 12:31:52,984'
2026-03-28 12:31:52,984 - DEBUG - 'CSRFProtection' successfully loaded!| extra=asctime='2026-03-28 12:31:52,984'
2026-03-28 12:31:53,126 - DEBUG - 'OBSecurity' successfully loaded!| extra=asctime='2026-03-28 12:31:53,126'
2026-03-28 12:31:53,127 - DEBUG - 'ErrorPage' successfully loaded!| extra=asctime='2026-03-28 12:31:53,127'
2026-03-28 12:31:53,127 - DEBUG - 'ContextProcessor' successfully loaded!| extra=asctime='2026-03-28 12:31:53,127'
2026-03-28 12:31:53,131 - DEBUG - 'SetupSecurity' successfully loaded!| extra=asctime='2026-03-28 12:31:53,131'
2026-03-28 12:37:19,075 - DEBUG - 'RateLimiter' successfully loaded!| extra=asctime='2026-03-28 12:37:19,075'
2026-03-28 12:37:19,075 - DEBUG - 'InputValiator' successfully loaded!| extra=asctime='2026-03-28 12:37:19,075'
2026-03-28 12:37:19,075 - DEBUG - 'CSRFProtection' successfully loaded!| extra=asctime='2026-03-28 12:37:19,075'
2026-03-28 12:37:19,159 - DEBUG - 'OBSecurity' successfully loaded!| extra=asctime='2026-03-28 12:37:19,159'
2026-03-28 12:37:19,159 - DEBUG - 'ErrorPage' successfully loaded!| extra=asctime='2026-03-28 12:37:19,159'
2026-03-28 12:37:19,159 - DEBUG - 'ContextProcessor' successfully loaded!| extra=asctime='2026-03-28 12:37:19,159'
2026-03-28 12:37:19,175 - DEBUG - 'SetupSecurity' successfully loaded!| extra=asctime='2026-03-28 12:37:19,175'
2026-03-28 12:51:48,577 - DEBUG - 'RateLimiter' successfully loaded!| extra=asctime='2026-03-28 12:51:48,577'
2026-03-28 12:51:48,577 - DEBUG - 'InputValiator' successfully loaded!| extra=asctime='2026-03-28 12:51:48,577'
2026-03-28 12:51:48,577 - DEBUG - 'CSRFProtection' successfully loaded!| extra=asctime='2026-03-28 12:51:48,577'
2026-03-28 12:51:48,693 - DEBUG - 'OBSecurity' successfully loaded!| extra=asctime='2026-03-28 12:51:48,693'
2026-03-28 12:51:48,693 - DEBUG - 'ErrorPage' successfully loaded!| extra=asctime='2026-03-28 12:51:48,693'
2026-03-28 12:51:48,693 - DEBUG - 'ContextProcessor' successfully loaded!| extra=asctime='2026-03-28 12:51:48,693'
2026-03-28 12:51:48,693 - DEBUG - 'SetupSecurity' successfully loaded!| extra=asctime='2026-03-28 12:51:48,693'
2026-03-28 12:53:12,834 - DEBUG - 'RateLimiter' successfully loaded!| extra=asctime='2026-03-28 12:53:12,834'
2026-03-28 12:53:12,836 - DEBUG - 'InputValiator' successfully loaded!| extra=asctime='2026-03-28 12:53:12,836'
2026-03-28 12:53:12,836 - DEBUG - 'CSRFProtection' successfully loaded!| extra=asctime='2026-03-28 12:53:12,836'
2026-03-28 12:53:13,060 - DEBUG - 'OBSecurity' successfully loaded!| extra=asctime='2026-03-28 12:53:13,060'
2026-03-28 12:53:13,060 - DEBUG - 'ErrorPage' successfully loaded!| extra=asctime='2026-03-28 12:53:13,060'
2026-03-28 12:53:13,060 - DEBUG - 'ContextProcessor' successfully loaded!| extra=asctime='2026-03-28 12:53:13,060'
2026-03-28 12:53:13,070 - DEBUG - 'SetupSecurity' successfully loaded!| extra=asctime='2026-03-28 12:53:13,070'
2026-03-28 12:54:45,513 - DEBUG - 'RateLimiter' successfully loaded!| extra=asctime='2026-03-28 12:54:45,513'
2026-03-28 12:54:45,513 - DEBUG - 'InputValiator' successfully loaded!| extra=asctime='2026-03-28 12:54:45,513'
2026-03-28 12:54:45,522 - DEBUG - 'CSRFProtection' successfully loaded!| extra=asctime='2026-03-28 12:54:45,522'
2026-03-28 12:54:45,891 - DEBUG - 'OBSecurity' successfully loaded!| extra=asctime='2026-03-28 12:54:45,891'
2026-03-28 12:54:45,891 - DEBUG - 'ErrorPage' successfully loaded!| extra=asctime='2026-03-28 12:54:45,891'
2026-03-28 12:54:45,891 - DEBUG - 'ContextProcessor' successfully loaded!| extra=asctime='2026-03-28 12:54:45,891'
2026-03-28 12:54:45,899 - DEBUG - 'SetupSecurity' successfully loaded!| extra=asctime='2026-03-28 12:54:45,899'
2026-03-28 13:00:28,752 - DEBUG - 'RateLimiter' successfully loaded!| extra=asctime='2026-03-28 13:00:28,752'
2026-03-28 13:00:28,752 - DEBUG - 'InputValiator' successfully loaded!| extra=asctime='2026-03-28 13:00:28,752'
2026-03-28 13:00:28,752 - DEBUG - 'CSRFProtection' successfully loaded!| extra=asctime='2026-03-28 13:00:28,752'
2026-03-28 13:00:29,397 - DEBUG - 'OBSecurity' successfully loaded!| extra=asctime='2026-03-28 13:00:29,397'
2026-03-28 13:00:29,577 - DEBUG - 'ErrorPage' successfully loaded!| extra=asctime='2026-03-28 13:00:29,577'
2026-03-28 13:00:29,577 - DEBUG - 'ContextProcessor' successfully loaded!| extra=asctime='2026-03-28 13:00:29,577'
2026-03-28 13:00:29,597 - DEBUG - 'SetupSecurity' successfully loaded!| extra=asctime='2026-03-28 13:00:29,597'
2026-03-28 13:02:04,844 - DEBUG - 'RateLimiter' successfully loaded!| extra=asctime='2026-03-28 13:02:04,844'
2026-03-28 13:02:04,844 - DEBUG - 'InputValiator' successfully loaded!| extra=asctime='2026-03-28 13:02:04,844'
2026-03-28 13:02:04,850 - DEBUG - 'CSRFProtection' successfully loaded!| extra=asctime='2026-03-28 13:02:04,850'
2026-03-28 13:02:05,101 - DEBUG - 'OBSecurity' successfully loaded!| extra=asctime='2026-03-28 13:02:05,101'
2026-03-28 13:02:05,101 - DEBUG - 'ErrorPage' successfully loaded!| extra=asctime='2026-03-28 13:02:05,101'
2026-03-28 13:02:05,108 - DEBUG - 'ContextProcessor' successfully loaded!| extra=asctime='2026-03-28 13:02:05,108'
2026-03-28 13:02:05,120 - DEBUG - 'SetupSecurity' successfully loaded!| extra=asctime='2026-03-28 13:02:05,120'
2026-03-28 13:09:46,739 - DEBUG - 'RateLimiter' successfully loaded!| extra=asctime='2026-03-28 13:09:46,739'
2026-03-28 13:09:46,739 - DEBUG - 'InputValiator' successfully loaded!| extra=asctime='2026-03-28 13:09:46,739'
2026-03-28 13:09:46,739 - DEBUG - 'CSRFProtection' successfully loaded!| extra=asctime='2026-03-28 13:09:46,739'
2026-03-28 13:09:46,810 - DEBUG - 'OBSecurity' successfully loaded!| extra=asctime='2026-03-28 13:09:46,810'
2026-03-28 13:09:46,810 - DEBUG - 'ErrorPage' successfully loaded!| extra=asctime='2026-03-28 13:09:46,810'
2026-03-28 13:09:46,810 - DEBUG - 'ContextProcessor' successfully loaded!| extra=asctime='2026-03-28 13:09:46,810'
2026-03-28 13:09:46,810 - DEBUG - 'SetupSecurity' successfully loaded!| extra=asctime='2026-03-28 13:09:46,810'
2026-03-28 13:22:42,243 - DEBUG - 'RateLimiter' successfully loaded!| extra=asctime='2026-03-28 13:22:42,243'
2026-03-28 13:22:42,243 - DEBUG - 'InputValiator' successfully loaded!| extra=asctime='2026-03-28 13:22:42,243'
2026-03-28 13:22:42,243 - DEBUG - 'CSRFProtection' successfully loaded!| extra=asctime='2026-03-28 13:22:42,243'
2026-03-28 13:22:42,274 - DEBUG - 'OBSecurity' successfully loaded!| extra=asctime='2026-03-28 13:22:42,274'
2026-03-28 13:22:42,274 - DEBUG - 'ErrorPage' successfully loaded!| extra=asctime='2026-03-28 13:22:42,274'
2026-03-28 13:22:42,274 - DEBUG - 'ContextProcessor' successfully loaded!| extra=asctime='2026-03-28 13:22:42,274'
2026-03-28 13:22:42,274 - DEBUG - 'SetupSecurity' successfully loaded!| extra=asctime='2026-03-28 13:22:42,274'
2026-03-28 13:23:46,876 - DEBUG - 'RateLimiter' successfully loaded!| extra=asctime='2026-03-28 13:23:46,876'
2026-03-28 13:23:46,876 - DEBUG - 'InputValiator' successfully loaded!| extra=asctime='2026-03-28 13:23:46,876'
2026-03-28 13:23:46,876 - DEBUG - 'CSRFProtection' successfully loaded!| extra=asctime='2026-03-28 13:23:46,876'
2026-03-28 13:23:46,923 - DEBUG - 'OBSecurity' successfully loaded!| extra=asctime='2026-03-28 13:23:46,923'
2026-03-28 13:23:46,923 - DEBUG - 'ErrorPage' successfully loaded!| extra=asctime='2026-03-28 13:23:46,923'
2026-03-28 13:23:46,923 - DEBUG - 'ContextProcessor' successfully loaded!| extra=asctime='2026-03-28 13:23:46,923'
2026-03-28 13:23:46,923 - DEBUG - 'SetupSecurity' successfully loaded!| extra=asctime='2026-03-28 13:23:46,923'
2026-03-28 13:23:52,886 - DEBUG - 'RateLimiter' successfully loaded!| extra=asctime='2026-03-28 13:23:52,886'
2026-03-28 13:23:52,886 - DEBUG - 'InputValiator' successfully loaded!| extra=asctime='2026-03-28 13:23:52,886'
2026-03-28 13:23:52,886 - DEBUG - 'CSRFProtection' successfully loaded!| extra=asctime='2026-03-28 13:23:52,886'
2026-03-28 13:23:52,933 - DEBUG - 'OBSecurity' successfully loaded!| extra=asctime='2026-03-28 13:23:52,933'
2026-03-28 13:23:52,933 - DEBUG - 'ErrorPage' successfully loaded!| extra=asctime='2026-03-28 13:23:52,933'
2026-03-28 13:23:52,933 - DEBUG - 'ContextProcessor' successfully loaded!| extra=asctime='2026-03-28 13:23:52,933'
2026-03-28 13:23:52,933 - DEBUG - 'SetupSecurity' successfully loaded!| extra=asctime='2026-03-28 13:23:52,933'
2026-03-28 13:24:58,921 - DEBUG - 'RateLimiter' successfully loaded!| extra=asctime='2026-03-28 13:24:58,921'
2026-03-28 13:24:58,922 - DEBUG - 'InputValiator' successfully loaded!| extra=asctime='2026-03-28 13:24:58,922'
2026-03-28 13:24:58,922 - DEBUG - 'CSRFProtection' successfully loaded!| extra=asctime='2026-03-28 13:24:58,922'
2026-03-28 13:24:58,986 - DEBUG - 'OBSecurity' successfully loaded!| extra=asctime='2026-03-28 13:24:58,986'
2026-03-28 13:24:58,986 - DEBUG - 'ErrorPage' successfully loaded!| extra=asctime='2026-03-28 13:24:58,986'
2026-03-28 13:24:58,986 - DEBUG - 'ContextProcessor' successfully loaded!| extra=asctime='2026-03-28 13:24:58,986'
2026-03-28 13:24:58,986 - DEBUG - 'SetupSecurity' successfully loaded!| extra=asctime='2026-03-28 13:24:58,986'
2026-03-28 13:41:47,234 - DEBUG - 'RateLimiter' successfully loaded!| extra=asctime='2026-03-28 13:41:47,234'
2026-03-28 13:41:47,234 - DEBUG - 'InputValiator' successfully loaded!| extra=asctime='2026-03-28 13:41:47,234'
2026-03-28 13:41:47,234 - DEBUG - 'CSRFProtection' successfully loaded!| extra=asctime='2026-03-28 13:41:47,234'
2026-03-28 13:41:47,281 - DEBUG - 'OBSecurity' successfully loaded!| extra=asctime='2026-03-28 13:41:47,281'
2026-03-28 13:41:47,282 - DEBUG - 'ErrorPage' successfully loaded!| extra=asctime='2026-03-28 13:41:47,282'
2026-03-28 13:41:47,282 - DEBUG - 'ContextProcessor' successfully loaded!| extra=asctime='2026-03-28 13:41:47,282'
2026-03-28 13:41:47,284 - DEBUG - 'SetupSecurity' successfully loaded!| extra=asctime='2026-03-28 13:41:47,284'
2026-03-28 13:42:05,160 - DEBUG - 'RateLimiter' successfully loaded!| extra=asctime='2026-03-28 13:42:05,160'
2026-03-28 13:42:05,161 - DEBUG - 'InputValiator' successfully loaded!| extra=asctime='2026-03-28 13:42:05,161'
2026-03-28 13:42:05,162 - DEBUG - 'CSRFProtection' successfully loaded!| extra=asctime='2026-03-28 13:42:05,162'
2026-03-28 13:42:05,201 - DEBUG - 'OBSecurity' successfully loaded!| extra=asctime='2026-03-28 13:42:05,201'
2026-03-28 13:42:05,201 - DEBUG - 'ErrorPage' successfully loaded!| extra=asctime='2026-03-28 13:42:05,201'
2026-03-28 13:42:05,201 - DEBUG - 'ContextProcessor' successfully loaded!| extra=asctime='2026-03-28 13:42:05,201'
2026-03-28 13:42:05,201 - DEBUG - 'SetupSecurity' successfully loaded!| extra=asctime='2026-03-28 13:42:05,201'
2026-03-28 13:42:28,106 - DEBUG - 'RateLimiter' successfully loaded!| extra=asctime='2026-03-28 13:42:28,106'
2026-03-28 13:42:28,109 - DEBUG - 'InputValiator' successfully loaded!| extra=asctime='2026-03-28 13:42:28,109'
2026-03-28 13:42:28,109 - DEBUG - 'CSRFProtection' successfully loaded!| extra=asctime='2026-03-28 13:42:28,109'
2026-03-28 13:42:28,349 - DEBUG - 'OBSecurity' successfully loaded!| extra=asctime='2026-03-28 13:42:28,349'
2026-03-28 13:42:28,349 - DEBUG - 'ErrorPage' successfully loaded!| extra=asctime='2026-03-28 13:42:28,349'
2026-03-28 13:42:28,351 - DEBUG - 'ContextProcessor' successfully loaded!| extra=asctime='2026-03-28 13:42:28,351'
2026-03-28 13:42:28,351 - DEBUG - 'SetupSecurity' successfully loaded!| extra=asctime='2026-03-28 13:42:28,351'
2026-03-28 13:43:05,749 - DEBUG - 'RateLimiter' successfully loaded!| extra=asctime='2026-03-28 13:43:05,749'
2026-03-28 13:43:05,749 - DEBUG - 'InputValiator' successfully loaded!| extra=asctime='2026-03-28 13:43:05,749'
2026-03-28 13:43:05,749 - DEBUG - 'CSRFProtection' successfully loaded!| extra=asctime='2026-03-28 13:43:05,749'
2026-03-28 13:43:05,791 - DEBUG - 'OBSecurity' successfully loaded!| extra=asctime='2026-03-28 13:43:05,791'
2026-03-28 13:43:05,791 - DEBUG - 'ErrorPage' successfully loaded!| extra=asctime='2026-03-28 13:43:05,791'
2026-03-28 13:43:05,791 - DEBUG - 'ContextProcessor' successfully loaded!| extra=asctime='2026-03-28 13:43:05,791'
2026-03-28 13:43:05,791 - DEBUG - 'SetupSecurity' successfully loaded!| extra=asctime='2026-03-28 13:43:05,791'
2026-03-28 13:43:52,437 - DEBUG - 'RateLimiter' successfully loaded!| extra=asctime='2026-03-28 13:43:52,437'
2026-03-28 13:43:52,437 - DEBUG - 'InputValiator' successfully loaded!| extra=asctime='2026-03-28 13:43:52,437'
2026-03-28 13:43:52,437 - DEBUG - 'CSRFProtection' successfully loaded!| extra=asctime='2026-03-28 13:43:52,437'
2026-03-28 13:43:52,506 - DEBUG - 'OBSecurity' successfully loaded!| extra=asctime='2026-03-28 13:43:52,506'
2026-03-28 13:43:52,508 - DEBUG - 'ErrorPage' successfully loaded!| extra=asctime='2026-03-28 13:43:52,508'
2026-03-28 13:43:52,508 - DEBUG - 'ContextProcessor' successfully loaded!| extra=asctime='2026-03-28 13:43:52,508'
2026-03-28 13:43:52,508 - DEBUG - 'SetupSecurity' successfully loaded!| extra=asctime='2026-03-28 13:43:52,508'
2026-03-28 13:44:27,563 - DEBUG - 'RateLimiter' successfully loaded!| extra=asctime='2026-03-28 13:44:27,563'
2026-03-28 13:44:27,563 - DEBUG - 'InputValiator' successfully loaded!| extra=asctime='2026-03-28 13:44:27,563'
2026-03-28 13:44:27,563 - DEBUG - 'CSRFProtection' successfully loaded!| extra=asctime='2026-03-28 13:44:27,563'
2026-03-28 13:44:27,596 - DEBUG - 'OBSecurity' successfully loaded!| extra=asctime='2026-03-28 13:44:27,596'
2026-03-28 13:44:27,596 - DEBUG - 'ErrorPage' successfully loaded!| extra=asctime='2026-03-28 13:44:27,596'
2026-03-28 13:44:27,596 - DEBUG - 'ContextProcessor' successfully loaded!| extra=asctime='2026-03-28 13:44:27,596'
2026-03-28 13:44:27,596 - DEBUG - 'SetupSecurity' successfully loaded!| extra=asctime='2026-03-28 13:44:27,596'
2026-03-28 13:45:32,501 - DEBUG - 'RateLimiter' successfully loaded!| extra=asctime='2026-03-28 13:45:32,501'
2026-03-28 13:45:32,501 - DEBUG - 'InputValiator' successfully loaded!| extra=asctime='2026-03-28 13:45:32,501'
2026-03-28 13:45:32,501 - DEBUG - 'CSRFProtection' successfully loaded!| extra=asctime='2026-03-28 13:45:32,501'
2026-03-28 13:45:32,542 - DEBUG - 'OBSecurity' successfully loaded!| extra=asctime='2026-03-28 13:45:32,542'
2026-03-28 13:45:32,542 - DEBUG - 'ErrorPage' successfully loaded!| extra=asctime='2026-03-28 13:45:32,542'
2026-03-28 13:45:32,542 - DEBUG - 'ContextProcessor' successfully loaded!| extra=asctime='2026-03-28 13:45:32,542'
2026-03-28 13:45:32,544 - DEBUG - 'SetupSecurity' successfully loaded!| extra=asctime='2026-03-28 13:45:32,544'
2026-03-28 13:45:54,085 - DEBUG - 'RateLimiter' successfully loaded!| extra=asctime='2026-03-28 13:45:54,085'
2026-03-28 13:45:54,087 - DEBUG - 'InputValiator' successfully loaded!| extra=asctime='2026-03-28 13:45:54,087'
2026-03-28 13:45:54,091 - DEBUG - 'CSRFProtection' successfully loaded!| extra=asctime='2026-03-28 13:45:54,091'
2026-03-28 13:45:54,257 - DEBUG - 'OBSecurity' successfully loaded!| extra=asctime='2026-03-28 13:45:54,257'
2026-03-28 13:45:54,258 - DEBUG - 'ErrorPage' successfully loaded!| extra=asctime='2026-03-28 13:45:54,258'
2026-03-28 13:45:54,258 - DEBUG - 'ContextProcessor' successfully loaded!| extra=asctime='2026-03-28 13:45:54,258'
2026-03-28 13:45:54,260 - DEBUG - 'SetupSecurity' successfully loaded!| extra=asctime='2026-03-28 13:45:54,260'
2026-03-28 13:52:31,683 - DEBUG - 'RateLimiter' successfully loaded!| extra=asctime='2026-03-28 13:52:31,683'
2026-03-28 13:52:31,683 - DEBUG - 'InputValiator' successfully loaded!| extra=asctime='2026-03-28 13:52:31,683'
2026-03-28 13:52:31,683 - DEBUG - 'CSRFProtection' successfully loaded!| extra=asctime='2026-03-28 13:52:31,683'
2026-03-28 13:52:31,803 - DEBUG - 'OBSecurity' successfully loaded!| extra=asctime='2026-03-28 13:52:31,803'
2026-03-28 13:52:31,803 - DEBUG - 'ErrorPage' successfully loaded!| extra=asctime='2026-03-28 13:52:31,803'
2026-03-28 13:52:31,803 - DEBUG - 'ContextProcessor' successfully loaded!| extra=asctime='2026-03-28 13:52:31,803'
2026-03-28 13:52:31,803 - DEBUG - 'SetupSecurity' successfully loaded!| extra=asctime='2026-03-28 13:52:31,803'
2026-03-28 13:53:09,186 - DEBUG - 'RateLimiter' successfully loaded!| extra=asctime='2026-03-28 13:53:09,186'
2026-03-28 13:53:09,186 - DEBUG - 'InputValiator' successfully loaded!| extra=asctime='2026-03-28 13:53:09,186'
2026-03-28 13:53:09,186 - DEBUG - 'CSRFProtection' successfully loaded!| extra=asctime='2026-03-28 13:53:09,186'
2026-03-28 13:53:09,224 - DEBUG - 'OBSecurity' successfully loaded!| extra=asctime='2026-03-28 13:53:09,224'
2026-03-28 13:53:09,224 - DEBUG - 'ErrorPage' successfully loaded!| extra=asctime='2026-03-28 13:53:09,224'
2026-03-28 13:53:09,224 - DEBUG - 'ContextProcessor' successfully loaded!| extra=asctime='2026-03-28 13:53:09,224'
2026-03-28 13:53:09,224 - DEBUG - 'SetupSecurity' successfully loaded!| extra=asctime='2026-03-28 13:53:09,224'
2026-03-28 13:53:39,768 - DEBUG - 'RateLimiter' successfully loaded!| extra=asctime='2026-03-28 13:53:39,768'
2026-03-28 13:53:39,768 - DEBUG - 'InputValiator' successfully loaded!| extra=asctime='2026-03-28 13:53:39,768'
2026-03-28 13:53:39,768 - DEBUG - 'CSRFProtection' successfully loaded!| extra=asctime='2026-03-28 13:53:39,768'
2026-03-28 13:53:39,815 - DEBUG - 'OBSecurity' successfully loaded!| extra=asctime='2026-03-28 13:53:39,815'
2026-03-28 13:53:39,815 - DEBUG - 'ErrorPage' successfully loaded!| extra=asctime='2026-03-28 13:53:39,815'
2026-03-28 13:53:39,815 - DEBUG - 'ContextProcessor' successfully loaded!| extra=asctime='2026-03-28 13:53:39,815'
2026-03-28 13:53:39,815 - DEBUG - 'SetupSecurity' successfully loaded!| extra=asctime='2026-03-28 13:53:39,815'
2026-03-28 13:55:57,301 - DEBUG - 'RateLimiter' successfully loaded!| extra=asctime='2026-03-28 13:55:57,301'
2026-03-28 13:55:57,301 - DEBUG - 'InputValiator' successfully loaded!| extra=asctime='2026-03-28 13:55:57,301'
2026-03-28 13:55:57,301 - DEBUG - 'CSRFProtection' successfully loaded!| extra=asctime='2026-03-28 13:55:57,301'
2026-03-28 13:55:57,351 - DEBUG - 'OBSecurity' successfully loaded!| extra=asctime='2026-03-28 13:55:57,351'
2026-03-28 13:55:57,351 - DEBUG - 'ErrorPage' successfully loaded!| extra=asctime='2026-03-28 13:55:57,351'
2026-03-28 13:55:57,351 - DEBUG - 'ContextProcessor' successfully loaded!| extra=asctime='2026-03-28 13:55:57,351'
2026-03-28 13:55:57,351 - DEBUG - 'SetupSecurity' successfully loaded!| extra=asctime='2026-03-28 13:55:57,351'
2026-03-28 13:56:00,346 - DEBUG - 'RateLimiter' successfully loaded!| extra=asctime='2026-03-28 13:56:00,346'
2026-03-28 13:56:00,346 - DEBUG - 'InputValiator' successfully loaded!| extra=asctime='2026-03-28 13:56:00,346'
2026-03-28 13:56:00,346 - DEBUG - 'CSRFProtection' successfully loaded!| extra=asctime='2026-03-28 13:56:00,346'
2026-03-28 13:56:00,399 - DEBUG - 'OBSecurity' successfully loaded!| extra=asctime='2026-03-28 13:56:00,399'
2026-03-28 13:56:00,399 - DEBUG - 'ErrorPage' successfully loaded!| extra=asctime='2026-03-28 13:56:00,399'
2026-03-28 13:56:00,399 - DEBUG - 'ContextProcessor' successfully loaded!| extra=asctime='2026-03-28 13:56:00,399'
2026-03-28 13:56:00,399 - DEBUG - 'SetupSecurity' successfully loaded!| extra=asctime='2026-03-28 13:56:00,399'
2026-03-28 14:00:34,988 - DEBUG - 'RateLimiter' successfully loaded!| extra=asctime='2026-03-28 14:00:34,988'
2026-03-28 14:00:34,998 - DEBUG - 'InputValiator' successfully loaded!| extra=asctime='2026-03-28 14:00:34,998'
2026-03-28 14:00:34,998 - DEBUG - 'CSRFProtection' successfully loaded!| extra=asctime='2026-03-28 14:00:34,998'
2026-03-28 14:00:35,161 - DEBUG - 'OBSecurity' successfully loaded!| extra=asctime='2026-03-28 14:00:35,161'
2026-03-28 14:00:35,161 - DEBUG - 'ErrorPage' successfully loaded!| extra=asctime='2026-03-28 14:00:35,161'
2026-03-28 14:00:35,161 - DEBUG - 'ContextProcessor' successfully loaded!| extra=asctime='2026-03-28 14:00:35,161'
2026-03-28 14:00:35,169 - DEBUG - 'SetupSecurity' successfully loaded!| extra=asctime='2026-03-28 14:00:35,169'
2026-03-28 14:02:08,965 - DEBUG - 'RateLimiter' successfully loaded!| extra=asctime='2026-03-28 14:02:08,965'
2026-03-28 14:02:08,969 - DEBUG - 'InputValiator' successfully loaded!| extra=asctime='2026-03-28 14:02:08,969'
2026-03-28 14:02:08,969 - DEBUG - 'CSRFProtection' successfully loaded!| extra=asctime='2026-03-28 14:02:08,969'
2026-03-28 14:02:09,470 - DEBUG - 'OBSecurity' successfully loaded!| extra=asctime='2026-03-28 14:02:09,470'
2026-03-28 14:02:09,471 - DEBUG - 'ErrorPage' successfully loaded!| extra=asctime='2026-03-28 14:02:09,471'
2026-03-28 14:02:09,471 - DEBUG - 'ContextProcessor' successfully loaded!| extra=asctime='2026-03-28 14:02:09,471'
2026-03-28 14:02:09,489 - DEBUG - 'SetupSecurity' successfully loaded!| extra=asctime='2026-03-28 14:02:09,489'
2026-03-28 14:03:53,239 - DEBUG - 'RateLimiter' successfully loaded!| extra=asctime='2026-03-28 14:03:53,239'
2026-03-28 14:03:53,239 - DEBUG - 'InputValiator' successfully loaded!| extra=asctime='2026-03-28 14:03:53,239'
2026-03-28 14:03:53,239 - DEBUG - 'CSRFProtection' successfully loaded!| extra=asctime='2026-03-28 14:03:53,239'
2026-03-28 14:03:53,308 - DEBUG - 'OBSecurity' successfully loaded!| extra=asctime='2026-03-28 14:03:53,308'
2026-03-28 14:03:53,308 - DEBUG - 'ErrorPage' successfully loaded!| extra=asctime='2026-03-28 14:03:53,308'
2026-03-28 14:03:53,308 - DEBUG - 'ContextProcessor' successfully loaded!| extra=asctime='2026-03-28 14:03:53,308'
2026-03-28 14:03:53,323 - DEBUG - 'SetupSecurity' successfully loaded!| extra=asctime='2026-03-28 14:03:53,323'
2026-03-28 14:03:57,338 - DEBUG - 'RateLimiter' successfully loaded!| extra=asctime='2026-03-28 14:03:57,338'
2026-03-28 14:03:57,338 - DEBUG - 'InputValiator' successfully loaded!| extra=asctime='2026-03-28 14:03:57,338'
2026-03-28 14:03:57,338 - DEBUG - 'CSRFProtection' successfully loaded!| extra=asctime='2026-03-28 14:03:57,338'
2026-03-28 14:03:57,422 - DEBUG - 'OBSecurity' successfully loaded!| extra=asctime='2026-03-28 14:03:57,422'
2026-03-28 14:03:57,422 - DEBUG - 'ErrorPage' successfully loaded!| extra=asctime='2026-03-28 14:03:57,422'
2026-03-28 14:03:57,422 - DEBUG - 'ContextProcessor' successfully loaded!| extra=asctime='2026-03-28 14:03:57,422'
2026-03-28 14:03:57,438 - DEBUG - 'SetupSecurity' successfully loaded!| extra=asctime='2026-03-28 14:03:57,438'
2026-03-28 14:04:21,329 - DEBUG - 'RateLimiter' successfully loaded!| extra=asctime='2026-03-28 14:04:21,329'
2026-03-28 14:04:21,329 - DEBUG - 'InputValiator' successfully loaded!| extra=asctime='2026-03-28 14:04:21,329'
2026-03-28 14:04:21,329 - DEBUG - 'CSRFProtection' successfully loaded!| extra=asctime='2026-03-28 14:04:21,329'
2026-03-28 14:04:21,593 - DEBUG - 'OBSecurity' successfully loaded!| extra=asctime='2026-03-28 14:04:21,593'
2026-03-28 14:04:21,593 - DEBUG - 'ErrorPage' successfully loaded!| extra=asctime='2026-03-28 14:04:21,593'
2026-03-28 14:04:21,593 - DEBUG - 'ContextProcessor' successfully loaded!| extra=asctime='2026-03-28 14:04:21,593'
2026-03-28 14:04:21,601 - DEBUG - 'SetupSecurity' successfully loaded!| extra=asctime='2026-03-28 14:04:21,601'
2026-03-28 14:04:28,980 - DEBUG - 'RateLimiter' successfully loaded!| extra=asctime='2026-03-28 14:04:28,980'
2026-03-28 14:04:28,980 - DEBUG - 'InputValiator' successfully loaded!| extra=asctime='2026-03-28 14:04:28,980'
2026-03-28 14:04:28,980 - DEBUG - 'CSRFProtection' successfully loaded!| extra=asctime='2026-03-28 14:04:28,980'
2026-03-28 14:04:29,306 - DEBUG - 'OBSecurity' successfully loaded!| extra=asctime='2026-03-28 14:04:29,306'
2026-03-28 14:04:29,306 - DEBUG - 'ErrorPage' successfully loaded!| extra=asctime='2026-03-28 14:04:29,306'
2026-03-28 14:04:29,306 - DEBUG - 'ContextProcessor' successfully loaded!| extra=asctime='2026-03-28 14:04:29,306'
2026-03-28 14:04:29,314 - DEBUG - 'SetupSecurity' successfully loaded!| extra=asctime='2026-03-28 14:04:29,314'
2026-03-28 14:05:50,170 - DEBUG - 'RateLimiter' successfully loaded!| extra=asctime='2026-03-28 14:05:50,170'
2026-03-28 14:05:50,170 - DEBUG - 'InputValiator' successfully loaded!| extra=asctime='2026-03-28 14:05:50,170'
2026-03-28 14:05:50,170 - DEBUG - 'CSRFProtection' successfully loaded!| extra=asctime='2026-03-28 14:05:50,170'
2026-03-28 14:05:50,282 - DEBUG - 'OBSecurity' successfully loaded!| extra=asctime='2026-03-28 14:05:50,282'
2026-03-28 14:05:50,282 - DEBUG - 'ErrorPage' successfully loaded!| extra=asctime='2026-03-28 14:05:50,282'
2026-03-28 14:05:50,282 - DEBUG - 'ContextProcessor' successfully loaded!| extra=asctime='2026-03-28 14:05:50,282'
2026-03-28 14:05:50,282 - DEBUG - 'SetupSecurity' successfully loaded!| extra=asctime='2026-03-28 14:05:50,282'
2026-03-28 14:07:09,413 - DEBUG - 'RateLimiter' successfully loaded!| extra=asctime='2026-03-28 14:07:09,413'
2026-03-28 14:07:09,413 - DEBUG - 'InputValiator' successfully loaded!| extra=asctime='2026-03-28 14:07:09,413'
2026-03-28 14:07:09,413 - DEBUG - 'CSRFProtection' successfully loaded!| extra=asctime='2026-03-28 14:07:09,413'
2026-03-28 14:07:09,475 - DEBUG - 'OBSecurity' successfully loaded!| extra=asctime='2026-03-28 14:07:09,475'
2026-03-28 14:07:09,475 - DEBUG - 'ErrorPage' successfully loaded!| extra=asctime='2026-03-28 14:07:09,475'
2026-03-28 14:07:09,475 - DEBUG - 'ContextProcessor' successfully loaded!| extra=asctime='2026-03-28 14:07:09,475'
2026-03-28 14:07:09,475 - DEBUG - 'SetupSecurity' successfully loaded!| extra=asctime='2026-03-28 14:07:09,475'
2026-03-28 14:53:11,972 - DEBUG - 'RateLimiter' successfully loaded!| extra=asctime='2026-03-28 14:53:11,972'
2026-03-28 14:53:12,039 - DEBUG - 'InputValiator' successfully loaded!| extra=asctime='2026-03-28 14:53:12,039'
2026-03-28 14:53:12,039 - DEBUG - 'CSRFProtection' successfully loaded!| extra=asctime='2026-03-28 14:53:12,039'
2026-03-28 14:53:12,071 - DEBUG - 'OBSecurity' successfully loaded!| extra=asctime='2026-03-28 14:53:12,071'
2026-03-28 14:53:12,071 - DEBUG - 'ErrorPage' successfully loaded!| extra=asctime='2026-03-28 14:53:12,071'
2026-03-28 14:53:12,071 - DEBUG - 'ContextProcessor' successfully loaded!| extra=asctime='2026-03-28 14:53:12,071'
2026-03-28 14:53:12,071 - DEBUG - 'SetupSecurity' successfully loaded!| extra=asctime='2026-03-28 14:53:12,071'
2026-03-28 15:16:52,184 - DEBUG - 'RateLimiter' successfully loaded!| extra=asctime='2026-03-28 15:16:52,184'
2026-03-28 15:16:52,184 - DEBUG - 'InputValiator' successfully loaded!| extra=asctime='2026-03-28 15:16:52,184'
2026-03-28 15:16:52,184 - DEBUG - 'CSRFProtection' successfully loaded!| extra=asctime='2026-03-28 15:16:52,184'
2026-03-28 15:16:52,230 - DEBUG - 'OBSecurity' successfully loaded!| extra=asctime='2026-03-28 15:16:52,230'
2026-03-28 15:16:52,230 - DEBUG - 'ErrorPage' successfully loaded!| extra=asctime='2026-03-28 15:16:52,230'
2026-03-28 15:16:52,230 - DEBUG - 'ContextProcessor' successfully loaded!| extra=asctime='2026-03-28 15:16:52,230'
2026-03-28 15:16:52,230 - DEBUG - 'SetupSecurity' successfully loaded!| extra=asctime='2026-03-28 15:16:52,230'
2026-03-28 15:16:55,181 - DEBUG - 'RateLimiter' successfully loaded!| extra=asctime='2026-03-28 15:16:55,181'
2026-03-28 15:16:55,181 - DEBUG - 'InputValiator' successfully loaded!| extra=asctime='2026-03-28 15:16:55,181'
2026-03-28 15:16:55,181 - DEBUG - 'CSRFProtection' successfully loaded!| extra=asctime='2026-03-28 15:16:55,181'
2026-03-28 15:16:55,261 - DEBUG - 'OBSecurity' successfully loaded!| extra=asctime='2026-03-28 15:16:55,261'
2026-03-28 15:16:55,261 - DEBUG - 'ErrorPage' successfully loaded!| extra=asctime='2026-03-28 15:16:55,261'
2026-03-28 15:16:55,261 - DEBUG - 'ContextProcessor' successfully loaded!| extra=asctime='2026-03-28 15:16:55,261'
2026-03-28 15:16:55,261 - DEBUG - 'SetupSecurity' successfully loaded!| extra=asctime='2026-03-28 15:16:55,261'
2026-03-28 15:17:41,462 - DEBUG - 'RateLimiter' successfully loaded!| extra=asctime='2026-03-28 15:17:41,462'
2026-03-28 15:17:41,462 - DEBUG - 'InputValiator' successfully loaded!| extra=asctime='2026-03-28 15:17:41,462'
2026-03-28 15:17:41,462 - DEBUG - 'CSRFProtection' successfully loaded!| extra=asctime='2026-03-28 15:17:41,462'
2026-03-28 15:17:41,553 - DEBUG - 'OBSecurity' successfully loaded!| extra=asctime='2026-03-28 15:17:41,553'
2026-03-28 15:17:41,553 - DEBUG - 'ErrorPage' successfully loaded!| extra=asctime='2026-03-28 15:17:41,553'
2026-03-28 15:17:41,553 - DEBUG - 'ContextProcessor' successfully loaded!| extra=asctime='2026-03-28 15:17:41,553'
2026-03-28 15:17:41,553 - DEBUG - 'SetupSecurity' successfully loaded!| extra=asctime='2026-03-28 15:17:41,553'
2026-03-28 15:19:23,112 - DEBUG - 'RateLimiter' successfully loaded!| extra=asctime='2026-03-28 15:19:23,112'
2026-03-28 15:19:23,112 - DEBUG - 'InputValiator' successfully loaded!| extra=asctime='2026-03-28 15:19:23,112'
2026-03-28 15:19:23,112 - DEBUG - 'CSRFProtection' successfully loaded!| extra=asctime='2026-03-28 15:19:23,112'
2026-03-28 15:19:23,159 - DEBUG - 'OBSecurity' successfully loaded!| extra=asctime='2026-03-28 15:19:23,159'
2026-03-28 15:19:23,159 - DEBUG - 'ErrorPage' successfully loaded!| extra=asctime='2026-03-28 15:19:23,159'
2026-03-28 15:19:23,159 - DEBUG - 'ContextProcessor' successfully loaded!| extra=asctime='2026-03-28 15:19:23,159'
2026-03-28 15:19:23,159 - DEBUG - 'SetupSecurity' successfully loaded!| extra=asctime='2026-03-28 15:19:23,159'
2026-03-28 15:20:40,422 - DEBUG - 'RateLimiter' successfully loaded!| extra=asctime='2026-03-28 15:20:40,422'
2026-03-28 15:20:40,422 - DEBUG - 'InputValiator' successfully loaded!| extra=asctime='2026-03-28 15:20:40,422'
2026-03-28 15:20:40,422 - DEBUG - 'CSRFProtection' successfully loaded!| extra=asctime='2026-03-28 15:20:40,422'
2026-03-28 15:20:40,527 - DEBUG - 'OBSecurity' successfully loaded!| extra=asctime='2026-03-28 15:20:40,527'
2026-03-28 15:20:40,527 - DEBUG - 'ErrorPage' successfully loaded!| extra=asctime='2026-03-28 15:20:40,527'
2026-03-28 15:20:40,527 - DEBUG - 'ContextProcessor' successfully loaded!| extra=asctime='2026-03-28 15:20:40,527'
2026-03-28 15:20:40,531 - DEBUG - 'SetupSecurity' successfully loaded!| extra=asctime='2026-03-28 15:20:40,531'
2026-03-28 15:20:51,673 - DEBUG - 'RateLimiter' successfully loaded!| extra=asctime='2026-03-28 15:20:51,673'
2026-03-28 15:20:51,673 - DEBUG - 'InputValiator' successfully loaded!| extra=asctime='2026-03-28 15:20:51,673'
2026-03-28 15:20:51,673 - DEBUG - 'CSRFProtection' successfully loaded!| extra=asctime='2026-03-28 15:20:51,673'
2026-03-28 15:20:51,803 - DEBUG - 'OBSecurity' successfully loaded!| extra=asctime='2026-03-28 15:20:51,803'
2026-03-28 15:20:51,803 - DEBUG - 'ErrorPage' successfully loaded!| extra=asctime='2026-03-28 15:20:51,803'
2026-03-28 15:20:51,803 - DEBUG - 'ContextProcessor' successfully loaded!| extra=asctime='2026-03-28 15:20:51,803'
2026-03-28 15:20:51,822 - DEBUG - 'SetupSecurity' successfully loaded!| extra=asctime='2026-03-28 15:20:51,822'
2026-03-28 15:21:33,435 - DEBUG - 'RateLimiter' successfully loaded!| extra=asctime='2026-03-28 15:21:33,435'
2026-03-28 15:21:33,435 - DEBUG - 'InputValiator' successfully loaded!| extra=asctime='2026-03-28 15:21:33,435'
2026-03-28 15:21:33,435 - DEBUG - 'CSRFProtection' successfully loaded!| extra=asctime='2026-03-28 15:21:33,435'
2026-03-28 15:21:33,466 - DEBUG - 'OBSecurity' successfully loaded!| extra=asctime='2026-03-28 15:21:33,466'
2026-03-28 15:21:33,466 - DEBUG - 'ErrorPage' successfully loaded!| extra=asctime='2026-03-28 15:21:33,466'
2026-03-28 15:21:33,466 - DEBUG - 'ContextProcessor' successfully loaded!| extra=asctime='2026-03-28 15:21:33,466'
2026-03-28 15:21:33,466 - DEBUG - 'SetupSecurity' successfully loaded!| extra=asctime='2026-03-28 15:21:33,466'
2026-03-28 15:22:06,497 - DEBUG - 'RateLimiter' successfully loaded!| extra=asctime='2026-03-28 15:22:06,497'
2026-03-28 15:22:06,497 - DEBUG - 'InputValiator' successfully loaded!| extra=asctime='2026-03-28 15:22:06,497'
2026-03-28 15:22:06,497 - DEBUG - 'CSRFProtection' successfully loaded!| extra=asctime='2026-03-28 15:22:06,497'
2026-03-28 15:22:06,535 - DEBUG - 'OBSecurity' successfully loaded!| extra=asctime='2026-03-28 15:22:06,535'
2026-03-28 15:22:06,535 - DEBUG - 'ErrorPage' successfully loaded!| extra=asctime='2026-03-28 15:22:06,535'
2026-03-28 15:22:06,535 - DEBUG - 'ContextProcessor' successfully loaded!| extra=asctime='2026-03-28 15:22:06,535'
2026-03-28 15:22:06,535 - DEBUG - 'SetupSecurity' successfully loaded!| extra=asctime='2026-03-28 15:22:06,535'
2026-03-28 15:22:50,747 - DEBUG - 'RateLimiter' successfully loaded!| extra=asctime='2026-03-28 15:22:50,747'
2026-03-28 15:22:50,748 - DEBUG - 'InputValiator' successfully loaded!| extra=asctime='2026-03-28 15:22:50,748'
2026-03-28 15:22:50,748 - DEBUG - 'CSRFProtection' successfully loaded!| extra=asctime='2026-03-28 15:22:50,748'
2026-03-28 15:22:50,804 - DEBUG - 'OBSecurity' successfully loaded!| extra=asctime='2026-03-28 15:22:50,804'
2026-03-28 15:22:50,804 - DEBUG - 'ErrorPage' successfully loaded!| extra=asctime='2026-03-28 15:22:50,804'
2026-03-28 15:22:50,805 - DEBUG - 'ContextProcessor' successfully loaded!| extra=asctime='2026-03-28 15:22:50,805'
2026-03-28 15:22:50,807 - DEBUG - 'SetupSecurity' successfully loaded!| extra=asctime='2026-03-28 15:22:50,807'
2026-03-28 15:23:01,493 - DEBUG - 'RateLimiter' successfully loaded!| extra=asctime='2026-03-28 15:23:01,493'
2026-03-28 15:23:01,494 - DEBUG - 'InputValiator' successfully loaded!| extra=asctime='2026-03-28 15:23:01,494'
2026-03-28 15:23:01,494 - DEBUG - 'CSRFProtection' successfully loaded!| extra=asctime='2026-03-28 15:23:01,494'
2026-03-28 15:23:01,549 - DEBUG - 'OBSecurity' successfully loaded!| extra=asctime='2026-03-28 15:23:01,549'
2026-03-28 15:23:01,549 - DEBUG - 'ErrorPage' successfully loaded!| extra=asctime='2026-03-28 15:23:01,549'
2026-03-28 15:23:01,552 - DEBUG - 'ContextProcessor' successfully loaded!| extra=asctime='2026-03-28 15:23:01,552'
2026-03-28 15:23:01,554 - DEBUG - 'SetupSecurity' successfully loaded!| extra=asctime='2026-03-28 15:23:01,554'
2026-03-28 15:24:42,748 - DEBUG - 'RateLimiter' successfully loaded!| extra=asctime='2026-03-28 15:24:42,748'
2026-03-28 15:24:42,748 - DEBUG - 'InputValiator' successfully loaded!| extra=asctime='2026-03-28 15:24:42,748'
2026-03-28 15:24:42,748 - DEBUG - 'CSRFProtection' successfully loaded!| extra=asctime='2026-03-28 15:24:42,748'
2026-03-28 15:24:42,786 - DEBUG - 'OBSecurity' successfully loaded!| extra=asctime='2026-03-28 15:24:42,786'
2026-03-28 15:24:42,786 - DEBUG - 'ErrorPage' successfully loaded!| extra=asctime='2026-03-28 15:24:42,786'
2026-03-28 15:24:42,786 - DEBUG - 'ContextProcessor' successfully loaded!| extra=asctime='2026-03-28 15:24:42,786'
2026-03-28 15:24:42,786 - DEBUG - 'SetupSecurity' successfully loaded!| extra=asctime='2026-03-28 15:24:42,786'
2026-03-28 15:24:50,199 - DEBUG - 'RateLimiter' successfully loaded!| extra=asctime='2026-03-28 15:24:50,199'
2026-03-28 15:24:50,199 - DEBUG - 'InputValiator' successfully loaded!| extra=asctime='2026-03-28 15:24:50,199'
2026-03-28 15:24:50,199 - DEBUG - 'CSRFProtection' successfully loaded!| extra=asctime='2026-03-28 15:24:50,199'
2026-03-28 15:24:50,303 - DEBUG - 'OBSecurity' successfully loaded!| extra=asctime='2026-03-28 15:24:50,303'
2026-03-28 15:24:50,309 - DEBUG - 'ErrorPage' successfully loaded!| extra=asctime='2026-03-28 15:24:50,309'
2026-03-28 15:24:50,309 - DEBUG - 'ContextProcessor' successfully loaded!| extra=asctime='2026-03-28 15:24:50,309'
2026-03-28 15:24:50,309 - DEBUG - 'SetupSecurity' successfully loaded!| extra=asctime='2026-03-28 15:24:50,309'
2026-03-28 16:00:38,850 - DEBUG - 'RateLimiter' successfully loaded!| extra=asctime='2026-03-28 16:00:38,850'
2026-03-28 16:00:38,850 - DEBUG - 'InputValiator' successfully loaded!| extra=asctime='2026-03-28 16:00:38,850'
2026-03-28 16:00:38,850 - DEBUG - 'CSRFProtection' successfully loaded!| extra=asctime='2026-03-28 16:00:38,850'
2026-03-28 16:00:38,894 - DEBUG - 'OBSecurity' successfully loaded!| extra=asctime='2026-03-28 16:00:38,894'
2026-03-28 16:00:38,894 - DEBUG - 'ErrorPage' successfully loaded!| extra=asctime='2026-03-28 16:00:38,894'
2026-03-28 16:00:38,894 - DEBUG - 'ContextProcessor' successfully loaded!| extra=asctime='2026-03-28 16:00:38,894'
2026-03-28 16:00:38,894 - DEBUG - 'SetupSecurity' successfully loaded!| extra=asctime='2026-03-28 16:00:38,894'
2026-03-28 16:02:13,413 - DEBUG - 'RateLimiter' successfully loaded!| extra=asctime='2026-03-28 16:02:13,413'
2026-03-28 16:02:13,413 - DEBUG - 'InputValiator' successfully loaded!| extra=asctime='2026-03-28 16:02:13,413'
2026-03-28 16:02:13,413 - DEBUG - 'CSRFProtection' successfully loaded!| extra=asctime='2026-03-28 16:02:13,413'
2026-03-28 16:02:13,444 - DEBUG - 'OBSecurity' successfully loaded!| extra=asctime='2026-03-28 16:02:13,444'
2026-03-28 16:02:13,444 - DEBUG - 'ErrorPage' successfully loaded!| extra=asctime='2026-03-28 16:02:13,444'
2026-03-28 16:02:13,444 - DEBUG - 'ContextProcessor' successfully loaded!| extra=asctime='2026-03-28 16:02:13,444'
2026-03-28 16:02:13,460 - DEBUG - 'SetupSecurity' successfully loaded!| extra=asctime='2026-03-28 16:02:13,460'
2026-03-28 16:02:20,360 - DEBUG - 'RateLimiter' successfully loaded!| extra=asctime='2026-03-28 16:02:20,360'
2026-03-28 16:02:20,360 - DEBUG - 'InputValiator' successfully loaded!| extra=asctime='2026-03-28 16:02:20,360'
2026-03-28 16:02:20,360 - DEBUG - 'CSRFProtection' successfully loaded!| extra=asctime='2026-03-28 16:02:20,360'
2026-03-28 16:02:20,391 - DEBUG - 'OBSecurity' successfully loaded!| extra=asctime='2026-03-28 16:02:20,391'
2026-03-28 16:02:20,391 - DEBUG - 'ErrorPage' successfully loaded!| extra=asctime='2026-03-28 16:02:20,391'
2026-03-28 16:02:20,391 - DEBUG - 'ContextProcessor' successfully loaded!| extra=asctime='2026-03-28 16:02:20,391'
2026-03-28 16:02:20,391 - DEBUG - 'SetupSecurity' successfully loaded!| extra=asctime='2026-03-28 16:02:20,391'
2026-03-28 16:02:27,782 - DEBUG - 'RateLimiter' successfully loaded!| extra=asctime='2026-03-28 16:02:27,782'
2026-03-28 16:02:27,782 - DEBUG - 'InputValiator' successfully loaded!| extra=asctime='2026-03-28 16:02:27,782'
2026-03-28 16:02:27,782 - DEBUG - 'CSRFProtection' successfully loaded!| extra=asctime='2026-03-28 16:02:27,782'
2026-03-28 16:02:27,814 - DEBUG - 'OBSecurity' successfully loaded!| extra=asctime='2026-03-28 16:02:27,814'
2026-03-28 16:02:27,814 - DEBUG - 'ErrorPage' successfully loaded!| extra=asctime='2026-03-28 16:02:27,814'
2026-03-28 16:02:27,814 - DEBUG - 'ContextProcessor' successfully loaded!| extra=asctime='2026-03-28 16:02:27,814'
2026-03-28 16:02:27,814 - DEBUG - 'SetupSecurity' successfully loaded!| extra=asctime='2026-03-28 16:02:27,814'
2026-03-28 16:03:10,076 - DEBUG - 'RateLimiter' successfully loaded!| extra=asctime='2026-03-28 16:03:10,076'
2026-03-28 16:03:10,076 - DEBUG - 'InputValiator' successfully loaded!| extra=asctime='2026-03-28 16:03:10,076'
2026-03-28 16:03:10,076 - DEBUG - 'CSRFProtection' successfully loaded!| extra=asctime='2026-03-28 16:03:10,076'
2026-03-28 16:03:10,128 - DEBUG - 'OBSecurity' successfully loaded!| extra=asctime='2026-03-28 16:03:10,128'
2026-03-28 16:03:10,128 - DEBUG - 'ErrorPage' successfully loaded!| extra=asctime='2026-03-28 16:03:10,128'
2026-03-28 16:03:10,128 - DEBUG - 'ContextProcessor' successfully loaded!| extra=asctime='2026-03-28 16:03:10,128'
2026-03-28 16:03:10,134 - DEBUG - 'SetupSecurity' successfully loaded!| extra=asctime='2026-03-28 16:03:10,134'
2026-03-28 16:03:55,707 - DEBUG - 'RateLimiter' successfully loaded!| extra=asctime='2026-03-28 16:03:55,707'
2026-03-28 16:03:55,707 - DEBUG - 'InputValiator' successfully loaded!| extra=asctime='2026-03-28 16:03:55,707'
2026-03-28 16:03:55,707 - DEBUG - 'CSRFProtection' successfully loaded!| extra=asctime='2026-03-28 16:03:55,707'
2026-03-28 16:03:55,744 - DEBUG - 'OBSecurity' successfully loaded!| extra=asctime='2026-03-28 16:03:55,744'
2026-03-28 16:03:55,744 - DEBUG - 'ErrorPage' successfully loaded!| extra=asctime='2026-03-28 16:03:55,744'
2026-03-28 16:03:55,744 - DEBUG - 'ContextProcessor' successfully loaded!| extra=asctime='2026-03-28 16:03:55,744'
2026-03-28 16:03:55,744 - DEBUG - 'SetupSecurity' successfully loaded!| extra=asctime='2026-03-28 16:03:55,744'
2026-03-28 16:04:51,254 - DEBUG - 'RateLimiter' successfully loaded!| extra=asctime='2026-03-28 16:04:51,254'
2026-03-28 16:04:51,254 - DEBUG - 'InputValiator' successfully loaded!| extra=asctime='2026-03-28 16:04:51,254'
2026-03-28 16:04:51,254 - DEBUG - 'CSRFProtection' successfully loaded!| extra=asctime='2026-03-28 16:04:51,254'
2026-03-28 16:04:51,301 - DEBUG - 'OBSecurity' successfully loaded!| extra=asctime='2026-03-28 16:04:51,301'
2026-03-28 16:04:51,301 - DEBUG - 'ErrorPage' successfully loaded!| extra=asctime='2026-03-28 16:04:51,301'
2026-03-28 16:04:51,324 - DEBUG - 'ContextProcessor' successfully loaded!| extra=asctime='2026-03-28 16:04:51,324'
2026-03-28 16:04:51,326 - DEBUG - 'SetupSecurity' successfully loaded!| extra=asctime='2026-03-28 16:04:51,326'
2026-03-28 16:06:17,059 - DEBUG - 'RateLimiter' successfully loaded!| extra=asctime='2026-03-28 16:06:17,059'
2026-03-28 16:06:17,067 - DEBUG - 'InputValiator' successfully loaded!| extra=asctime='2026-03-28 16:06:17,067'
2026-03-28 16:06:17,067 - DEBUG - 'CSRFProtection' successfully loaded!| extra=asctime='2026-03-28 16:06:17,067'
2026-03-28 16:06:17,109 - DEBUG - 'OBSecurity' successfully loaded!| extra=asctime='2026-03-28 16:06:17,109'
2026-03-28 16:06:17,109 - DEBUG - 'ErrorPage' successfully loaded!| extra=asctime='2026-03-28 16:06:17,109'
2026-03-28 16:06:17,109 - DEBUG - 'ContextProcessor' successfully loaded!| extra=asctime='2026-03-28 16:06:17,109'
2026-03-28 16:06:17,109 - DEBUG - 'SetupSecurity' successfully loaded!| extra=asctime='2026-03-28 16:06:17,109'
2026-03-28 16:07:50,883 - DEBUG - 'RateLimiter' successfully loaded!| extra=asctime='2026-03-28 16:07:50,883'
2026-03-28 16:07:50,883 - DEBUG - 'InputValiator' successfully loaded!| extra=asctime='2026-03-28 16:07:50,883'
2026-03-28 16:07:50,883 - DEBUG - 'CSRFProtection' successfully loaded!| extra=asctime='2026-03-28 16:07:50,883'
2026-03-28 16:07:50,934 - DEBUG - 'OBSecurity' successfully loaded!| extra=asctime='2026-03-28 16:07:50,934'
2026-03-28 16:07:50,934 - DEBUG - 'ErrorPage' successfully loaded!| extra=asctime='2026-03-28 16:07:50,934'
2026-03-28 16:07:50,935 - DEBUG - 'ContextProcessor' successfully loaded!| extra=asctime='2026-03-28 16:07:50,935'
2026-03-28 16:07:50,936 - DEBUG - 'SetupSecurity' successfully loaded!| extra=asctime='2026-03-28 16:07:50,936'
2026-03-28 16:08:01,359 - DEBUG - 'RateLimiter' successfully loaded!| extra=asctime='2026-03-28 16:08:01,359'
2026-03-28 16:08:01,359 - DEBUG - 'InputValiator' successfully loaded!| extra=asctime='2026-03-28 16:08:01,359'
2026-03-28 16:08:01,359 - DEBUG - 'CSRFProtection' successfully loaded!| extra=asctime='2026-03-28 16:08:01,359'
2026-03-28 16:08:01,409 - DEBUG - 'OBSecurity' successfully loaded!| extra=asctime='2026-03-28 16:08:01,409'
2026-03-28 16:08:01,409 - DEBUG - 'ErrorPage' successfully loaded!| extra=asctime='2026-03-28 16:08:01,409'
2026-03-28 16:08:01,409 - DEBUG - 'ContextProcessor' successfully loaded!| extra=asctime='2026-03-28 16:08:01,409'
2026-03-28 16:08:01,409 - DEBUG - 'SetupSecurity' successfully loaded!| extra=asctime='2026-03-28 16:08:01,409'
2026-03-28 16:09:01,108 - DEBUG - 'RateLimiter' successfully loaded!| extra=asctime='2026-03-28 16:09:01,108'
2026-03-28 16:09:01,108 - DEBUG - 'InputValiator' successfully loaded!| extra=asctime='2026-03-28 16:09:01,108'
2026-03-28 16:09:01,128 - DEBUG - 'CSRFProtection' successfully loaded!| extra=asctime='2026-03-28 16:09:01,128'
2026-03-28 16:09:01,483 - DEBUG - 'OBSecurity' successfully loaded!| extra=asctime='2026-03-28 16:09:01,483'
2026-03-28 16:09:01,484 - DEBUG - 'ErrorPage' successfully loaded!| extra=asctime='2026-03-28 16:09:01,484'
2026-03-28 16:09:01,484 - DEBUG - 'ContextProcessor' successfully loaded!| extra=asctime='2026-03-28 16:09:01,484'
2026-03-28 16:09:01,491 - DEBUG - 'SetupSecurity' successfully loaded!| extra=asctime='2026-03-28 16:09:01,491'
2026-03-28 16:09:07,381 - DEBUG - 'RateLimiter' successfully loaded!| extra=asctime='2026-03-28 16:09:07,381'
2026-03-28 16:09:07,381 - DEBUG - 'InputValiator' successfully loaded!| extra=asctime='2026-03-28 16:09:07,381'
2026-03-28 16:09:07,382 - DEBUG - 'CSRFProtection' successfully loaded!| extra=asctime='2026-03-28 16:09:07,382'
2026-03-28 16:09:07,438 - DEBUG - 'OBSecurity' successfully loaded!| extra=asctime='2026-03-28 16:09:07,438'
2026-03-28 16:09:07,438 - DEBUG - 'ErrorPage' successfully loaded!| extra=asctime='2026-03-28 16:09:07,438'
2026-03-28 16:09:07,438 - DEBUG - 'ContextProcessor' successfully loaded!| extra=asctime='2026-03-28 16:09:07,438'
2026-03-28 16:09:07,446 - DEBUG - 'SetupSecurity' successfully loaded!| extra=asctime='2026-03-28 16:09:07,446'
2026-03-28 16:09:17,459 - DEBUG - 'RateLimiter' successfully loaded!| extra=asctime='2026-03-28 16:09:17,459'
2026-03-28 16:09:17,459 - DEBUG - 'InputValiator' successfully loaded!| extra=asctime='2026-03-28 16:09:17,459'
2026-03-28 16:09:17,459 - DEBUG - 'CSRFProtection' successfully loaded!| extra=asctime='2026-03-28 16:09:17,459'
2026-03-28 16:09:17,497 - DEBUG - 'OBSecurity' successfully loaded!| extra=asctime='2026-03-28 16:09:17,497'
2026-03-28 16:09:17,497 - DEBUG - 'ErrorPage' successfully loaded!| extra=asctime='2026-03-28 16:09:17,497'
2026-03-28 16:09:17,497 - DEBUG - 'ContextProcessor' successfully loaded!| extra=asctime='2026-03-28 16:09:17,497'
2026-03-28 16:09:17,512 - DEBUG - 'SetupSecurity' successfully loaded!| extra=asctime='2026-03-28 16:09:17,512'
2026-03-28 16:09:30,615 - DEBUG - 'RateLimiter' successfully loaded!| extra=asctime='2026-03-28 16:09:30,615'
2026-03-28 16:09:30,615 - DEBUG - 'InputValiator' successfully loaded!| extra=asctime='2026-03-28 16:09:30,615'
2026-03-28 16:09:30,615 - DEBUG - 'CSRFProtection' successfully loaded!| extra=asctime='2026-03-28 16:09:30,615'
2026-03-28 16:09:30,662 - DEBUG - 'OBSecurity' successfully loaded!| extra=asctime='2026-03-28 16:09:30,662'
2026-03-28 16:09:30,662 - DEBUG - 'ErrorPage' successfully loaded!| extra=asctime='2026-03-28 16:09:30,662'
2026-03-28 16:09:30,662 - DEBUG - 'ContextProcessor' successfully loaded!| extra=asctime='2026-03-28 16:09:30,662'
2026-03-28 16:09:30,662 - DEBUG - 'SetupSecurity' successfully loaded!| extra=asctime='2026-03-28 16:09:30,662'
2026-03-28 16:09:44,669 - DEBUG - 'RateLimiter' successfully loaded!| extra=asctime='2026-03-28 16:09:44,669'
2026-03-28 16:09:44,669 - DEBUG - 'InputValiator' successfully loaded!| extra=asctime='2026-03-28 16:09:44,669'
2026-03-28 16:09:44,669 - DEBUG - 'CSRFProtection' successfully loaded!| extra=asctime='2026-03-28 16:09:44,669'
2026-03-28 16:09:44,810 - DEBUG - 'OBSecurity' successfully loaded!| extra=asctime='2026-03-28 16:09:44,810'
2026-03-28 16:09:44,810 - DEBUG - 'ErrorPage' successfully loaded!| extra=asctime='2026-03-28 16:09:44,810'
2026-03-28 16:09:44,810 - DEBUG - 'ContextProcessor' successfully loaded!| extra=asctime='2026-03-28 16:09:44,810'
2026-03-28 16:09:44,832 - DEBUG - 'SetupSecurity' successfully loaded!| extra=asctime='2026-03-28 16:09:44,832'
2026-03-28 16:10:45,314 - DEBUG - 'RateLimiter' successfully loaded!| extra=asctime='2026-03-28 16:10:45,314'
2026-03-28 16:10:45,314 - DEBUG - 'InputValiator' successfully loaded!| extra=asctime='2026-03-28 16:10:45,314'
2026-03-28 16:10:45,314 - DEBUG - 'CSRFProtection' successfully loaded!| extra=asctime='2026-03-28 16:10:45,314'
2026-03-28 16:10:45,560 - DEBUG - 'OBSecurity' successfully loaded!| extra=asctime='2026-03-28 16:10:45,560'
2026-03-28 16:10:45,560 - DEBUG - 'ErrorPage' successfully loaded!| extra=asctime='2026-03-28 16:10:45,560'
2026-03-28 16:10:45,560 - DEBUG - 'ContextProcessor' successfully loaded!| extra=asctime='2026-03-28 16:10:45,560'
2026-03-28 16:10:45,567 - DEBUG - 'SetupSecurity' successfully loaded!| extra=asctime='2026-03-28 16:10:45,567'
2026-03-28 16:10:51,940 - DEBUG - 'RateLimiter' successfully loaded!| extra=asctime='2026-03-28 16:10:51,940'
2026-03-28 16:10:51,940 - DEBUG - 'InputValiator' successfully loaded!| extra=asctime='2026-03-28 16:10:51,940'
2026-03-28 16:10:51,940 - DEBUG - 'CSRFProtection' successfully loaded!| extra=asctime='2026-03-28 16:10:51,940'
2026-03-28 16:10:51,965 - DEBUG - 'OBSecurity' successfully loaded!| extra=asctime='2026-03-28 16:10:51,965'
2026-03-28 16:10:51,965 - DEBUG - 'ErrorPage' successfully loaded!| extra=asctime='2026-03-28 16:10:51,965'
2026-03-28 16:10:51,965 - DEBUG - 'ContextProcessor' successfully loaded!| extra=asctime='2026-03-28 16:10:51,965'
2026-03-28 16:10:51,980 - DEBUG - 'SetupSecurity' successfully loaded!| extra=asctime='2026-03-28 16:10:51,980'
2026-03-28 16:15:43,527 - DEBUG - 'RateLimiter' successfully loaded!| extra=asctime='2026-03-28 16:15:43,527'
2026-03-28 16:15:43,527 - DEBUG - 'InputValiator' successfully loaded!| extra=asctime='2026-03-28 16:15:43,527'
2026-03-28 16:15:43,527 - DEBUG - 'CSRFProtection' successfully loaded!| extra=asctime='2026-03-28 16:15:43,527'
2026-03-28 16:15:43,556 - DEBUG - 'OBSecurity' successfully loaded!| extra=asctime='2026-03-28 16:15:43,556'
2026-03-28 16:15:43,556 - DEBUG - 'ErrorPage' successfully loaded!| extra=asctime='2026-03-28 16:15:43,556'
2026-03-28 16:15:43,556 - DEBUG - 'ContextProcessor' successfully loaded!| extra=asctime='2026-03-28 16:15:43,556'
2026-03-28 16:15:43,556 - DEBUG - 'SetupSecurity' successfully loaded!| extra=asctime='2026-03-28 16:15:43,556'
2026-03-28 16:17:36,689 - DEBUG - 'RateLimiter' successfully loaded!| extra=asctime='2026-03-28 16:17:36,689'
2026-03-28 16:17:36,689 - DEBUG - 'InputValiator' successfully loaded!| extra=asctime='2026-03-28 16:17:36,689'
2026-03-28 16:17:36,689 - DEBUG - 'CSRFProtection' successfully loaded!| extra=asctime='2026-03-28 16:17:36,689'
2026-03-28 16:17:36,733 - DEBUG - 'OBSecurity' successfully loaded!| extra=asctime='2026-03-28 16:17:36,733'
2026-03-28 16:17:36,733 - DEBUG - 'ErrorPage' successfully loaded!| extra=asctime='2026-03-28 16:17:36,733'
2026-03-28 16:17:36,733 - DEBUG - 'ContextProcessor' successfully loaded!| extra=asctime='2026-03-28 16:17:36,733'
2026-03-28 16:17:36,733 - DEBUG - 'SetupSecurity' successfully loaded!| extra=asctime='2026-03-28 16:17:36,733'
2026-03-28 16:20:35,116 - DEBUG - 'RateLimiter' successfully loaded!| extra=asctime='2026-03-28 16:20:35,116'
2026-03-28 16:20:35,116 - DEBUG - 'InputValiator' successfully loaded!| extra=asctime='2026-03-28 16:20:35,116'
2026-03-28 16:20:35,116 - DEBUG - 'CSRFProtection' successfully loaded!| extra=asctime='2026-03-28 16:20:35,116'
2026-03-28 16:20:35,149 - DEBUG - 'OBSecurity' successfully loaded!| extra=asctime='2026-03-28 16:20:35,149'
2026-03-28 16:20:35,149 - DEBUG - 'ErrorPage' successfully loaded!| extra=asctime='2026-03-28 16:20:35,149'
2026-03-28 16:20:35,149 - DEBUG - 'ContextProcessor' successfully loaded!| extra=asctime='2026-03-28 16:20:35,149'
2026-03-28 16:20:35,149 - DEBUG - 'SetupSecurity' successfully loaded!| extra=asctime='2026-03-28 16:20:35,149'
2026-03-28 16:34:56,344 - DEBUG - 'RateLimiter' successfully loaded!| extra=asctime='2026-03-28 16:34:56,344'
2026-03-28 16:34:56,344 - DEBUG - 'InputValiator' successfully loaded!| extra=asctime='2026-03-28 16:34:56,344'
2026-03-28 16:34:56,344 - DEBUG - 'CSRFProtection' successfully loaded!| extra=asctime='2026-03-28 16:34:56,344'
2026-03-28 16:34:56,513 - DEBUG - 'OBSecurity' successfully loaded!| extra=asctime='2026-03-28 16:34:56,513'
2026-03-28 16:34:56,513 - DEBUG - 'ErrorPage' successfully loaded!| extra=asctime='2026-03-28 16:34:56,513'
2026-03-28 16:34:56,513 - DEBUG - 'ContextProcessor' successfully loaded!| extra=asctime='2026-03-28 16:34:56,513'
2026-03-28 16:34:56,529 - DEBUG - 'SetupSecurity' successfully loaded!| extra=asctime='2026-03-28 16:34:56,529'
2026-03-28 16:34:59,239 - DEBUG - 'RateLimiter' successfully loaded!| extra=asctime='2026-03-28 16:34:59,239'
2026-03-28 16:34:59,239 - DEBUG - 'InputValiator' successfully loaded!| extra=asctime='2026-03-28 16:34:59,239'
2026-03-28 16:34:59,239 - DEBUG - 'CSRFProtection' successfully loaded!| extra=asctime='2026-03-28 16:34:59,239'
2026-03-28 16:34:59,277 - DEBUG - 'OBSecurity' successfully loaded!| extra=asctime='2026-03-28 16:34:59,277'
2026-03-28 16:34:59,277 - DEBUG - 'ErrorPage' successfully loaded!| extra=asctime='2026-03-28 16:34:59,277'
2026-03-28 16:34:59,277 - DEBUG - 'ContextProcessor' successfully loaded!| extra=asctime='2026-03-28 16:34:59,277'
2026-03-28 16:34:59,277 - DEBUG - 'SetupSecurity' successfully loaded!| extra=asctime='2026-03-28 16:34:59,277'
