2026-03-28 09:38:09,572 - DEBUG - setup_security: loaded 0 handlers from domain.WebApp_service.plugin.internal.protection.security.protector.csrf.CSRF_protection| extra=asctime='2026-03-28 09:38:09,572'
2026-03-28 09:38:09,572 - DEBUG - setup_security: loaded 0 handlers from domain.WebApp_service.plugin.internal.protection.security.protector.input.InputValidator| extra=asctime='2026-03-28 09:38:09,572'
2026-03-28 09:38:09,573 - DEBUG - setup_security: loaded 0 handlers from domain.WebApp_service.plugin.internal.protection.security.protector.ratelimit.RateLimiter| extra=asctime='2026-03-28 09:38:09,573'
2026-03-28 09:38:09,573 - DEBUG - setup_security: loaded 0 handlers from domain.WebApp_service.plugin.internal.protection.security.protector.obsec.Obsecurity| extra=asctime='2026-03-28 09:38:09,573'
2026-03-28 09:38:13,456 - DEBUG - setup_security: loaded 0 handlers from domain.WebApp_service.plugin.internal.protection.security.protector.csrf.CSRF_protection| extra=asctime='2026-03-28 09:38:13,456'
2026-03-28 09:38:13,457 - DEBUG - setup_security: loaded 0 handlers from domain.WebApp_service.plugin.internal.protection.security.protector.input.InputValidator| extra=asctime='2026-03-28 09:38:13,457'
2026-03-28 09:38:13,457 - DEBUG - setup_security: loaded 0 handlers from domain.WebApp_service.plugin.internal.protection.security.protector.ratelimit.RateLimiter| extra=asctime='2026-03-28 09:38:13,457'
2026-03-28 09:38:13,457 - DEBUG - setup_security: loaded 0 handlers from domain.WebApp_service.plugin.internal.protection.security.protector.obsec.Obsecurity| extra=asctime='2026-03-28 09:38:13,457'
2026-03-28 10:25:52,671 - DEBUG - setup_security: loaded 0 handlers from domain.WebApp_service.plugin.internal.protection.security.protector.csrf.CSRF_protection| extra=asctime='2026-03-28 10:25:52,671'
2026-03-28 10:25:52,671 - DEBUG - setup_security: loaded 0 handlers from domain.WebApp_service.plugin.internal.protection.security.protector.input.InputValidator| extra=asctime='2026-03-28 10:25:52,671'
2026-03-28 10:25:52,689 - DEBUG - setup_security: loaded 0 handlers from domain.WebApp_service.plugin.internal.protection.security.protector.ratelimit.RateLimiter| extra=asctime='2026-03-28 10:25:52,689'
2026-03-28 10:25:52,689 - DEBUG - setup_security: loaded 0 handlers from domain.WebApp_service.plugin.internal.protection.security.protector.obsec.Obsecurity| extra=asctime='2026-03-28 10:25:52,689'
2026-03-28 11:02:06,498 - DEBUG - setup_security: loaded 0 handlers from domain.WebApp_service.plugin.internal.protection.security.protector.csrf.CSRF_protection| extra=asctime='2026-03-28 11:02:06,498'
2026-03-28 11:02:06,498 - DEBUG - setup_security: loaded 0 handlers from domain.WebApp_service.plugin.internal.protection.security.protector.input.InputValidator| extra=asctime='2026-03-28 11:02:06,498'
2026-03-28 11:02:06,498 - DEBUG - setup_security: loaded 0 handlers from domain.WebApp_service.plugin.internal.protection.security.protector.ratelimit.RateLimiter| extra=asctime='2026-03-28 11:02:06,498'
2026-03-28 11:02:06,498 - DEBUG - setup_security: loaded 0 handlers from domain.WebApp_service.plugin.internal.protection.security.protector.obsec.Obsecurity| extra=asctime='2026-03-28 11:02:06,498'
2026-03-28 11:02:43,448 - DEBUG - setup_security: loaded 0 handlers from domain.WebApp_service.plugin.internal.protection.security.protector.csrf.CSRF_protection| extra=asctime='2026-03-28 11:02:43,448'
2026-03-28 11:02:43,448 - DEBUG - setup_security: loaded 0 handlers from domain.WebApp_service.plugin.internal.protection.security.protector.input.InputValidator| extra=asctime='2026-03-28 11:02:43,448'
2026-03-28 11:02:43,448 - DEBUG - setup_security: loaded 0 handlers from domain.WebApp_service.plugin.internal.protection.security.protector.ratelimit.RateLimiter| extra=asctime='2026-03-28 11:02:43,448'
2026-03-28 11:02:43,448 - DEBUG - setup_security: loaded 0 handlers from domain.WebApp_service.plugin.internal.protection.security.protector.obsec.Obsecurity| extra=asctime='2026-03-28 11:02:43,448'
2026-03-28 11:33:05,123 - DEBUG - setup_security: loaded 0 handlers from domain.WebApp_service.plugin.internal.protection.security.protector.csrf.CSRF_protection| extra=asctime='2026-03-28 11:33:05,123'
2026-03-28 11:33:05,123 - DEBUG - setup_security: loaded 0 handlers from domain.WebApp_service.plugin.internal.protection.security.protector.input.InputValidator| extra=asctime='2026-03-28 11:33:05,123'
2026-03-28 11:33:05,123 - DEBUG - setup_security: loaded 0 handlers from domain.WebApp_service.plugin.internal.protection.security.protector.ratelimit.RateLimiter| extra=asctime='2026-03-28 11:33:05,123'
2026-03-28 11:33:05,123 - DEBUG - setup_security: loaded 0 handlers from domain.WebApp_service.plugin.internal.protection.security.protector.obsec.Obsecurity| extra=asctime='2026-03-28 11:33:05,123'
2026-03-28 11:48:21,386 - DEBUG - setup_security: loaded 0 handlers from domain.WebApp_service.plugin.internal.protection.security.protector.csrf.CSRF_protection| extra=asctime='2026-03-28 11:48:21,386'
2026-03-28 11:48:21,386 - DEBUG - setup_security: loaded 0 handlers from domain.WebApp_service.plugin.internal.protection.security.protector.input.InputValidator| extra=asctime='2026-03-28 11:48:21,386'
2026-03-28 11:48:21,386 - DEBUG - setup_security: loaded 0 handlers from domain.WebApp_service.plugin.internal.protection.security.protector.ratelimit.RateLimiter| extra=asctime='2026-03-28 11:48:21,386'
2026-03-28 11:48:21,386 - DEBUG - setup_security: loaded 0 handlers from domain.WebApp_service.plugin.internal.protection.security.protector.obsec.Obsecurity| extra=asctime='2026-03-28 11:48:21,386'
2026-03-28 12:25:32,013 - DEBUG - setup_security: loaded 0 handlers from domain.WebApp_service.plugin.internal.protection.security.protector.csrf.CSRF_protection| extra=asctime='2026-03-28 12:25:32,013'
2026-03-28 12:25:32,013 - DEBUG - setup_security: loaded 0 handlers from domain.WebApp_service.plugin.internal.protection.security.protector.input.InputValidator| extra=asctime='2026-03-28 12:25:32,013'
2026-03-28 12:25:32,013 - DEBUG - setup_security: loaded 0 handlers from domain.WebApp_service.plugin.internal.protection.security.protector.ratelimit.RateLimiter| extra=asctime='2026-03-28 12:25:32,013'
2026-03-28 12:25:32,013 - DEBUG - setup_security: loaded 0 handlers from domain.WebApp_service.plugin.internal.protection.security.protector.obsec.Obsecurity| extra=asctime='2026-03-28 12:25:32,013'
2026-03-28 12:26:56,312 - DEBUG - setup_security: loaded 0 handlers from domain.WebApp_service.plugin.internal.protection.security.protector.csrf.CSRF_protection| extra=asctime='2026-03-28 12:26:56,312'
2026-03-28 12:26:56,312 - DEBUG - setup_security: loaded 0 handlers from domain.WebApp_service.plugin.internal.protection.security.protector.input.InputValidator| extra=asctime='2026-03-28 12:26:56,312'
2026-03-28 12:26:56,312 - DEBUG - setup_security: loaded 0 handlers from domain.WebApp_service.plugin.internal.protection.security.protector.ratelimit.RateLimiter| extra=asctime='2026-03-28 12:26:56,312'
2026-03-28 12:26:56,312 - DEBUG - setup_security: loaded 0 handlers from domain.WebApp_service.plugin.internal.protection.security.protector.obsec.Obsecurity| extra=asctime='2026-03-28 12:26:56,312'
2026-03-28 12:30:22,871 - DEBUG - setup_security: loaded 0 handlers from domain.WebApp_service.plugin.internal.protection.security.protector.csrf.CSRF_protection| extra=asctime='2026-03-28 12:30:22,871'
2026-03-28 12:30:22,881 - DEBUG - setup_security: loaded 0 handlers from domain.WebApp_service.plugin.internal.protection.security.protector.input.InputValidator| extra=asctime='2026-03-28 12:30:22,881'
2026-03-28 12:30:22,881 - DEBUG - setup_security: loaded 0 handlers from domain.WebApp_service.plugin.internal.protection.security.protector.ratelimit.RateLimiter| extra=asctime='2026-03-28 12:30:22,881'
2026-03-28 12:30:22,881 - DEBUG - setup_security: loaded 0 handlers from domain.WebApp_service.plugin.internal.protection.security.protector.obsec.Obsecurity| extra=asctime='2026-03-28 12:30:22,881'
2026-03-28 12:30:40,697 - DEBUG - setup_security: loaded 0 handlers from domain.WebApp_service.plugin.internal.protection.security.protector.csrf.CSRF_protection| extra=asctime='2026-03-28 12:30:40,697'
2026-03-28 12:30:40,697 - DEBUG - setup_security: loaded 0 handlers from domain.WebApp_service.plugin.internal.protection.security.protector.input.InputValidator| extra=asctime='2026-03-28 12:30:40,697'
2026-03-28 12:30:40,697 - DEBUG - setup_security: loaded 0 handlers from domain.WebApp_service.plugin.internal.protection.security.protector.ratelimit.RateLimiter| extra=asctime='2026-03-28 12:30:40,697'
2026-03-28 12:30:40,697 - DEBUG - setup_security: loaded 0 handlers from domain.WebApp_service.plugin.internal.protection.security.protector.obsec.Obsecurity| extra=asctime='2026-03-28 12:30:40,697'
2026-03-28 12:30:49,393 - DEBUG - setup_security: loaded 0 handlers from domain.WebApp_service.plugin.internal.protection.security.protector.csrf.CSRF_protection| extra=asctime='2026-03-28 12:30:49,393'
2026-03-28 12:30:49,393 - DEBUG - setup_security: loaded 0 handlers from domain.WebApp_service.plugin.internal.protection.security.protector.input.InputValidator| extra=asctime='2026-03-28 12:30:49,393'
2026-03-28 12:30:49,393 - DEBUG - setup_security: loaded 0 handlers from domain.WebApp_service.plugin.internal.protection.security.protector.ratelimit.RateLimiter| extra=asctime='2026-03-28 12:30:49,393'
2026-03-28 12:30:49,393 - DEBUG - setup_security: loaded 0 handlers from domain.WebApp_service.plugin.internal.protection.security.protector.obsec.Obsecurity| extra=asctime='2026-03-28 12:30:49,393'
2026-03-28 12:30:57,264 - DEBUG - setup_security: loaded 0 handlers from domain.WebApp_service.plugin.internal.protection.security.protector.csrf.CSRF_protection| extra=asctime='2026-03-28 12:30:57,264'
2026-03-28 12:30:57,264 - DEBUG - setup_security: loaded 0 handlers from domain.WebApp_service.plugin.internal.protection.security.protector.input.InputValidator| extra=asctime='2026-03-28 12:30:57,264'
2026-03-28 12:30:57,264 - DEBUG - setup_security: loaded 0 handlers from domain.WebApp_service.plugin.internal.protection.security.protector.ratelimit.RateLimiter| extra=asctime='2026-03-28 12:30:57,264'
2026-03-28 12:30:57,264 - DEBUG - setup_security: loaded 0 handlers from domain.WebApp_service.plugin.internal.protection.security.protector.obsec.Obsecurity| extra=asctime='2026-03-28 12:30:57,264'
2026-03-28 12:31:03,260 - DEBUG - setup_security: loaded 0 handlers from domain.WebApp_service.plugin.internal.protection.security.protector.csrf.CSRF_protection| extra=asctime='2026-03-28 12:31:03,260'
2026-03-28 12:31:03,260 - DEBUG - setup_security: loaded 0 handlers from domain.WebApp_service.plugin.internal.protection.security.protector.input.InputValidator| extra=asctime='2026-03-28 12:31:03,260'
2026-03-28 12:31:03,260 - DEBUG - setup_security: loaded 0 handlers from domain.WebApp_service.plugin.internal.protection.security.protector.ratelimit.RateLimiter| extra=asctime='2026-03-28 12:31:03,260'
2026-03-28 12:31:03,260 - DEBUG - setup_security: loaded 0 handlers from domain.WebApp_service.plugin.internal.protection.security.protector.obsec.Obsecurity| extra=asctime='2026-03-28 12:31:03,260'
2026-03-28 12:31:53,127 - DEBUG - setup_security: loaded 0 handlers from domain.WebApp_service.plugin.internal.protection.security.protector.csrf.CSRF_protection| extra=asctime='2026-03-28 12:31:53,127'
2026-03-28 12:31:53,128 - DEBUG - setup_security: loaded 0 handlers from domain.WebApp_service.plugin.internal.protection.security.protector.input.InputValidator| extra=asctime='2026-03-28 12:31:53,128'
2026-03-28 12:31:53,128 - DEBUG - setup_security: loaded 0 handlers from domain.WebApp_service.plugin.internal.protection.security.protector.ratelimit.RateLimiter| extra=asctime='2026-03-28 12:31:53,128'
2026-03-28 12:31:53,129 - DEBUG - setup_security: loaded 0 handlers from domain.WebApp_service.plugin.internal.protection.security.protector.obsec.Obsecurity| extra=asctime='2026-03-28 12:31:53,129'
2026-03-28 12:37:19,173 - DEBUG - setup_security: loaded 0 handlers from domain.WebApp_service.plugin.internal.protection.security.protector.csrf.CSRF_protection| extra=asctime='2026-03-28 12:37:19,173'
2026-03-28 12:37:19,175 - DEBUG - setup_security: loaded 0 handlers from domain.WebApp_service.plugin.internal.protection.security.protector.input.InputValidator| extra=asctime='2026-03-28 12:37:19,175'
2026-03-28 12:37:19,175 - DEBUG - setup_security: loaded 0 handlers from domain.WebApp_service.plugin.internal.protection.security.protector.ratelimit.RateLimiter| extra=asctime='2026-03-28 12:37:19,175'
2026-03-28 12:37:19,175 - DEBUG - setup_security: loaded 0 handlers from domain.WebApp_service.plugin.internal.protection.security.protector.obsec.Obsecurity| extra=asctime='2026-03-28 12:37:19,175'
2026-03-28 12:51:48,693 - DEBUG - setup_security: loaded 0 handlers from domain.WebApp_service.plugin.internal.protection.security.protector.csrf.CSRF_protection| extra=asctime='2026-03-28 12:51:48,693'
2026-03-28 12:51:48,693 - DEBUG - setup_security: loaded 0 handlers from domain.WebApp_service.plugin.internal.protection.security.protector.input.InputValidator| extra=asctime='2026-03-28 12:51:48,693'
2026-03-28 12:51:48,693 - DEBUG - setup_security: loaded 0 handlers from domain.WebApp_service.plugin.internal.protection.security.protector.ratelimit.RateLimiter| extra=asctime='2026-03-28 12:51:48,693'
2026-03-28 12:51:48,693 - DEBUG - setup_security: loaded 0 handlers from domain.WebApp_service.plugin.internal.protection.security.protector.obsec.Obsecurity| extra=asctime='2026-03-28 12:51:48,693'
2026-03-28 12:53:13,068 - DEBUG - setup_security: loaded 0 handlers from domain.WebApp_service.plugin.internal.protection.security.protector.csrf.CSRF_protection| extra=asctime='2026-03-28 12:53:13,068'
2026-03-28 12:53:13,070 - DEBUG - setup_security: loaded 0 handlers from domain.WebApp_service.plugin.internal.protection.security.protector.input.InputValidator| extra=asctime='2026-03-28 12:53:13,070'
2026-03-28 12:53:13,070 - DEBUG - setup_security: loaded 0 handlers from domain.WebApp_service.plugin.internal.protection.security.protector.ratelimit.RateLimiter| extra=asctime='2026-03-28 12:53:13,070'
2026-03-28 12:53:13,070 - DEBUG - setup_security: loaded 0 handlers from domain.WebApp_service.plugin.internal.protection.security.protector.obsec.Obsecurity| extra=asctime='2026-03-28 12:53:13,070'
2026-03-28 12:54:45,891 - DEBUG - setup_security: loaded 0 handlers from domain.WebApp_service.plugin.internal.protection.security.protector.csrf.CSRF_protection| extra=asctime='2026-03-28 12:54:45,891'
2026-03-28 12:54:45,891 - DEBUG - setup_security: loaded 0 handlers from domain.WebApp_service.plugin.internal.protection.security.protector.input.InputValidator| extra=asctime='2026-03-28 12:54:45,891'
2026-03-28 12:54:45,899 - DEBUG - setup_security: loaded 0 handlers from domain.WebApp_service.plugin.internal.protection.security.protector.ratelimit.RateLimiter| extra=asctime='2026-03-28 12:54:45,899'
2026-03-28 12:54:45,899 - DEBUG - setup_security: loaded 0 handlers from domain.WebApp_service.plugin.internal.protection.security.protector.obsec.Obsecurity| extra=asctime='2026-03-28 12:54:45,899'
2026-03-28 13:00:29,577 - DEBUG - setup_security: loaded 0 handlers from domain.WebApp_service.plugin.internal.protection.security.protector.csrf.CSRF_protection| extra=asctime='2026-03-28 13:00:29,577'
2026-03-28 13:00:29,587 - DEBUG - setup_security: loaded 0 handlers from domain.WebApp_service.plugin.internal.protection.security.protector.input.InputValidator| extra=asctime='2026-03-28 13:00:29,587'
2026-03-28 13:00:29,595 - DEBUG - setup_security: loaded 0 handlers from domain.WebApp_service.plugin.internal.protection.security.protector.ratelimit.RateLimiter| extra=asctime='2026-03-28 13:00:29,595'
2026-03-28 13:00:29,597 - DEBUG - setup_security: loaded 0 handlers from domain.WebApp_service.plugin.internal.protection.security.protector.obsec.Obsecurity| extra=asctime='2026-03-28 13:00:29,597'
2026-03-28 13:02:05,108 - DEBUG - setup_security: loaded 0 handlers from domain.WebApp_service.plugin.internal.protection.security.protector.csrf.CSRF_protection| extra=asctime='2026-03-28 13:02:05,108'
2026-03-28 13:02:05,110 - DEBUG - setup_security: loaded 0 handlers from domain.WebApp_service.plugin.internal.protection.security.protector.input.InputValidator| extra=asctime='2026-03-28 13:02:05,110'
2026-03-28 13:02:05,110 - DEBUG - setup_security: loaded 0 handlers from domain.WebApp_service.plugin.internal.protection.security.protector.ratelimit.RateLimiter| extra=asctime='2026-03-28 13:02:05,110'
2026-03-28 13:02:05,120 - DEBUG - setup_security: loaded 0 handlers from domain.WebApp_service.plugin.internal.protection.security.protector.obsec.Obsecurity| extra=asctime='2026-03-28 13:02:05,120'
2026-03-28 13:09:46,810 - DEBUG - setup_security: loaded 0 handlers from domain.WebApp_service.plugin.internal.protection.security.protector.csrf.CSRF_protection| extra=asctime='2026-03-28 13:09:46,810'
2026-03-28 13:09:46,810 - DEBUG - setup_security: loaded 0 handlers from domain.WebApp_service.plugin.internal.protection.security.protector.input.InputValidator| extra=asctime='2026-03-28 13:09:46,810'
2026-03-28 13:09:46,810 - DEBUG - setup_security: loaded 0 handlers from domain.WebApp_service.plugin.internal.protection.security.protector.ratelimit.RateLimiter| extra=asctime='2026-03-28 13:09:46,810'
2026-03-28 13:09:46,810 - DEBUG - setup_security: loaded 0 handlers from domain.WebApp_service.plugin.internal.protection.security.protector.obsec.Obsecurity| extra=asctime='2026-03-28 13:09:46,810'
2026-03-28 13:22:42,274 - DEBUG - setup_security: loaded 0 handlers from domain.WebApp_service.plugin.internal.protection.security.protector.csrf.CSRF_protection| extra=asctime='2026-03-28 13:22:42,274'
2026-03-28 13:22:42,274 - DEBUG - setup_security: loaded 0 handlers from domain.WebApp_service.plugin.internal.protection.security.protector.input.InputValidator| extra=asctime='2026-03-28 13:22:42,274'
2026-03-28 13:22:42,274 - DEBUG - setup_security: loaded 0 handlers from domain.WebApp_service.plugin.internal.protection.security.protector.ratelimit.RateLimiter| extra=asctime='2026-03-28 13:22:42,274'
2026-03-28 13:22:42,274 - DEBUG - setup_security: loaded 0 handlers from domain.WebApp_service.plugin.internal.protection.security.protector.obsec.Obsecurity| extra=asctime='2026-03-28 13:22:42,274'
2026-03-28 13:23:46,923 - DEBUG - setup_security: loaded 0 handlers from domain.WebApp_service.plugin.internal.protection.security.protector.csrf.CSRF_protection| extra=asctime='2026-03-28 13:23:46,923'
2026-03-28 13:23:46,923 - DEBUG - setup_security: loaded 0 handlers from domain.WebApp_service.plugin.internal.protection.security.protector.input.InputValidator| extra=asctime='2026-03-28 13:23:46,923'
2026-03-28 13:23:46,923 - DEBUG - setup_security: loaded 0 handlers from domain.WebApp_service.plugin.internal.protection.security.protector.ratelimit.RateLimiter| extra=asctime='2026-03-28 13:23:46,923'
2026-03-28 13:23:46,923 - DEBUG - setup_security: loaded 0 handlers from domain.WebApp_service.plugin.internal.protection.security.protector.obsec.Obsecurity| extra=asctime='2026-03-28 13:23:46,923'
2026-03-28 13:23:52,933 - DEBUG - setup_security: loaded 0 handlers from domain.WebApp_service.plugin.internal.protection.security.protector.csrf.CSRF_protection| extra=asctime='2026-03-28 13:23:52,933'
2026-03-28 13:23:52,933 - DEBUG - setup_security: loaded 0 handlers from domain.WebApp_service.plugin.internal.protection.security.protector.input.InputValidator| extra=asctime='2026-03-28 13:23:52,933'
2026-03-28 13:23:52,933 - DEBUG - setup_security: loaded 0 handlers from domain.WebApp_service.plugin.internal.protection.security.protector.ratelimit.RateLimiter| extra=asctime='2026-03-28 13:23:52,933'
2026-03-28 13:23:52,933 - DEBUG - setup_security: loaded 0 handlers from domain.WebApp_service.plugin.internal.protection.security.protector.obsec.Obsecurity| extra=asctime='2026-03-28 13:23:52,933'
2026-03-28 13:24:58,986 - DEBUG - setup_security: loaded 0 handlers from domain.WebApp_service.plugin.internal.protection.security.protector.csrf.CSRF_protection| extra=asctime='2026-03-28 13:24:58,986'
2026-03-28 13:24:58,986 - DEBUG - setup_security: loaded 0 handlers from domain.WebApp_service.plugin.internal.protection.security.protector.input.InputValidator| extra=asctime='2026-03-28 13:24:58,986'
2026-03-28 13:24:58,986 - DEBUG - setup_security: loaded 0 handlers from domain.WebApp_service.plugin.internal.protection.security.protector.ratelimit.RateLimiter| extra=asctime='2026-03-28 13:24:58,986'
2026-03-28 13:24:58,986 - DEBUG - setup_security: loaded 0 handlers from domain.WebApp_service.plugin.internal.protection.security.protector.obsec.Obsecurity| extra=asctime='2026-03-28 13:24:58,986'
2026-03-28 13:41:47,283 - DEBUG - setup_security: loaded 0 handlers from domain.WebApp_service.plugin.internal.protection.security.protector.csrf.CSRF_protection| extra=asctime='2026-03-28 13:41:47,283'
2026-03-28 13:41:47,283 - DEBUG - setup_security: loaded 0 handlers from domain.WebApp_service.plugin.internal.protection.security.protector.input.InputValidator| extra=asctime='2026-03-28 13:41:47,283'
2026-03-28 13:41:47,284 - DEBUG - setup_security: loaded 0 handlers from domain.WebApp_service.plugin.internal.protection.security.protector.ratelimit.RateLimiter| extra=asctime='2026-03-28 13:41:47,284'
2026-03-28 13:41:47,284 - DEBUG - setup_security: loaded 0 handlers from domain.WebApp_service.plugin.internal.protection.security.protector.obsec.Obsecurity| extra=asctime='2026-03-28 13:41:47,284'
2026-03-28 13:42:05,201 - DEBUG - setup_security: loaded 0 handlers from domain.WebApp_service.plugin.internal.protection.security.protector.csrf.CSRF_protection| extra=asctime='2026-03-28 13:42:05,201'
2026-03-28 13:42:05,201 - DEBUG - setup_security: loaded 0 handlers from domain.WebApp_service.plugin.internal.protection.security.protector.input.InputValidator| extra=asctime='2026-03-28 13:42:05,201'
2026-03-28 13:42:05,201 - DEBUG - setup_security: loaded 0 handlers from domain.WebApp_service.plugin.internal.protection.security.protector.ratelimit.RateLimiter| extra=asctime='2026-03-28 13:42:05,201'
2026-03-28 13:42:05,201 - DEBUG - setup_security: loaded 0 handlers from domain.WebApp_service.plugin.internal.protection.security.protector.obsec.Obsecurity| extra=asctime='2026-03-28 13:42:05,201'
2026-03-28 13:42:28,351 - DEBUG - setup_security: loaded 0 handlers from domain.WebApp_service.plugin.internal.protection.security.protector.csrf.CSRF_protection| extra=asctime='2026-03-28 13:42:28,351'
2026-03-28 13:42:28,351 - DEBUG - setup_security: loaded 0 handlers from domain.WebApp_service.plugin.internal.protection.security.protector.input.InputValidator| extra=asctime='2026-03-28 13:42:28,351'
2026-03-28 13:42:28,351 - DEBUG - setup_security: loaded 0 handlers from domain.WebApp_service.plugin.internal.protection.security.protector.ratelimit.RateLimiter| extra=asctime='2026-03-28 13:42:28,351'
2026-03-28 13:42:28,351 - DEBUG - setup_security: loaded 0 handlers from domain.WebApp_service.plugin.internal.protection.security.protector.obsec.Obsecurity| extra=asctime='2026-03-28 13:42:28,351'
2026-03-28 13:43:05,791 - DEBUG - setup_security: loaded 0 handlers from domain.WebApp_service.plugin.internal.protection.security.protector.csrf.CSRF_protection| extra=asctime='2026-03-28 13:43:05,791'
2026-03-28 13:43:05,791 - DEBUG - setup_security: loaded 0 handlers from domain.WebApp_service.plugin.internal.protection.security.protector.input.InputValidator| extra=asctime='2026-03-28 13:43:05,791'
2026-03-28 13:43:05,791 - DEBUG - setup_security: loaded 0 handlers from domain.WebApp_service.plugin.internal.protection.security.protector.ratelimit.RateLimiter| extra=asctime='2026-03-28 13:43:05,791'
2026-03-28 13:43:05,791 - DEBUG - setup_security: loaded 0 handlers from domain.WebApp_service.plugin.internal.protection.security.protector.obsec.Obsecurity| extra=asctime='2026-03-28 13:43:05,791'
2026-03-28 13:43:52,508 - DEBUG - setup_security: loaded 0 handlers from domain.WebApp_service.plugin.internal.protection.security.protector.csrf.CSRF_protection| extra=asctime='2026-03-28 13:43:52,508'
2026-03-28 13:43:52,508 - DEBUG - setup_security: loaded 0 handlers from domain.WebApp_service.plugin.internal.protection.security.protector.input.InputValidator| extra=asctime='2026-03-28 13:43:52,508'
2026-03-28 13:43:52,508 - DEBUG - setup_security: loaded 0 handlers from domain.WebApp_service.plugin.internal.protection.security.protector.ratelimit.RateLimiter| extra=asctime='2026-03-28 13:43:52,508'
2026-03-28 13:43:52,508 - DEBUG - setup_security: loaded 0 handlers from domain.WebApp_service.plugin.internal.protection.security.protector.obsec.Obsecurity| extra=asctime='2026-03-28 13:43:52,508'
2026-03-28 13:44:27,596 - DEBUG - setup_security: loaded 0 handlers from domain.WebApp_service.plugin.internal.protection.security.protector.csrf.CSRF_protection| extra=asctime='2026-03-28 13:44:27,596'
2026-03-28 13:44:27,596 - DEBUG - setup_security: loaded 0 handlers from domain.WebApp_service.plugin.internal.protection.security.protector.input.InputValidator| extra=asctime='2026-03-28 13:44:27,596'
2026-03-28 13:44:27,596 - DEBUG - setup_security: loaded 0 handlers from domain.WebApp_service.plugin.internal.protection.security.protector.ratelimit.RateLimiter| extra=asctime='2026-03-28 13:44:27,596'
2026-03-28 13:44:27,596 - DEBUG - setup_security: loaded 0 handlers from domain.WebApp_service.plugin.internal.protection.security.protector.obsec.Obsecurity| extra=asctime='2026-03-28 13:44:27,596'
2026-03-28 13:45:32,542 - DEBUG - setup_security: loaded 0 handlers from domain.WebApp_service.plugin.internal.protection.security.protector.csrf.CSRF_protection| extra=asctime='2026-03-28 13:45:32,542'
2026-03-28 13:45:32,544 - DEBUG - setup_security: loaded 0 handlers from domain.WebApp_service.plugin.internal.protection.security.protector.input.InputValidator| extra=asctime='2026-03-28 13:45:32,544'
2026-03-28 13:45:32,544 - DEBUG - setup_security: loaded 0 handlers from domain.WebApp_service.plugin.internal.protection.security.protector.ratelimit.RateLimiter| extra=asctime='2026-03-28 13:45:32,544'
2026-03-28 13:45:32,544 - DEBUG - setup_security: loaded 0 handlers from domain.WebApp_service.plugin.internal.protection.security.protector.obsec.Obsecurity| extra=asctime='2026-03-28 13:45:32,544'
2026-03-28 13:45:54,259 - DEBUG - setup_security: loaded 0 handlers from domain.WebApp_service.plugin.internal.protection.security.protector.csrf.CSRF_protection| extra=asctime='2026-03-28 13:45:54,259'
2026-03-28 13:45:54,259 - DEBUG - setup_security: loaded 0 handlers from domain.WebApp_service.plugin.internal.protection.security.protector.input.InputValidator| extra=asctime='2026-03-28 13:45:54,259'
2026-03-28 13:45:54,260 - DEBUG - setup_security: loaded 0 handlers from domain.WebApp_service.plugin.internal.protection.security.protector.ratelimit.RateLimiter| extra=asctime='2026-03-28 13:45:54,260'
2026-03-28 13:45:54,260 - DEBUG - setup_security: loaded 0 handlers from domain.WebApp_service.plugin.internal.protection.security.protector.obsec.Obsecurity| extra=asctime='2026-03-28 13:45:54,260'
2026-03-28 13:52:31,803 - DEBUG - setup_security: loaded 0 handlers from domain.WebApp_service.plugin.internal.protection.security.protector.csrf.CSRF_protection| extra=asctime='2026-03-28 13:52:31,803'
2026-03-28 13:52:31,803 - DEBUG - setup_security: loaded 0 handlers from domain.WebApp_service.plugin.internal.protection.security.protector.input.InputValidator| extra=asctime='2026-03-28 13:52:31,803'
2026-03-28 13:52:31,803 - DEBUG - setup_security: loaded 0 handlers from domain.WebApp_service.plugin.internal.protection.security.protector.ratelimit.RateLimiter| extra=asctime='2026-03-28 13:52:31,803'
2026-03-28 13:52:31,803 - DEBUG - setup_security: loaded 0 handlers from domain.WebApp_service.plugin.internal.protection.security.protector.obsec.Obsecurity| extra=asctime='2026-03-28 13:52:31,803'
2026-03-28 13:53:09,224 - DEBUG - setup_security: loaded 0 handlers from domain.WebApp_service.plugin.internal.protection.security.protector.csrf.CSRF_protection| extra=asctime='2026-03-28 13:53:09,224'
2026-03-28 13:53:09,224 - DEBUG - setup_security: loaded 0 handlers from domain.WebApp_service.plugin.internal.protection.security.protector.input.InputValidator| extra=asctime='2026-03-28 13:53:09,224'
2026-03-28 13:53:09,224 - DEBUG - setup_security: loaded 0 handlers from domain.WebApp_service.plugin.internal.protection.security.protector.ratelimit.RateLimiter| extra=asctime='2026-03-28 13:53:09,224'
2026-03-28 13:53:09,224 - DEBUG - setup_security: loaded 0 handlers from domain.WebApp_service.plugin.internal.protection.security.protector.obsec.Obsecurity| extra=asctime='2026-03-28 13:53:09,224'
2026-03-28 13:53:39,815 - DEBUG - setup_security: loaded 0 handlers from domain.WebApp_service.plugin.internal.protection.security.protector.csrf.CSRF_protection| extra=asctime='2026-03-28 13:53:39,815'
2026-03-28 13:53:39,815 - DEBUG - setup_security: loaded 0 handlers from domain.WebApp_service.plugin.internal.protection.security.protector.input.InputValidator| extra=asctime='2026-03-28 13:53:39,815'
2026-03-28 13:53:39,815 - DEBUG - setup_security: loaded 0 handlers from domain.WebApp_service.plugin.internal.protection.security.protector.ratelimit.RateLimiter| extra=asctime='2026-03-28 13:53:39,815'
2026-03-28 13:53:39,815 - DEBUG - setup_security: loaded 0 handlers from domain.WebApp_service.plugin.internal.protection.security.protector.obsec.Obsecurity| extra=asctime='2026-03-28 13:53:39,815'
2026-03-28 13:55:57,351 - DEBUG - setup_security: loaded 0 handlers from domain.WebApp_service.plugin.internal.protection.security.protector.csrf.CSRF_protection| extra=asctime='2026-03-28 13:55:57,351'
2026-03-28 13:55:57,351 - DEBUG - setup_security: loaded 0 handlers from domain.WebApp_service.plugin.internal.protection.security.protector.input.InputValidator| extra=asctime='2026-03-28 13:55:57,351'
2026-03-28 13:55:57,351 - DEBUG - setup_security: loaded 0 handlers from domain.WebApp_service.plugin.internal.protection.security.protector.ratelimit.RateLimiter| extra=asctime='2026-03-28 13:55:57,351'
2026-03-28 13:55:57,351 - DEBUG - setup_security: loaded 0 handlers from domain.WebApp_service.plugin.internal.protection.security.protector.obsec.Obsecurity| extra=asctime='2026-03-28 13:55:57,351'
2026-03-28 13:56:00,399 - DEBUG - setup_security: loaded 0 handlers from domain.WebApp_service.plugin.internal.protection.security.protector.csrf.CSRF_protection| extra=asctime='2026-03-28 13:56:00,399'
2026-03-28 13:56:00,399 - DEBUG - setup_security: loaded 0 handlers from domain.WebApp_service.plugin.internal.protection.security.protector.input.InputValidator| extra=asctime='2026-03-28 13:56:00,399'
2026-03-28 13:56:00,399 - DEBUG - setup_security: loaded 0 handlers from domain.WebApp_service.plugin.internal.protection.security.protector.ratelimit.RateLimiter| extra=asctime='2026-03-28 13:56:00,399'
2026-03-28 13:56:00,399 - DEBUG - setup_security: loaded 0 handlers from domain.WebApp_service.plugin.internal.protection.security.protector.obsec.Obsecurity| extra=asctime='2026-03-28 13:56:00,399'
2026-03-28 14:00:35,161 - DEBUG - setup_security: loaded 0 handlers from domain.WebApp_service.plugin.internal.protection.security.protector.csrf.CSRF_protection| extra=asctime='2026-03-28 14:00:35,161'
2026-03-28 14:00:35,161 - DEBUG - setup_security: loaded 0 handlers from domain.WebApp_service.plugin.internal.protection.security.protector.input.InputValidator| extra=asctime='2026-03-28 14:00:35,161'
2026-03-28 14:00:35,169 - DEBUG - setup_security: loaded 0 handlers from domain.WebApp_service.plugin.internal.protection.security.protector.ratelimit.RateLimiter| extra=asctime='2026-03-28 14:00:35,169'
2026-03-28 14:00:35,169 - DEBUG - setup_security: loaded 0 handlers from domain.WebApp_service.plugin.internal.protection.security.protector.obsec.Obsecurity| extra=asctime='2026-03-28 14:00:35,169'
2026-03-28 14:02:09,478 - DEBUG - setup_security: loaded 0 handlers from domain.WebApp_service.plugin.internal.protection.security.protector.csrf.CSRF_protection| extra=asctime='2026-03-28 14:02:09,478'
2026-03-28 14:02:09,480 - DEBUG - setup_security: loaded 0 handlers from domain.WebApp_service.plugin.internal.protection.security.protector.input.InputValidator| extra=asctime='2026-03-28 14:02:09,480'
2026-03-28 14:02:09,486 - DEBUG - setup_security: loaded 0 handlers from domain.WebApp_service.plugin.internal.protection.security.protector.ratelimit.RateLimiter| extra=asctime='2026-03-28 14:02:09,486'
2026-03-28 14:02:09,489 - DEBUG - setup_security: loaded 0 handlers from domain.WebApp_service.plugin.internal.protection.security.protector.obsec.Obsecurity| extra=asctime='2026-03-28 14:02:09,489'
2026-03-28 14:03:53,308 - DEBUG - setup_security: loaded 0 handlers from domain.WebApp_service.plugin.internal.protection.security.protector.csrf.CSRF_protection| extra=asctime='2026-03-28 14:03:53,308'
2026-03-28 14:03:53,323 - DEBUG - setup_security: loaded 0 handlers from domain.WebApp_service.plugin.internal.protection.security.protector.input.InputValidator| extra=asctime='2026-03-28 14:03:53,323'
2026-03-28 14:03:53,323 - DEBUG - setup_security: loaded 0 handlers from domain.WebApp_service.plugin.internal.protection.security.protector.ratelimit.RateLimiter| extra=asctime='2026-03-28 14:03:53,323'
2026-03-28 14:03:53,323 - DEBUG - setup_security: loaded 0 handlers from domain.WebApp_service.plugin.internal.protection.security.protector.obsec.Obsecurity| extra=asctime='2026-03-28 14:03:53,323'
2026-03-28 14:03:57,438 - DEBUG - setup_security: loaded 0 handlers from domain.WebApp_service.plugin.internal.protection.security.protector.csrf.CSRF_protection| extra=asctime='2026-03-28 14:03:57,438'
2026-03-28 14:03:57,438 - DEBUG - setup_security: loaded 0 handlers from domain.WebApp_service.plugin.internal.protection.security.protector.input.InputValidator| extra=asctime='2026-03-28 14:03:57,438'
2026-03-28 14:03:57,438 - DEBUG - setup_security: loaded 0 handlers from domain.WebApp_service.plugin.internal.protection.security.protector.ratelimit.RateLimiter| extra=asctime='2026-03-28 14:03:57,438'
2026-03-28 14:03:57,438 - DEBUG - setup_security: loaded 0 handlers from domain.WebApp_service.plugin.internal.protection.security.protector.obsec.Obsecurity| extra=asctime='2026-03-28 14:03:57,438'
2026-03-28 14:04:21,593 - DEBUG - setup_security: loaded 0 handlers from domain.WebApp_service.plugin.internal.protection.security.protector.csrf.CSRF_protection| extra=asctime='2026-03-28 14:04:21,593'
2026-03-28 14:04:21,593 - DEBUG - setup_security: loaded 0 handlers from domain.WebApp_service.plugin.internal.protection.security.protector.input.InputValidator| extra=asctime='2026-03-28 14:04:21,593'
2026-03-28 14:04:21,593 - DEBUG - setup_security: loaded 0 handlers from domain.WebApp_service.plugin.internal.protection.security.protector.ratelimit.RateLimiter| extra=asctime='2026-03-28 14:04:21,593'
2026-03-28 14:04:21,601 - DEBUG - setup_security: loaded 0 handlers from domain.WebApp_service.plugin.internal.protection.security.protector.obsec.Obsecurity| extra=asctime='2026-03-28 14:04:21,601'
2026-03-28 14:04:29,306 - DEBUG - setup_security: loaded 0 handlers from domain.WebApp_service.plugin.internal.protection.security.protector.csrf.CSRF_protection| extra=asctime='2026-03-28 14:04:29,306'
2026-03-28 14:04:29,314 - DEBUG - setup_security: loaded 0 handlers from domain.WebApp_service.plugin.internal.protection.security.protector.input.InputValidator| extra=asctime='2026-03-28 14:04:29,314'
2026-03-28 14:04:29,314 - DEBUG - setup_security: loaded 0 handlers from domain.WebApp_service.plugin.internal.protection.security.protector.ratelimit.RateLimiter| extra=asctime='2026-03-28 14:04:29,314'
2026-03-28 14:04:29,314 - DEBUG - setup_security: loaded 0 handlers from domain.WebApp_service.plugin.internal.protection.security.protector.obsec.Obsecurity| extra=asctime='2026-03-28 14:04:29,314'
2026-03-28 14:05:50,282 - DEBUG - setup_security: loaded 0 handlers from domain.WebApp_service.plugin.internal.protection.security.protector.csrf.CSRF_protection| extra=asctime='2026-03-28 14:05:50,282'
2026-03-28 14:05:50,282 - DEBUG - setup_security: loaded 0 handlers from domain.WebApp_service.plugin.internal.protection.security.protector.input.InputValidator| extra=asctime='2026-03-28 14:05:50,282'
2026-03-28 14:05:50,282 - DEBUG - setup_security: loaded 0 handlers from domain.WebApp_service.plugin.internal.protection.security.protector.ratelimit.RateLimiter| extra=asctime='2026-03-28 14:05:50,282'
2026-03-28 14:05:50,282 - DEBUG - setup_security: loaded 0 handlers from domain.WebApp_service.plugin.internal.protection.security.protector.obsec.Obsecurity| extra=asctime='2026-03-28 14:05:50,282'
2026-03-28 14:07:09,475 - DEBUG - setup_security: loaded 0 handlers from domain.WebApp_service.plugin.internal.protection.security.protector.csrf.CSRF_protection| extra=asctime='2026-03-28 14:07:09,475'
2026-03-28 14:07:09,475 - DEBUG - setup_security: loaded 0 handlers from domain.WebApp_service.plugin.internal.protection.security.protector.input.InputValidator| extra=asctime='2026-03-28 14:07:09,475'
2026-03-28 14:07:09,475 - DEBUG - setup_security: loaded 0 handlers from domain.WebApp_service.plugin.internal.protection.security.protector.ratelimit.RateLimiter| extra=asctime='2026-03-28 14:07:09,475'
2026-03-28 14:07:09,475 - DEBUG - setup_security: loaded 0 handlers from domain.WebApp_service.plugin.internal.protection.security.protector.obsec.Obsecurity| extra=asctime='2026-03-28 14:07:09,475'
2026-03-28 14:53:12,071 - DEBUG - setup_security: loaded 0 handlers from domain.WebApp_service.plugin.internal.protection.security.protector.csrf.CSRF_protection| extra=asctime='2026-03-28 14:53:12,071'
2026-03-28 14:53:12,071 - DEBUG - setup_security: loaded 0 handlers from domain.WebApp_service.plugin.internal.protection.security.protector.input.InputValidator| extra=asctime='2026-03-28 14:53:12,071'
2026-03-28 14:53:12,071 - DEBUG - setup_security: loaded 0 handlers from domain.WebApp_service.plugin.internal.protection.security.protector.ratelimit.RateLimiter| extra=asctime='2026-03-28 14:53:12,071'
2026-03-28 14:53:12,071 - DEBUG - setup_security: loaded 0 handlers from domain.WebApp_service.plugin.internal.protection.security.protector.obsec.Obsecurity| extra=asctime='2026-03-28 14:53:12,071'
2026-03-28 15:16:52,230 - DEBUG - setup_security: loaded 0 handlers from domain.WebApp_service.plugin.internal.protection.security.protector.csrf.CSRF_protection| extra=asctime='2026-03-28 15:16:52,230'
2026-03-28 15:16:52,230 - DEBUG - setup_security: loaded 0 handlers from domain.WebApp_service.plugin.internal.protection.security.protector.input.InputValidator| extra=asctime='2026-03-28 15:16:52,230'
2026-03-28 15:16:52,230 - DEBUG - setup_security: loaded 0 handlers from domain.WebApp_service.plugin.internal.protection.security.protector.ratelimit.RateLimiter| extra=asctime='2026-03-28 15:16:52,230'
2026-03-28 15:16:52,230 - DEBUG - setup_security: loaded 0 handlers from domain.WebApp_service.plugin.internal.protection.security.protector.obsec.Obsecurity| extra=asctime='2026-03-28 15:16:52,230'
2026-03-28 15:16:55,261 - DEBUG - setup_security: loaded 0 handlers from domain.WebApp_service.plugin.internal.protection.security.protector.csrf.CSRF_protection| extra=asctime='2026-03-28 15:16:55,261'
2026-03-28 15:16:55,261 - DEBUG - setup_security: loaded 0 handlers from domain.WebApp_service.plugin.internal.protection.security.protector.input.InputValidator| extra=asctime='2026-03-28 15:16:55,261'
2026-03-28 15:16:55,261 - DEBUG - setup_security: loaded 0 handlers from domain.WebApp_service.plugin.internal.protection.security.protector.ratelimit.RateLimiter| extra=asctime='2026-03-28 15:16:55,261'
2026-03-28 15:16:55,261 - DEBUG - setup_security: loaded 0 handlers from domain.WebApp_service.plugin.internal.protection.security.protector.obsec.Obsecurity| extra=asctime='2026-03-28 15:16:55,261'
2026-03-28 15:17:41,553 - DEBUG - setup_security: loaded 0 handlers from domain.WebApp_service.plugin.internal.protection.security.protector.csrf.CSRF_protection| extra=asctime='2026-03-28 15:17:41,553'
2026-03-28 15:17:41,553 - DEBUG - setup_security: loaded 0 handlers from domain.WebApp_service.plugin.internal.protection.security.protector.input.InputValidator| extra=asctime='2026-03-28 15:17:41,553'
2026-03-28 15:17:41,553 - DEBUG - setup_security: loaded 0 handlers from domain.WebApp_service.plugin.internal.protection.security.protector.ratelimit.RateLimiter| extra=asctime='2026-03-28 15:17:41,553'
2026-03-28 15:17:41,553 - DEBUG - setup_security: loaded 0 handlers from domain.WebApp_service.plugin.internal.protection.security.protector.obsec.Obsecurity| extra=asctime='2026-03-28 15:17:41,553'
2026-03-28 15:19:23,159 - DEBUG - setup_security: loaded 0 handlers from domain.WebApp_service.plugin.internal.protection.security.protector.csrf.CSRF_protection| extra=asctime='2026-03-28 15:19:23,159'
2026-03-28 15:19:23,159 - DEBUG - setup_security: loaded 0 handlers from domain.WebApp_service.plugin.internal.protection.security.protector.input.InputValidator| extra=asctime='2026-03-28 15:19:23,159'
2026-03-28 15:19:23,159 - DEBUG - setup_security: loaded 0 handlers from domain.WebApp_service.plugin.internal.protection.security.protector.ratelimit.RateLimiter| extra=asctime='2026-03-28 15:19:23,159'
2026-03-28 15:19:23,159 - DEBUG - setup_security: loaded 0 handlers from domain.WebApp_service.plugin.internal.protection.security.protector.obsec.Obsecurity| extra=asctime='2026-03-28 15:19:23,159'
2026-03-28 15:20:40,528 - DEBUG - setup_security: loaded 0 handlers from domain.WebApp_service.plugin.internal.protection.security.protector.csrf.CSRF_protection| extra=asctime='2026-03-28 15:20:40,528'
2026-03-28 15:20:40,531 - DEBUG - setup_security: loaded 0 handlers from domain.WebApp_service.plugin.internal.protection.security.protector.input.InputValidator| extra=asctime='2026-03-28 15:20:40,531'
2026-03-28 15:20:40,531 - DEBUG - setup_security: loaded 0 handlers from domain.WebApp_service.plugin.internal.protection.security.protector.ratelimit.RateLimiter| extra=asctime='2026-03-28 15:20:40,531'
2026-03-28 15:20:40,531 - DEBUG - setup_security: loaded 0 handlers from domain.WebApp_service.plugin.internal.protection.security.protector.obsec.Obsecurity| extra=asctime='2026-03-28 15:20:40,531'
2026-03-28 15:20:51,803 - DEBUG - setup_security: loaded 0 handlers from domain.WebApp_service.plugin.internal.protection.security.protector.csrf.CSRF_protection| extra=asctime='2026-03-28 15:20:51,803'
2026-03-28 15:20:51,803 - DEBUG - setup_security: loaded 0 handlers from domain.WebApp_service.plugin.internal.protection.security.protector.input.InputValidator| extra=asctime='2026-03-28 15:20:51,803'
2026-03-28 15:20:51,803 - DEBUG - setup_security: loaded 0 handlers from domain.WebApp_service.plugin.internal.protection.security.protector.ratelimit.RateLimiter| extra=asctime='2026-03-28 15:20:51,803'
2026-03-28 15:20:51,819 - DEBUG - setup_security: loaded 0 handlers from domain.WebApp_service.plugin.internal.protection.security.protector.obsec.Obsecurity| extra=asctime='2026-03-28 15:20:51,819'
2026-03-28 15:21:33,466 - DEBUG - setup_security: loaded 0 handlers from domain.WebApp_service.plugin.internal.protection.security.protector.csrf.CSRF_protection| extra=asctime='2026-03-28 15:21:33,466'
2026-03-28 15:21:33,466 - DEBUG - setup_security: loaded 0 handlers from domain.WebApp_service.plugin.internal.protection.security.protector.input.InputValidator| extra=asctime='2026-03-28 15:21:33,466'
2026-03-28 15:21:33,466 - DEBUG - setup_security: loaded 0 handlers from domain.WebApp_service.plugin.internal.protection.security.protector.ratelimit.RateLimiter| extra=asctime='2026-03-28 15:21:33,466'
2026-03-28 15:21:33,466 - DEBUG - setup_security: loaded 0 handlers from domain.WebApp_service.plugin.internal.protection.security.protector.obsec.Obsecurity| extra=asctime='2026-03-28 15:21:33,466'
2026-03-28 15:22:06,535 - DEBUG - setup_security: loaded 0 handlers from domain.WebApp_service.plugin.internal.protection.security.protector.csrf.CSRF_protection| extra=asctime='2026-03-28 15:22:06,535'
2026-03-28 15:22:06,535 - DEBUG - setup_security: loaded 0 handlers from domain.WebApp_service.plugin.internal.protection.security.protector.input.InputValidator| extra=asctime='2026-03-28 15:22:06,535'
2026-03-28 15:22:06,535 - DEBUG - setup_security: loaded 0 handlers from domain.WebApp_service.plugin.internal.protection.security.protector.ratelimit.RateLimiter| extra=asctime='2026-03-28 15:22:06,535'
2026-03-28 15:22:06,535 - DEBUG - setup_security: loaded 0 handlers from domain.WebApp_service.plugin.internal.protection.security.protector.obsec.Obsecurity| extra=asctime='2026-03-28 15:22:06,535'
2026-03-28 15:22:50,805 - DEBUG - setup_security: loaded 0 handlers from domain.WebApp_service.plugin.internal.protection.security.protector.csrf.CSRF_protection| extra=asctime='2026-03-28 15:22:50,805'
2026-03-28 15:22:50,806 - DEBUG - setup_security: loaded 0 handlers from domain.WebApp_service.plugin.internal.protection.security.protector.input.InputValidator| extra=asctime='2026-03-28 15:22:50,806'
2026-03-28 15:22:50,806 - DEBUG - setup_security: loaded 0 handlers from domain.WebApp_service.plugin.internal.protection.security.protector.ratelimit.RateLimiter| extra=asctime='2026-03-28 15:22:50,806'
2026-03-28 15:22:50,806 - DEBUG - setup_security: loaded 0 handlers from domain.WebApp_service.plugin.internal.protection.security.protector.obsec.Obsecurity| extra=asctime='2026-03-28 15:22:50,806'
2026-03-28 15:23:01,552 - DEBUG - setup_security: loaded 0 handlers from domain.WebApp_service.plugin.internal.protection.security.protector.csrf.CSRF_protection| extra=asctime='2026-03-28 15:23:01,552'
2026-03-28 15:23:01,553 - DEBUG - setup_security: loaded 0 handlers from domain.WebApp_service.plugin.internal.protection.security.protector.input.InputValidator| extra=asctime='2026-03-28 15:23:01,553'
2026-03-28 15:23:01,553 - DEBUG - setup_security: loaded 0 handlers from domain.WebApp_service.plugin.internal.protection.security.protector.ratelimit.RateLimiter| extra=asctime='2026-03-28 15:23:01,553'
2026-03-28 15:23:01,554 - DEBUG - setup_security: loaded 0 handlers from domain.WebApp_service.plugin.internal.protection.security.protector.obsec.Obsecurity| extra=asctime='2026-03-28 15:23:01,554'
2026-03-28 15:24:42,786 - DEBUG - setup_security: loaded 0 handlers from domain.WebApp_service.plugin.internal.protection.security.protector.csrf.CSRF_protection| extra=asctime='2026-03-28 15:24:42,786'
2026-03-28 15:24:42,786 - DEBUG - setup_security: loaded 0 handlers from domain.WebApp_service.plugin.internal.protection.security.protector.input.InputValidator| extra=asctime='2026-03-28 15:24:42,786'
2026-03-28 15:24:42,786 - DEBUG - setup_security: loaded 0 handlers from domain.WebApp_service.plugin.internal.protection.security.protector.ratelimit.RateLimiter| extra=asctime='2026-03-28 15:24:42,786'
2026-03-28 15:24:42,786 - DEBUG - setup_security: loaded 0 handlers from domain.WebApp_service.plugin.internal.protection.security.protector.obsec.Obsecurity| extra=asctime='2026-03-28 15:24:42,786'
2026-03-28 15:24:50,309 - DEBUG - setup_security: loaded 0 handlers from domain.WebApp_service.plugin.internal.protection.security.protector.csrf.CSRF_protection| extra=asctime='2026-03-28 15:24:50,309'
2026-03-28 15:24:50,309 - DEBUG - setup_security: loaded 0 handlers from domain.WebApp_service.plugin.internal.protection.security.protector.input.InputValidator| extra=asctime='2026-03-28 15:24:50,309'
2026-03-28 15:24:50,309 - DEBUG - setup_security: loaded 0 handlers from domain.WebApp_service.plugin.internal.protection.security.protector.ratelimit.RateLimiter| extra=asctime='2026-03-28 15:24:50,309'
2026-03-28 15:24:50,309 - DEBUG - setup_security: loaded 0 handlers from domain.WebApp_service.plugin.internal.protection.security.protector.obsec.Obsecurity| extra=asctime='2026-03-28 15:24:50,309'
2026-03-28 16:00:38,894 - DEBUG - setup_security: loaded 0 handlers from domain.WebApp_service.plugin.internal.protection.security.protector.csrf.CSRF_protection| extra=asctime='2026-03-28 16:00:38,894'
2026-03-28 16:00:38,894 - DEBUG - setup_security: loaded 0 handlers from domain.WebApp_service.plugin.internal.protection.security.protector.input.InputValidator| extra=asctime='2026-03-28 16:00:38,894'
2026-03-28 16:00:38,894 - DEBUG - setup_security: loaded 0 handlers from domain.WebApp_service.plugin.internal.protection.security.protector.ratelimit.RateLimiter| extra=asctime='2026-03-28 16:00:38,894'
2026-03-28 16:00:38,894 - DEBUG - setup_security: loaded 0 handlers from domain.WebApp_service.plugin.internal.protection.security.protector.obsec.Obsecurity| extra=asctime='2026-03-28 16:00:38,894'
2026-03-28 16:02:13,444 - DEBUG - setup_security: loaded 0 handlers from domain.WebApp_service.plugin.internal.protection.security.protector.csrf.CSRF_protection| extra=asctime='2026-03-28 16:02:13,444'
2026-03-28 16:02:13,460 - DEBUG - setup_security: loaded 0 handlers from domain.WebApp_service.plugin.internal.protection.security.protector.input.InputValidator| extra=asctime='2026-03-28 16:02:13,460'
2026-03-28 16:02:13,460 - DEBUG - setup_security: loaded 0 handlers from domain.WebApp_service.plugin.internal.protection.security.protector.ratelimit.RateLimiter| extra=asctime='2026-03-28 16:02:13,460'
2026-03-28 16:02:13,460 - DEBUG - setup_security: loaded 0 handlers from domain.WebApp_service.plugin.internal.protection.security.protector.obsec.Obsecurity| extra=asctime='2026-03-28 16:02:13,460'
2026-03-28 16:02:20,391 - DEBUG - setup_security: loaded 0 handlers from domain.WebApp_service.plugin.internal.protection.security.protector.csrf.CSRF_protection| extra=asctime='2026-03-28 16:02:20,391'
2026-03-28 16:02:20,391 - DEBUG - setup_security: loaded 0 handlers from domain.WebApp_service.plugin.internal.protection.security.protector.input.InputValidator| extra=asctime='2026-03-28 16:02:20,391'
2026-03-28 16:02:20,391 - DEBUG - setup_security: loaded 0 handlers from domain.WebApp_service.plugin.internal.protection.security.protector.ratelimit.RateLimiter| extra=asctime='2026-03-28 16:02:20,391'
2026-03-28 16:02:20,391 - DEBUG - setup_security: loaded 0 handlers from domain.WebApp_service.plugin.internal.protection.security.protector.obsec.Obsecurity| extra=asctime='2026-03-28 16:02:20,391'
2026-03-28 16:02:27,814 - DEBUG - setup_security: loaded 0 handlers from domain.WebApp_service.plugin.internal.protection.security.protector.csrf.CSRF_protection| extra=asctime='2026-03-28 16:02:27,814'
2026-03-28 16:02:27,814 - DEBUG - setup_security: loaded 0 handlers from domain.WebApp_service.plugin.internal.protection.security.protector.input.InputValidator| extra=asctime='2026-03-28 16:02:27,814'
2026-03-28 16:02:27,814 - DEBUG - setup_security: loaded 0 handlers from domain.WebApp_service.plugin.internal.protection.security.protector.ratelimit.RateLimiter| extra=asctime='2026-03-28 16:02:27,814'
2026-03-28 16:02:27,814 - DEBUG - setup_security: loaded 0 handlers from domain.WebApp_service.plugin.internal.protection.security.protector.obsec.Obsecurity| extra=asctime='2026-03-28 16:02:27,814'
2026-03-28 16:03:10,133 - DEBUG - setup_security: loaded 0 handlers from domain.WebApp_service.plugin.internal.protection.security.protector.csrf.CSRF_protection| extra=asctime='2026-03-28 16:03:10,133'
2026-03-28 16:03:10,134 - DEBUG - setup_security: loaded 0 handlers from domain.WebApp_service.plugin.internal.protection.security.protector.input.InputValidator| extra=asctime='2026-03-28 16:03:10,134'
2026-03-28 16:03:10,134 - DEBUG - setup_security: loaded 0 handlers from domain.WebApp_service.plugin.internal.protection.security.protector.ratelimit.RateLimiter| extra=asctime='2026-03-28 16:03:10,134'
2026-03-28 16:03:10,134 - DEBUG - setup_security: loaded 0 handlers from domain.WebApp_service.plugin.internal.protection.security.protector.obsec.Obsecurity| extra=asctime='2026-03-28 16:03:10,134'
2026-03-28 16:03:55,744 - DEBUG - setup_security: loaded 0 handlers from domain.WebApp_service.plugin.internal.protection.security.protector.csrf.CSRF_protection| extra=asctime='2026-03-28 16:03:55,744'
2026-03-28 16:03:55,744 - DEBUG - setup_security: loaded 0 handlers from domain.WebApp_service.plugin.internal.protection.security.protector.input.InputValidator| extra=asctime='2026-03-28 16:03:55,744'
2026-03-28 16:03:55,744 - DEBUG - setup_security: loaded 0 handlers from domain.WebApp_service.plugin.internal.protection.security.protector.ratelimit.RateLimiter| extra=asctime='2026-03-28 16:03:55,744'
2026-03-28 16:03:55,744 - DEBUG - setup_security: loaded 0 handlers from domain.WebApp_service.plugin.internal.protection.security.protector.obsec.Obsecurity| extra=asctime='2026-03-28 16:03:55,744'
2026-03-28 16:04:51,324 - DEBUG - setup_security: loaded 0 handlers from domain.WebApp_service.plugin.internal.protection.security.protector.csrf.CSRF_protection| extra=asctime='2026-03-28 16:04:51,324'
2026-03-28 16:04:51,324 - DEBUG - setup_security: loaded 0 handlers from domain.WebApp_service.plugin.internal.protection.security.protector.input.InputValidator| extra=asctime='2026-03-28 16:04:51,324'
2026-03-28 16:04:51,326 - DEBUG - setup_security: loaded 0 handlers from domain.WebApp_service.plugin.internal.protection.security.protector.ratelimit.RateLimiter| extra=asctime='2026-03-28 16:04:51,326'
2026-03-28 16:04:51,326 - DEBUG - setup_security: loaded 0 handlers from domain.WebApp_service.plugin.internal.protection.security.protector.obsec.Obsecurity| extra=asctime='2026-03-28 16:04:51,326'
2026-03-28 16:06:17,109 - DEBUG - setup_security: loaded 0 handlers from domain.WebApp_service.plugin.internal.protection.security.protector.csrf.CSRF_protection| extra=asctime='2026-03-28 16:06:17,109'
2026-03-28 16:06:17,109 - DEBUG - setup_security: loaded 0 handlers from domain.WebApp_service.plugin.internal.protection.security.protector.input.InputValidator| extra=asctime='2026-03-28 16:06:17,109'
2026-03-28 16:06:17,109 - DEBUG - setup_security: loaded 0 handlers from domain.WebApp_service.plugin.internal.protection.security.protector.ratelimit.RateLimiter| extra=asctime='2026-03-28 16:06:17,109'
2026-03-28 16:06:17,109 - DEBUG - setup_security: loaded 0 handlers from domain.WebApp_service.plugin.internal.protection.security.protector.obsec.Obsecurity| extra=asctime='2026-03-28 16:06:17,109'
2026-03-28 16:07:50,935 - DEBUG - setup_security: loaded 0 handlers from domain.WebApp_service.plugin.internal.protection.security.protector.csrf.CSRF_protection| extra=asctime='2026-03-28 16:07:50,935'
2026-03-28 16:07:50,935 - DEBUG - setup_security: loaded 0 handlers from domain.WebApp_service.plugin.internal.protection.security.protector.input.InputValidator| extra=asctime='2026-03-28 16:07:50,935'
2026-03-28 16:07:50,936 - DEBUG - setup_security: loaded 0 handlers from domain.WebApp_service.plugin.internal.protection.security.protector.ratelimit.RateLimiter| extra=asctime='2026-03-28 16:07:50,936'
2026-03-28 16:07:50,936 - DEBUG - setup_security: loaded 0 handlers from domain.WebApp_service.plugin.internal.protection.security.protector.obsec.Obsecurity| extra=asctime='2026-03-28 16:07:50,936'
2026-03-28 16:08:01,409 - DEBUG - setup_security: loaded 0 handlers from domain.WebApp_service.plugin.internal.protection.security.protector.csrf.CSRF_protection| extra=asctime='2026-03-28 16:08:01,409'
2026-03-28 16:08:01,409 - DEBUG - setup_security: loaded 0 handlers from domain.WebApp_service.plugin.internal.protection.security.protector.input.InputValidator| extra=asctime='2026-03-28 16:08:01,409'
2026-03-28 16:08:01,409 - DEBUG - setup_security: loaded 0 handlers from domain.WebApp_service.plugin.internal.protection.security.protector.ratelimit.RateLimiter| extra=asctime='2026-03-28 16:08:01,409'
2026-03-28 16:08:01,409 - DEBUG - setup_security: loaded 0 handlers from domain.WebApp_service.plugin.internal.protection.security.protector.obsec.Obsecurity| extra=asctime='2026-03-28 16:08:01,409'
2026-03-28 16:09:01,487 - DEBUG - setup_security: loaded 0 handlers from domain.WebApp_service.plugin.internal.protection.security.protector.csrf.CSRF_protection| extra=asctime='2026-03-28 16:09:01,487'
2026-03-28 16:09:01,488 - DEBUG - setup_security: loaded 0 handlers from domain.WebApp_service.plugin.internal.protection.security.protector.input.InputValidator| extra=asctime='2026-03-28 16:09:01,488'
2026-03-28 16:09:01,488 - DEBUG - setup_security: loaded 0 handlers from domain.WebApp_service.plugin.internal.protection.security.protector.ratelimit.RateLimiter| extra=asctime='2026-03-28 16:09:01,488'
2026-03-28 16:09:01,490 - DEBUG - setup_security: loaded 0 handlers from domain.WebApp_service.plugin.internal.protection.security.protector.obsec.Obsecurity| extra=asctime='2026-03-28 16:09:01,490'
2026-03-28 16:09:07,438 - DEBUG - setup_security: loaded 0 handlers from domain.WebApp_service.plugin.internal.protection.security.protector.csrf.CSRF_protection| extra=asctime='2026-03-28 16:09:07,438'
2026-03-28 16:09:07,438 - DEBUG - setup_security: loaded 0 handlers from domain.WebApp_service.plugin.internal.protection.security.protector.input.InputValidator| extra=asctime='2026-03-28 16:09:07,438'
2026-03-28 16:09:07,446 - DEBUG - setup_security: loaded 0 handlers from domain.WebApp_service.plugin.internal.protection.security.protector.ratelimit.RateLimiter| extra=asctime='2026-03-28 16:09:07,446'
2026-03-28 16:09:07,446 - DEBUG - setup_security: loaded 0 handlers from domain.WebApp_service.plugin.internal.protection.security.protector.obsec.Obsecurity| extra=asctime='2026-03-28 16:09:07,446'
2026-03-28 16:09:17,512 - DEBUG - setup_security: loaded 0 handlers from domain.WebApp_service.plugin.internal.protection.security.protector.csrf.CSRF_protection| extra=asctime='2026-03-28 16:09:17,512'
2026-03-28 16:09:17,512 - DEBUG - setup_security: loaded 0 handlers from domain.WebApp_service.plugin.internal.protection.security.protector.input.InputValidator| extra=asctime='2026-03-28 16:09:17,512'
2026-03-28 16:09:17,512 - DEBUG - setup_security: loaded 0 handlers from domain.WebApp_service.plugin.internal.protection.security.protector.ratelimit.RateLimiter| extra=asctime='2026-03-28 16:09:17,512'
2026-03-28 16:09:17,512 - DEBUG - setup_security: loaded 0 handlers from domain.WebApp_service.plugin.internal.protection.security.protector.obsec.Obsecurity| extra=asctime='2026-03-28 16:09:17,512'
2026-03-28 16:09:30,662 - DEBUG - setup_security: loaded 0 handlers from domain.WebApp_service.plugin.internal.protection.security.protector.csrf.CSRF_protection| extra=asctime='2026-03-28 16:09:30,662'
2026-03-28 16:09:30,662 - DEBUG - setup_security: loaded 0 handlers from domain.WebApp_service.plugin.internal.protection.security.protector.input.InputValidator| extra=asctime='2026-03-28 16:09:30,662'
2026-03-28 16:09:30,662 - DEBUG - setup_security: loaded 0 handlers from domain.WebApp_service.plugin.internal.protection.security.protector.ratelimit.RateLimiter| extra=asctime='2026-03-28 16:09:30,662'
2026-03-28 16:09:30,662 - DEBUG - setup_security: loaded 0 handlers from domain.WebApp_service.plugin.internal.protection.security.protector.obsec.Obsecurity| extra=asctime='2026-03-28 16:09:30,662'
2026-03-28 16:09:44,830 - DEBUG - setup_security: loaded 0 handlers from domain.WebApp_service.plugin.internal.protection.security.protector.csrf.CSRF_protection| extra=asctime='2026-03-28 16:09:44,830'
2026-03-28 16:09:44,830 - DEBUG - setup_security: loaded 0 handlers from domain.WebApp_service.plugin.internal.protection.security.protector.input.InputValidator| extra=asctime='2026-03-28 16:09:44,830'
2026-03-28 16:09:44,831 - DEBUG - setup_security: loaded 0 handlers from domain.WebApp_service.plugin.internal.protection.security.protector.ratelimit.RateLimiter| extra=asctime='2026-03-28 16:09:44,831'
2026-03-28 16:09:44,831 - DEBUG - setup_security: loaded 0 handlers from domain.WebApp_service.plugin.internal.protection.security.protector.obsec.Obsecurity| extra=asctime='2026-03-28 16:09:44,831'
2026-03-28 16:10:45,560 - DEBUG - setup_security: loaded 0 handlers from domain.WebApp_service.plugin.internal.protection.security.protector.csrf.CSRF_protection| extra=asctime='2026-03-28 16:10:45,560'
2026-03-28 16:10:45,567 - DEBUG - setup_security: loaded 0 handlers from domain.WebApp_service.plugin.internal.protection.security.protector.input.InputValidator| extra=asctime='2026-03-28 16:10:45,567'
2026-03-28 16:10:45,567 - DEBUG - setup_security: loaded 0 handlers from domain.WebApp_service.plugin.internal.protection.security.protector.ratelimit.RateLimiter| extra=asctime='2026-03-28 16:10:45,567'
2026-03-28 16:10:45,567 - DEBUG - setup_security: loaded 0 handlers from domain.WebApp_service.plugin.internal.protection.security.protector.obsec.Obsecurity| extra=asctime='2026-03-28 16:10:45,567'
2026-03-28 16:10:51,965 - DEBUG - setup_security: loaded 0 handlers from domain.WebApp_service.plugin.internal.protection.security.protector.csrf.CSRF_protection| extra=asctime='2026-03-28 16:10:51,965'
2026-03-28 16:10:51,980 - DEBUG - setup_security: loaded 0 handlers from domain.WebApp_service.plugin.internal.protection.security.protector.input.InputValidator| extra=asctime='2026-03-28 16:10:51,980'
2026-03-28 16:10:51,980 - DEBUG - setup_security: loaded 0 handlers from domain.WebApp_service.plugin.internal.protection.security.protector.ratelimit.RateLimiter| extra=asctime='2026-03-28 16:10:51,980'
2026-03-28 16:10:51,980 - DEBUG - setup_security: loaded 0 handlers from domain.WebApp_service.plugin.internal.protection.security.protector.obsec.Obsecurity| extra=asctime='2026-03-28 16:10:51,980'
2026-03-28 16:15:43,556 - DEBUG - setup_security: loaded 0 handlers from domain.WebApp_service.plugin.internal.protection.security.protector.csrf.CSRF_protection| extra=asctime='2026-03-28 16:15:43,556'
2026-03-28 16:15:43,556 - DEBUG - setup_security: loaded 0 handlers from domain.WebApp_service.plugin.internal.protection.security.protector.input.InputValidator| extra=asctime='2026-03-28 16:15:43,556'
2026-03-28 16:15:43,556 - DEBUG - setup_security: loaded 0 handlers from domain.WebApp_service.plugin.internal.protection.security.protector.ratelimit.RateLimiter| extra=asctime='2026-03-28 16:15:43,556'
2026-03-28 16:15:43,556 - DEBUG - setup_security: loaded 0 handlers from domain.WebApp_service.plugin.internal.protection.security.protector.obsec.Obsecurity| extra=asctime='2026-03-28 16:15:43,556'
2026-03-28 16:17:36,733 - DEBUG - setup_security: loaded 0 handlers from domain.WebApp_service.plugin.internal.protection.security.protector.csrf.CSRF_protection| extra=asctime='2026-03-28 16:17:36,733'
2026-03-28 16:17:36,733 - DEBUG - setup_security: loaded 0 handlers from domain.WebApp_service.plugin.internal.protection.security.protector.input.InputValidator| extra=asctime='2026-03-28 16:17:36,733'
2026-03-28 16:17:36,733 - DEBUG - setup_security: loaded 0 handlers from domain.WebApp_service.plugin.internal.protection.security.protector.ratelimit.RateLimiter| extra=asctime='2026-03-28 16:17:36,733'
2026-03-28 16:17:36,733 - DEBUG - setup_security: loaded 0 handlers from domain.WebApp_service.plugin.internal.protection.security.protector.obsec.Obsecurity| extra=asctime='2026-03-28 16:17:36,733'
2026-03-28 16:20:35,149 - DEBUG - setup_security: loaded 0 handlers from domain.WebApp_service.plugin.internal.protection.security.protector.csrf.CSRF_protection| extra=asctime='2026-03-28 16:20:35,149'
2026-03-28 16:20:35,149 - DEBUG - setup_security: loaded 0 handlers from domain.WebApp_service.plugin.internal.protection.security.protector.input.InputValidator| extra=asctime='2026-03-28 16:20:35,149'
2026-03-28 16:20:35,149 - DEBUG - setup_security: loaded 0 handlers from domain.WebApp_service.plugin.internal.protection.security.protector.ratelimit.RateLimiter| extra=asctime='2026-03-28 16:20:35,149'
2026-03-28 16:20:35,149 - DEBUG - setup_security: loaded 0 handlers from domain.WebApp_service.plugin.internal.protection.security.protector.obsec.Obsecurity| extra=asctime='2026-03-28 16:20:35,149'
2026-03-28 16:34:56,513 - DEBUG - setup_security: loaded 0 handlers from domain.WebApp_service.plugin.internal.protection.security.protector.csrf.CSRF_protection| extra=asctime='2026-03-28 16:34:56,513'
2026-03-28 16:34:56,513 - DEBUG - setup_security: loaded 0 handlers from domain.WebApp_service.plugin.internal.protection.security.protector.input.InputValidator| extra=asctime='2026-03-28 16:34:56,513'
2026-03-28 16:34:56,529 - DEBUG - setup_security: loaded 0 handlers from domain.WebApp_service.plugin.internal.protection.security.protector.ratelimit.RateLimiter| extra=asctime='2026-03-28 16:34:56,529'
2026-03-28 16:34:56,529 - DEBUG - setup_security: loaded 0 handlers from domain.WebApp_service.plugin.internal.protection.security.protector.obsec.Obsecurity| extra=asctime='2026-03-28 16:34:56,529'
2026-03-28 16:34:59,277 - DEBUG - setup_security: loaded 0 handlers from domain.WebApp_service.plugin.internal.protection.security.protector.csrf.CSRF_protection| extra=asctime='2026-03-28 16:34:59,277'
2026-03-28 16:34:59,277 - DEBUG - setup_security: loaded 0 handlers from domain.WebApp_service.plugin.internal.protection.security.protector.input.InputValidator| extra=asctime='2026-03-28 16:34:59,277'
2026-03-28 16:34:59,277 - DEBUG - setup_security: loaded 0 handlers from domain.WebApp_service.plugin.internal.protection.security.protector.ratelimit.RateLimiter| extra=asctime='2026-03-28 16:34:59,277'
2026-03-28 16:34:59,277 - DEBUG - setup_security: loaded 0 handlers from domain.WebApp_service.plugin.internal.protection.security.protector.obsec.Obsecurity| extra=asctime='2026-03-28 16:34:59,277'
