2026-03-16 17:32:39,050 - DEBUG - setup_security: loaded 0 handlers from domain.WebApp_service.plugin.internal.protection.security.protector.csrf.CSRF_protection| extra=asctime='2026-03-16 17:32:39,050'
2026-03-16 17:32:39,050 - DEBUG - ProtectionChain: cannot import domain.WebApp_service.plugin.internal.security.protector.input.InputValidator: No module named 'domain.WebApp_service.plugin.internal.security'| extra=asctime='2026-03-16 17:32:39,050'
2026-03-16 17:32:39,066 - DEBUG - setup_security: loaded 0 handlers from domain.WebApp_service.plugin.internal.security.protector.input.InputValidator| extra=asctime='2026-03-16 17:32:39,066'
2026-03-16 17:32:39,066 - DEBUG - ProtectionChain: cannot import domain.WebApp_service.plugin.internal.security.protector.ratelimit.RateLimiter: No module named 'domain.WebApp_service.plugin.internal.security'| extra=asctime='2026-03-16 17:32:39,066'
2026-03-16 17:32:39,066 - DEBUG - setup_security: loaded 0 handlers from domain.WebApp_service.plugin.internal.security.protector.ratelimit.RateLimiter| extra=asctime='2026-03-16 17:32:39,066'
2026-03-16 17:32:39,066 - DEBUG - ProtectionChain: cannot import domain.WebApp_service.plugin.internal.security.protector.obsec.Obsecurity: No module named 'domain.WebApp_service.plugin.internal.security'| extra=asctime='2026-03-16 17:32:39,066'
2026-03-16 17:32:39,066 - DEBUG - setup_security: loaded 0 handlers from domain.WebApp_service.plugin.internal.security.protector.obsec.Obsecurity| extra=asctime='2026-03-16 17:32:39,066'
2026-03-16 17:34:48,883 - DEBUG - setup_security: loaded 0 handlers from domain.WebApp_service.plugin.internal.protection.security.protector.csrf.CSRF_protection| extra=asctime='2026-03-16 17:34:48,883'
2026-03-16 17:34:48,899 - DEBUG - setup_security: loaded 0 handlers from domain.WebApp_service.plugin.internal.protection.security.protector.input.InputValidator| extra=asctime='2026-03-16 17:34:48,899'
2026-03-16 17:34:48,899 - DEBUG - setup_security: loaded 0 handlers from domain.WebApp_service.plugin.internal.protection.security.protector.ratelimit.RateLimiter| extra=asctime='2026-03-16 17:34:48,899'
2026-03-16 17:34:48,899 - DEBUG - setup_security: loaded 0 handlers from domain.WebApp_service.plugin.internal.protection.security.protector.obsec.Obsecurity| extra=asctime='2026-03-16 17:34:48,899'
2026-03-16 17:36:39,425 - DEBUG - setup_security: loaded 0 handlers from domain.WebApp_service.plugin.internal.protection.security.protector.csrf.CSRF_protection| extra=asctime='2026-03-16 17:36:39,425'
2026-03-16 17:36:39,425 - DEBUG - setup_security: loaded 0 handlers from domain.WebApp_service.plugin.internal.protection.security.protector.input.InputValidator| extra=asctime='2026-03-16 17:36:39,425'
2026-03-16 17:36:39,425 - DEBUG - setup_security: loaded 0 handlers from domain.WebApp_service.plugin.internal.protection.security.protector.ratelimit.RateLimiter| extra=asctime='2026-03-16 17:36:39,425'
2026-03-16 17:36:39,425 - DEBUG - setup_security: loaded 0 handlers from domain.WebApp_service.plugin.internal.protection.security.protector.obsec.Obsecurity| extra=asctime='2026-03-16 17:36:39,425'
2026-03-16 17:36:41,550 - DEBUG - setup_security: loaded 0 handlers from domain.WebApp_service.plugin.internal.protection.security.protector.csrf.CSRF_protection| extra=asctime='2026-03-16 17:36:41,550'
2026-03-16 17:36:41,550 - DEBUG - setup_security: loaded 0 handlers from domain.WebApp_service.plugin.internal.protection.security.protector.input.InputValidator| extra=asctime='2026-03-16 17:36:41,550'
2026-03-16 17:36:41,550 - DEBUG - setup_security: loaded 0 handlers from domain.WebApp_service.plugin.internal.protection.security.protector.ratelimit.RateLimiter| extra=asctime='2026-03-16 17:36:41,550'
2026-03-16 17:36:41,550 - DEBUG - setup_security: loaded 0 handlers from domain.WebApp_service.plugin.internal.protection.security.protector.obsec.Obsecurity| extra=asctime='2026-03-16 17:36:41,550'
2026-03-16 17:38:37,774 - DEBUG - setup_security: loaded 0 handlers from domain.WebApp_service.plugin.internal.protection.security.protector.csrf.CSRF_protection| extra=asctime='2026-03-16 17:38:37,774'
2026-03-16 17:38:37,775 - DEBUG - setup_security: loaded 0 handlers from domain.WebApp_service.plugin.internal.protection.security.protector.input.InputValidator| extra=asctime='2026-03-16 17:38:37,775'
2026-03-16 17:38:37,776 - DEBUG - setup_security: loaded 0 handlers from domain.WebApp_service.plugin.internal.protection.security.protector.ratelimit.RateLimiter| extra=asctime='2026-03-16 17:38:37,776'
2026-03-16 17:38:37,777 - DEBUG - setup_security: loaded 0 handlers from domain.WebApp_service.plugin.internal.protection.security.protector.obsec.Obsecurity| extra=asctime='2026-03-16 17:38:37,777'
2026-03-16 17:38:42,742 - DEBUG - setup_security: loaded 0 handlers from domain.WebApp_service.plugin.internal.protection.security.protector.csrf.CSRF_protection| extra=asctime='2026-03-16 17:38:42,742'
2026-03-16 17:38:42,742 - DEBUG - setup_security: loaded 0 handlers from domain.WebApp_service.plugin.internal.protection.security.protector.input.InputValidator| extra=asctime='2026-03-16 17:38:42,742'
2026-03-16 17:38:42,742 - DEBUG - setup_security: loaded 0 handlers from domain.WebApp_service.plugin.internal.protection.security.protector.ratelimit.RateLimiter| extra=asctime='2026-03-16 17:38:42,742'
2026-03-16 17:38:42,742 - DEBUG - setup_security: loaded 0 handlers from domain.WebApp_service.plugin.internal.protection.security.protector.obsec.Obsecurity| extra=asctime='2026-03-16 17:38:42,742'
2026-03-16 17:38:49,398 - DEBUG - setup_security: loaded 0 handlers from domain.WebApp_service.plugin.internal.protection.security.protector.csrf.CSRF_protection| extra=asctime='2026-03-16 17:38:49,398'
2026-03-16 17:38:49,445 - DEBUG - setup_security: loaded 0 handlers from domain.WebApp_service.plugin.internal.protection.security.protector.input.InputValidator| extra=asctime='2026-03-16 17:38:49,445'
2026-03-16 17:38:49,545 - DEBUG - setup_security: loaded 0 handlers from domain.WebApp_service.plugin.internal.protection.security.protector.ratelimit.RateLimiter| extra=asctime='2026-03-16 17:38:49,545'
2026-03-16 17:38:49,643 - DEBUG - setup_security: loaded 0 handlers from domain.WebApp_service.plugin.internal.protection.security.protector.obsec.Obsecurity| extra=asctime='2026-03-16 17:38:49,643'
2026-03-16 17:39:09,819 - DEBUG - setup_security: loaded 0 handlers from domain.WebApp_service.plugin.internal.protection.security.protector.csrf.CSRF_protection| extra=asctime='2026-03-16 17:39:09,819'
2026-03-16 17:39:09,819 - DEBUG - setup_security: loaded 0 handlers from domain.WebApp_service.plugin.internal.protection.security.protector.input.InputValidator| extra=asctime='2026-03-16 17:39:09,819'
2026-03-16 17:39:09,819 - DEBUG - setup_security: loaded 0 handlers from domain.WebApp_service.plugin.internal.protection.security.protector.ratelimit.RateLimiter| extra=asctime='2026-03-16 17:39:09,819'
2026-03-16 17:39:09,819 - DEBUG - setup_security: loaded 0 handlers from domain.WebApp_service.plugin.internal.protection.security.protector.obsec.Obsecurity| extra=asctime='2026-03-16 17:39:09,819'
2026-03-16 17:39:41,464 - DEBUG - setup_security: loaded 0 handlers from domain.WebApp_service.plugin.internal.protection.security.protector.csrf.CSRF_protection| extra=asctime='2026-03-16 17:39:41,464'
2026-03-16 17:39:41,464 - DEBUG - setup_security: loaded 0 handlers from domain.WebApp_service.plugin.internal.protection.security.protector.input.InputValidator| extra=asctime='2026-03-16 17:39:41,464'
2026-03-16 17:39:41,464 - DEBUG - setup_security: loaded 0 handlers from domain.WebApp_service.plugin.internal.protection.security.protector.ratelimit.RateLimiter| extra=asctime='2026-03-16 17:39:41,464'
2026-03-16 17:39:41,464 - DEBUG - setup_security: loaded 0 handlers from domain.WebApp_service.plugin.internal.protection.security.protector.obsec.Obsecurity| extra=asctime='2026-03-16 17:39:41,464'
2026-03-16 17:39:50,186 - DEBUG - setup_security: loaded 0 handlers from domain.WebApp_service.plugin.internal.protection.security.protector.csrf.CSRF_protection| extra=asctime='2026-03-16 17:39:50,186'
2026-03-16 17:39:50,186 - DEBUG - setup_security: loaded 0 handlers from domain.WebApp_service.plugin.internal.protection.security.protector.input.InputValidator| extra=asctime='2026-03-16 17:39:50,186'
2026-03-16 17:39:50,186 - DEBUG - setup_security: loaded 0 handlers from domain.WebApp_service.plugin.internal.protection.security.protector.ratelimit.RateLimiter| extra=asctime='2026-03-16 17:39:50,186'
2026-03-16 17:39:50,186 - DEBUG - setup_security: loaded 0 handlers from domain.WebApp_service.plugin.internal.protection.security.protector.obsec.Obsecurity| extra=asctime='2026-03-16 17:39:50,186'
2026-03-16 17:39:51,889 - DEBUG - setup_security: loaded 0 handlers from domain.WebApp_service.plugin.internal.protection.security.protector.csrf.CSRF_protection| extra=asctime='2026-03-16 17:39:51,889'
2026-03-16 17:39:51,889 - DEBUG - setup_security: loaded 0 handlers from domain.WebApp_service.plugin.internal.protection.security.protector.input.InputValidator| extra=asctime='2026-03-16 17:39:51,889'
2026-03-16 17:39:51,889 - DEBUG - setup_security: loaded 0 handlers from domain.WebApp_service.plugin.internal.protection.security.protector.ratelimit.RateLimiter| extra=asctime='2026-03-16 17:39:51,889'
2026-03-16 17:39:51,889 - DEBUG - setup_security: loaded 0 handlers from domain.WebApp_service.plugin.internal.protection.security.protector.obsec.Obsecurity| extra=asctime='2026-03-16 17:39:51,889'
