2026-04-02 12:15:34,172 - DEBUG - 'Guardian_Crash' internal package registered!| extra=asctime='2026-04-02 12:15:34,172'
2026-04-02 12:15:34,173 - DEBUG - Trying load 'auth'..| extra=asctime='2026-04-02 12:15:34,173'
2026-04-02 12:15:34,222 - DEBUG - [auth]: detected object module 'domain.WebApp_service.plugin.external.auth.main', finding 'setup_me'..| extra=asctime='2026-04-02 12:15:34,222'
2026-04-02 12:15:34,223 - DEBUG - [auth]:Auth: setup_me finded! object registered into Queue.| extra=asctime='2026-04-02 12:15:34,223'
2026-04-02 12:15:34,569 - DEBUG - ReadHandler: Intialized with fp > <_io.TextIOWrapper name='data/database/privilege/user.json' mode='r' encoding='cp1252'>| extra=asctime='2026-04-02 12:15:34,569'
2026-04-02 12:15:34,572 - DEBUG - Trying load 'test'..| extra=asctime='2026-04-02 12:15:34,572'
2026-04-02 12:15:34,582 - DEBUG - [test]: detected object module 'domain.WebApp_service.plugin.external.test.main', finding 'setup_me'..| extra=asctime='2026-04-02 12:15:34,582'
2026-04-02 12:15:34,583 - DEBUG - [test]:Flask: object doesn't have 'setup_me' function, skiped!| extra=asctime='2026-04-02 12:15:34,583'
2026-04-02 12:15:34,583 - DEBUG - [test]:polyplay: setup_me finded! object registered into Queue.| extra=asctime='2026-04-02 12:15:34,583'
2026-04-02 12:15:34,583 - DEBUG - Trying load 'urlshortener'..| extra=asctime='2026-04-02 12:15:34,583'
2026-04-02 12:15:34,652 - DEBUG - [urlshortener]: detected object module 'domain.WebApp_service.plugin.external.urlshortener.main', finding 'setup_me'..| extra=asctime='2026-04-02 12:15:34,652'
2026-04-02 12:15:34,653 - DEBUG - [urlshortener]:Flask: object doesn't have 'setup_me' function, skiped!| extra=asctime='2026-04-02 12:15:34,653'
2026-04-02 12:15:34,653 - DEBUG - [urlshortener]:apiServiceShortener: setup_me finded! object registered into Queue.| extra=asctime='2026-04-02 12:15:34,653'
2026-04-02 12:15:34,856 - DEBUG - ReadHandler: Intialized with fp > <_io.TextIOWrapper name='data/database/shorten/client.json' mode='r' encoding='cp1252'>| extra=asctime='2026-04-02 12:15:34,856'
2026-04-02 12:18:02,513 - DEBUG - 'Guardian_Crash' internal package registered!| extra=asctime='2026-04-02 12:18:02,513'
2026-04-02 12:18:02,514 - DEBUG - Trying load 'auth'..| extra=asctime='2026-04-02 12:18:02,514'
2026-04-02 12:18:02,519 - DEBUG - [auth]: detected object module 'domain.WebApp_service.plugin.external.auth.main', finding 'setup_me'..| extra=asctime='2026-04-02 12:18:02,519'
2026-04-02 12:18:02,519 - DEBUG - [auth]:Auth: setup_me finded! object registered into Queue.| extra=asctime='2026-04-02 12:18:02,519'
2026-04-02 12:18:02,541 - DEBUG - ReadHandler: Intialized with fp > <_io.TextIOWrapper name='data/database/privilege/user.json' mode='r' encoding='cp1252'>| extra=asctime='2026-04-02 12:18:02,541'
2026-04-02 12:18:02,542 - DEBUG - Trying load 'test'..| extra=asctime='2026-04-02 12:18:02,542'
2026-04-02 12:18:02,546 - DEBUG - [test]: detected object module 'domain.WebApp_service.plugin.external.test.main', finding 'setup_me'..| extra=asctime='2026-04-02 12:18:02,546'
2026-04-02 12:18:02,546 - DEBUG - [test]:Flask: object doesn't have 'setup_me' function, skiped!| extra=asctime='2026-04-02 12:18:02,546'
2026-04-02 12:18:02,546 - DEBUG - [test]:polyplay: setup_me finded! object registered into Queue.| extra=asctime='2026-04-02 12:18:02,546'
2026-04-02 12:18:02,546 - DEBUG - Trying load 'urlshortener'..| extra=asctime='2026-04-02 12:18:02,546'
2026-04-02 12:18:02,551 - DEBUG - [urlshortener]: detected object module 'domain.WebApp_service.plugin.external.urlshortener.main', finding 'setup_me'..| extra=asctime='2026-04-02 12:18:02,551'
2026-04-02 12:18:02,551 - DEBUG - [urlshortener]:Flask: object doesn't have 'setup_me' function, skiped!| extra=asctime='2026-04-02 12:18:02,551'
2026-04-02 12:18:02,551 - DEBUG - [urlshortener]:apiServiceShortener: setup_me finded! object registered into Queue.| extra=asctime='2026-04-02 12:18:02,551'
2026-04-02 12:18:02,559 - DEBUG - ReadHandler: Intialized with fp > <_io.TextIOWrapper name='data/database/shorten/client.json' mode='r' encoding='cp1252'>| extra=asctime='2026-04-02 12:18:02,559'
2026-04-02 12:19:55,248 - DEBUG - 'Guardian_Crash' internal package registered!| extra=asctime='2026-04-02 12:19:55,248'
2026-04-02 12:19:55,249 - DEBUG - Trying load 'auth'..| extra=asctime='2026-04-02 12:19:55,249'
2026-04-02 12:19:55,256 - DEBUG - [auth]: detected object module 'domain.WebApp_service.plugin.external.auth.main', finding 'setup_me'..| extra=asctime='2026-04-02 12:19:55,256'
2026-04-02 12:19:55,256 - DEBUG - [auth]:Auth: setup_me finded! object registered into Queue.| extra=asctime='2026-04-02 12:19:55,256'
2026-04-02 12:19:55,279 - DEBUG - ReadHandler: Intialized with fp > <_io.TextIOWrapper name='data/database/privilege/user.json' mode='r' encoding='cp1252'>| extra=asctime='2026-04-02 12:19:55,279'
2026-04-02 12:19:55,280 - DEBUG - Trying load 'test'..| extra=asctime='2026-04-02 12:19:55,280'
2026-04-02 12:19:55,283 - DEBUG - [test]: detected object module 'domain.WebApp_service.plugin.external.test.main', finding 'setup_me'..| extra=asctime='2026-04-02 12:19:55,283'
2026-04-02 12:19:55,283 - DEBUG - [test]:Flask: object doesn't have 'setup_me' function, skiped!| extra=asctime='2026-04-02 12:19:55,283'
2026-04-02 12:19:55,284 - DEBUG - [test]:polyplay: setup_me finded! object registered into Queue.| extra=asctime='2026-04-02 12:19:55,284'
2026-04-02 12:19:55,284 - DEBUG - Trying load 'urlshortener'..| extra=asctime='2026-04-02 12:19:55,284'
2026-04-02 12:19:55,288 - DEBUG - [urlshortener]: detected object module 'domain.WebApp_service.plugin.external.urlshortener.main', finding 'setup_me'..| extra=asctime='2026-04-02 12:19:55,288'
2026-04-02 12:19:55,288 - DEBUG - [urlshortener]:Flask: object doesn't have 'setup_me' function, skiped!| extra=asctime='2026-04-02 12:19:55,288'
2026-04-02 12:19:55,289 - DEBUG - [urlshortener]:apiServiceShortener: setup_me finded! object registered into Queue.| extra=asctime='2026-04-02 12:19:55,289'
2026-04-02 12:19:55,296 - DEBUG - ReadHandler: Intialized with fp > <_io.TextIOWrapper name='data/database/shorten/client.json' mode='r' encoding='cp1252'>| extra=asctime='2026-04-02 12:19:55,296'
2026-04-02 12:20:08,124 - DEBUG - 'Guardian_Crash' internal package registered!| extra=asctime='2026-04-02 12:20:08,124'
2026-04-02 12:20:08,124 - DEBUG - Trying load 'auth'..| extra=asctime='2026-04-02 12:20:08,124'
2026-04-02 12:20:08,129 - DEBUG - [auth]: detected object module 'domain.WebApp_service.plugin.external.auth.main', finding 'setup_me'..| extra=asctime='2026-04-02 12:20:08,129'
2026-04-02 12:20:08,129 - DEBUG - [auth]:Auth: setup_me finded! object registered into Queue.| extra=asctime='2026-04-02 12:20:08,129'
2026-04-02 12:20:08,151 - DEBUG - ReadHandler: Intialized with fp > <_io.TextIOWrapper name='data/database/privilege/user.json' mode='r' encoding='cp1252'>| extra=asctime='2026-04-02 12:20:08,151'
2026-04-02 12:23:30,020 - DEBUG - 'Guardian_Crash' internal package registered!| extra=asctime='2026-04-02 12:23:30,020'
2026-04-02 12:23:30,021 - DEBUG - Trying load 'auth'..| extra=asctime='2026-04-02 12:23:30,021'
2026-04-02 12:23:30,025 - DEBUG - [auth]: detected object module 'domain.WebApp_service.plugin.external.auth.main', finding 'setup_me'..| extra=asctime='2026-04-02 12:23:30,025'
2026-04-02 12:23:30,025 - DEBUG - [auth]:Auth: setup_me finded! object registered into Queue.| extra=asctime='2026-04-02 12:23:30,025'
2026-04-02 12:23:30,048 - DEBUG - ReadHandler: Intialized with fp > <_io.TextIOWrapper name='data/database/privilege/user.json' mode='r' encoding='cp1252'>| extra=asctime='2026-04-02 12:23:30,048'
2026-04-02 12:23:30,049 - DEBUG - ReadHandler: Intialized with fp > <_io.TextIOWrapper name='data/database/privilege/user.json' mode='r' encoding='cp1252'>| extra=asctime='2026-04-02 12:23:30,049'
2026-04-02 12:23:30,050 - DEBUG - [auth]:Flask: object doesn't have 'setup_me' function, skiped!| extra=asctime='2026-04-02 12:23:30,050'
2026-04-02 12:23:30,050 - DEBUG - Trying load 'test'..| extra=asctime='2026-04-02 12:23:30,050'
2026-04-02 12:23:30,054 - DEBUG - [test]: detected object module 'domain.WebApp_service.plugin.external.test.main', finding 'setup_me'..| extra=asctime='2026-04-02 12:23:30,054'
2026-04-02 12:23:30,054 - DEBUG - [test]:Flask: object doesn't have 'setup_me' function, skiped!| extra=asctime='2026-04-02 12:23:30,054'
2026-04-02 12:23:30,054 - DEBUG - [test]:polyplay: setup_me finded! object registered into Queue.| extra=asctime='2026-04-02 12:23:30,054'
2026-04-02 12:23:30,054 - DEBUG - Trying load 'urlshortener'..| extra=asctime='2026-04-02 12:23:30,054'
2026-04-02 12:23:30,058 - DEBUG - [urlshortener]: detected object module 'domain.WebApp_service.plugin.external.urlshortener.main', finding 'setup_me'..| extra=asctime='2026-04-02 12:23:30,058'
2026-04-02 12:23:30,058 - DEBUG - [urlshortener]:Flask: object doesn't have 'setup_me' function, skiped!| extra=asctime='2026-04-02 12:23:30,058'
2026-04-02 12:23:30,058 - DEBUG - [urlshortener]:apiServiceShortener: setup_me finded! object registered into Queue.| extra=asctime='2026-04-02 12:23:30,058'
2026-04-02 12:23:30,069 - DEBUG - ReadHandler: Intialized with fp > <_io.TextIOWrapper name='data/database/shorten/client.json' mode='r' encoding='cp1252'>| extra=asctime='2026-04-02 12:23:30,069'
2026-04-02 12:25:27,169 - DEBUG - 'Guardian_Crash' internal package registered!| extra=asctime='2026-04-02 12:25:27,169'
2026-04-02 12:25:27,170 - DEBUG - Trying load 'auth'..| extra=asctime='2026-04-02 12:25:27,170'
2026-04-02 12:25:27,174 - DEBUG - [auth]: detected object module 'domain.WebApp_service.plugin.external.auth.main', finding 'setup_me'..| extra=asctime='2026-04-02 12:25:27,174'
2026-04-02 12:25:27,175 - DEBUG - [auth]:Auth: setup_me finded! object registered into Queue.| extra=asctime='2026-04-02 12:25:27,175'
2026-04-02 12:25:27,198 - DEBUG - ReadHandler: Intialized with fp > <_io.TextIOWrapper name='data/database/privilege/user.json' mode='r' encoding='cp1252'>| extra=asctime='2026-04-02 12:25:27,198'
2026-04-02 12:25:27,199 - DEBUG - ReadHandler: Intialized with fp > <_io.TextIOWrapper name='data/database/privilege/user.json' mode='r' encoding='cp1252'>| extra=asctime='2026-04-02 12:25:27,199'
2026-04-02 12:25:27,200 - DEBUG - [auth]:Flask: object doesn't have 'setup_me' function, skiped!| extra=asctime='2026-04-02 12:25:27,200'
2026-04-02 12:25:27,200 - DEBUG - Trying load 'test'..| extra=asctime='2026-04-02 12:25:27,200'
2026-04-02 12:25:27,204 - DEBUG - [test]: detected object module 'domain.WebApp_service.plugin.external.test.main', finding 'setup_me'..| extra=asctime='2026-04-02 12:25:27,204'
2026-04-02 12:25:27,204 - DEBUG - [test]:Flask: object doesn't have 'setup_me' function, skiped!| extra=asctime='2026-04-02 12:25:27,204'
2026-04-02 12:25:27,204 - DEBUG - [test]:polyplay: setup_me finded! object registered into Queue.| extra=asctime='2026-04-02 12:25:27,204'
2026-04-02 12:25:27,205 - DEBUG - Trying load 'urlshortener'..| extra=asctime='2026-04-02 12:25:27,205'
2026-04-02 12:25:27,208 - DEBUG - [urlshortener]: detected object module 'domain.WebApp_service.plugin.external.urlshortener.main', finding 'setup_me'..| extra=asctime='2026-04-02 12:25:27,208'
2026-04-02 12:25:27,208 - DEBUG - [urlshortener]:Flask: object doesn't have 'setup_me' function, skiped!| extra=asctime='2026-04-02 12:25:27,208'
2026-04-02 12:25:27,208 - DEBUG - [urlshortener]:apiServiceShortener: setup_me finded! object registered into Queue.| extra=asctime='2026-04-02 12:25:27,208'
2026-04-02 12:25:27,224 - DEBUG - ReadHandler: Intialized with fp > <_io.TextIOWrapper name='data/database/shorten/client.json' mode='r' encoding='cp1252'>| extra=asctime='2026-04-02 12:25:27,224'
2026-04-02 12:25:36,808 - DEBUG - ReadHandler: Intialized with fp > <_io.TextIOWrapper name='data/database/privilege/user.json' mode='r' encoding='cp1252'>| extra=asctime='2026-04-02 12:25:36,808'
2026-04-02 12:28:23,096 - DEBUG - 'Guardian_Crash' internal package registered!| extra=asctime='2026-04-02 12:28:23,096'
2026-04-02 12:28:23,098 - DEBUG - Trying load 'auth'..| extra=asctime='2026-04-02 12:28:23,098'
2026-04-02 12:28:23,114 - DEBUG - [auth]: detected object module 'domain.WebApp_service.plugin.external.auth.main', finding 'setup_me'..| extra=asctime='2026-04-02 12:28:23,114'
2026-04-02 12:28:23,115 - DEBUG - [auth]:Auth: setup_me finded! object registered into Queue.| extra=asctime='2026-04-02 12:28:23,115'
2026-04-02 12:28:23,175 - DEBUG - ReadHandler: Intialized with fp > <_io.TextIOWrapper name='data/database/privilege/user.json' mode='r' encoding='cp1252'>| extra=asctime='2026-04-02 12:28:23,175'
2026-04-02 12:28:23,177 - DEBUG - ReadHandler: Intialized with fp > <_io.TextIOWrapper name='data/database/privilege/user.json' mode='r' encoding='cp1252'>| extra=asctime='2026-04-02 12:28:23,177'
2026-04-02 12:28:23,178 - DEBUG - [auth]:Flask: object doesn't have 'setup_me' function, skiped!| extra=asctime='2026-04-02 12:28:23,178'
2026-04-02 12:28:23,179 - DEBUG - Trying load 'test'..| extra=asctime='2026-04-02 12:28:23,179'
2026-04-02 12:28:23,188 - DEBUG - [test]: detected object module 'domain.WebApp_service.plugin.external.test.main', finding 'setup_me'..| extra=asctime='2026-04-02 12:28:23,188'
2026-04-02 12:28:23,189 - DEBUG - [test]:Flask: object doesn't have 'setup_me' function, skiped!| extra=asctime='2026-04-02 12:28:23,189'
2026-04-02 12:28:23,190 - DEBUG - [test]:polyplay: setup_me finded! object registered into Queue.| extra=asctime='2026-04-02 12:28:23,190'
2026-04-02 12:28:23,190 - DEBUG - Trying load 'urlshortener'..| extra=asctime='2026-04-02 12:28:23,190'
2026-04-02 12:28:23,200 - DEBUG - [urlshortener]: detected object module 'domain.WebApp_service.plugin.external.urlshortener.main', finding 'setup_me'..| extra=asctime='2026-04-02 12:28:23,200'
2026-04-02 12:28:23,201 - DEBUG - [urlshortener]:Flask: object doesn't have 'setup_me' function, skiped!| extra=asctime='2026-04-02 12:28:23,201'
2026-04-02 12:28:23,201 - DEBUG - [urlshortener]:apiServiceShortener: setup_me finded! object registered into Queue.| extra=asctime='2026-04-02 12:28:23,201'
2026-04-02 12:28:23,231 - DEBUG - ReadHandler: Intialized with fp > <_io.TextIOWrapper name='data/database/shorten/client.json' mode='r' encoding='cp1252'>| extra=asctime='2026-04-02 12:28:23,231'
2026-04-02 12:28:35,803 - DEBUG - ReadHandler: Intialized with fp > <_io.TextIOWrapper name='data/database/privilege/user.json' mode='r' encoding='cp1252'>| extra=asctime='2026-04-02 12:28:35,803'
2026-04-02 12:29:34,291 - DEBUG - 'Guardian_Crash' internal package registered!| extra=asctime='2026-04-02 12:29:34,291'
2026-04-02 12:29:34,293 - DEBUG - Trying load 'auth'..| extra=asctime='2026-04-02 12:29:34,293'
2026-04-02 12:29:34,305 - DEBUG - [auth]: detected object module 'domain.WebApp_service.plugin.external.auth.main', finding 'setup_me'..| extra=asctime='2026-04-02 12:29:34,305'
2026-04-02 12:29:34,305 - DEBUG - [auth]:Auth: setup_me finded! object registered into Queue.| extra=asctime='2026-04-02 12:29:34,305'
2026-04-02 12:29:34,524 - DEBUG - ReadHandler: Intialized with fp > <_io.TextIOWrapper name='data/database/privilege/user.json' mode='r' encoding='cp1252'>| extra=asctime='2026-04-02 12:29:34,524'
2026-04-02 12:29:34,526 - DEBUG - ReadHandler: Intialized with fp > <_io.TextIOWrapper name='data/database/privilege/user.json' mode='r' encoding='cp1252'>| extra=asctime='2026-04-02 12:29:34,526'
2026-04-02 12:29:34,527 - DEBUG - [auth]:Flask: object doesn't have 'setup_me' function, skiped!| extra=asctime='2026-04-02 12:29:34,527'
2026-04-02 12:29:34,527 - DEBUG - Trying load 'test'..| extra=asctime='2026-04-02 12:29:34,527'
2026-04-02 12:29:34,537 - DEBUG - [test]: detected object module 'domain.WebApp_service.plugin.external.test.main', finding 'setup_me'..| extra=asctime='2026-04-02 12:29:34,537'
2026-04-02 12:29:34,537 - DEBUG - [test]:Flask: object doesn't have 'setup_me' function, skiped!| extra=asctime='2026-04-02 12:29:34,537'
2026-04-02 12:29:34,538 - DEBUG - [test]:polyplay: setup_me finded! object registered into Queue.| extra=asctime='2026-04-02 12:29:34,538'
2026-04-02 12:29:34,539 - DEBUG - Trying load 'urlshortener'..| extra=asctime='2026-04-02 12:29:34,539'
2026-04-02 12:29:34,547 - DEBUG - [urlshortener]: detected object module 'domain.WebApp_service.plugin.external.urlshortener.main', finding 'setup_me'..| extra=asctime='2026-04-02 12:29:34,547'
2026-04-02 12:29:34,548 - DEBUG - [urlshortener]:Flask: object doesn't have 'setup_me' function, skiped!| extra=asctime='2026-04-02 12:29:34,548'
2026-04-02 12:29:34,548 - DEBUG - [urlshortener]:apiServiceShortener: setup_me finded! object registered into Queue.| extra=asctime='2026-04-02 12:29:34,548'
2026-04-02 12:29:34,590 - DEBUG - ReadHandler: Intialized with fp > <_io.TextIOWrapper name='data/database/shorten/client.json' mode='r' encoding='cp1252'>| extra=asctime='2026-04-02 12:29:34,590'
2026-04-02 12:29:40,635 - DEBUG - ReadHandler: Intialized with fp > <_io.TextIOWrapper name='data/database/privilege/user.json' mode='r' encoding='cp1252'>| extra=asctime='2026-04-02 12:29:40,635'
2026-04-02 12:30:27,541 - DEBUG - 'Guardian_Crash' internal package registered!| extra=asctime='2026-04-02 12:30:27,541'
2026-04-02 12:30:27,542 - DEBUG - Trying load 'auth'..| extra=asctime='2026-04-02 12:30:27,542'
2026-04-02 12:30:27,550 - DEBUG - [auth]: detected object module 'domain.WebApp_service.plugin.external.auth.main', finding 'setup_me'..| extra=asctime='2026-04-02 12:30:27,550'
2026-04-02 12:30:27,550 - DEBUG - [auth]:Auth: setup_me finded! object registered into Queue.| extra=asctime='2026-04-02 12:30:27,550'
2026-04-02 12:30:27,591 - DEBUG - ReadHandler: Intialized with fp > <_io.TextIOWrapper name='data/database/privilege/user.json' mode='r' encoding='cp1252'>| extra=asctime='2026-04-02 12:30:27,591'
2026-04-02 12:30:27,593 - DEBUG - ReadHandler: Intialized with fp > <_io.TextIOWrapper name='data/database/privilege/user.json' mode='r' encoding='cp1252'>| extra=asctime='2026-04-02 12:30:27,593'
2026-04-02 12:30:27,593 - DEBUG - [auth]:Flask: object doesn't have 'setup_me' function, skiped!| extra=asctime='2026-04-02 12:30:27,593'
2026-04-02 12:30:27,594 - DEBUG - Trying load 'test'..| extra=asctime='2026-04-02 12:30:27,594'
2026-04-02 12:30:27,599 - DEBUG - [test]: detected object module 'domain.WebApp_service.plugin.external.test.main', finding 'setup_me'..| extra=asctime='2026-04-02 12:30:27,599'
2026-04-02 12:30:27,600 - DEBUG - [test]:Flask: object doesn't have 'setup_me' function, skiped!| extra=asctime='2026-04-02 12:30:27,600'
2026-04-02 12:30:27,600 - DEBUG - [test]:polyplay: setup_me finded! object registered into Queue.| extra=asctime='2026-04-02 12:30:27,600'
2026-04-02 12:30:27,600 - DEBUG - Trying load 'urlshortener'..| extra=asctime='2026-04-02 12:30:27,600'
2026-04-02 12:30:27,606 - DEBUG - [urlshortener]: detected object module 'domain.WebApp_service.plugin.external.urlshortener.main', finding 'setup_me'..| extra=asctime='2026-04-02 12:30:27,606'
2026-04-02 12:30:27,606 - DEBUG - [urlshortener]:Flask: object doesn't have 'setup_me' function, skiped!| extra=asctime='2026-04-02 12:30:27,606'
2026-04-02 12:30:27,608 - DEBUG - [urlshortener]:apiServiceShortener: setup_me finded! object registered into Queue.| extra=asctime='2026-04-02 12:30:27,608'
2026-04-02 12:30:27,621 - DEBUG - ReadHandler: Intialized with fp > <_io.TextIOWrapper name='data/database/shorten/client.json' mode='r' encoding='cp1252'>| extra=asctime='2026-04-02 12:30:27,621'
2026-04-02 12:30:36,236 - DEBUG - ReadHandler: Intialized with fp > <_io.TextIOWrapper name='data/database/privilege/user.json' mode='r' encoding='cp1252'>| extra=asctime='2026-04-02 12:30:36,236'
2026-04-02 12:34:13,723 - DEBUG - 'Guardian_Crash' internal package registered!| extra=asctime='2026-04-02 12:34:13,723'
2026-04-02 12:34:13,724 - DEBUG - Trying load 'auth'..| extra=asctime='2026-04-02 12:34:13,724'
2026-04-02 12:34:13,729 - DEBUG - [auth]: detected object module 'domain.WebApp_service.plugin.external.auth.main', finding 'setup_me'..| extra=asctime='2026-04-02 12:34:13,729'
2026-04-02 12:34:13,730 - DEBUG - [auth]:Auth: setup_me finded! object registered into Queue.| extra=asctime='2026-04-02 12:34:13,730'
2026-04-02 12:34:13,798 - DEBUG - ReadHandler: Intialized with fp > <_io.TextIOWrapper name='data/database/privilege/user.json' mode='r' encoding='cp1252'>| extra=asctime='2026-04-02 12:34:13,798'
2026-04-02 12:34:13,799 - DEBUG - ReadHandler: Intialized with fp > <_io.TextIOWrapper name='data/database/privilege/user.json' mode='r' encoding='cp1252'>| extra=asctime='2026-04-02 12:34:13,799'
2026-04-02 12:34:13,800 - DEBUG - [auth]:Flask: object doesn't have 'setup_me' function, skiped!| extra=asctime='2026-04-02 12:34:13,800'
2026-04-02 12:34:13,800 - DEBUG - Trying load 'test'..| extra=asctime='2026-04-02 12:34:13,800'
2026-04-02 12:34:13,804 - DEBUG - [test]: detected object module 'domain.WebApp_service.plugin.external.test.main', finding 'setup_me'..| extra=asctime='2026-04-02 12:34:13,804'
2026-04-02 12:34:13,804 - DEBUG - [test]:Flask: object doesn't have 'setup_me' function, skiped!| extra=asctime='2026-04-02 12:34:13,804'
2026-04-02 12:34:13,804 - DEBUG - [test]:polyplay: setup_me finded! object registered into Queue.| extra=asctime='2026-04-02 12:34:13,804'
2026-04-02 12:34:13,804 - DEBUG - Trying load 'urlshortener'..| extra=asctime='2026-04-02 12:34:13,804'
2026-04-02 12:34:13,815 - DEBUG - [urlshortener]: detected object module 'domain.WebApp_service.plugin.external.urlshortener.main', finding 'setup_me'..| extra=asctime='2026-04-02 12:34:13,815'
2026-04-02 12:34:13,815 - DEBUG - [urlshortener]:Flask: object doesn't have 'setup_me' function, skiped!| extra=asctime='2026-04-02 12:34:13,815'
2026-04-02 12:34:13,815 - DEBUG - [urlshortener]:apiServiceShortener: setup_me finded! object registered into Queue.| extra=asctime='2026-04-02 12:34:13,815'
2026-04-02 12:34:13,834 - DEBUG - ReadHandler: Intialized with fp > <_io.TextIOWrapper name='data/database/shorten/client.json' mode='r' encoding='cp1252'>| extra=asctime='2026-04-02 12:34:13,834'
2026-04-02 12:34:50,200 - DEBUG - ReadHandler: Intialized with fp > <_io.TextIOWrapper name='data/database/privilege/user.json' mode='r' encoding='cp1252'>| extra=asctime='2026-04-02 12:34:50,200'
2026-04-02 12:35:21,629 - DEBUG - WriteHandler initialized: Params(fp=<_io.TextIOWrapper name='data/database/shorten/client.json' mode='w' encoding='cp1252'>, obj=Blocked, indent=4)| extra=asctime='2026-04-02 12:35:21,629'
2026-04-02 12:35:21,630 - DEBUG - WriteHandler: json_write triggered! 
  Flag: Params(fp=<_io.TextIOWrapper name='data/database/shorten/client.json' mode='w' encoding='cp1252'>, obj=Blocked, indent=Ellipsis)| extra=asctime='2026-04-02 12:35:21,630'
2026-04-02 12:35:21,847 - DEBUG - ReadHandler: Intialized with fp > <_io.TextIOWrapper name='data/database/shorten/client.json' mode='r' encoding='cp1252'>| extra=asctime='2026-04-02 12:35:21,847'
2026-04-02 12:36:07,001 - DEBUG - 'Guardian_Crash' internal package registered!| extra=asctime='2026-04-02 12:36:07,001'
2026-04-02 12:36:07,002 - DEBUG - Trying load 'auth'..| extra=asctime='2026-04-02 12:36:07,002'
2026-04-02 12:36:07,009 - DEBUG - [auth]: detected object module 'domain.WebApp_service.plugin.external.auth.main', finding 'setup_me'..| extra=asctime='2026-04-02 12:36:07,009'
2026-04-02 12:36:07,010 - DEBUG - [auth]:Auth: setup_me finded! object registered into Queue.| extra=asctime='2026-04-02 12:36:07,010'
2026-04-02 12:36:07,044 - DEBUG - ReadHandler: Intialized with fp > <_io.TextIOWrapper name='data/database/privilege/user.json' mode='r' encoding='cp1252'>| extra=asctime='2026-04-02 12:36:07,044'
2026-04-02 12:36:07,046 - DEBUG - ReadHandler: Intialized with fp > <_io.TextIOWrapper name='data/database/privilege/user.json' mode='r' encoding='cp1252'>| extra=asctime='2026-04-02 12:36:07,046'
2026-04-02 12:36:07,047 - DEBUG - [auth]:Flask: object doesn't have 'setup_me' function, skiped!| extra=asctime='2026-04-02 12:36:07,047'
2026-04-02 12:36:07,047 - DEBUG - Trying load 'test'..| extra=asctime='2026-04-02 12:36:07,047'
2026-04-02 12:36:07,053 - DEBUG - [test]: detected object module 'domain.WebApp_service.plugin.external.test.main', finding 'setup_me'..| extra=asctime='2026-04-02 12:36:07,053'
2026-04-02 12:36:07,053 - DEBUG - [test]:Flask: object doesn't have 'setup_me' function, skiped!| extra=asctime='2026-04-02 12:36:07,053'
2026-04-02 12:36:07,054 - DEBUG - [test]:polyplay: setup_me finded! object registered into Queue.| extra=asctime='2026-04-02 12:36:07,054'
2026-04-02 12:36:07,054 - DEBUG - Trying load 'urlshortener'..| extra=asctime='2026-04-02 12:36:07,054'
2026-04-02 12:36:07,059 - DEBUG - [urlshortener]: detected object module 'domain.WebApp_service.plugin.external.urlshortener.main', finding 'setup_me'..| extra=asctime='2026-04-02 12:36:07,059'
2026-04-02 12:36:07,060 - DEBUG - [urlshortener]:Flask: object doesn't have 'setup_me' function, skiped!| extra=asctime='2026-04-02 12:36:07,060'
2026-04-02 12:36:07,061 - DEBUG - [urlshortener]:apiServiceShortener: setup_me finded! object registered into Queue.| extra=asctime='2026-04-02 12:36:07,061'
2026-04-02 12:36:07,178 - DEBUG - ReadHandler: Intialized with fp > <_io.TextIOWrapper name='data/database/shorten/client.json' mode='r' encoding='cp1252'>| extra=asctime='2026-04-02 12:36:07,178'
2026-04-02 12:38:14,162 - DEBUG - 'Guardian_Crash' internal package registered!| extra=asctime='2026-04-02 12:38:14,162'
2026-04-02 12:38:14,163 - DEBUG - Trying load 'auth'..| extra=asctime='2026-04-02 12:38:14,163'
2026-04-02 12:38:14,177 - DEBUG - [auth]: detected object module 'domain.WebApp_service.plugin.external.auth.main', finding 'setup_me'..| extra=asctime='2026-04-02 12:38:14,177'
2026-04-02 12:38:14,178 - DEBUG - [auth]:Auth: setup_me finded! object registered into Queue.| extra=asctime='2026-04-02 12:38:14,178'
2026-04-02 12:38:14,272 - DEBUG - ReadHandler: Intialized with fp > <_io.TextIOWrapper name='data/database/privilege/user.json' mode='r' encoding='cp1252'>| extra=asctime='2026-04-02 12:38:14,272'
2026-04-02 12:38:14,278 - DEBUG - ReadHandler: Intialized with fp > <_io.TextIOWrapper name='data/database/privilege/user.json' mode='r' encoding='cp1252'>| extra=asctime='2026-04-02 12:38:14,278'
2026-04-02 12:38:14,280 - DEBUG - [auth]:Flask: object doesn't have 'setup_me' function, skiped!| extra=asctime='2026-04-02 12:38:14,280'
2026-04-02 12:38:14,281 - DEBUG - Trying load 'test'..| extra=asctime='2026-04-02 12:38:14,281'
2026-04-02 12:38:14,287 - DEBUG - [test]: detected object module 'domain.WebApp_service.plugin.external.test.main', finding 'setup_me'..| extra=asctime='2026-04-02 12:38:14,287'
2026-04-02 12:38:14,287 - DEBUG - [test]:Flask: object doesn't have 'setup_me' function, skiped!| extra=asctime='2026-04-02 12:38:14,287'
2026-04-02 12:38:14,290 - DEBUG - [test]:polyplay: setup_me finded! object registered into Queue.| extra=asctime='2026-04-02 12:38:14,290'
2026-04-02 12:38:14,291 - DEBUG - Trying load 'urlshortener'..| extra=asctime='2026-04-02 12:38:14,291'
2026-04-02 12:38:14,307 - DEBUG - [urlshortener]: detected object module 'domain.WebApp_service.plugin.external.urlshortener.main', finding 'setup_me'..| extra=asctime='2026-04-02 12:38:14,307'
2026-04-02 12:38:14,307 - DEBUG - [urlshortener]:Flask: object doesn't have 'setup_me' function, skiped!| extra=asctime='2026-04-02 12:38:14,307'
2026-04-02 12:38:14,308 - DEBUG - [urlshortener]:apiServiceShortener: setup_me finded! object registered into Queue.| extra=asctime='2026-04-02 12:38:14,308'
2026-04-02 12:38:14,335 - DEBUG - ReadHandler: Intialized with fp > <_io.TextIOWrapper name='data/database/shorten/client.json' mode='r' encoding='cp1252'>| extra=asctime='2026-04-02 12:38:14,335'
2026-04-02 12:38:18,064 - DEBUG - WriteHandler initialized: Params(fp=<_io.TextIOWrapper name='data/database/shorten/client.json' mode='w' encoding='cp1252'>, obj=Blocked, indent=4)| extra=asctime='2026-04-02 12:38:18,064'
2026-04-02 12:38:18,070 - DEBUG - WriteHandler: json_write triggered! 
  Flag: Params(fp=<_io.TextIOWrapper name='data/database/shorten/client.json' mode='w' encoding='cp1252'>, obj=Blocked, indent=Ellipsis)| extra=asctime='2026-04-02 12:38:18,070'
2026-04-02 12:38:18,379 - DEBUG - ReadHandler: Intialized with fp > <_io.TextIOWrapper name='data/database/shorten/client.json' mode='r' encoding='cp1252'>| extra=asctime='2026-04-02 12:38:18,379'
2026-04-02 12:38:23,841 - DEBUG - WriteHandler initialized: Params(fp=<_io.TextIOWrapper name='data/database/shorten/client.json' mode='w' encoding='cp1252'>, obj=Blocked, indent=4)| extra=asctime='2026-04-02 12:38:23,841'
2026-04-02 12:38:23,842 - DEBUG - WriteHandler: json_write triggered! 
  Flag: Params(fp=<_io.TextIOWrapper name='data/database/shorten/client.json' mode='w' encoding='cp1252'>, obj=Blocked, indent=Ellipsis)| extra=asctime='2026-04-02 12:38:23,842'
2026-04-02 12:38:24,160 - DEBUG - ReadHandler: Intialized with fp > <_io.TextIOWrapper name='data/database/shorten/client.json' mode='r' encoding='cp1252'>| extra=asctime='2026-04-02 12:38:24,160'
2026-04-02 12:38:36,456 - DEBUG - WriteHandler initialized: Params(fp=<_io.TextIOWrapper name='data/database/shorten/client.json' mode='w' encoding='cp1252'>, obj=Blocked, indent=4)| extra=asctime='2026-04-02 12:38:36,456'
2026-04-02 12:38:36,456 - DEBUG - WriteHandler: json_write triggered! 
  Flag: Params(fp=<_io.TextIOWrapper name='data/database/shorten/client.json' mode='w' encoding='cp1252'>, obj=Blocked, indent=Ellipsis)| extra=asctime='2026-04-02 12:38:36,456'
2026-04-02 12:38:37,115 - DEBUG - ReadHandler: Intialized with fp > <_io.TextIOWrapper name='data/database/shorten/client.json' mode='r' encoding='cp1252'>| extra=asctime='2026-04-02 12:38:37,115'
2026-04-02 12:38:57,535 - DEBUG - 'Guardian_Crash' internal package registered!| extra=asctime='2026-04-02 12:38:57,535'
2026-04-02 12:38:57,538 - DEBUG - Trying load 'auth'..| extra=asctime='2026-04-02 12:38:57,538'
2026-04-02 12:38:57,546 - DEBUG - [auth]: detected object module 'domain.WebApp_service.plugin.external.auth.main', finding 'setup_me'..| extra=asctime='2026-04-02 12:38:57,546'
2026-04-02 12:38:57,547 - DEBUG - [auth]:Auth: setup_me finded! object registered into Queue.| extra=asctime='2026-04-02 12:38:57,547'
2026-04-02 12:38:57,598 - DEBUG - ReadHandler: Intialized with fp > <_io.TextIOWrapper name='data/database/privilege/user.json' mode='r' encoding='cp1252'>| extra=asctime='2026-04-02 12:38:57,598'
2026-04-02 12:38:57,599 - DEBUG - ReadHandler: Intialized with fp > <_io.TextIOWrapper name='data/database/privilege/user.json' mode='r' encoding='cp1252'>| extra=asctime='2026-04-02 12:38:57,599'
2026-04-02 12:38:57,600 - DEBUG - [auth]:Flask: object doesn't have 'setup_me' function, skiped!| extra=asctime='2026-04-02 12:38:57,600'
2026-04-02 12:38:57,601 - DEBUG - Trying load 'test'..| extra=asctime='2026-04-02 12:38:57,601'
2026-04-02 12:38:57,607 - DEBUG - [test]: detected object module 'domain.WebApp_service.plugin.external.test.main', finding 'setup_me'..| extra=asctime='2026-04-02 12:38:57,607'
2026-04-02 12:38:57,607 - DEBUG - [test]:Flask: object doesn't have 'setup_me' function, skiped!| extra=asctime='2026-04-02 12:38:57,607'
2026-04-02 12:38:57,608 - DEBUG - [test]:polyplay: setup_me finded! object registered into Queue.| extra=asctime='2026-04-02 12:38:57,608'
2026-04-02 12:38:57,608 - DEBUG - Trying load 'urlshortener'..| extra=asctime='2026-04-02 12:38:57,608'
2026-04-02 12:38:57,623 - DEBUG - [urlshortener]: detected object module 'domain.WebApp_service.plugin.external.urlshortener.main', finding 'setup_me'..| extra=asctime='2026-04-02 12:38:57,623'
2026-04-02 12:38:57,624 - DEBUG - [urlshortener]:Flask: object doesn't have 'setup_me' function, skiped!| extra=asctime='2026-04-02 12:38:57,624'
2026-04-02 12:38:57,624 - DEBUG - [urlshortener]:apiServiceShortener: setup_me finded! object registered into Queue.| extra=asctime='2026-04-02 12:38:57,624'
2026-04-02 12:38:57,642 - DEBUG - ReadHandler: Intialized with fp > <_io.TextIOWrapper name='data/database/shorten/client.json' mode='r' encoding='cp1252'>| extra=asctime='2026-04-02 12:38:57,642'
2026-04-02 12:39:06,958 - DEBUG - WriteHandler initialized: Params(fp=<_io.TextIOWrapper name='data/database/shorten/client.json' mode='w' encoding='cp1252'>, obj=Blocked, indent=4)| extra=asctime='2026-04-02 12:39:06,958'
2026-04-02 12:39:06,971 - DEBUG - WriteHandler: json_write triggered! 
  Flag: Params(fp=<_io.TextIOWrapper name='data/database/shorten/client.json' mode='w' encoding='cp1252'>, obj=Blocked, indent=Ellipsis)| extra=asctime='2026-04-02 12:39:06,971'
2026-04-02 12:39:08,416 - DEBUG - ReadHandler: Intialized with fp > <_io.TextIOWrapper name='data/database/shorten/client.json' mode='r' encoding='cp1252'>| extra=asctime='2026-04-02 12:39:08,416'
2026-04-02 12:42:36,864 - DEBUG - WriteHandler initialized: Params(fp=<_io.TextIOWrapper name='data/database/shorten/client.json' mode='w' encoding='cp1252'>, obj=Blocked, indent=4)| extra=asctime='2026-04-02 12:42:36,864'
2026-04-02 12:42:36,865 - DEBUG - WriteHandler: json_write triggered! 
  Flag: Params(fp=<_io.TextIOWrapper name='data/database/shorten/client.json' mode='w' encoding='cp1252'>, obj=Blocked, indent=Ellipsis)| extra=asctime='2026-04-02 12:42:36,865'
2026-04-02 12:42:36,967 - DEBUG - ReadHandler: Intialized with fp > <_io.TextIOWrapper name='data/database/shorten/client.json' mode='r' encoding='cp1252'>| extra=asctime='2026-04-02 12:42:36,967'
2026-04-02 12:47:34,354 - DEBUG - 'Guardian_Crash' internal package registered!| extra=asctime='2026-04-02 12:47:34,354'
2026-04-02 12:47:34,354 - DEBUG - Trying load 'auth'..| extra=asctime='2026-04-02 12:47:34,354'
2026-04-02 12:47:34,361 - DEBUG - [auth]: detected object module 'domain.WebApp_service.plugin.external.auth.main', finding 'setup_me'..| extra=asctime='2026-04-02 12:47:34,361'
2026-04-02 12:47:34,361 - DEBUG - [auth]:Auth: setup_me finded! object registered into Queue.| extra=asctime='2026-04-02 12:47:34,361'
2026-04-02 12:47:34,390 - DEBUG - ReadHandler: Intialized with fp > <_io.TextIOWrapper name='data/database/privilege/user.json' mode='r' encoding='cp1252'>| extra=asctime='2026-04-02 12:47:34,390'
2026-04-02 12:47:34,391 - DEBUG - ReadHandler: Intialized with fp > <_io.TextIOWrapper name='data/database/privilege/user.json' mode='r' encoding='cp1252'>| extra=asctime='2026-04-02 12:47:34,391'
2026-04-02 12:47:34,391 - DEBUG - [auth]:Flask: object doesn't have 'setup_me' function, skiped!| extra=asctime='2026-04-02 12:47:34,391'
2026-04-02 12:47:34,393 - DEBUG - Trying load 'test'..| extra=asctime='2026-04-02 12:47:34,393'
2026-04-02 12:47:34,396 - DEBUG - [test]: detected object module 'domain.WebApp_service.plugin.external.test.main', finding 'setup_me'..| extra=asctime='2026-04-02 12:47:34,396'
2026-04-02 12:47:34,397 - DEBUG - [test]:Flask: object doesn't have 'setup_me' function, skiped!| extra=asctime='2026-04-02 12:47:34,397'
2026-04-02 12:47:34,397 - DEBUG - [test]:polyplay: setup_me finded! object registered into Queue.| extra=asctime='2026-04-02 12:47:34,397'
2026-04-02 12:47:34,397 - DEBUG - Trying load 'urlshortener'..| extra=asctime='2026-04-02 12:47:34,397'
2026-04-02 12:47:34,401 - DEBUG - [urlshortener]: detected object module 'domain.WebApp_service.plugin.external.urlshortener.main', finding 'setup_me'..| extra=asctime='2026-04-02 12:47:34,401'
2026-04-02 12:47:34,401 - DEBUG - [urlshortener]:Flask: object doesn't have 'setup_me' function, skiped!| extra=asctime='2026-04-02 12:47:34,401'
2026-04-02 12:47:34,402 - DEBUG - [urlshortener]:apiServiceShortener: setup_me finded! object registered into Queue.| extra=asctime='2026-04-02 12:47:34,402'
2026-04-02 12:47:34,421 - DEBUG - ReadHandler: Intialized with fp > <_io.TextIOWrapper name='data/database/shorten/client.json' mode='r' encoding='cp1252'>| extra=asctime='2026-04-02 12:47:34,421'
2026-04-02 12:47:42,530 - DEBUG - WriteHandler initialized: Params(fp=<_io.TextIOWrapper name='data/database/shorten/client.json' mode='w' encoding='cp1252'>, obj=Blocked, indent=4)| extra=asctime='2026-04-02 12:47:42,530'
2026-04-02 12:47:42,530 - DEBUG - WriteHandler: json_write triggered! 
  Flag: Params(fp=<_io.TextIOWrapper name='data/database/shorten/client.json' mode='w' encoding='cp1252'>, obj=Blocked, indent=Ellipsis)| extra=asctime='2026-04-02 12:47:42,530'
2026-04-02 12:47:43,161 - DEBUG - ReadHandler: Intialized with fp > <_io.TextIOWrapper name='data/database/shorten/client.json' mode='r' encoding='cp1252'>| extra=asctime='2026-04-02 12:47:43,161'
2026-04-02 12:49:41,208 - DEBUG - 'Guardian_Crash' internal package registered!| extra=asctime='2026-04-02 12:49:41,208'
2026-04-02 12:49:41,209 - DEBUG - Trying load 'auth'..| extra=asctime='2026-04-02 12:49:41,209'
2026-04-02 12:49:41,214 - DEBUG - [auth]: detected object module 'domain.WebApp_service.plugin.external.auth.main', finding 'setup_me'..| extra=asctime='2026-04-02 12:49:41,214'
2026-04-02 12:49:41,214 - DEBUG - [auth]:Auth: setup_me finded! object registered into Queue.| extra=asctime='2026-04-02 12:49:41,214'
2026-04-02 12:49:41,239 - DEBUG - ReadHandler: Intialized with fp > <_io.TextIOWrapper name='data/database/privilege/user.json' mode='r' encoding='cp1252'>| extra=asctime='2026-04-02 12:49:41,239'
2026-04-02 12:49:41,240 - DEBUG - ReadHandler: Intialized with fp > <_io.TextIOWrapper name='data/database/privilege/user.json' mode='r' encoding='cp1252'>| extra=asctime='2026-04-02 12:49:41,240'
2026-04-02 12:49:41,241 - DEBUG - [auth]:Flask: object doesn't have 'setup_me' function, skiped!| extra=asctime='2026-04-02 12:49:41,241'
2026-04-02 12:49:41,241 - DEBUG - Trying load 'test'..| extra=asctime='2026-04-02 12:49:41,241'
2026-04-02 12:49:41,244 - DEBUG - [test]: detected object module 'domain.WebApp_service.plugin.external.test.main', finding 'setup_me'..| extra=asctime='2026-04-02 12:49:41,244'
2026-04-02 12:49:41,245 - DEBUG - [test]:Flask: object doesn't have 'setup_me' function, skiped!| extra=asctime='2026-04-02 12:49:41,245'
2026-04-02 12:49:41,245 - DEBUG - [test]:polyplay: setup_me finded! object registered into Queue.| extra=asctime='2026-04-02 12:49:41,245'
2026-04-02 12:49:41,245 - DEBUG - Trying load 'urlshortener'..| extra=asctime='2026-04-02 12:49:41,245'
2026-04-02 12:49:41,255 - DEBUG - [urlshortener]: detected object module 'domain.WebApp_service.plugin.external.urlshortener.main', finding 'setup_me'..| extra=asctime='2026-04-02 12:49:41,255'
2026-04-02 12:49:41,256 - DEBUG - [urlshortener]:Flask: object doesn't have 'setup_me' function, skiped!| extra=asctime='2026-04-02 12:49:41,256'
2026-04-02 12:49:41,256 - DEBUG - [urlshortener]:apiServiceShortener: setup_me finded! object registered into Queue.| extra=asctime='2026-04-02 12:49:41,256'
2026-04-02 12:49:41,272 - DEBUG - ReadHandler: Intialized with fp > <_io.TextIOWrapper name='data/database/shorten/client.json' mode='r' encoding='cp1252'>| extra=asctime='2026-04-02 12:49:41,272'
2026-04-02 12:49:47,462 - DEBUG - ReadHandler: Intialized with fp > <_io.TextIOWrapper name='data/database/privilege/user.json' mode='r' encoding='cp1252'>| extra=asctime='2026-04-02 12:49:47,462'
2026-04-02 12:49:54,942 - DEBUG - ReadHandler: Intialized with fp > <_io.TextIOWrapper name='data/database/privilege/user.json' mode='r' encoding='cp1252'>| extra=asctime='2026-04-02 12:49:54,942'
2026-04-02 12:50:08,151 - DEBUG - WriteHandler initialized: Params(fp=<_io.TextIOWrapper name='data/database/shorten/client.json' mode='w' encoding='cp1252'>, obj=Blocked, indent=4)| extra=asctime='2026-04-02 12:50:08,151'
2026-04-02 12:50:08,151 - DEBUG - WriteHandler: json_write triggered! 
  Flag: Params(fp=<_io.TextIOWrapper name='data/database/shorten/client.json' mode='w' encoding='cp1252'>, obj=Blocked, indent=Ellipsis)| extra=asctime='2026-04-02 12:50:08,151'
2026-04-02 12:50:08,453 - DEBUG - ReadHandler: Intialized with fp > <_io.TextIOWrapper name='data/database/shorten/client.json' mode='r' encoding='cp1252'>| extra=asctime='2026-04-02 12:50:08,453'
2026-04-02 12:50:33,530 - DEBUG - ReadHandler: Intialized with fp > <_io.TextIOWrapper name='data/database/privilege/user.json' mode='r' encoding='cp1252'>| extra=asctime='2026-04-02 12:50:33,530'
2026-04-02 12:51:25,369 - DEBUG - 'Guardian_Crash' internal package registered!| extra=asctime='2026-04-02 12:51:25,369'
2026-04-02 12:51:25,370 - DEBUG - Trying load 'auth'..| extra=asctime='2026-04-02 12:51:25,370'
2026-04-02 12:51:25,378 - DEBUG - [auth]: detected object module 'domain.WebApp_service.plugin.external.auth.main', finding 'setup_me'..| extra=asctime='2026-04-02 12:51:25,378'
2026-04-02 12:51:25,379 - DEBUG - [auth]:Auth: setup_me finded! object registered into Queue.| extra=asctime='2026-04-02 12:51:25,379'
2026-04-02 12:51:25,434 - DEBUG - ReadHandler: Intialized with fp > <_io.TextIOWrapper name='data/database/privilege/user.json' mode='r' encoding='cp1252'>| extra=asctime='2026-04-02 12:51:25,434'
2026-04-02 12:51:25,434 - DEBUG - ReadHandler: Intialized with fp > <_io.TextIOWrapper name='data/database/privilege/user.json' mode='r' encoding='cp1252'>| extra=asctime='2026-04-02 12:51:25,434'
2026-04-02 12:51:25,435 - DEBUG - [auth]:Flask: object doesn't have 'setup_me' function, skiped!| extra=asctime='2026-04-02 12:51:25,435'
2026-04-02 12:51:25,435 - DEBUG - Trying load 'test'..| extra=asctime='2026-04-02 12:51:25,435'
2026-04-02 12:51:25,439 - DEBUG - [test]: detected object module 'domain.WebApp_service.plugin.external.test.main', finding 'setup_me'..| extra=asctime='2026-04-02 12:51:25,439'
2026-04-02 12:51:25,439 - DEBUG - [test]:Flask: object doesn't have 'setup_me' function, skiped!| extra=asctime='2026-04-02 12:51:25,439'
2026-04-02 12:51:25,439 - DEBUG - [test]:polyplay: setup_me finded! object registered into Queue.| extra=asctime='2026-04-02 12:51:25,439'
2026-04-02 12:51:25,439 - DEBUG - Trying load 'urlshortener'..| extra=asctime='2026-04-02 12:51:25,439'
2026-04-02 12:51:25,445 - DEBUG - [urlshortener]: detected object module 'domain.WebApp_service.plugin.external.urlshortener.main', finding 'setup_me'..| extra=asctime='2026-04-02 12:51:25,445'
2026-04-02 12:51:25,446 - DEBUG - [urlshortener]:Flask: object doesn't have 'setup_me' function, skiped!| extra=asctime='2026-04-02 12:51:25,446'
2026-04-02 12:51:25,446 - DEBUG - [urlshortener]:apiServiceShortener: setup_me finded! object registered into Queue.| extra=asctime='2026-04-02 12:51:25,446'
2026-04-02 12:51:25,465 - DEBUG - ReadHandler: Intialized with fp > <_io.TextIOWrapper name='data/database/shorten/client.json' mode='r' encoding='cp1252'>| extra=asctime='2026-04-02 12:51:25,465'
2026-04-02 12:53:14,801 - DEBUG - 'Guardian_Crash' internal package registered!| extra=asctime='2026-04-02 12:53:14,801'
2026-04-02 12:53:14,802 - DEBUG - Trying load 'auth'..| extra=asctime='2026-04-02 12:53:14,802'
2026-04-02 12:53:14,806 - DEBUG - [auth]: detected object module 'domain.WebApp_service.plugin.external.auth.main', finding 'setup_me'..| extra=asctime='2026-04-02 12:53:14,806'
2026-04-02 12:53:14,806 - DEBUG - [auth]:Auth: setup_me finded! object registered into Queue.| extra=asctime='2026-04-02 12:53:14,806'
2026-04-02 12:53:14,828 - DEBUG - ReadHandler: Intialized with fp > <_io.TextIOWrapper name='data/database/privilege/user.json' mode='r' encoding='cp1252'>| extra=asctime='2026-04-02 12:53:14,828'
2026-04-02 12:53:14,829 - DEBUG - ReadHandler: Intialized with fp > <_io.TextIOWrapper name='data/database/privilege/user.json' mode='r' encoding='cp1252'>| extra=asctime='2026-04-02 12:53:14,829'
2026-04-02 12:53:14,830 - DEBUG - [auth]:Flask: object doesn't have 'setup_me' function, skiped!| extra=asctime='2026-04-02 12:53:14,830'
2026-04-02 12:53:14,830 - DEBUG - Trying load 'test'..| extra=asctime='2026-04-02 12:53:14,830'
2026-04-02 12:53:14,833 - DEBUG - [test]: detected object module 'domain.WebApp_service.plugin.external.test.main', finding 'setup_me'..| extra=asctime='2026-04-02 12:53:14,833'
2026-04-02 12:53:14,833 - DEBUG - [test]:Flask: object doesn't have 'setup_me' function, skiped!| extra=asctime='2026-04-02 12:53:14,833'
2026-04-02 12:53:14,834 - DEBUG - [test]:polyplay: setup_me finded! object registered into Queue.| extra=asctime='2026-04-02 12:53:14,834'
2026-04-02 12:53:14,834 - DEBUG - Trying load 'urlshortener'..| extra=asctime='2026-04-02 12:53:14,834'
2026-04-02 12:53:14,837 - DEBUG - [urlshortener]: detected object module 'domain.WebApp_service.plugin.external.urlshortener.main', finding 'setup_me'..| extra=asctime='2026-04-02 12:53:14,837'
2026-04-02 12:53:14,837 - DEBUG - [urlshortener]:Flask: object doesn't have 'setup_me' function, skiped!| extra=asctime='2026-04-02 12:53:14,837'
2026-04-02 12:53:14,837 - DEBUG - [urlshortener]:apiServiceShortener: setup_me finded! object registered into Queue.| extra=asctime='2026-04-02 12:53:14,837'
2026-04-02 12:53:14,853 - DEBUG - ReadHandler: Intialized with fp > <_io.TextIOWrapper name='data/database/shorten/client.json' mode='r' encoding='cp1252'>| extra=asctime='2026-04-02 12:53:14,853'
2026-04-02 12:53:19,826 - DEBUG - WriteHandler initialized: Params(fp=<_io.TextIOWrapper name='data/database/shorten/client.json' mode='w' encoding='cp1252'>, obj=Blocked, indent=4)| extra=asctime='2026-04-02 12:53:19,826'
2026-04-02 12:53:19,826 - DEBUG - WriteHandler: json_write triggered! 
  Flag: Params(fp=<_io.TextIOWrapper name='data/database/shorten/client.json' mode='w' encoding='cp1252'>, obj=Blocked, indent=Ellipsis)| extra=asctime='2026-04-02 12:53:19,826'
2026-04-02 12:53:20,142 - DEBUG - ReadHandler: Intialized with fp > <_io.TextIOWrapper name='data/database/shorten/client.json' mode='r' encoding='cp1252'>| extra=asctime='2026-04-02 12:53:20,142'
2026-04-02 12:53:35,887 - DEBUG - ReadHandler: Intialized with fp > <_io.TextIOWrapper name='data/database/privilege/user.json' mode='r' encoding='cp1252'>| extra=asctime='2026-04-02 12:53:35,887'
2026-04-02 12:54:17,607 - DEBUG - WriteHandler initialized: Params(fp=<_io.TextIOWrapper name='data/database/shorten/client.json' mode='w' encoding='cp1252'>, obj=Blocked, indent=4)| extra=asctime='2026-04-02 12:54:17,607'
2026-04-02 12:54:17,608 - DEBUG - WriteHandler: json_write triggered! 
  Flag: Params(fp=<_io.TextIOWrapper name='data/database/shorten/client.json' mode='w' encoding='cp1252'>, obj=Blocked, indent=Ellipsis)| extra=asctime='2026-04-02 12:54:17,608'
2026-04-02 12:54:17,819 - DEBUG - ReadHandler: Intialized with fp > <_io.TextIOWrapper name='data/database/shorten/client.json' mode='r' encoding='cp1252'>| extra=asctime='2026-04-02 12:54:17,819'
2026-04-02 12:54:48,718 - DEBUG - WriteHandler initialized: Params(fp=<_io.TextIOWrapper name='data/database/shorten/client.json' mode='w' encoding='cp1252'>, obj=Blocked, indent=4)| extra=asctime='2026-04-02 12:54:48,718'
2026-04-02 12:54:48,718 - DEBUG - WriteHandler: json_write triggered! 
  Flag: Params(fp=<_io.TextIOWrapper name='data/database/shorten/client.json' mode='w' encoding='cp1252'>, obj=Blocked, indent=Ellipsis)| extra=asctime='2026-04-02 12:54:48,718'
2026-04-02 12:54:48,849 - DEBUG - ReadHandler: Intialized with fp > <_io.TextIOWrapper name='data/database/shorten/client.json' mode='r' encoding='cp1252'>| extra=asctime='2026-04-02 12:54:48,849'
2026-04-02 12:55:22,941 - DEBUG - ReadHandler: Intialized with fp > <_io.TextIOWrapper name='data/database/privilege/user.json' mode='r' encoding='cp1252'>| extra=asctime='2026-04-02 12:55:22,941'
2026-04-02 12:56:41,694 - DEBUG - ReadHandler: Intialized with fp > <_io.TextIOWrapper name='data/database/privilege/user.json' mode='r' encoding='cp1252'>| extra=asctime='2026-04-02 12:56:41,694'
2026-04-02 12:57:47,118 - DEBUG - WriteHandler initialized: Params(fp=<_io.TextIOWrapper name='data/database/privilege/user.json' mode='w' encoding='cp1252'>, obj=Blocked, indent=4)| extra=asctime='2026-04-02 12:57:47,118'
2026-04-02 12:57:47,118 - DEBUG - WriteHandler: json_write triggered! 
  Flag: Params(fp=<_io.TextIOWrapper name='data/database/privilege/user.json' mode='w' encoding='cp1252'>, obj=Blocked, indent=Ellipsis)| extra=asctime='2026-04-02 12:57:47,118'
2026-04-02 12:57:47,250 - DEBUG - ReadHandler: Intialized with fp > <_io.TextIOWrapper name='data/database/privilege/user.json' mode='r' encoding='cp1252'>| extra=asctime='2026-04-02 12:57:47,250'
2026-04-02 12:57:52,891 - DEBUG - ReadHandler: Intialized with fp > <_io.TextIOWrapper name='data/database/privilege/user.json' mode='r' encoding='cp1252'>| extra=asctime='2026-04-02 12:57:52,891'
2026-04-02 12:59:01,517 - DEBUG - ReadHandler: Intialized with fp > <_io.TextIOWrapper name='data/database/privilege/user.json' mode='r' encoding='cp1252'>| extra=asctime='2026-04-02 12:59:01,517'
2026-04-02 13:00:34,426 - DEBUG - 'Guardian_Crash' internal package registered!| extra=asctime='2026-04-02 13:00:34,426'
2026-04-02 13:00:34,427 - DEBUG - Trying load 'auth'..| extra=asctime='2026-04-02 13:00:34,427'
2026-04-02 13:00:34,484 - DEBUG - [auth]: detected object module 'domain.WebApp_service.plugin.external.auth.main', finding 'setup_me'..| extra=asctime='2026-04-02 13:00:34,484'
2026-04-02 13:00:34,484 - DEBUG - [auth]:Auth: setup_me finded! object registered into Queue.| extra=asctime='2026-04-02 13:00:34,484'
2026-04-02 13:00:35,054 - DEBUG - ReadHandler: Intialized with fp > <_io.TextIOWrapper name='data/database/privilege/user.json' mode='r' encoding='cp1252'>| extra=asctime='2026-04-02 13:00:35,054'
2026-04-02 13:00:35,056 - DEBUG - ReadHandler: Intialized with fp > <_io.TextIOWrapper name='data/database/privilege/user.json' mode='r' encoding='cp1252'>| extra=asctime='2026-04-02 13:00:35,056'
2026-04-02 13:00:35,059 - DEBUG - [auth]:Flask: object doesn't have 'setup_me' function, skiped!| extra=asctime='2026-04-02 13:00:35,059'
2026-04-02 13:00:35,071 - DEBUG - Trying load 'test'..| extra=asctime='2026-04-02 13:00:35,071'
2026-04-02 13:00:35,118 - DEBUG - [test]: detected object module 'domain.WebApp_service.plugin.external.test.main', finding 'setup_me'..| extra=asctime='2026-04-02 13:00:35,118'
2026-04-02 13:00:35,119 - DEBUG - [test]:Flask: object doesn't have 'setup_me' function, skiped!| extra=asctime='2026-04-02 13:00:35,119'
2026-04-02 13:00:35,119 - DEBUG - [test]:polyplay: setup_me finded! object registered into Queue.| extra=asctime='2026-04-02 13:00:35,119'
2026-04-02 13:00:35,119 - DEBUG - Trying load 'urlshortener'..| extra=asctime='2026-04-02 13:00:35,119'
2026-04-02 13:00:35,257 - DEBUG - [urlshortener]: detected object module 'domain.WebApp_service.plugin.external.urlshortener.main', finding 'setup_me'..| extra=asctime='2026-04-02 13:00:35,257'
2026-04-02 13:00:35,257 - DEBUG - [urlshortener]:Flask: object doesn't have 'setup_me' function, skiped!| extra=asctime='2026-04-02 13:00:35,257'
2026-04-02 13:00:35,257 - DEBUG - [urlshortener]:apiServiceShortener: setup_me finded! object registered into Queue.| extra=asctime='2026-04-02 13:00:35,257'
2026-04-02 13:00:35,634 - DEBUG - ReadHandler: Intialized with fp > <_io.TextIOWrapper name='data/database/shorten/client.json' mode='r' encoding='cp1252'>| extra=asctime='2026-04-02 13:00:35,634'
2026-04-02 13:00:44,195 - DEBUG - ReadHandler: Intialized with fp > <_io.TextIOWrapper name='data/database/privilege/user.json' mode='r' encoding='cp1252'>| extra=asctime='2026-04-02 13:00:44,195'
2026-04-02 13:02:04,712 - DEBUG - ReadHandler: Intialized with fp > <_io.TextIOWrapper name='data/database/privilege/user.json' mode='r' encoding='cp1252'>| extra=asctime='2026-04-02 13:02:04,712'
2026-04-02 13:04:12,122 - DEBUG - 'Guardian_Crash' internal package registered!| extra=asctime='2026-04-02 13:04:12,122'
2026-04-02 13:04:12,123 - DEBUG - Trying load 'auth'..| extra=asctime='2026-04-02 13:04:12,123'
2026-04-02 13:04:12,142 - DEBUG - [auth]: detected object module 'domain.WebApp_service.plugin.external.auth.main', finding 'setup_me'..| extra=asctime='2026-04-02 13:04:12,142'
2026-04-02 13:04:12,143 - DEBUG - [auth]:Auth: setup_me finded! object registered into Queue.| extra=asctime='2026-04-02 13:04:12,143'
2026-04-02 13:04:12,200 - DEBUG - ReadHandler: Intialized with fp > <_io.TextIOWrapper name='data/database/privilege/user.json' mode='r' encoding='cp1252'>| extra=asctime='2026-04-02 13:04:12,200'
2026-04-02 13:04:12,201 - DEBUG - ReadHandler: Intialized with fp > <_io.TextIOWrapper name='data/database/privilege/user.json' mode='r' encoding='cp1252'>| extra=asctime='2026-04-02 13:04:12,201'
2026-04-02 13:04:12,203 - DEBUG - [auth]:Flask: object doesn't have 'setup_me' function, skiped!| extra=asctime='2026-04-02 13:04:12,203'
2026-04-02 13:04:12,203 - DEBUG - Trying load 'test'..| extra=asctime='2026-04-02 13:04:12,203'
2026-04-02 13:04:12,210 - DEBUG - [test]: detected object module 'domain.WebApp_service.plugin.external.test.main', finding 'setup_me'..| extra=asctime='2026-04-02 13:04:12,210'
2026-04-02 13:04:12,213 - DEBUG - [test]:Flask: object doesn't have 'setup_me' function, skiped!| extra=asctime='2026-04-02 13:04:12,213'
2026-04-02 13:04:12,213 - DEBUG - [test]:polyplay: setup_me finded! object registered into Queue.| extra=asctime='2026-04-02 13:04:12,213'
2026-04-02 13:04:12,214 - DEBUG - Trying load 'urlshortener'..| extra=asctime='2026-04-02 13:04:12,214'
2026-04-02 13:04:12,222 - DEBUG - [urlshortener]: detected object module 'domain.WebApp_service.plugin.external.urlshortener.main', finding 'setup_me'..| extra=asctime='2026-04-02 13:04:12,222'
2026-04-02 13:04:12,222 - DEBUG - [urlshortener]:Flask: object doesn't have 'setup_me' function, skiped!| extra=asctime='2026-04-02 13:04:12,222'
2026-04-02 13:04:12,222 - DEBUG - [urlshortener]:apiServiceShortener: setup_me finded! object registered into Queue.| extra=asctime='2026-04-02 13:04:12,222'
2026-04-02 13:04:12,241 - DEBUG - ReadHandler: Intialized with fp > <_io.TextIOWrapper name='data/database/shorten/client.json' mode='r' encoding='cp1252'>| extra=asctime='2026-04-02 13:04:12,241'
2026-04-02 13:04:22,612 - DEBUG - ReadHandler: Intialized with fp > <_io.TextIOWrapper name='data/database/privilege/user.json' mode='r' encoding='cp1252'>| extra=asctime='2026-04-02 13:04:22,612'
2026-04-02 13:05:16,980 - DEBUG - ReadHandler: Intialized with fp > <_io.TextIOWrapper name='data/database/privilege/user.json' mode='r' encoding='cp1252'>| extra=asctime='2026-04-02 13:05:16,980'
2026-04-02 13:07:45,688 - DEBUG - 'Guardian_Crash' internal package registered!| extra=asctime='2026-04-02 13:07:45,688'
2026-04-02 13:07:45,689 - DEBUG - Trying load 'auth'..| extra=asctime='2026-04-02 13:07:45,689'
2026-04-02 13:07:45,701 - DEBUG - [auth]: detected object module 'domain.WebApp_service.plugin.external.auth.main', finding 'setup_me'..| extra=asctime='2026-04-02 13:07:45,701'
2026-04-02 13:07:45,701 - DEBUG - [auth]:Auth: setup_me finded! object registered into Queue.| extra=asctime='2026-04-02 13:07:45,701'
2026-04-02 13:07:45,734 - DEBUG - ReadHandler: Intialized with fp > <_io.TextIOWrapper name='data/database/privilege/user.json' mode='r' encoding='cp1252'>| extra=asctime='2026-04-02 13:07:45,734'
2026-04-02 13:07:45,735 - DEBUG - ReadHandler: Intialized with fp > <_io.TextIOWrapper name='data/database/privilege/user.json' mode='r' encoding='cp1252'>| extra=asctime='2026-04-02 13:07:45,735'
2026-04-02 13:07:45,736 - DEBUG - [auth]:Flask: object doesn't have 'setup_me' function, skiped!| extra=asctime='2026-04-02 13:07:45,736'
2026-04-02 13:07:45,736 - DEBUG - Trying load 'test'..| extra=asctime='2026-04-02 13:07:45,736'
2026-04-02 13:07:45,740 - DEBUG - [test]: detected object module 'domain.WebApp_service.plugin.external.test.main', finding 'setup_me'..| extra=asctime='2026-04-02 13:07:45,740'
2026-04-02 13:07:45,740 - DEBUG - [test]:Flask: object doesn't have 'setup_me' function, skiped!| extra=asctime='2026-04-02 13:07:45,740'
2026-04-02 13:07:45,740 - DEBUG - [test]:polyplay: setup_me finded! object registered into Queue.| extra=asctime='2026-04-02 13:07:45,740'
2026-04-02 13:07:45,741 - DEBUG - Trying load 'urlshortener'..| extra=asctime='2026-04-02 13:07:45,741'
2026-04-02 13:07:45,744 - DEBUG - [urlshortener]: detected object module 'domain.WebApp_service.plugin.external.urlshortener.main', finding 'setup_me'..| extra=asctime='2026-04-02 13:07:45,744'
2026-04-02 13:07:45,745 - DEBUG - [urlshortener]:Flask: object doesn't have 'setup_me' function, skiped!| extra=asctime='2026-04-02 13:07:45,745'
2026-04-02 13:07:45,745 - DEBUG - [urlshortener]:apiServiceShortener: setup_me finded! object registered into Queue.| extra=asctime='2026-04-02 13:07:45,745'
2026-04-02 13:07:45,756 - DEBUG - ReadHandler: Intialized with fp > <_io.TextIOWrapper name='data/database/shorten/client.json' mode='r' encoding='cp1252'>| extra=asctime='2026-04-02 13:07:45,756'
2026-04-02 13:08:03,804 - DEBUG - ReadHandler: Intialized with fp > <_io.TextIOWrapper name='data/database/privilege/user.json' mode='r' encoding='cp1252'>| extra=asctime='2026-04-02 13:08:03,804'
2026-04-02 13:09:17,802 - DEBUG - 'Guardian_Crash' internal package registered!| extra=asctime='2026-04-02 13:09:17,802'
2026-04-02 13:09:17,802 - DEBUG - Trying load 'auth'..| extra=asctime='2026-04-02 13:09:17,802'
2026-04-02 13:09:17,809 - DEBUG - [auth]: detected object module 'domain.WebApp_service.plugin.external.auth.main', finding 'setup_me'..| extra=asctime='2026-04-02 13:09:17,809'
2026-04-02 13:09:17,810 - DEBUG - [auth]:Auth: setup_me finded! object registered into Queue.| extra=asctime='2026-04-02 13:09:17,810'
2026-04-02 13:09:17,842 - DEBUG - ReadHandler: Intialized with fp > <_io.TextIOWrapper name='data/database/privilege/user.json' mode='r' encoding='cp1252'>| extra=asctime='2026-04-02 13:09:17,842'
2026-04-02 13:09:17,844 - DEBUG - ReadHandler: Intialized with fp > <_io.TextIOWrapper name='data/database/privilege/user.json' mode='r' encoding='cp1252'>| extra=asctime='2026-04-02 13:09:17,844'
2026-04-02 13:09:17,844 - DEBUG - [auth]:Flask: object doesn't have 'setup_me' function, skiped!| extra=asctime='2026-04-02 13:09:17,844'
2026-04-02 13:09:17,845 - DEBUG - Trying load 'test'..| extra=asctime='2026-04-02 13:09:17,845'
2026-04-02 13:09:17,849 - DEBUG - [test]: detected object module 'domain.WebApp_service.plugin.external.test.main', finding 'setup_me'..| extra=asctime='2026-04-02 13:09:17,849'
2026-04-02 13:09:17,850 - DEBUG - [test]:Flask: object doesn't have 'setup_me' function, skiped!| extra=asctime='2026-04-02 13:09:17,850'
2026-04-02 13:09:17,850 - DEBUG - [test]:polyplay: setup_me finded! object registered into Queue.| extra=asctime='2026-04-02 13:09:17,850'
2026-04-02 13:09:17,850 - DEBUG - Trying load 'urlshortener'..| extra=asctime='2026-04-02 13:09:17,850'
2026-04-02 13:09:17,856 - DEBUG - [urlshortener]: detected object module 'domain.WebApp_service.plugin.external.urlshortener.main', finding 'setup_me'..| extra=asctime='2026-04-02 13:09:17,856'
2026-04-02 13:09:17,856 - DEBUG - [urlshortener]:Flask: object doesn't have 'setup_me' function, skiped!| extra=asctime='2026-04-02 13:09:17,856'
2026-04-02 13:09:17,856 - DEBUG - [urlshortener]:apiServiceShortener: setup_me finded! object registered into Queue.| extra=asctime='2026-04-02 13:09:17,856'
2026-04-02 13:09:17,869 - DEBUG - ReadHandler: Intialized with fp > <_io.TextIOWrapper name='data/database/shorten/client.json' mode='r' encoding='cp1252'>| extra=asctime='2026-04-02 13:09:17,869'
2026-04-02 13:09:33,869 - DEBUG - 'Guardian_Crash' internal package registered!| extra=asctime='2026-04-02 13:09:33,869'
2026-04-02 13:09:33,871 - DEBUG - Trying load 'auth'..| extra=asctime='2026-04-02 13:09:33,871'
2026-04-02 13:09:33,884 - DEBUG - [auth]: detected object module 'domain.WebApp_service.plugin.external.auth.main', finding 'setup_me'..| extra=asctime='2026-04-02 13:09:33,884'
2026-04-02 13:09:33,885 - DEBUG - [auth]:Auth: setup_me finded! object registered into Queue.| extra=asctime='2026-04-02 13:09:33,885'
2026-04-02 13:09:33,950 - DEBUG - ReadHandler: Intialized with fp > <_io.TextIOWrapper name='data/database/privilege/user.json' mode='r' encoding='cp1252'>| extra=asctime='2026-04-02 13:09:33,950'
2026-04-02 13:09:33,952 - DEBUG - ReadHandler: Intialized with fp > <_io.TextIOWrapper name='data/database/privilege/user.json' mode='r' encoding='cp1252'>| extra=asctime='2026-04-02 13:09:33,952'
2026-04-02 13:09:33,953 - DEBUG - [auth]:Flask: object doesn't have 'setup_me' function, skiped!| extra=asctime='2026-04-02 13:09:33,953'
2026-04-02 13:09:33,954 - DEBUG - Trying load 'test'..| extra=asctime='2026-04-02 13:09:33,954'
2026-04-02 13:09:33,963 - DEBUG - [test]: detected object module 'domain.WebApp_service.plugin.external.test.main', finding 'setup_me'..| extra=asctime='2026-04-02 13:09:33,963'
2026-04-02 13:09:33,964 - DEBUG - [test]:Flask: object doesn't have 'setup_me' function, skiped!| extra=asctime='2026-04-02 13:09:33,964'
2026-04-02 13:09:33,964 - DEBUG - [test]:polyplay: setup_me finded! object registered into Queue.| extra=asctime='2026-04-02 13:09:33,964'
2026-04-02 13:09:33,965 - DEBUG - Trying load 'urlshortener'..| extra=asctime='2026-04-02 13:09:33,965'
2026-04-02 13:09:33,979 - DEBUG - [urlshortener]: detected object module 'domain.WebApp_service.plugin.external.urlshortener.main', finding 'setup_me'..| extra=asctime='2026-04-02 13:09:33,979'
2026-04-02 13:09:33,979 - DEBUG - [urlshortener]:Flask: object doesn't have 'setup_me' function, skiped!| extra=asctime='2026-04-02 13:09:33,979'
2026-04-02 13:09:33,980 - DEBUG - [urlshortener]:apiServiceShortener: setup_me finded! object registered into Queue.| extra=asctime='2026-04-02 13:09:33,980'
2026-04-02 13:09:34,004 - DEBUG - ReadHandler: Intialized with fp > <_io.TextIOWrapper name='data/database/shorten/client.json' mode='r' encoding='cp1252'>| extra=asctime='2026-04-02 13:09:34,004'
2026-04-02 13:09:45,592 - DEBUG - ReadHandler: Intialized with fp > <_io.TextIOWrapper name='data/database/privilege/user.json' mode='r' encoding='cp1252'>| extra=asctime='2026-04-02 13:09:45,592'
2026-04-02 13:11:31,281 - DEBUG - 'Guardian_Crash' internal package registered!| extra=asctime='2026-04-02 13:11:31,281'
2026-04-02 13:11:31,282 - DEBUG - Trying load 'auth'..| extra=asctime='2026-04-02 13:11:31,282'
2026-04-02 13:11:31,295 - DEBUG - [auth]: detected object module 'domain.WebApp_service.plugin.external.auth.main', finding 'setup_me'..| extra=asctime='2026-04-02 13:11:31,295'
2026-04-02 13:11:31,296 - DEBUG - [auth]:Auth: setup_me finded! object registered into Queue.| extra=asctime='2026-04-02 13:11:31,296'
2026-04-02 13:11:31,354 - DEBUG - ReadHandler: Intialized with fp > <_io.TextIOWrapper name='data/database/privilege/user.json' mode='r' encoding='cp1252'>| extra=asctime='2026-04-02 13:11:31,354'
2026-04-02 13:11:31,359 - DEBUG - ReadHandler: Intialized with fp > <_io.TextIOWrapper name='data/database/privilege/user.json' mode='r' encoding='cp1252'>| extra=asctime='2026-04-02 13:11:31,359'
2026-04-02 13:11:31,361 - DEBUG - [auth]:Flask: object doesn't have 'setup_me' function, skiped!| extra=asctime='2026-04-02 13:11:31,361'
2026-04-02 13:11:31,362 - DEBUG - Trying load 'test'..| extra=asctime='2026-04-02 13:11:31,362'
2026-04-02 13:11:31,370 - DEBUG - [test]: detected object module 'domain.WebApp_service.plugin.external.test.main', finding 'setup_me'..| extra=asctime='2026-04-02 13:11:31,370'
2026-04-02 13:11:31,370 - DEBUG - [test]:Flask: object doesn't have 'setup_me' function, skiped!| extra=asctime='2026-04-02 13:11:31,370'
2026-04-02 13:11:31,371 - DEBUG - [test]:polyplay: setup_me finded! object registered into Queue.| extra=asctime='2026-04-02 13:11:31,371'
2026-04-02 13:11:31,376 - DEBUG - Trying load 'urlshortener'..| extra=asctime='2026-04-02 13:11:31,376'
2026-04-02 13:11:31,382 - DEBUG - [urlshortener]: detected object module 'domain.WebApp_service.plugin.external.urlshortener.main', finding 'setup_me'..| extra=asctime='2026-04-02 13:11:31,382'
2026-04-02 13:11:31,383 - DEBUG - [urlshortener]:Flask: object doesn't have 'setup_me' function, skiped!| extra=asctime='2026-04-02 13:11:31,383'
2026-04-02 13:11:31,383 - DEBUG - [urlshortener]:apiServiceShortener: setup_me finded! object registered into Queue.| extra=asctime='2026-04-02 13:11:31,383'
2026-04-02 13:11:31,410 - DEBUG - ReadHandler: Intialized with fp > <_io.TextIOWrapper name='data/database/shorten/client.json' mode='r' encoding='cp1252'>| extra=asctime='2026-04-02 13:11:31,410'
2026-04-02 13:11:39,641 - DEBUG - ReadHandler: Intialized with fp > <_io.TextIOWrapper name='data/database/privilege/user.json' mode='r' encoding='cp1252'>| extra=asctime='2026-04-02 13:11:39,641'
2026-04-02 13:12:58,932 - DEBUG - 'Guardian_Crash' internal package registered!| extra=asctime='2026-04-02 13:12:58,932'
2026-04-02 13:12:58,933 - DEBUG - Trying load 'auth'..| extra=asctime='2026-04-02 13:12:58,933'
2026-04-02 13:12:58,940 - DEBUG - [auth]: detected object module 'domain.WebApp_service.plugin.external.auth.main', finding 'setup_me'..| extra=asctime='2026-04-02 13:12:58,940'
2026-04-02 13:12:58,941 - DEBUG - [auth]:Auth: setup_me finded! object registered into Queue.| extra=asctime='2026-04-02 13:12:58,941'
2026-04-02 13:12:58,981 - DEBUG - ReadHandler: Intialized with fp > <_io.TextIOWrapper name='data/database/privilege/user.json' mode='r' encoding='cp1252'>| extra=asctime='2026-04-02 13:12:58,981'
2026-04-02 13:12:58,982 - DEBUG - ReadHandler: Intialized with fp > <_io.TextIOWrapper name='data/database/privilege/user.json' mode='r' encoding='cp1252'>| extra=asctime='2026-04-02 13:12:58,982'
2026-04-02 13:12:58,983 - DEBUG - [auth]:Flask: object doesn't have 'setup_me' function, skiped!| extra=asctime='2026-04-02 13:12:58,983'
2026-04-02 13:12:58,983 - DEBUG - Trying load 'test'..| extra=asctime='2026-04-02 13:12:58,983'
2026-04-02 13:12:58,988 - DEBUG - [test]: detected object module 'domain.WebApp_service.plugin.external.test.main', finding 'setup_me'..| extra=asctime='2026-04-02 13:12:58,988'
2026-04-02 13:12:58,988 - DEBUG - [test]:Flask: object doesn't have 'setup_me' function, skiped!| extra=asctime='2026-04-02 13:12:58,988'
2026-04-02 13:12:58,988 - DEBUG - [test]:polyplay: setup_me finded! object registered into Queue.| extra=asctime='2026-04-02 13:12:58,988'
2026-04-02 13:12:58,989 - DEBUG - Trying load 'urlshortener'..| extra=asctime='2026-04-02 13:12:58,989'
2026-04-02 13:12:58,994 - DEBUG - [urlshortener]: detected object module 'domain.WebApp_service.plugin.external.urlshortener.main', finding 'setup_me'..| extra=asctime='2026-04-02 13:12:58,994'
2026-04-02 13:12:58,995 - DEBUG - [urlshortener]:Flask: object doesn't have 'setup_me' function, skiped!| extra=asctime='2026-04-02 13:12:58,995'
2026-04-02 13:12:58,995 - DEBUG - [urlshortener]:apiServiceShortener: setup_me finded! object registered into Queue.| extra=asctime='2026-04-02 13:12:58,995'
2026-04-02 13:12:59,008 - DEBUG - ReadHandler: Intialized with fp > <_io.TextIOWrapper name='data/database/shorten/client.json' mode='r' encoding='cp1252'>| extra=asctime='2026-04-02 13:12:59,008'
2026-04-02 13:13:29,952 - DEBUG - 'Guardian_Crash' internal package registered!| extra=asctime='2026-04-02 13:13:29,952'
2026-04-02 13:13:29,954 - DEBUG - Trying load 'auth'..| extra=asctime='2026-04-02 13:13:29,954'
2026-04-02 13:13:29,965 - DEBUG - [auth]: detected object module 'domain.WebApp_service.plugin.external.auth.main', finding 'setup_me'..| extra=asctime='2026-04-02 13:13:29,965'
2026-04-02 13:13:29,966 - DEBUG - [auth]:Auth: setup_me finded! object registered into Queue.| extra=asctime='2026-04-02 13:13:29,966'
2026-04-02 13:13:30,029 - DEBUG - ReadHandler: Intialized with fp > <_io.TextIOWrapper name='data/database/privilege/user.json' mode='r' encoding='cp1252'>| extra=asctime='2026-04-02 13:13:30,029'
2026-04-02 13:13:30,032 - DEBUG - ReadHandler: Intialized with fp > <_io.TextIOWrapper name='data/database/privilege/user.json' mode='r' encoding='cp1252'>| extra=asctime='2026-04-02 13:13:30,032'
2026-04-02 13:13:30,033 - DEBUG - [auth]:Flask: object doesn't have 'setup_me' function, skiped!| extra=asctime='2026-04-02 13:13:30,033'
2026-04-02 13:13:30,033 - DEBUG - Trying load 'test'..| extra=asctime='2026-04-02 13:13:30,033'
2026-04-02 13:13:30,044 - DEBUG - [test]: detected object module 'domain.WebApp_service.plugin.external.test.main', finding 'setup_me'..| extra=asctime='2026-04-02 13:13:30,044'
2026-04-02 13:13:30,045 - DEBUG - [test]:Flask: object doesn't have 'setup_me' function, skiped!| extra=asctime='2026-04-02 13:13:30,045'
2026-04-02 13:13:30,046 - DEBUG - [test]:polyplay: setup_me finded! object registered into Queue.| extra=asctime='2026-04-02 13:13:30,046'
2026-04-02 13:13:30,046 - DEBUG - Trying load 'urlshortener'..| extra=asctime='2026-04-02 13:13:30,046'
2026-04-02 13:13:30,051 - DEBUG - [urlshortener]: detected object module 'domain.WebApp_service.plugin.external.urlshortener.main', finding 'setup_me'..| extra=asctime='2026-04-02 13:13:30,051'
2026-04-02 13:13:30,052 - DEBUG - [urlshortener]:Flask: object doesn't have 'setup_me' function, skiped!| extra=asctime='2026-04-02 13:13:30,052'
2026-04-02 13:13:30,052 - DEBUG - [urlshortener]:apiServiceShortener: setup_me finded! object registered into Queue.| extra=asctime='2026-04-02 13:13:30,052'
2026-04-02 13:13:30,075 - DEBUG - ReadHandler: Intialized with fp > <_io.TextIOWrapper name='data/database/shorten/client.json' mode='r' encoding='cp1252'>| extra=asctime='2026-04-02 13:13:30,075'
2026-04-02 13:17:06,727 - DEBUG - 'Guardian_Crash' internal package registered!| extra=asctime='2026-04-02 13:17:06,727'
2026-04-02 13:17:06,728 - DEBUG - Trying load 'auth'..| extra=asctime='2026-04-02 13:17:06,728'
2026-04-02 13:17:06,778 - DEBUG - [auth]: detected object module 'domain.WebApp_service.plugin.external.auth.main', finding 'setup_me'..| extra=asctime='2026-04-02 13:17:06,778'
2026-04-02 13:17:06,779 - DEBUG - [auth]:Auth: setup_me finded! object registered into Queue.| extra=asctime='2026-04-02 13:17:06,779'
2026-04-02 13:17:06,988 - DEBUG - ReadHandler: Intialized with fp > <_io.TextIOWrapper name='data/database/privilege/user.json' mode='r' encoding='cp1252'>| extra=asctime='2026-04-02 13:17:06,988'
2026-04-02 13:17:06,989 - DEBUG - ReadHandler: Intialized with fp > <_io.TextIOWrapper name='data/database/privilege/user.json' mode='r' encoding='cp1252'>| extra=asctime='2026-04-02 13:17:06,989'
2026-04-02 13:17:06,990 - DEBUG - [auth]:Flask: object doesn't have 'setup_me' function, skiped!| extra=asctime='2026-04-02 13:17:06,990'
2026-04-02 13:17:06,990 - DEBUG - Trying load 'test'..| extra=asctime='2026-04-02 13:17:06,990'
2026-04-02 13:17:07,038 - DEBUG - [test]: detected object module 'domain.WebApp_service.plugin.external.test.main', finding 'setup_me'..| extra=asctime='2026-04-02 13:17:07,038'
2026-04-02 13:17:07,039 - DEBUG - [test]:Flask: object doesn't have 'setup_me' function, skiped!| extra=asctime='2026-04-02 13:17:07,039'
2026-04-02 13:17:07,039 - DEBUG - [test]:polyplay: setup_me finded! object registered into Queue.| extra=asctime='2026-04-02 13:17:07,039'
2026-04-02 13:17:07,039 - DEBUG - Trying load 'urlshortener'..| extra=asctime='2026-04-02 13:17:07,039'
2026-04-02 13:17:07,051 - DEBUG - [urlshortener]: detected object module 'domain.WebApp_service.plugin.external.urlshortener.main', finding 'setup_me'..| extra=asctime='2026-04-02 13:17:07,051'
2026-04-02 13:17:07,052 - DEBUG - [urlshortener]:Flask: object doesn't have 'setup_me' function, skiped!| extra=asctime='2026-04-02 13:17:07,052'
2026-04-02 13:17:07,052 - DEBUG - [urlshortener]:apiServiceShortener: setup_me finded! object registered into Queue.| extra=asctime='2026-04-02 13:17:07,052'
2026-04-02 13:17:07,080 - DEBUG - ReadHandler: Intialized with fp > <_io.TextIOWrapper name='data/database/shorten/client.json' mode='r' encoding='cp1252'>| extra=asctime='2026-04-02 13:17:07,080'
2026-04-02 13:19:42,781 - DEBUG - 'Guardian_Crash' internal package registered!| extra=asctime='2026-04-02 13:19:42,781'
2026-04-02 13:19:42,782 - DEBUG - Trying load 'auth'..| extra=asctime='2026-04-02 13:19:42,782'
2026-04-02 13:19:42,811 - DEBUG - [auth]: detected object module 'domain.WebApp_service.plugin.external.auth.main', finding 'setup_me'..| extra=asctime='2026-04-02 13:19:42,811'
2026-04-02 13:19:42,812 - DEBUG - [auth]:Auth: setup_me finded! object registered into Queue.| extra=asctime='2026-04-02 13:19:42,812'
2026-04-02 13:19:42,881 - DEBUG - ReadHandler: Intialized with fp > <_io.TextIOWrapper name='data/database/privilege/user.json' mode='r' encoding='cp1252'>| extra=asctime='2026-04-02 13:19:42,881'
2026-04-02 13:19:42,884 - DEBUG - ReadHandler: Intialized with fp > <_io.TextIOWrapper name='data/database/privilege/user.json' mode='r' encoding='cp1252'>| extra=asctime='2026-04-02 13:19:42,884'
2026-04-02 13:19:42,885 - DEBUG - [auth]:Flask: object doesn't have 'setup_me' function, skiped!| extra=asctime='2026-04-02 13:19:42,885'
2026-04-02 13:19:42,886 - DEBUG - Trying load 'test'..| extra=asctime='2026-04-02 13:19:42,886'
2026-04-02 13:19:42,893 - DEBUG - [test]: detected object module 'domain.WebApp_service.plugin.external.test.main', finding 'setup_me'..| extra=asctime='2026-04-02 13:19:42,893'
2026-04-02 13:19:42,894 - DEBUG - [test]:Flask: object doesn't have 'setup_me' function, skiped!| extra=asctime='2026-04-02 13:19:42,894'
2026-04-02 13:19:42,895 - DEBUG - [test]:polyplay: setup_me finded! object registered into Queue.| extra=asctime='2026-04-02 13:19:42,895'
2026-04-02 13:19:42,895 - DEBUG - Trying load 'urlshortener'..| extra=asctime='2026-04-02 13:19:42,895'
2026-04-02 13:19:43,001 - DEBUG - [urlshortener]: detected object module 'domain.WebApp_service.plugin.external.urlshortener.main', finding 'setup_me'..| extra=asctime='2026-04-02 13:19:43,001'
2026-04-02 13:19:43,001 - DEBUG - [urlshortener]:Flask: object doesn't have 'setup_me' function, skiped!| extra=asctime='2026-04-02 13:19:43,001'
2026-04-02 13:19:43,002 - DEBUG - [urlshortener]:apiServiceShortener: setup_me finded! object registered into Queue.| extra=asctime='2026-04-02 13:19:43,002'
2026-04-02 13:19:43,153 - DEBUG - ReadHandler: Intialized with fp > <_io.TextIOWrapper name='data/database/shorten/client.json' mode='r' encoding='cp1252'>| extra=asctime='2026-04-02 13:19:43,153'
2026-04-02 13:20:39,567 - DEBUG - 'Guardian_Crash' internal package registered!| extra=asctime='2026-04-02 13:20:39,567'
2026-04-02 13:20:39,569 - DEBUG - Trying load 'auth'..| extra=asctime='2026-04-02 13:20:39,569'
2026-04-02 13:20:39,618 - DEBUG - [auth]: detected object module 'domain.WebApp_service.plugin.external.auth.main', finding 'setup_me'..| extra=asctime='2026-04-02 13:20:39,618'
2026-04-02 13:20:39,619 - DEBUG - [auth]:Auth: setup_me finded! object registered into Queue.| extra=asctime='2026-04-02 13:20:39,619'
2026-04-02 13:20:39,739 - DEBUG - ReadHandler: Intialized with fp > <_io.TextIOWrapper name='data/database/privilege/user.json' mode='r' encoding='cp1252'>| extra=asctime='2026-04-02 13:20:39,739'
2026-04-02 13:20:39,741 - DEBUG - ReadHandler: Intialized with fp > <_io.TextIOWrapper name='data/database/privilege/user.json' mode='r' encoding='cp1252'>| extra=asctime='2026-04-02 13:20:39,741'
2026-04-02 13:20:39,748 - DEBUG - [auth]:Flask: object doesn't have 'setup_me' function, skiped!| extra=asctime='2026-04-02 13:20:39,748'
2026-04-02 13:20:39,749 - DEBUG - Trying load 'test'..| extra=asctime='2026-04-02 13:20:39,749'
2026-04-02 13:20:39,757 - DEBUG - [test]: detected object module 'domain.WebApp_service.plugin.external.test.main', finding 'setup_me'..| extra=asctime='2026-04-02 13:20:39,757'
2026-04-02 13:20:39,764 - DEBUG - [test]:Flask: object doesn't have 'setup_me' function, skiped!| extra=asctime='2026-04-02 13:20:39,764'
2026-04-02 13:20:39,765 - DEBUG - [test]:polyplay: setup_me finded! object registered into Queue.| extra=asctime='2026-04-02 13:20:39,765'
2026-04-02 13:20:39,765 - DEBUG - Trying load 'urlshortener'..| extra=asctime='2026-04-02 13:20:39,765'
2026-04-02 13:20:39,772 - DEBUG - [urlshortener]: detected object module 'domain.WebApp_service.plugin.external.urlshortener.main', finding 'setup_me'..| extra=asctime='2026-04-02 13:20:39,772'
2026-04-02 13:20:39,773 - DEBUG - [urlshortener]:Flask: object doesn't have 'setup_me' function, skiped!| extra=asctime='2026-04-02 13:20:39,773'
2026-04-02 13:20:39,773 - DEBUG - [urlshortener]:apiServiceShortener: setup_me finded! object registered into Queue.| extra=asctime='2026-04-02 13:20:39,773'
2026-04-02 13:20:39,807 - DEBUG - ReadHandler: Intialized with fp > <_io.TextIOWrapper name='data/database/shorten/client.json' mode='r' encoding='cp1252'>| extra=asctime='2026-04-02 13:20:39,807'
2026-04-02 13:21:15,557 - DEBUG - 'Guardian_Crash' internal package registered!| extra=asctime='2026-04-02 13:21:15,557'
2026-04-02 13:21:15,558 - DEBUG - Trying load 'auth'..| extra=asctime='2026-04-02 13:21:15,558'
2026-04-02 13:21:15,579 - DEBUG - [auth]: detected object module 'domain.WebApp_service.plugin.external.auth.main', finding 'setup_me'..| extra=asctime='2026-04-02 13:21:15,579'
2026-04-02 13:21:15,580 - DEBUG - [auth]:Auth: setup_me finded! object registered into Queue.| extra=asctime='2026-04-02 13:21:15,580'
2026-04-02 13:21:15,628 - DEBUG - ReadHandler: Intialized with fp > <_io.TextIOWrapper name='data/database/privilege/user.json' mode='r' encoding='cp1252'>| extra=asctime='2026-04-02 13:21:15,628'
2026-04-02 13:21:15,629 - DEBUG - ReadHandler: Intialized with fp > <_io.TextIOWrapper name='data/database/privilege/user.json' mode='r' encoding='cp1252'>| extra=asctime='2026-04-02 13:21:15,629'
2026-04-02 13:21:15,631 - DEBUG - [auth]:Flask: object doesn't have 'setup_me' function, skiped!| extra=asctime='2026-04-02 13:21:15,631'
2026-04-02 13:21:15,631 - DEBUG - Trying load 'test'..| extra=asctime='2026-04-02 13:21:15,631'
2026-04-02 13:21:15,638 - DEBUG - [test]: detected object module 'domain.WebApp_service.plugin.external.test.main', finding 'setup_me'..| extra=asctime='2026-04-02 13:21:15,638'
2026-04-02 13:21:15,638 - DEBUG - [test]:Flask: object doesn't have 'setup_me' function, skiped!| extra=asctime='2026-04-02 13:21:15,638'
2026-04-02 13:21:15,638 - DEBUG - [test]:polyplay: setup_me finded! object registered into Queue.| extra=asctime='2026-04-02 13:21:15,638'
2026-04-02 13:21:15,639 - DEBUG - Trying load 'urlshortener'..| extra=asctime='2026-04-02 13:21:15,639'
2026-04-02 13:21:15,645 - DEBUG - [urlshortener]: detected object module 'domain.WebApp_service.plugin.external.urlshortener.main', finding 'setup_me'..| extra=asctime='2026-04-02 13:21:15,645'
2026-04-02 13:21:15,645 - DEBUG - [urlshortener]:Flask: object doesn't have 'setup_me' function, skiped!| extra=asctime='2026-04-02 13:21:15,645'
2026-04-02 13:21:15,646 - DEBUG - [urlshortener]:apiServiceShortener: setup_me finded! object registered into Queue.| extra=asctime='2026-04-02 13:21:15,646'
2026-04-02 13:21:15,668 - DEBUG - ReadHandler: Intialized with fp > <_io.TextIOWrapper name='data/database/shorten/client.json' mode='r' encoding='cp1252'>| extra=asctime='2026-04-02 13:21:15,668'
2026-04-02 13:23:24,714 - DEBUG - 'Guardian_Crash' internal package registered!| extra=asctime='2026-04-02 13:23:24,714'
2026-04-02 13:23:24,716 - DEBUG - Trying load 'auth'..| extra=asctime='2026-04-02 13:23:24,716'
2026-04-02 13:23:24,748 - DEBUG - [auth]: detected object module 'domain.WebApp_service.plugin.external.auth.main', finding 'setup_me'..| extra=asctime='2026-04-02 13:23:24,748'
2026-04-02 13:23:24,749 - DEBUG - [auth]:Auth: setup_me finded! object registered into Queue.| extra=asctime='2026-04-02 13:23:24,749'
2026-04-02 13:23:24,898 - DEBUG - ReadHandler: Intialized with fp > <_io.TextIOWrapper name='data/database/privilege/user.json' mode='r' encoding='cp1252'>| extra=asctime='2026-04-02 13:23:24,898'
2026-04-02 13:23:24,906 - DEBUG - ReadHandler: Intialized with fp > <_io.TextIOWrapper name='data/database/privilege/user.json' mode='r' encoding='cp1252'>| extra=asctime='2026-04-02 13:23:24,906'
2026-04-02 13:23:24,908 - DEBUG - [auth]:Flask: object doesn't have 'setup_me' function, skiped!| extra=asctime='2026-04-02 13:23:24,908'
2026-04-02 13:23:24,909 - DEBUG - Trying load 'test'..| extra=asctime='2026-04-02 13:23:24,909'
2026-04-02 13:23:24,926 - DEBUG - [test]: detected object module 'domain.WebApp_service.plugin.external.test.main', finding 'setup_me'..| extra=asctime='2026-04-02 13:23:24,926'
2026-04-02 13:23:24,926 - DEBUG - [test]:Flask: object doesn't have 'setup_me' function, skiped!| extra=asctime='2026-04-02 13:23:24,926'
2026-04-02 13:23:24,927 - DEBUG - [test]:polyplay: setup_me finded! object registered into Queue.| extra=asctime='2026-04-02 13:23:24,927'
2026-04-02 13:23:24,928 - DEBUG - Trying load 'urlshortener'..| extra=asctime='2026-04-02 13:23:24,928'
2026-04-02 13:23:24,961 - DEBUG - [urlshortener]: detected object module 'domain.WebApp_service.plugin.external.urlshortener.main', finding 'setup_me'..| extra=asctime='2026-04-02 13:23:24,961'
2026-04-02 13:23:24,962 - DEBUG - [urlshortener]:Flask: object doesn't have 'setup_me' function, skiped!| extra=asctime='2026-04-02 13:23:24,962'
2026-04-02 13:23:24,964 - DEBUG - [urlshortener]:apiServiceShortener: setup_me finded! object registered into Queue.| extra=asctime='2026-04-02 13:23:24,964'
2026-04-02 13:23:25,050 - DEBUG - ReadHandler: Intialized with fp > <_io.TextIOWrapper name='data/database/shorten/client.json' mode='r' encoding='cp1252'>| extra=asctime='2026-04-02 13:23:25,050'
2026-04-02 13:24:08,694 - DEBUG - ReadHandler: Intialized with fp > <_io.TextIOWrapper name='data/database/privilege/user.json' mode='r' encoding='cp1252'>| extra=asctime='2026-04-02 13:24:08,694'
2026-04-02 13:27:07,242 - DEBUG - 'Guardian_Crash' internal package registered!| extra=asctime='2026-04-02 13:27:07,242'
2026-04-02 13:27:07,243 - DEBUG - Trying load 'auth'..| extra=asctime='2026-04-02 13:27:07,243'
2026-04-02 13:27:07,258 - DEBUG - [auth]: detected object module 'domain.WebApp_service.plugin.external.auth.main', finding 'setup_me'..| extra=asctime='2026-04-02 13:27:07,258'
2026-04-02 13:27:07,258 - DEBUG - [auth]:Auth: setup_me finded! object registered into Queue.| extra=asctime='2026-04-02 13:27:07,258'
2026-04-02 13:27:07,325 - DEBUG - ReadHandler: Intialized with fp > <_io.TextIOWrapper name='data/database/privilege/user.json' mode='r' encoding='cp1252'>| extra=asctime='2026-04-02 13:27:07,325'
2026-04-02 13:27:07,326 - DEBUG - ReadHandler: Intialized with fp > <_io.TextIOWrapper name='data/database/privilege/user.json' mode='r' encoding='cp1252'>| extra=asctime='2026-04-02 13:27:07,326'
2026-04-02 13:27:07,327 - DEBUG - [auth]:Flask: object doesn't have 'setup_me' function, skiped!| extra=asctime='2026-04-02 13:27:07,327'
2026-04-02 13:27:07,328 - DEBUG - Trying load 'test'..| extra=asctime='2026-04-02 13:27:07,328'
2026-04-02 13:27:07,342 - DEBUG - [test]: detected object module 'domain.WebApp_service.plugin.external.test.main', finding 'setup_me'..| extra=asctime='2026-04-02 13:27:07,342'
2026-04-02 13:27:07,342 - DEBUG - [test]:Flask: object doesn't have 'setup_me' function, skiped!| extra=asctime='2026-04-02 13:27:07,342'
2026-04-02 13:27:07,343 - DEBUG - [test]:polyplay: setup_me finded! object registered into Queue.| extra=asctime='2026-04-02 13:27:07,343'
2026-04-02 13:27:07,343 - DEBUG - Trying load 'urlshortener'..| extra=asctime='2026-04-02 13:27:07,343'
2026-04-02 13:27:07,356 - DEBUG - [urlshortener]: detected object module 'domain.WebApp_service.plugin.external.urlshortener.main', finding 'setup_me'..| extra=asctime='2026-04-02 13:27:07,356'
2026-04-02 13:27:07,357 - DEBUG - [urlshortener]:Flask: object doesn't have 'setup_me' function, skiped!| extra=asctime='2026-04-02 13:27:07,357'
2026-04-02 13:27:07,357 - DEBUG - [urlshortener]:apiServiceShortener: setup_me finded! object registered into Queue.| extra=asctime='2026-04-02 13:27:07,357'
2026-04-02 13:27:07,385 - DEBUG - ReadHandler: Intialized with fp > <_io.TextIOWrapper name='data/database/shorten/client.json' mode='r' encoding='cp1252'>| extra=asctime='2026-04-02 13:27:07,385'
2026-04-02 13:27:12,853 - DEBUG - ReadHandler: Intialized with fp > <_io.TextIOWrapper name='data/database/privilege/user.json' mode='r' encoding='cp1252'>| extra=asctime='2026-04-02 13:27:12,853'
2026-04-02 13:28:53,269 - DEBUG - 'Guardian_Crash' internal package registered!| extra=asctime='2026-04-02 13:28:53,269'
2026-04-02 13:28:53,271 - DEBUG - Trying load 'auth'..| extra=asctime='2026-04-02 13:28:53,271'
2026-04-02 13:28:53,300 - DEBUG - [auth]: detected object module 'domain.WebApp_service.plugin.external.auth.main', finding 'setup_me'..| extra=asctime='2026-04-02 13:28:53,300'
2026-04-02 13:28:53,301 - DEBUG - [auth]:Auth: setup_me finded! object registered into Queue.| extra=asctime='2026-04-02 13:28:53,301'
2026-04-02 13:28:53,354 - DEBUG - ReadHandler: Intialized with fp > <_io.TextIOWrapper name='data/database/privilege/user.json' mode='r' encoding='cp1252'>| extra=asctime='2026-04-02 13:28:53,354'
2026-04-02 13:28:53,356 - DEBUG - ReadHandler: Intialized with fp > <_io.TextIOWrapper name='data/database/privilege/user.json' mode='r' encoding='cp1252'>| extra=asctime='2026-04-02 13:28:53,356'
2026-04-02 13:28:53,361 - DEBUG - [auth]:Flask: object doesn't have 'setup_me' function, skiped!| extra=asctime='2026-04-02 13:28:53,361'
2026-04-02 13:28:53,362 - DEBUG - Trying load 'test'..| extra=asctime='2026-04-02 13:28:53,362'
2026-04-02 13:28:53,369 - DEBUG - [test]: detected object module 'domain.WebApp_service.plugin.external.test.main', finding 'setup_me'..| extra=asctime='2026-04-02 13:28:53,369'
2026-04-02 13:28:53,370 - DEBUG - [test]:Flask: object doesn't have 'setup_me' function, skiped!| extra=asctime='2026-04-02 13:28:53,370'
2026-04-02 13:28:53,370 - DEBUG - [test]:polyplay: setup_me finded! object registered into Queue.| extra=asctime='2026-04-02 13:28:53,370'
2026-04-02 13:28:53,371 - DEBUG - Trying load 'urlshortener'..| extra=asctime='2026-04-02 13:28:53,371'
2026-04-02 13:28:53,378 - DEBUG - [urlshortener]: detected object module 'domain.WebApp_service.plugin.external.urlshortener.main', finding 'setup_me'..| extra=asctime='2026-04-02 13:28:53,378'
2026-04-02 13:28:53,378 - DEBUG - [urlshortener]:Flask: object doesn't have 'setup_me' function, skiped!| extra=asctime='2026-04-02 13:28:53,378'
2026-04-02 13:28:53,379 - DEBUG - [urlshortener]:apiServiceShortener: setup_me finded! object registered into Queue.| extra=asctime='2026-04-02 13:28:53,379'
2026-04-02 13:28:53,403 - DEBUG - ReadHandler: Intialized with fp > <_io.TextIOWrapper name='data/database/shorten/client.json' mode='r' encoding='cp1252'>| extra=asctime='2026-04-02 13:28:53,403'
2026-04-02 13:29:18,341 - DEBUG - ReadHandler: Intialized with fp > <_io.TextIOWrapper name='data/database/privilege/user.json' mode='r' encoding='cp1252'>| extra=asctime='2026-04-02 13:29:18,341'
2026-04-02 13:30:49,997 - DEBUG - 'Guardian_Crash' internal package registered!| extra=asctime='2026-04-02 13:30:49,997'
2026-04-02 13:30:49,998 - DEBUG - Trying load 'auth'..| extra=asctime='2026-04-02 13:30:49,998'
2026-04-02 13:30:50,017 - DEBUG - [auth]: detected object module 'domain.WebApp_service.plugin.external.auth.main', finding 'setup_me'..| extra=asctime='2026-04-02 13:30:50,017'
2026-04-02 13:30:50,017 - DEBUG - [auth]:Auth: setup_me finded! object registered into Queue.| extra=asctime='2026-04-02 13:30:50,017'
2026-04-02 13:30:50,071 - DEBUG - ReadHandler: Intialized with fp > <_io.TextIOWrapper name='data/database/privilege/user.json' mode='r' encoding='cp1252'>| extra=asctime='2026-04-02 13:30:50,071'
2026-04-02 13:30:50,073 - DEBUG - ReadHandler: Intialized with fp > <_io.TextIOWrapper name='data/database/privilege/user.json' mode='r' encoding='cp1252'>| extra=asctime='2026-04-02 13:30:50,073'
2026-04-02 13:30:50,074 - DEBUG - [auth]:Flask: object doesn't have 'setup_me' function, skiped!| extra=asctime='2026-04-02 13:30:50,074'
2026-04-02 13:30:50,075 - DEBUG - Trying load 'test'..| extra=asctime='2026-04-02 13:30:50,075'
2026-04-02 13:30:50,081 - DEBUG - [test]: detected object module 'domain.WebApp_service.plugin.external.test.main', finding 'setup_me'..| extra=asctime='2026-04-02 13:30:50,081'
2026-04-02 13:30:50,082 - DEBUG - [test]:Flask: object doesn't have 'setup_me' function, skiped!| extra=asctime='2026-04-02 13:30:50,082'
2026-04-02 13:30:50,082 - DEBUG - [test]:polyplay: setup_me finded! object registered into Queue.| extra=asctime='2026-04-02 13:30:50,082'
2026-04-02 13:30:50,082 - DEBUG - Trying load 'urlshortener'..| extra=asctime='2026-04-02 13:30:50,082'
2026-04-02 13:30:50,088 - DEBUG - [urlshortener]: detected object module 'domain.WebApp_service.plugin.external.urlshortener.main', finding 'setup_me'..| extra=asctime='2026-04-02 13:30:50,088'
2026-04-02 13:30:50,089 - DEBUG - [urlshortener]:Flask: object doesn't have 'setup_me' function, skiped!| extra=asctime='2026-04-02 13:30:50,089'
2026-04-02 13:30:50,089 - DEBUG - [urlshortener]:apiServiceShortener: setup_me finded! object registered into Queue.| extra=asctime='2026-04-02 13:30:50,089'
2026-04-02 13:30:50,107 - DEBUG - ReadHandler: Intialized with fp > <_io.TextIOWrapper name='data/database/shorten/client.json' mode='r' encoding='cp1252'>| extra=asctime='2026-04-02 13:30:50,107'
2026-04-02 13:31:04,545 - DEBUG - ReadHandler: Intialized with fp > <_io.TextIOWrapper name='data/database/privilege/user.json' mode='r' encoding='cp1252'>| extra=asctime='2026-04-02 13:31:04,545'
