2026-03-31 16:39:34,678 - DEBUG - 'Guardian_Crash' internal package registered!| extra=asctime='2026-03-31 16:39:34,678'
2026-03-31 16:39:34,678 - DEBUG - Trying load 'auth'..| extra=asctime='2026-03-31 16:39:34,678'
2026-03-31 16:39:34,694 - DEBUG - [auth]: detected object module 'domain.WebApp_service.plugin.external.auth.main', finding 'setup_me'..| extra=asctime='2026-03-31 16:39:34,694'
2026-03-31 16:39:34,694 - DEBUG - [auth]:Auth: setup_me finded! object registered into Queue.| extra=asctime='2026-03-31 16:39:34,694'
2026-03-31 16:39:35,381 - DEBUG - ReadHandler: Intialized with fp > <_io.TextIOWrapper name='data/database/privilege/user.json' mode='r' encoding='cp1252'>| extra=asctime='2026-03-31 16:39:35,381'
2026-03-31 16:39:35,381 - DEBUG - [auth]:Flask: object doesn't have 'setup_me' function, skiped!| extra=asctime='2026-03-31 16:39:35,381'
2026-03-31 16:39:35,381 - DEBUG - Trying load 'test'..| extra=asctime='2026-03-31 16:39:35,381'
2026-03-31 16:39:35,428 - DEBUG - [test]: detected object module 'domain.WebApp_service.plugin.external.test.main', finding 'setup_me'..| extra=asctime='2026-03-31 16:39:35,428'
2026-03-31 16:39:35,428 - DEBUG - [test]:Flask: object doesn't have 'setup_me' function, skiped!| extra=asctime='2026-03-31 16:39:35,428'
2026-03-31 16:39:35,428 - DEBUG - [test]:polyplay: setup_me finded! object registered into Queue.| extra=asctime='2026-03-31 16:39:35,428'
2026-03-31 16:39:35,428 - DEBUG - Trying load 'urlshortener'..| extra=asctime='2026-03-31 16:39:35,428'
2026-03-31 16:39:35,444 - DEBUG - [urlshortener]: detected object module 'domain.WebApp_service.plugin.external.urlshortener.main', finding 'setup_me'..| extra=asctime='2026-03-31 16:39:35,444'
2026-03-31 16:39:35,444 - DEBUG - [urlshortener]:Flask: object doesn't have 'setup_me' function, skiped!| extra=asctime='2026-03-31 16:39:35,444'
2026-03-31 16:39:35,444 - DEBUG - [urlshortener]:apiServiceShortener: setup_me finded! object registered into Queue.| extra=asctime='2026-03-31 16:39:35,444'
2026-03-31 16:39:35,475 - DEBUG - ReadHandler: Intialized with fp > <_io.TextIOWrapper name='data/database/shorten/client.json' mode='r' encoding='cp1252'>| extra=asctime='2026-03-31 16:39:35,475'
2026-03-31 16:50:19,697 - DEBUG - 'Guardian_Crash' internal package registered!| extra=asctime='2026-03-31 16:50:19,697'
2026-03-31 16:50:19,697 - DEBUG - Trying load 'auth'..| extra=asctime='2026-03-31 16:50:19,697'
2026-03-31 16:50:19,712 - DEBUG - [auth]: detected object module 'domain.WebApp_service.plugin.external.auth.main', finding 'setup_me'..| extra=asctime='2026-03-31 16:50:19,712'
2026-03-31 16:50:19,712 - DEBUG - [auth]:Auth: setup_me finded! object registered into Queue.| extra=asctime='2026-03-31 16:50:19,712'
2026-03-31 16:50:19,775 - DEBUG - ReadHandler: Intialized with fp > <_io.TextIOWrapper name='data/database/privilege/user.json' mode='r' encoding='cp1252'>| extra=asctime='2026-03-31 16:50:19,775'
2026-03-31 16:50:19,775 - DEBUG - [auth]:Flask: object doesn't have 'setup_me' function, skiped!| extra=asctime='2026-03-31 16:50:19,775'
2026-03-31 16:50:19,775 - DEBUG - Trying load 'test'..| extra=asctime='2026-03-31 16:50:19,775'
2026-03-31 16:50:19,775 - DEBUG - [test]: detected object module 'domain.WebApp_service.plugin.external.test.main', finding 'setup_me'..| extra=asctime='2026-03-31 16:50:19,775'
2026-03-31 16:50:19,775 - DEBUG - [test]:Flask: object doesn't have 'setup_me' function, skiped!| extra=asctime='2026-03-31 16:50:19,775'
2026-03-31 16:50:19,775 - DEBUG - [test]:polyplay: setup_me finded! object registered into Queue.| extra=asctime='2026-03-31 16:50:19,775'
2026-03-31 16:50:19,775 - DEBUG - Trying load 'urlshortener'..| extra=asctime='2026-03-31 16:50:19,775'
2026-03-31 16:50:19,791 - DEBUG - [urlshortener]: detected object module 'domain.WebApp_service.plugin.external.urlshortener.main', finding 'setup_me'..| extra=asctime='2026-03-31 16:50:19,791'
2026-03-31 16:50:19,791 - DEBUG - [urlshortener]:Flask: object doesn't have 'setup_me' function, skiped!| extra=asctime='2026-03-31 16:50:19,791'
2026-03-31 16:50:19,791 - DEBUG - [urlshortener]:apiServiceShortener: setup_me finded! object registered into Queue.| extra=asctime='2026-03-31 16:50:19,791'
2026-03-31 16:50:19,791 - DEBUG - ReadHandler: Intialized with fp > <_io.TextIOWrapper name='data/database/shorten/client.json' mode='r' encoding='cp1252'>| extra=asctime='2026-03-31 16:50:19,791'
2026-03-31 16:50:43,854 - DEBUG - WriteHandler initialized: Params(fp=<_io.TextIOWrapper name='data/database/shorten/client.json' mode='w' encoding='cp1252'>, obj=Blocked, indent=4)| extra=asctime='2026-03-31 16:50:43,854'
2026-03-31 16:50:43,854 - DEBUG - WriteHandler: json_write triggered! 
  Flag: Params(fp=<_io.TextIOWrapper name='data/database/shorten/client.json' mode='w' encoding='cp1252'>, obj=Blocked, indent=Ellipsis)| extra=asctime='2026-03-31 16:50:43,854'
2026-03-31 16:50:43,932 - DEBUG - ReadHandler: Intialized with fp > <_io.TextIOWrapper name='data/database/shorten/client.json' mode='r' encoding='cp1252'>| extra=asctime='2026-03-31 16:50:43,932'
2026-03-31 17:03:55,808 - DEBUG - 'Guardian_Crash' internal package registered!| extra=asctime='2026-03-31 17:03:55,808'
2026-03-31 17:03:55,808 - DEBUG - Trying load 'auth'..| extra=asctime='2026-03-31 17:03:55,808'
2026-03-31 17:03:55,808 - DEBUG - [auth]: detected object module 'domain.WebApp_service.plugin.external.auth.main', finding 'setup_me'..| extra=asctime='2026-03-31 17:03:55,808'
2026-03-31 17:03:55,808 - DEBUG - [auth]:Auth: setup_me finded! object registered into Queue.| extra=asctime='2026-03-31 17:03:55,808'
2026-03-31 17:03:56,220 - DEBUG - ReadHandler: Intialized with fp > <_io.TextIOWrapper name='data/database/privilege/user.json' mode='r' encoding='cp1252'>| extra=asctime='2026-03-31 17:03:56,220'
2026-03-31 17:03:56,221 - DEBUG - [auth]:Flask: object doesn't have 'setup_me' function, skiped!| extra=asctime='2026-03-31 17:03:56,221'
2026-03-31 17:03:56,221 - DEBUG - Trying load 'test'..| extra=asctime='2026-03-31 17:03:56,221'
2026-03-31 17:03:56,248 - DEBUG - [test]: detected object module 'domain.WebApp_service.plugin.external.test.main', finding 'setup_me'..| extra=asctime='2026-03-31 17:03:56,248'
2026-03-31 17:03:56,248 - DEBUG - [test]:Flask: object doesn't have 'setup_me' function, skiped!| extra=asctime='2026-03-31 17:03:56,248'
2026-03-31 17:03:56,248 - DEBUG - [test]:polyplay: setup_me finded! object registered into Queue.| extra=asctime='2026-03-31 17:03:56,248'
2026-03-31 17:03:56,248 - DEBUG - Trying load 'urlshortener'..| extra=asctime='2026-03-31 17:03:56,248'
2026-03-31 17:03:56,319 - DEBUG - [urlshortener]: detected object module 'domain.WebApp_service.plugin.external.urlshortener.main', finding 'setup_me'..| extra=asctime='2026-03-31 17:03:56,319'
2026-03-31 17:03:56,320 - DEBUG - [urlshortener]:Flask: object doesn't have 'setup_me' function, skiped!| extra=asctime='2026-03-31 17:03:56,320'
2026-03-31 17:03:56,320 - DEBUG - [urlshortener]:apiServiceShortener: setup_me finded! object registered into Queue.| extra=asctime='2026-03-31 17:03:56,320'
2026-03-31 17:03:56,348 - DEBUG - ReadHandler: Intialized with fp > <_io.TextIOWrapper name='data/database/shorten/client.json' mode='r' encoding='cp1252'>| extra=asctime='2026-03-31 17:03:56,348'
2026-03-31 17:04:14,522 - DEBUG - WriteHandler initialized: Params(fp=<_io.TextIOWrapper name='data/database/shorten/client.json' mode='w' encoding='cp1252'>, obj=Blocked, indent=4)| extra=asctime='2026-03-31 17:04:14,522'
2026-03-31 17:04:14,522 - DEBUG - WriteHandler: json_write triggered! 
  Flag: Params(fp=<_io.TextIOWrapper name='data/database/shorten/client.json' mode='w' encoding='cp1252'>, obj=Blocked, indent=Ellipsis)| extra=asctime='2026-03-31 17:04:14,522'
2026-03-31 17:04:14,669 - DEBUG - ReadHandler: Intialized with fp > <_io.TextIOWrapper name='data/database/shorten/client.json' mode='r' encoding='cp1252'>| extra=asctime='2026-03-31 17:04:14,669'
2026-03-31 17:06:54,107 - DEBUG - 'Guardian_Crash' internal package registered!| extra=asctime='2026-03-31 17:06:54,107'
2026-03-31 17:06:54,107 - DEBUG - Trying load 'auth'..| extra=asctime='2026-03-31 17:06:54,107'
2026-03-31 17:06:54,122 - DEBUG - [auth]: detected object module 'domain.WebApp_service.plugin.external.auth.main', finding 'setup_me'..| extra=asctime='2026-03-31 17:06:54,122'
2026-03-31 17:06:54,122 - DEBUG - [auth]:Auth: setup_me finded! object registered into Queue.| extra=asctime='2026-03-31 17:06:54,122'
2026-03-31 17:06:54,207 - DEBUG - ReadHandler: Intialized with fp > <_io.TextIOWrapper name='data/database/privilege/user.json' mode='r' encoding='cp1252'>| extra=asctime='2026-03-31 17:06:54,207'
2026-03-31 17:06:54,207 - DEBUG - [auth]:Flask: object doesn't have 'setup_me' function, skiped!| extra=asctime='2026-03-31 17:06:54,207'
2026-03-31 17:06:54,207 - DEBUG - Trying load 'test'..| extra=asctime='2026-03-31 17:06:54,207'
2026-03-31 17:06:54,207 - DEBUG - [test]: detected object module 'domain.WebApp_service.plugin.external.test.main', finding 'setup_me'..| extra=asctime='2026-03-31 17:06:54,207'
2026-03-31 17:06:54,207 - DEBUG - [test]:Flask: object doesn't have 'setup_me' function, skiped!| extra=asctime='2026-03-31 17:06:54,207'
2026-03-31 17:06:54,207 - DEBUG - [test]:polyplay: setup_me finded! object registered into Queue.| extra=asctime='2026-03-31 17:06:54,207'
2026-03-31 17:06:54,207 - DEBUG - Trying load 'urlshortener'..| extra=asctime='2026-03-31 17:06:54,207'
2026-03-31 17:06:54,238 - DEBUG - [urlshortener]: detected object module 'domain.WebApp_service.plugin.external.urlshortener.main', finding 'setup_me'..| extra=asctime='2026-03-31 17:06:54,238'
2026-03-31 17:06:54,238 - DEBUG - [urlshortener]:Flask: object doesn't have 'setup_me' function, skiped!| extra=asctime='2026-03-31 17:06:54,238'
2026-03-31 17:06:54,238 - DEBUG - [urlshortener]:apiServiceShortener: setup_me finded! object registered into Queue.| extra=asctime='2026-03-31 17:06:54,238'
2026-03-31 17:06:54,269 - DEBUG - ReadHandler: Intialized with fp > <_io.TextIOWrapper name='data/database/shorten/client.json' mode='r' encoding='cp1252'>| extra=asctime='2026-03-31 17:06:54,269'
2026-03-31 17:09:44,332 - DEBUG - 'Guardian_Crash' internal package registered!| extra=asctime='2026-03-31 17:09:44,332'
2026-03-31 17:09:44,332 - DEBUG - Trying load 'auth'..| extra=asctime='2026-03-31 17:09:44,332'
2026-03-31 17:09:44,332 - DEBUG - [auth]: detected object module 'domain.WebApp_service.plugin.external.auth.main', finding 'setup_me'..| extra=asctime='2026-03-31 17:09:44,332'
2026-03-31 17:09:44,332 - DEBUG - [auth]:Auth: setup_me finded! object registered into Queue.| extra=asctime='2026-03-31 17:09:44,332'
2026-03-31 17:09:44,425 - DEBUG - ReadHandler: Intialized with fp > <_io.TextIOWrapper name='data/database/privilege/user.json' mode='r' encoding='cp1252'>| extra=asctime='2026-03-31 17:09:44,425'
2026-03-31 17:09:44,425 - DEBUG - [auth]:Flask: object doesn't have 'setup_me' function, skiped!| extra=asctime='2026-03-31 17:09:44,425'
2026-03-31 17:09:44,425 - DEBUG - Trying load 'test'..| extra=asctime='2026-03-31 17:09:44,425'
2026-03-31 17:09:44,435 - DEBUG - [test]: detected object module 'domain.WebApp_service.plugin.external.test.main', finding 'setup_me'..| extra=asctime='2026-03-31 17:09:44,435'
2026-03-31 17:09:44,435 - DEBUG - [test]:Flask: object doesn't have 'setup_me' function, skiped!| extra=asctime='2026-03-31 17:09:44,435'
2026-03-31 17:09:44,435 - DEBUG - [test]:polyplay: setup_me finded! object registered into Queue.| extra=asctime='2026-03-31 17:09:44,435'
2026-03-31 17:09:44,435 - DEBUG - Trying load 'urlshortener'..| extra=asctime='2026-03-31 17:09:44,435'
2026-03-31 17:09:44,445 - DEBUG - [urlshortener]: detected object module 'domain.WebApp_service.plugin.external.urlshortener.main', finding 'setup_me'..| extra=asctime='2026-03-31 17:09:44,445'
2026-03-31 17:09:44,445 - DEBUG - [urlshortener]:Flask: object doesn't have 'setup_me' function, skiped!| extra=asctime='2026-03-31 17:09:44,445'
2026-03-31 17:09:44,445 - DEBUG - [urlshortener]:apiServiceShortener: setup_me finded! object registered into Queue.| extra=asctime='2026-03-31 17:09:44,445'
2026-03-31 17:09:44,465 - DEBUG - ReadHandler: Intialized with fp > <_io.TextIOWrapper name='data/database/shorten/client.json' mode='r' encoding='cp1252'>| extra=asctime='2026-03-31 17:09:44,465'
2026-03-31 17:10:37,888 - DEBUG - 'Guardian_Crash' internal package registered!| extra=asctime='2026-03-31 17:10:37,888'
2026-03-31 17:10:37,888 - DEBUG - Trying load 'auth'..| extra=asctime='2026-03-31 17:10:37,888'
2026-03-31 17:10:37,888 - DEBUG - [auth]: detected object module 'domain.WebApp_service.plugin.external.auth.main', finding 'setup_me'..| extra=asctime='2026-03-31 17:10:37,888'
2026-03-31 17:10:37,888 - DEBUG - [auth]:Auth: setup_me finded! object registered into Queue.| extra=asctime='2026-03-31 17:10:37,888'
2026-03-31 17:10:37,966 - DEBUG - ReadHandler: Intialized with fp > <_io.TextIOWrapper name='data/database/privilege/user.json' mode='r' encoding='cp1252'>| extra=asctime='2026-03-31 17:10:37,966'
2026-03-31 17:10:37,966 - DEBUG - [auth]:Flask: object doesn't have 'setup_me' function, skiped!| extra=asctime='2026-03-31 17:10:37,966'
2026-03-31 17:10:37,966 - DEBUG - Trying load 'test'..| extra=asctime='2026-03-31 17:10:37,966'
2026-03-31 17:10:37,966 - DEBUG - [test]: detected object module 'domain.WebApp_service.plugin.external.test.main', finding 'setup_me'..| extra=asctime='2026-03-31 17:10:37,966'
2026-03-31 17:10:37,966 - DEBUG - [test]:Flask: object doesn't have 'setup_me' function, skiped!| extra=asctime='2026-03-31 17:10:37,966'
2026-03-31 17:10:37,966 - DEBUG - [test]:polyplay: setup_me finded! object registered into Queue.| extra=asctime='2026-03-31 17:10:37,966'
2026-03-31 17:10:37,966 - DEBUG - Trying load 'urlshortener'..| extra=asctime='2026-03-31 17:10:37,966'
2026-03-31 17:10:37,981 - DEBUG - [urlshortener]: detected object module 'domain.WebApp_service.plugin.external.urlshortener.main', finding 'setup_me'..| extra=asctime='2026-03-31 17:10:37,981'
2026-03-31 17:10:37,981 - DEBUG - [urlshortener]:Flask: object doesn't have 'setup_me' function, skiped!| extra=asctime='2026-03-31 17:10:37,981'
2026-03-31 17:10:37,981 - DEBUG - [urlshortener]:apiServiceShortener: setup_me finded! object registered into Queue.| extra=asctime='2026-03-31 17:10:37,981'
2026-03-31 17:10:37,988 - DEBUG - ReadHandler: Intialized with fp > <_io.TextIOWrapper name='data/database/shorten/client.json' mode='r' encoding='cp1252'>| extra=asctime='2026-03-31 17:10:37,988'
2026-03-31 17:15:44,887 - DEBUG - 'Guardian_Crash' internal package registered!| extra=asctime='2026-03-31 17:15:44,887'
2026-03-31 17:15:44,887 - DEBUG - Trying load 'auth'..| extra=asctime='2026-03-31 17:15:44,887'
2026-03-31 17:15:44,893 - DEBUG - [auth]: detected object module 'domain.WebApp_service.plugin.external.auth.main', finding 'setup_me'..| extra=asctime='2026-03-31 17:15:44,893'
2026-03-31 17:15:44,893 - DEBUG - [auth]:Auth: setup_me finded! object registered into Queue.| extra=asctime='2026-03-31 17:15:44,893'
2026-03-31 17:15:44,956 - DEBUG - ReadHandler: Intialized with fp > <_io.TextIOWrapper name='data/database/privilege/user.json' mode='r' encoding='cp1252'>| extra=asctime='2026-03-31 17:15:44,956'
2026-03-31 17:15:44,956 - DEBUG - [auth]:Flask: object doesn't have 'setup_me' function, skiped!| extra=asctime='2026-03-31 17:15:44,956'
2026-03-31 17:15:44,956 - DEBUG - Trying load 'test'..| extra=asctime='2026-03-31 17:15:44,956'
2026-03-31 17:15:44,972 - DEBUG - [test]: detected object module 'domain.WebApp_service.plugin.external.test.main', finding 'setup_me'..| extra=asctime='2026-03-31 17:15:44,972'
2026-03-31 17:15:44,972 - DEBUG - [test]:Flask: object doesn't have 'setup_me' function, skiped!| extra=asctime='2026-03-31 17:15:44,972'
2026-03-31 17:15:44,972 - DEBUG - [test]:polyplay: setup_me finded! object registered into Queue.| extra=asctime='2026-03-31 17:15:44,972'
2026-03-31 17:15:44,972 - DEBUG - Trying load 'urlshortener'..| extra=asctime='2026-03-31 17:15:44,972'
2026-03-31 17:15:45,025 - DEBUG - [urlshortener]: detected object module 'domain.WebApp_service.plugin.external.urlshortener.main', finding 'setup_me'..| extra=asctime='2026-03-31 17:15:45,025'
2026-03-31 17:15:45,025 - DEBUG - [urlshortener]:Flask: object doesn't have 'setup_me' function, skiped!| extra=asctime='2026-03-31 17:15:45,025'
2026-03-31 17:15:45,025 - DEBUG - [urlshortener]:apiServiceShortener: setup_me finded! object registered into Queue.| extra=asctime='2026-03-31 17:15:45,025'
2026-03-31 17:15:45,040 - DEBUG - ReadHandler: Intialized with fp > <_io.TextIOWrapper name='data/database/shorten/client.json' mode='r' encoding='cp1252'>| extra=asctime='2026-03-31 17:15:45,040'
2026-03-31 17:19:16,213 - DEBUG - 'Guardian_Crash' internal package registered!| extra=asctime='2026-03-31 17:19:16,213'
2026-03-31 17:19:16,213 - DEBUG - Trying load 'auth'..| extra=asctime='2026-03-31 17:19:16,213'
2026-03-31 17:19:16,229 - DEBUG - [auth]: detected object module 'domain.WebApp_service.plugin.external.auth.main', finding 'setup_me'..| extra=asctime='2026-03-31 17:19:16,229'
2026-03-31 17:19:16,229 - DEBUG - [auth]:Auth: setup_me finded! object registered into Queue.| extra=asctime='2026-03-31 17:19:16,229'
2026-03-31 17:19:16,298 - DEBUG - ReadHandler: Intialized with fp > <_io.TextIOWrapper name='data/database/privilege/user.json' mode='r' encoding='cp1252'>| extra=asctime='2026-03-31 17:19:16,298'
2026-03-31 17:19:16,298 - DEBUG - [auth]:Flask: object doesn't have 'setup_me' function, skiped!| extra=asctime='2026-03-31 17:19:16,298'
2026-03-31 17:19:16,298 - DEBUG - Trying load 'test'..| extra=asctime='2026-03-31 17:19:16,298'
2026-03-31 17:19:16,313 - DEBUG - [test]: detected object module 'domain.WebApp_service.plugin.external.test.main', finding 'setup_me'..| extra=asctime='2026-03-31 17:19:16,313'
2026-03-31 17:19:16,313 - DEBUG - [test]:Flask: object doesn't have 'setup_me' function, skiped!| extra=asctime='2026-03-31 17:19:16,313'
2026-03-31 17:19:16,313 - DEBUG - [test]:polyplay: setup_me finded! object registered into Queue.| extra=asctime='2026-03-31 17:19:16,313'
2026-03-31 17:19:16,313 - DEBUG - Trying load 'urlshortener'..| extra=asctime='2026-03-31 17:19:16,313'
2026-03-31 17:19:16,313 - DEBUG - [urlshortener]: detected object module 'domain.WebApp_service.plugin.external.urlshortener.main', finding 'setup_me'..| extra=asctime='2026-03-31 17:19:16,313'
2026-03-31 17:19:16,313 - DEBUG - [urlshortener]:Flask: object doesn't have 'setup_me' function, skiped!| extra=asctime='2026-03-31 17:19:16,313'
2026-03-31 17:19:16,313 - DEBUG - [urlshortener]:apiServiceShortener: setup_me finded! object registered into Queue.| extra=asctime='2026-03-31 17:19:16,313'
2026-03-31 17:19:16,329 - DEBUG - ReadHandler: Intialized with fp > <_io.TextIOWrapper name='data/database/shorten/client.json' mode='r' encoding='cp1252'>| extra=asctime='2026-03-31 17:19:16,329'
2026-03-31 17:19:33,318 - DEBUG - WriteHandler initialized: Params(fp=<_io.TextIOWrapper name='data/database/shorten/client.json' mode='w' encoding='cp1252'>, obj=Blocked, indent=4)| extra=asctime='2026-03-31 17:19:33,318'
2026-03-31 17:19:33,318 - DEBUG - WriteHandler: json_write triggered! 
  Flag: Params(fp=<_io.TextIOWrapper name='data/database/shorten/client.json' mode='w' encoding='cp1252'>, obj=Blocked, indent=Ellipsis)| extra=asctime='2026-03-31 17:19:33,318'
2026-03-31 17:19:33,790 - DEBUG - ReadHandler: Intialized with fp > <_io.TextIOWrapper name='data/database/shorten/client.json' mode='r' encoding='cp1252'>| extra=asctime='2026-03-31 17:19:33,790'
2026-03-31 17:20:19,364 - DEBUG - WriteHandler initialized: Params(fp=<_io.TextIOWrapper name='data/database/shorten/client.json' mode='w' encoding='cp1252'>, obj=Blocked, indent=4)| extra=asctime='2026-03-31 17:20:19,364'
2026-03-31 17:20:19,364 - DEBUG - WriteHandler: json_write triggered! 
  Flag: Params(fp=<_io.TextIOWrapper name='data/database/shorten/client.json' mode='w' encoding='cp1252'>, obj=Blocked, indent=Ellipsis)| extra=asctime='2026-03-31 17:20:19,364'
2026-03-31 17:20:19,681 - DEBUG - ReadHandler: Intialized with fp > <_io.TextIOWrapper name='data/database/shorten/client.json' mode='r' encoding='cp1252'>| extra=asctime='2026-03-31 17:20:19,681'
2026-03-31 17:20:50,808 - DEBUG - WriteHandler initialized: Params(fp=<_io.TextIOWrapper name='data/database/shorten/client.json' mode='w' encoding='cp1252'>, obj=Blocked, indent=4)| extra=asctime='2026-03-31 17:20:50,808'
2026-03-31 17:20:50,808 - DEBUG - WriteHandler: json_write triggered! 
  Flag: Params(fp=<_io.TextIOWrapper name='data/database/shorten/client.json' mode='w' encoding='cp1252'>, obj=Blocked, indent=Ellipsis)| extra=asctime='2026-03-31 17:20:50,808'
2026-03-31 17:20:51,050 - DEBUG - ReadHandler: Intialized with fp > <_io.TextIOWrapper name='data/database/shorten/client.json' mode='r' encoding='cp1252'>| extra=asctime='2026-03-31 17:20:51,050'
2026-03-31 17:20:51,867 - DEBUG - WriteHandler initialized: Params(fp=<_io.TextIOWrapper name='data/database/shorten/client.json' mode='w' encoding='cp1252'>, obj=Blocked, indent=4)| extra=asctime='2026-03-31 17:20:51,867'
2026-03-31 17:20:51,867 - DEBUG - WriteHandler: json_write triggered! 
  Flag: Params(fp=<_io.TextIOWrapper name='data/database/shorten/client.json' mode='w' encoding='cp1252'>, obj=Blocked, indent=Ellipsis)| extra=asctime='2026-03-31 17:20:51,867'
2026-03-31 17:20:52,291 - DEBUG - ReadHandler: Intialized with fp > <_io.TextIOWrapper name='data/database/shorten/client.json' mode='r' encoding='cp1252'>| extra=asctime='2026-03-31 17:20:52,291'
2026-03-31 17:23:20,164 - DEBUG - WriteHandler initialized: Params(fp=<_io.TextIOWrapper name='data/database/shorten/client.json' mode='w' encoding='cp1252'>, obj=Blocked, indent=4)| extra=asctime='2026-03-31 17:23:20,164'
2026-03-31 17:23:20,172 - DEBUG - WriteHandler: json_write triggered! 
  Flag: Params(fp=<_io.TextIOWrapper name='data/database/shorten/client.json' mode='w' encoding='cp1252'>, obj=Blocked, indent=Ellipsis)| extra=asctime='2026-03-31 17:23:20,172'
2026-03-31 17:23:20,672 - DEBUG - ReadHandler: Intialized with fp > <_io.TextIOWrapper name='data/database/shorten/client.json' mode='r' encoding='cp1252'>| extra=asctime='2026-03-31 17:23:20,672'
2026-03-31 17:30:31,199 - DEBUG - 'Guardian_Crash' internal package registered!| extra=asctime='2026-03-31 17:30:31,199'
2026-03-31 17:30:31,199 - DEBUG - Trying load 'auth'..| extra=asctime='2026-03-31 17:30:31,199'
2026-03-31 17:30:31,199 - DEBUG - [auth]: detected object module 'domain.WebApp_service.plugin.external.auth.main', finding 'setup_me'..| extra=asctime='2026-03-31 17:30:31,199'
2026-03-31 17:30:31,207 - DEBUG - [auth]:Auth: setup_me finded! object registered into Queue.| extra=asctime='2026-03-31 17:30:31,207'
2026-03-31 17:30:31,290 - DEBUG - ReadHandler: Intialized with fp > <_io.TextIOWrapper name='data/database/privilege/user.json' mode='r' encoding='cp1252'>| extra=asctime='2026-03-31 17:30:31,290'
2026-03-31 17:30:31,290 - DEBUG - [auth]:Flask: object doesn't have 'setup_me' function, skiped!| extra=asctime='2026-03-31 17:30:31,290'
2026-03-31 17:30:31,290 - DEBUG - Trying load 'test'..| extra=asctime='2026-03-31 17:30:31,290'
2026-03-31 17:30:31,290 - DEBUG - [test]: detected object module 'domain.WebApp_service.plugin.external.test.main', finding 'setup_me'..| extra=asctime='2026-03-31 17:30:31,290'
2026-03-31 17:30:31,290 - DEBUG - [test]:Flask: object doesn't have 'setup_me' function, skiped!| extra=asctime='2026-03-31 17:30:31,290'
2026-03-31 17:30:31,290 - DEBUG - [test]:polyplay: setup_me finded! object registered into Queue.| extra=asctime='2026-03-31 17:30:31,290'
2026-03-31 17:30:31,290 - DEBUG - Trying load 'urlshortener'..| extra=asctime='2026-03-31 17:30:31,290'
2026-03-31 17:30:31,300 - DEBUG - [urlshortener]: detected object module 'domain.WebApp_service.plugin.external.urlshortener.main', finding 'setup_me'..| extra=asctime='2026-03-31 17:30:31,300'
2026-03-31 17:30:31,300 - DEBUG - [urlshortener]:Flask: object doesn't have 'setup_me' function, skiped!| extra=asctime='2026-03-31 17:30:31,300'
2026-03-31 17:30:31,300 - DEBUG - [urlshortener]:apiServiceShortener: setup_me finded! object registered into Queue.| extra=asctime='2026-03-31 17:30:31,300'
2026-03-31 17:30:31,310 - DEBUG - ReadHandler: Intialized with fp > <_io.TextIOWrapper name='data/database/shorten/client.json' mode='r' encoding='cp1252'>| extra=asctime='2026-03-31 17:30:31,310'
